
2020-11-13 11:23:26
Relacing deaths IDs...
New names:
* ...22 -> ...23
* ...23 -> ...24
Checking death linelists...
New names:
* ...22 -> ...23
* ...23 -> ...24
Deleting old backups...
Done!

2020-11-13 23:00:00
Relacing deaths IDs...
New names:
* ...22 -> ...23
* ...23 -> ...24
Checking death linelists...
New names:
* ...22 -> ...23
* ...23 -> ...24
Deleting old backups...
Done.

2020-11-14 23:00:01
Relacing deaths IDs...
New names:
* ...22 -> ...23
* ...23 -> ...24
Checking death linelists...
New names:
* ...22 -> ...23
* ...23 -> ...24
Deleting old backups...
Done.

2020-11-15 23:00:01
Relacing deaths IDs...
New names:
* ...22 -> ...23
* ...23 -> ...24
Checking death linelists...
New names:
* ...22 -> ...23
* ...23 -> ...24
Deleting old backups...
Done.

2020-11-16 23:00:01
Relacing deaths IDs...
New names:
* ...22 -> ...23
* ...23 -> ...24
Checking death linelists...
New names:
* ...22 -> ...23
* ...23 -> ...24
Deleting old backups...
Done.

2020-11-17 23:00:01
Relacing deaths IDs...
New names:
* ...22 -> ...23
* ...23 -> ...24
Checking death linelists...
New names:
* ...22 -> ...23
* ...23 -> ...24
Deleting old backups...
Done.

2020-11-18 23:00:01
Relacing deaths IDs...
New names:
* ...22 -> ...23
* ...23 -> ...24
Checking death linelists...
New names:
* ...22 -> ...23
* ...23 -> ...24
Deleting old backups...
Done.

2020-11-19 23:00:01
Relacing deaths IDs...
New names:
* ...22 -> ...23
* ...23 -> ...24
Checking death linelists...
New names:
* ...22 -> ...23
* ...23 -> ...24
Deleting old backups...
Done.

2020-11-20 23:00:01
Relacing deaths IDs...
New names:
* ...22 -> ...23
* ...23 -> ...24
Checking death linelists...
New names:
* ...22 -> ...23
* ...23 -> ...24
Deleting old backups...
Done.

2020-11-21 23:00:01
Relacing deaths IDs...
New names:
* ...22 -> ...23
* ...23 -> ...24
Checking death linelists...
New names:
* ...22 -> ...23
* ...23 -> ...24
Deleting old backups...
Done.

2020-11-22 23:00:01
Relacing deaths IDs...
New names:
* ...22 -> ...23
* ...23 -> ...24
Checking death linelists...
New names:
* ...22 -> ...23
* ...23 -> ...24
Deleting old backups...
Done.

2020-11-23 23:00:01
Relacing deaths IDs...
New names:
* ...22 -> ...23
* ...23 -> ...24
Checking death linelists...
New names:
* ...22 -> ...23
* ...23 -> ...24
Deleting old backups...
Done.

2020-11-24 23:00:02
Relacing deaths IDs...
New names:
* ...22 -> ...23
* ...23 -> ...24
Checking death linelists...
New names:
* ...22 -> ...23
* ...23 -> ...24
Deleting old backups...
Done.

2020-11-25 23:00:02
Relacing deaths IDs...
New names:
* ...22 -> ...23
* ...23 -> ...24
Checking death linelists...
New names:
* ...22 -> ...23
* ...23 -> ...24
Deleting old backups...
Done.

2020-11-26 23:00:02
Relacing deaths IDs...
New names:
* ...22 -> ...23
* ...23 -> ...24
Checking death linelists...
New names:
* ...22 -> ...23
* ...23 -> ...24
Deleting old backups...
Done.

2020-11-27 23:00:02
Relacing deaths IDs...
New names:
* ...22 -> ...23
* ...23 -> ...24
Checking death linelists...
New names:
* ...22 -> ...23
* ...23 -> ...24
Deleting old backups...
Done.

2020-11-28 23:00:02
Relacing deaths IDs...
New names:
* ...22 -> ...23
* ...23 -> ...24
Checking death linelists...
New names:
* ...22 -> ...23
* ...23 -> ...24
Deleting old backups...
Done.

2020-11-29 23:00:02
Relacing deaths IDs...
New names:
* ...22 -> ...23
* ...23 -> ...24
Checking death linelists...
New names:
* ...22 -> ...23
* ...23 -> ...24
Deleting old backups...
Done.

2020-11-30 23:00:02
Relacing deaths IDs...
New names:
* ...22 -> ...23
* ...23 -> ...24
Checking death linelists...
New names:
* ...22 -> ...23
* ...23 -> ...24
Deleting old backups...
Done.

2020-12-01 23:00:02
Relacing deaths IDs...
New names:
* ...22 -> ...23
* ...23 -> ...24
Checking death linelists...
New names:
* ...22 -> ...23
* ...23 -> ...24
Deleting old backups...
Done.

2020-12-02 23:00:02
Relacing deaths IDs...
New names:
* ...22 -> ...23
* ...23 -> ...24
Checking death linelists...
New names:
* ...22 -> ...23
* ...23 -> ...24
Deleting old backups...
Done.

2020-12-03 23:00:02
Relacing deaths IDs...
New names:
* ...22 -> ...23
* ...23 -> ...24
Checking death linelists...
New names:
* ...22 -> ...23
* ...23 -> ...24
Deleting old backups...
Done.

2020-12-04 23:00:02
Relacing deaths IDs...
New names:
* ...22 -> ...23
* ...23 -> ...24
Checking death linelists...
New names:
* ...22 -> ...23
* ...23 -> ...24
Deleting old backups...
Done.

2020-12-07 13:14:45
Relacing deaths IDs...
New names:
* ...22 -> ...23
* ...23 -> ...24
Checking death linelists...
New names:
* ...22 -> ...23
* ...23 -> ...24
Deleting old backups...
Done.

2020-12-07 23:00:02
Relacing deaths IDs...
New names:
* ...22 -> ...23
* ...23 -> ...24
Checking death linelists...
New names:
* ...22 -> ...23
* ...23 -> ...24
Deleting old backups...
Done.

2020-12-08 23:00:02
Relacing deaths IDs...
New names:
* ...22 -> ...23
* ...23 -> ...24
Checking death linelists...
New names:
* ...22 -> ...23
* ...23 -> ...24
Deleting old backups...
Done.

2020-12-09 14:57:22
Relacing deaths IDs...
New names:
* ...22 -> ...23
* ...23 -> ...24
Checking death linelists...
New names:
* ...22 -> ...23
* ...23 -> ...24
Deleting old backups...
Done.

2020-12-09 23:00:02
Relacing deaths IDs...
New names:
* ...22 -> ...23
* ...23 -> ...24
Checking death linelists...
New names:
* ...22 -> ...23
* ...23 -> ...24
Deleting old backups...
Done.

2020-12-10 23:00:02
Relacing deaths IDs...
New names:
* ...22 -> ...23
* ...23 -> ...24
Checking death linelists...
New names:
* ...22 -> ...23
* ...23 -> ...24
Deleting old backups...
Done.

2020-12-11 23:00:02
Relacing deaths IDs...
New names:
* ...22 -> ...23
* ...23 -> ...24
Checking death linelists...
New names:
* ...22 -> ...23
* ...23 -> ...24
Deleting old backups...
Done.

2020-12-12 23:00:02
Relacing deaths IDs...
New names:
* ...22 -> ...23
* ...23 -> ...24
Checking death linelists...
New names:
* ...22 -> ...23
* ...23 -> ...24
Deleting old backups...
Done.

2020-12-13 23:00:02
Relacing deaths IDs...
New names:
* ...22 -> ...23
* ...23 -> ...24
Checking death linelists...
New names:
* ...22 -> ...23
* ...23 -> ...24
Deleting old backups...
Done.

2020-12-14 23:00:02
Relacing deaths IDs...
New names:
* ...22 -> ...23
* ...23 -> ...24
Checking death linelists...
New names:
* ...22 -> ...23
* ...23 -> ...24
Deleting old backups...
Done.

2020-12-15 23:00:02
Relacing deaths IDs...
New names:
* ...22 -> ...23
* ...23 -> ...24
Checking death linelists...
New names:
* ...22 -> ...23
* ...23 -> ...24
Deleting old backups...
Done.

2020-12-16 15:16:01
Relacing deaths IDs...
New names:
* ...22 -> ...23
* ...23 -> ...24
Checking death linelists...
New names:
* ...22 -> ...23
* ...23 -> ...24
Deleting old backups...
Done.

2020-12-16 23:00:02
Relacing deaths IDs...
New names:
* ...22 -> ...23
* ...23 -> ...24
Checking death linelists...
New names:
* ...22 -> ...23
* ...23 -> ...24
Deleting old backups...
Done.

2020-12-17 23:00:02
Relacing deaths IDs...
New names:
* ...22 -> ...23
* ...23 -> ...24
Checking death linelists...
New names:
* ...22 -> ...23
* ...23 -> ...24
Deleting old backups...
Done.

2020-12-18 23:00:02
Relacing deaths IDs...
New names:
* ...22 -> ...23
* ...23 -> ...24
Checking death linelists...
New names:
* ...22 -> ...23
* ...23 -> ...24
Deleting old backups...
Done.

2020-12-19 23:00:02
Relacing deaths IDs...
New names:
* ...22 -> ...23
* ...23 -> ...24
Checking death linelists...
New names:
* ...22 -> ...23
* ...23 -> ...24
Deleting old backups...
Done.

2020-12-20 23:00:02
Relacing deaths IDs...
New names:
* ...22 -> ...23
* ...23 -> ...24
Checking death linelists...
New names:
* ...22 -> ...23
* ...23 -> ...24
Deleting old backups...
Done.

2020-12-21 23:00:02
Relacing deaths IDs...
New names:
* ...22 -> ...23
* ...23 -> ...24
Checking death linelists...
New names:
* ...22 -> ...23
* ...23 -> ...24
Deleting old backups...
Done.

2020-12-22 23:00:02
Relacing deaths IDs...
New names:
* ...22 -> ...23
* ...23 -> ...24
Checking death linelists...
New names:
* ...22 -> ...23
* ...23 -> ...24
Deleting old backups...
Done.

2020-12-23 23:00:02
Relacing deaths IDs...
New names:
* ...22 -> ...23
* ...23 -> ...24
Checking death linelists...
New names:
* ...22 -> ...23
* ...23 -> ...24
Deleting old backups...
Done.

2020-12-24 23:00:02
Relacing deaths IDs...
New names:
* ...22 -> ...23
* ...23 -> ...24
Checking death linelists...
New names:
* ...22 -> ...23
* ...23 -> ...24
Deleting old backups...
Done.

2020-12-25 23:00:01
Relacing deaths IDs...
New names:
* ...22 -> ...23
* ...23 -> ...24
Checking death linelists...
New names:
* ...22 -> ...23
* ...23 -> ...24
Deleting old backups...
Done.

2020-12-26 23:00:01
Relacing deaths IDs...
New names:
* ...22 -> ...23
* ...23 -> ...24
Checking death linelists...
New names:
* ...22 -> ...23
* ...23 -> ...24
Deleting old backups...
Done.

2020-12-27 23:00:01
Relacing deaths IDs...
New names:
* ...22 -> ...23
* ...23 -> ...24
Checking death linelists...
New names:
* ...22 -> ...23
* ...23 -> ...24
Deleting old backups...
Done.

2020-12-28 23:00:01
Relacing deaths IDs...
New names:
* ...22 -> ...23
* ...23 -> ...24
Checking death linelists...
New names:
* ...22 -> ...23
* ...23 -> ...24
Deleting old backups...
Done.

2020-12-29 23:00:01
Relacing deaths IDs...
New names:
* ...22 -> ...23
* ...23 -> ...24
Checking death linelists...
New names:
* ...22 -> ...23
* ...23 -> ...24
Deleting old backups...
Done.

2020-12-30 23:00:01
Relacing deaths IDs...
New names:
* ...22 -> ...23
* ...23 -> ...24
Checking death linelists...
New names:
* ...22 -> ...23
* ...23 -> ...24
Deleting old backups...
Done.

2020-12-31 23:00:01
Relacing deaths IDs...
New names:
* ...22 -> ...23
* ...23 -> ...24
Checking death linelists...
New names:
* ...22 -> ...23
* ...23 -> ...24
Deleting old backups...
Done.

2021-01-01 23:00:01
Relacing deaths IDs...
New names:
* ...22 -> ...23
* ...23 -> ...24
Checking death linelists...
New names:
* ...22 -> ...23
* ...23 -> ...24
Deleting old backups...
Done.

2021-01-02 23:00:01
Relacing deaths IDs...
New names:
* ...22 -> ...23
* ...23 -> ...24
Checking death linelists...
New names:
* ...22 -> ...23
* ...23 -> ...24
Deleting old backups...
Done.

2021-01-03 23:00:01
Relacing deaths IDs...
New names:
* ...22 -> ...23
* ...23 -> ...24
Checking death linelists...
New names:
* ...22 -> ...23
* ...23 -> ...24
Deleting old backups...
Done.

2021-01-04 23:00:01
Relacing deaths IDs...
New names:
* ...22 -> ...23
* ...23 -> ...24
Checking death linelists...
New names:
* ...22 -> ...23
* ...23 -> ...24
Deleting old backups...
Done.

2021-01-05 23:00:01
Relacing deaths IDs...
New names:
* ...22 -> ...23
* ...23 -> ...24
Checking death linelists...
New names:
* ...22 -> ...23
* ...23 -> ...24
Deleting old backups...
Done.

2021-01-06 13:53:45
Relacing deaths IDs...
New names:
* ...22 -> ...23
* ...23 -> ...24
Checking death linelists...
New names:
* ...22 -> ...23
* ...23 -> ...24
Deleting old backups...
Done.

2021-01-06 23:00:01
Relacing deaths IDs...
New names:
* ...22 -> ...23
* ...23 -> ...24
Checking death linelists...
New names:
* ...22 -> ...23
* ...23 -> ...24
Deleting old backups...
Done.

2021-01-07 23:00:01
Relacing deaths IDs...
New names:
* ...22 -> ...23
* ...23 -> ...24
Checking death linelists...
New names:
* ...22 -> ...23
* ...23 -> ...24
Deleting old backups...
Done.

2021-01-08 23:00:02
Relacing deaths IDs...
New names:
* ...22 -> ...23
* ...23 -> ...24
Checking death linelists...
New names:
* ...22 -> ...23
* ...23 -> ...24
Deleting old backups...
Done.

2021-01-09 23:00:01
Relacing deaths IDs...
New names:
* ...22 -> ...23
* ...23 -> ...24
Checking death linelists...
New names:
* ...22 -> ...23
* ...23 -> ...24
Deleting old backups...
Done.

2021-01-10 23:00:01
Relacing deaths IDs...
New names:
* ...22 -> ...23
* ...23 -> ...24
Checking death linelists...
New names:
* ...22 -> ...23
* ...23 -> ...24
Deleting old backups...
Done.

2021-01-11 23:00:01
Relacing deaths IDs...
New names:
* ...22 -> ...23
* ...23 -> ...24
Checking death linelists...
New names:
* ...22 -> ...23
* ...23 -> ...24
Deleting old backups...
Done.

2021-01-12 23:00:01
Relacing deaths IDs...
New names:
* ...22 -> ...23
* ...23 -> ...24
Checking death linelists...
New names:
* ...22 -> ...23
* ...23 -> ...24
Deleting old backups...
Done.

2021-01-13 23:00:02
Relacing deaths IDs...
New names:
* ...22 -> ...23
* ...23 -> ...24
Checking death linelists...
New names:
* ...22 -> ...23
* ...23 -> ...24
Deleting old backups...
Done.

2021-01-14 23:00:02
Relacing deaths IDs...
New names:
* ...22 -> ...23
* ...23 -> ...24
Checking death linelists...
New names:
* ...22 -> ...23
* ...23 -> ...24
Deleting old backups...
Done.

2021-01-15 23:00:02
Relacing deaths IDs...
New names:
* ...22 -> ...23
* ...23 -> ...24
Checking death linelists...
New names:
* ...22 -> ...23
* ...23 -> ...24
Deleting old backups...
Done.

2021-01-16 23:00:02
Relacing deaths IDs...
New names:
* ...22 -> ...23
* ...23 -> ...24
Checking death linelists...
New names:
* ...22 -> ...23
* ...23 -> ...24
Deleting old backups...
Done.

2021-01-17 23:00:02
Relacing deaths IDs...
New names:
* ...22 -> ...23
* ...23 -> ...24
Checking death linelists...
New names:
* ...22 -> ...23
* ...23 -> ...24
Deleting old backups...
Done.

2021-01-18 23:00:02
Relacing deaths IDs...
New names:
* ...22 -> ...23
* ...23 -> ...24
Checking death linelists...
New names:
* ...22 -> ...23
* ...23 -> ...24
Deleting old backups...
Done.

2021-01-19 23:00:02
Relacing deaths IDs...
New names:
* ...22 -> ...23
* ...23 -> ...24
Checking death linelists...
New names:
* ...22 -> ...23
* ...23 -> ...24
Deleting old backups...
Done.

2021-01-20 15:26:21
Relacing deaths IDs...
New names:
* ...22 -> ...23
* ...23 -> ...24
Checking death linelists...
New names:
* ...22 -> ...23
* ...23 -> ...24
Deleting old backups...
Done.

2021-01-20 23:00:02
Relacing deaths IDs...
New names:
* ...22 -> ...23
* ...23 -> ...24
Checking death linelists...
New names:
* ...22 -> ...23
* ...23 -> ...24
Deleting old backups...
Done.

2021-01-21 23:00:02
Relacing deaths IDs...
New names:
* ...22 -> ...23
* ...23 -> ...24
Checking death linelists...
New names:
* ...22 -> ...23
* ...23 -> ...24
Deleting old backups...
Done.

2021-01-22 23:00:02
Relacing deaths IDs...
New names:
* ...22 -> ...23
* ...23 -> ...24
Checking death linelists...
New names:
* ...22 -> ...23
* ...23 -> ...24
Deleting old backups...
Done.

2021-01-23 23:00:02
Relacing deaths IDs...
New names:
* ...22 -> ...23
* ...23 -> ...24
Checking death linelists...
New names:
* ...22 -> ...23
* ...23 -> ...24
Deleting old backups...
Done.

2021-01-24 23:00:02
Relacing deaths IDs...
New names:
* ...22 -> ...23
* ...23 -> ...24
Checking death linelists...
New names:
* ...22 -> ...23
* ...23 -> ...24
Deleting old backups...
Done.

2021-01-25 23:00:02
Relacing deaths IDs...
New names:
* ...22 -> ...23
* ...23 -> ...24
Checking death linelists...
New names:
* ...22 -> ...23
* ...23 -> ...24
Deleting old backups...
Done.

2021-01-26 23:00:02
Relacing deaths IDs...
New names:
* ...22 -> ...23
* ...23 -> ...24
Checking death linelists...
New names:
* ...22 -> ...23
* ...23 -> ...24
Deleting old backups...
Done.

2021-01-27 23:00:02
Relacing deaths IDs...
New names:
* ...22 -> ...23
* ...23 -> ...24
Checking death linelists...
New names:
* ...22 -> ...23
* ...23 -> ...24
Deleting old backups...
Done.

2021-01-28 23:00:02
Relacing deaths IDs...
New names:
* ...22 -> ...23
* ...23 -> ...24
Checking death linelists...
New names:
* ...22 -> ...23
* ...23 -> ...24
Deleting old backups...
Done.

2021-01-29 23:00:02
Relacing deaths IDs...
New names:
* ...22 -> ...23
* ...23 -> ...24
Checking death linelists...
New names:
* ...22 -> ...23
* ...23 -> ...24
Deleting old backups...
Done.

2021-01-30 23:00:02
Relacing deaths IDs...
New names:
* ...22 -> ...23
* ...23 -> ...24
Checking death linelists...
New names:
* ...22 -> ...23
* ...23 -> ...24
Deleting old backups...
Done.

2021-01-31 23:00:02
Relacing deaths IDs...
New names:
* ...22 -> ...23
* ...23 -> ...24
Checking death linelists...
New names:
* ...22 -> ...23
* ...23 -> ...24
Deleting old backups...
Done.

2021-02-01 23:00:02
Relacing deaths IDs...
New names:
* ...22 -> ...23
* ...23 -> ...24
Checking death linelists...
New names:
* ...22 -> ...23
* ...23 -> ...24
Deleting old backups...
Done.

2021-02-02 23:00:02
Relacing deaths IDs...
New names:
* ...22 -> ...23
* ...23 -> ...24
Checking death linelists...
New names:
* ...22 -> ...23
* ...23 -> ...24
Deleting old backups...
Done.

2021-02-03 23:00:02
Relacing deaths IDs...
New names:
* ...22 -> ...23
* ...23 -> ...24
Checking death linelists...
New names:
* ...22 -> ...23
* ...23 -> ...24
Deleting old backups...
Done.

2021-02-04 23:00:02
Relacing deaths IDs...
New names:
* ...22 -> ...23
* ...23 -> ...24
Checking death linelists...
New names:
* ...22 -> ...23
* ...23 -> ...24
Deleting old backups...
Done.

2021-02-05 23:00:02
Relacing deaths IDs...
New names:
* ...22 -> ...23
* ...23 -> ...24
Checking death linelists...
New names:
* ...22 -> ...23
* ...23 -> ...24
Deleting old backups...
Done.

2021-02-06 23:00:02
Relacing deaths IDs...
New names:
* ...22 -> ...23
* ...23 -> ...24
Checking death linelists...
New names:
* ...22 -> ...23
* ...23 -> ...24
Deleting old backups...
Done.

2021-02-07 23:00:02
Relacing deaths IDs...
New names:
* ...22 -> ...23
* ...23 -> ...24
Checking death linelists...
New names:
* ...22 -> ...23
* ...23 -> ...24
Deleting old backups...

Error : ``paste0(...)`` must be a vector with type <logical>.
Instead, it has type <character>.
In addition: Warning messages:
1: Problem with `mutate()` input `patient_deceased_dt`.
i All formats failed to parse. No formats found.
i Input `patient_deceased_dt` is `lubridate::as_date(`Date of Death`)`. 
2: All formats failed to parse. No formats found. 
Done.

2021-02-08 23:00:02
Relacing deaths IDs...
New names:
* ...22 -> ...23
* ...23 -> ...24
Checking death linelists...
New names:
* ...22 -> ...23
* ...23 -> ...24


Error: 'V:/EPI DATA ANALYTICS TEAM/MORTALITY DATA/NBSDeathLineList.xlsx' does not exist.


2021-02-09 23:00:02
Relacing deaths IDs...
New names:
* ...22 -> ...23
* ...23 -> ...24
Checking death linelists...
New names:
* ...22 -> ...23
* ...23 -> ...24


Error: 'V:/EPI DATA ANALYTICS TEAM/MORTALITY DATA/NBSDeathLineList.xlsx' does not exist.


2021-02-10 23:00:02
Relacing deaths IDs...

Error : `rId1` not found
Checking death linelists...


Error: `rId1` not found

Setting global options...
Setting ennotify options...

2021-02-11 23:00:02
Checking death linelists...
New names:
* ...22 -> ...23
* ...23 -> ...24
Deleting death linelist backups...
Error: ``paste0(...)`` must be a vector with type <logical>.
Instead, it has type <character>.
Backtrace:
     x
  1. +-utils::capture.output(...)
  2. | \-utils:::evalVis(expr)
  3. |   +-base::withVisible(eval(expr, pf))
  4. |   \-base::eval(expr, pf)
  5. |     \-base::eval(expr, pf)
  6. \-global::run_script()
  7.   \-coviData::trim_backups(...)
  8.     \-coviData::assert(...) C:/Users/Jesse.Smith/Documents/coviData/R/utils.R:1092:2
  9.       \-purrr::map2(dots, exprs, ~vec_assert(.x, ptype = logical(), arg = .y)) C:/Users/Jesse.Smith/Documents/coviData/R/assert.R:123:2
 10.         \-coviData:::.f(.x[[i]], .y[[i]], ...)
 11.           \-vctrs::vec_assert(.x, ptype = logical(), arg = .y)

Warning messages:
1: Problem with `mutate()` input `patient_deceased_dt`.
i All formats failed to parse. No formats found.
i Input `patient_deceased_dt` is `lubridate::as_date(`Date of Death`)`. 
2: All formats failed to parse. No formats found. 
Setting global options...
Setting ennotify options...

2021-02-12 18:35:10
Checking death linelists...
New names:
* ...22 -> ...23
* ...23 -> ...24
Deleting death linelist backups...
Done.
Setting global options...
Setting ennotify options...

2021-02-12 23:00:02
Checking death linelists...
New names:
* ...22 -> ...23
* ...23 -> ...24
Deleting death linelist backups...
Done.
Setting global options...
Setting ennotify options...

2021-02-13 23:00:02
Checking death linelists...
New names:
* ...22 -> ...23
* ...23 -> ...24
Deleting death linelist backups...
Done.
Setting global options...
Setting ennotify options...

2021-02-14 23:00:02
Checking death linelists...
New names:
* ...22 -> ...23
* ...23 -> ...24
Deleting death linelist backups...
Done.
Setting global options...
Setting ennotify options...

2021-02-15 23:00:02
Checking death linelists...
New names:
* ...22 -> ...23
* ...23 -> ...24
Deleting death linelist backups...
Done.
Setting global options...
Setting ennotify options...

2021-02-16 23:00:02
Checking death linelists...
New names:
* ...22 -> ...23
* ...23 -> ...24
Deleting death linelist backups...
Done.
Setting global options...
Setting ennotify options...

2021-02-17 23:00:02
Checking death linelists...
Error: Evaluation error: zip file 'V:/EPI DATA ANALYTICS TEAM/MORTALITY DATA/Working Copy Death  Epi Encrypted.xlsx' cannot be opened.

Setting global options...
Setting ennotify options...

2021-02-18 23:00:02
Checking death linelists...
New names:
* ...22 -> ...23
* ...23 -> ...24
Deleting death linelist backups...
Done.
Setting global options...
Setting ennotify options...

2021-02-19 23:00:02
Checking death linelists...
New names:
* ...22 -> ...23
* ...23 -> ...24
Deleting death linelist backups...
Done.
Setting global options...
Setting ennotify options...

2021-02-20 23:00:02
Checking death linelists...
New names:
* ...22 -> ...23
* ...23 -> ...24
Deleting death linelist backups...
Done.
Setting global options...
Setting ennotify options...

2021-02-21 23:00:02
Checking death linelists...
New names:
* ...22 -> ...23
* ...23 -> ...24
Deleting death linelist backups...
Done.
Setting global options...
Setting ennotify options...

2021-02-22 23:00:02
Checking death linelists...
New names:
* ...22 -> ...23
* ...23 -> ...24
Deleting death linelist backups...
Done.
Setting global options...
Setting ennotify options...

2021-02-23 23:00:02
Checking death linelists...
New names:
* ...22 -> ...23
* ...23 -> ...24
Deleting death linelist backups...
Done.
Setting global options...
Setting ennotify options...

2021-02-24 23:00:02
Checking death linelists...
New names:
* ...22 -> ...23
* ...23 -> ...24
Deleting death linelist backups...
Done.
Setting global options...
Setting ennotify options...

2021-02-25 23:00:02
Checking death linelists...
New names:
* ...22 -> ...23
* ...23 -> ...24
Deleting death linelist backups...
Done.
Setting global options...
Setting ennotify options...

2021-02-26 23:00:02
Checking death linelists...
New names:
* ...22 -> ...23
* ...23 -> ...24
Deleting death linelist backups...
Done.
Setting global options...
Setting ennotify options...

2021-02-27 23:00:02
Checking death linelists...
New names:
* ...22 -> ...23
* ...23 -> ...24
Deleting death linelist backups...
Done.
Setting global options...
Setting ennotify options...

2021-02-28 23:00:02
Checking death linelists...
New names:
* ...22 -> ...23
* ...23 -> ...24
Deleting death linelist backups...
Done.
Setting global options...
Setting ennotify options...

2021-03-01 23:00:02
Checking death linelists...
New names:
* ...22 -> ...23
* ...23 -> ...24
Deleting death linelist backups...
Done.
Setting global options...
Setting ennotify options...

2021-03-02 23:00:02
Checking death linelists...
New names:
* ...22 -> ...23
* ...23 -> ...24
Deleting death linelist backups...
Done.
Setting global options...
Setting ennotify options...

2021-03-03 16:42:21
Checking death linelists...
New names:
* ...22 -> ...23
* ...23 -> ...24
Deleting death linelist backups...
Done.
Setting global options...
Setting ennotify options...

2021-03-03 16:44:46
Checking death linelists...
New names:
* ...22 -> ...23
* ...23 -> ...24
Deleting death linelist backups...
Done.
Setting global options...
Setting ennotify options...

2021-03-03 23:00:02
Checking death linelists...
New names:
* ...22 -> ...23
* ...23 -> ...24
Deleting death linelist backups...
Done.
Setting global options...
Setting ennotify options...

2021-03-04 23:00:02
Checking death linelists...
New names:
* ...22 -> ...23
* ...23 -> ...24
Deleting death linelist backups...
Done.
Setting global options...
Setting ennotify options...

2021-03-05 23:00:02
Checking death linelists...
New names:
* ...22 -> ...23
* ...23 -> ...24
Deleting death linelist backups...
Done.
Setting global options...
Setting ennotify options...

2021-03-06 23:00:02
Checking death linelists...
New names:
* ...22 -> ...23
* ...23 -> ...24
Deleting death linelist backups...
Done.
Setting global options...
Setting ennotify options...

2021-03-07 23:00:02
Checking death linelists...
New names:
* ...22 -> ...23
* ...23 -> ...24
Deleting death linelist backups...
Done.
Setting global options...
Setting ennotify options...

2021-03-08 23:00:02
Checking death linelists...
New names:
* ...22 -> ...23
* ...23 -> ...24
Deleting death linelist backups...
Done.
Setting global options...
Setting ennotify options...

2021-03-09 23:00:02
Checking death linelists...
New names:
* ...22 -> ...23
* ...23 -> ...24
Deleting death linelist backups...
Done.
Setting global options...
Setting ennotify options...

2021-03-10 23:00:02
Checking death linelists...
New names:
* ...22 -> ...23
* ...23 -> ...24
Deleting death linelist backups...
Done.
Setting global options...
Setting ennotify options...

2021-03-11 23:00:02
Checking death linelists...
New names:
* ...22 -> ...23
* ...23 -> ...24
Deleting death linelist backups...
Done.
Setting global options...
Setting ennotify options...

2021-03-12 23:00:02
Checking death linelists...
New names:
* ...22 -> ...23
* ...23 -> ...24
Deleting death linelist backups...
Done.
Setting global options...
Setting ennotify options...

2021-03-13 23:00:02
Checking death linelists...
New names:
* ...22 -> ...23
* ...23 -> ...24
Deleting death linelist backups...
Done.
Setting global options...
Setting ennotify options...

2021-03-14 23:00:02
Checking death linelists...
New names:
* ...22 -> ...23
* ...23 -> ...24
Deleting death linelist backups...
Done.
Setting global options...
Setting ennotify options...

2021-03-15 23:00:02
Checking death linelists...
New names:
* ...22 -> ...23
* ...23 -> ...24
Deleting death linelist backups...
Done.
Setting global options...
Setting ennotify options...

2021-03-16 23:00:02
Checking death linelists...
New names:
* ...22 -> ...23
* ...23 -> ...24
Deleting death linelist backups...
Done.
Setting global options...
Setting ennotify options...

2021-03-17 23:00:02
Checking death linelists...
New names:
* ...22 -> ...23
* ...23 -> ...24
Deleting death linelist backups...
Done.
Setting global options...
Setting ennotify options...

2021-03-18 23:00:02
Checking death linelists...
New names:
* ...22 -> ...23
* ...23 -> ...24
Deleting death linelist backups...
Done.
Setting global options...
Setting ennotify options...

2021-03-19 23:00:02
Checking death linelists...
New names:
* ...22 -> ...23
* ...23 -> ...24
Deleting death linelist backups...
Done.
Setting global options...
Setting ennotify options...

2021-03-20 23:00:02
Checking death linelists...
New names:
* ...22 -> ...23
* ...23 -> ...24
Deleting death linelist backups...
Done.
Setting global options...
Setting ennotify options...

2021-03-21 23:00:02
Checking death linelists...
New names:
* ...22 -> ...23
* ...23 -> ...24
Deleting death linelist backups...
Done.
Setting global options...
Setting ennotify options...

2021-03-22 23:00:02
Checking death linelists...
New names:
* ...22 -> ...23
* ...23 -> ...24
Deleting death linelist backups...
Done.
Setting global options...
Setting ennotify options...

2021-03-23 23:00:02
Checking death linelists...
New names:
* ...22 -> ...23
* ...23 -> ...24
Deleting death linelist backups...
Done.
Setting global options...
Setting ennotify options...

2021-03-24 23:00:02
Checking death linelists...
New names:
* ...22 -> ...23
* ...23 -> ...24
Deleting death linelist backups...
Done.
Setting global options...
Setting ennotify options...

2021-03-25 23:00:02
Checking death linelists...
New names:
* ...22 -> ...23
* ...23 -> ...24
Deleting death linelist backups...
Done.
Setting global options...
Setting ennotify options...

2021-03-26 23:00:02
Checking death linelists...
New names:
* ...22 -> ...23
* ...23 -> ...24
Deleting death linelist backups...
Done.
Setting global options...
Setting ennotify options...

2021-03-27 23:00:02
Checking death linelists...
New names:
* ...22 -> ...23
* ...23 -> ...24
Deleting death linelist backups...
Done.
Setting global options...
Setting ennotify options...

2021-03-28 23:00:02
Checking death linelists...
New names:
* ...22 -> ...23
* ...23 -> ...24
Deleting death linelist backups...
Done.
Setting global options...
Setting ennotify options...

2021-03-29 23:00:02
Checking death linelists...
New names:
* ...22 -> ...23
* ...23 -> ...24
Deleting death linelist backups...
Done.
Setting global options...
Setting ennotify options...

2021-03-30 23:00:02
Checking death linelists...
New names:
* ...22 -> ...23
* ...23 -> ...24
Deleting death linelist backups...
Done.
Setting global options...
Setting ennotify options...

2021-03-31 23:00:02
Checking death linelists...
New names:
* ...22 -> ...23
* ...23 -> ...24
Deleting death linelist backups...
Done.
Setting global options...
Setting ennotify options...

2021-04-01 23:00:02
Checking death linelists...
New names:
* ...22 -> ...23
* ...23 -> ...24
Deleting death linelist backups...
Done.
Setting global options...
Setting ennotify options...

2021-04-02 23:00:02
Checking death linelists...
New names:
* ...22 -> ...23
* ...23 -> ...24
Deleting death linelist backups...
Done.
Setting global options...
Setting ennotify options...

2021-04-03 23:00:02
Checking death linelists...
New names:
* ...22 -> ...23
* ...23 -> ...24
Deleting death linelist backups...
Done.
Setting global options...
Setting ennotify options...

2021-04-04 23:00:02
Checking death linelists...
New names:
* ...22 -> ...23
* ...23 -> ...24
Deleting death linelist backups...
Done.
Setting global options...
Setting ennotify options...

2021-04-05 23:00:02
Checking death linelists...
New names:
* ...22 -> ...23
* ...23 -> ...24
Deleting death linelist backups...
Done.
Setting global options...
Setting ennotify options...

2021-04-06 23:00:02
Checking death linelists...
New names:
* ...22 -> ...23
* ...23 -> ...24
Deleting death linelist backups...
Done.
Setting global options...
Setting ennotify options...

2021-04-07 23:00:02
Checking death linelists...
New names:
* ...22 -> ...23
* ...23 -> ...24
Deleting death linelist backups...
Done.
Setting global options...
Setting ennotify options...

2021-04-08 23:00:02
Checking death linelists...
New names:
* ...22 -> ...23
* ...23 -> ...24
Deleting death linelist backups...
Done.
Setting global options...
Setting ennotify options...

2021-04-10 09:32:53
Checking death linelists...
New names:
* ...22 -> ...23
* ...23 -> ...24
Deleting death linelist backups...
Done.
Setting global options...
Setting ennotify options...

2021-04-10 23:00:02
Checking death linelists...
New names:
* ...22 -> ...23
* ...23 -> ...24
Deleting death linelist backups...
Done.
Setting global options...
Setting ennotify options...

2021-04-11 23:00:02
Checking death linelists...
New names:
* ...22 -> ...23
* ...23 -> ...24
Deleting death linelist backups...
Done.
Setting global options...
Setting ennotify options...

2021-04-12 23:00:02
Checking death linelists...
New names:
* ...22 -> ...23
* ...23 -> ...24
Deleting death linelist backups...
Done.
Setting global options...
Setting ennotify options...

2021-04-13 23:00:02
Checking death linelists...
New names:
* ...22 -> ...23
* ...23 -> ...24
Deleting death linelist backups...
Done.
Setting global options...
Setting ennotify options...

2021-04-14 23:00:02
Checking death linelists...
New names:
* ...22 -> ...23
* ...23 -> ...24
Deleting death linelist backups...
Done.
Setting global options...
Setting ennotify options...

2021-04-15 23:00:02
Checking death linelists...
New names:
* ...22 -> ...23
* ...23 -> ...24
Deleting death linelist backups...
Done.
Setting global options...
Setting ennotify options...

2021-04-16 23:00:03
Checking death linelists...
New names:
* ...22 -> ...23
* ...23 -> ...24
Deleting death linelist backups...
Done.
Setting global options...
Setting ennotify options...

2021-04-17 23:00:02
Checking death linelists...
New names:
* ...22 -> ...23
* ...23 -> ...24
Deleting death linelist backups...
Done.
Setting global options...
Setting ennotify options...

2021-04-18 23:00:02
Checking death linelists...
New names:
* ...22 -> ...23
* ...23 -> ...24
Deleting death linelist backups...
Done.
Setting global options...
Setting ennotify options...

2021-04-19 23:00:02
Checking death linelists...
New names:
* ...22 -> ...23
* ...23 -> ...24
Deleting death linelist backups...
Done.
Setting global options...
Setting ennotify options...

2021-04-20 17:30:21
Checking death linelists...
New names:
* ...22 -> ...23
* ...23 -> ...24
Deleting death linelist backups...
Done.
Setting global options...
Setting ennotify options...

2021-04-20 23:00:02
Checking death linelists...
New names:
* ...22 -> ...23
* ...23 -> ...24
Deleting death linelist backups...
Done.
Setting global options...
Setting ennotify options...

2021-04-21 23:00:02
Checking death linelists...
New names:
* ...22 -> ...23
* ...23 -> ...24
Deleting death linelist backups...
Done.
Setting global options...
Setting ennotify options...

2021-04-22 23:00:02
Checking death linelists...
New names:
* ...22 -> ...23
* ...23 -> ...24
Deleting death linelist backups...
Done.
Setting global options...
Setting ennotify options...

2021-04-23 23:00:02
Checking death linelists...
New names:
* ...22 -> ...23
* ...23 -> ...24
Deleting death linelist backups...
Done.
Setting global options...
Setting ennotify options...

2021-04-24 23:00:02
Checking death linelists...
New names:
* ...22 -> ...23
* ...23 -> ...24
Deleting death linelist backups...
Done.
Setting global options...
Setting ennotify options...

2021-04-25 23:00:02
Checking death linelists...
New names:
* ...22 -> ...23
* ...23 -> ...24
Deleting death linelist backups...
Done.
Setting global options...
Setting ennotify options...

2021-04-26 23:00:02
Checking death linelists...
New names:
* ...22 -> ...23
* ...23 -> ...24
Deleting death linelist backups...
Done.
Setting global options...
Setting ennotify options...

2021-04-27 15:32:09
Checking death linelists...
New names:
* ...22 -> ...23
* ...23 -> ...24
Deleting death linelist backups...
Done.
Setting global options...
Setting ennotify options...

2021-04-27 23:00:02
Checking death linelists...
New names:
* ...22 -> ...23
* ...23 -> ...24
Deleting death linelist backups...
Done.
Setting global options...
Setting ennotify options...

2021-04-28 23:00:02
Checking death linelists...
New names:
* ...22 -> ...23
* ...23 -> ...24
Deleting death linelist backups...
Done.
Setting global options...
Setting ennotify options...

2021-04-29 23:00:02
Checking death linelists...
New names:
* ...22 -> ...23
* ...23 -> ...24
Deleting death linelist backups...
Done.
Setting global options...
Setting ennotify options...

2021-04-30 23:00:02
Checking death linelists...
New names:
* ...22 -> ...23
* ...23 -> ...24
Deleting death linelist backups...
Done.
Setting global options...
Setting ennotify options...

2021-05-01 23:00:02
Checking death linelists...
New names:
* ...22 -> ...23
* ...23 -> ...24
Deleting death linelist backups...
Done.
Setting global options...
Setting ennotify options...

2021-05-02 23:00:02
Checking death linelists...
New names:
* ...22 -> ...23
* ...23 -> ...24
Deleting death linelist backups...
Done.
Setting global options...
Setting ennotify options...

2021-05-03 23:00:02
Checking death linelists...
New names:
* ...22 -> ...23
* ...23 -> ...24
Deleting death linelist backups...
Done.
Setting global options...
Setting ennotify options...

2021-05-04 23:00:02
Checking death linelists...
New names:
* ...22 -> ...23
* ...23 -> ...24
Deleting death linelist backups...
Done.
Setting global options...
Setting ennotify options...

2021-05-05 23:00:02
Checking death linelists...
New names:
* ...22 -> ...23
* ...23 -> ...24
Deleting death linelist backups...
Done.
Setting global options...
Setting ennotify options...

2021-05-06 23:00:02
Checking death linelists...
New names:
* ...22 -> ...23
* ...23 -> ...24
Deleting death linelist backups...
Done.
Setting global options...
Setting ennotify options...

2021-05-07 23:00:02
Checking death linelists...
New names:
* ...22 -> ...23
* ...23 -> ...24
Deleting death linelist backups...
Done.
Setting global options...
Setting ennotify options...

2021-05-08 23:00:02
Checking death linelists...
New names:
* ...22 -> ...23
* ...23 -> ...24
Deleting death linelist backups...
Done.
Setting global options...
Setting ennotify options...

2021-05-09 23:00:02
Checking death linelists...
New names:
* ...22 -> ...23
* ...23 -> ...24
Deleting death linelist backups...
Done.
Setting global options...
Setting ennotify options...

2021-05-10 23:00:02
Checking death linelists...
New names:
* ...22 -> ...23
* ...23 -> ...24
Deleting death linelist backups...
Done.
Setting global options...
Setting ennotify options...

2021-05-11 23:00:02
Checking death linelists...
New names:
* ...22 -> ...23
* ...23 -> ...24
Deleting death linelist backups...
Done.
Setting global options...
Setting ennotify options...

2021-05-12 23:00:02
Checking death linelists...
Error: [UNKNOWN] Failed to search directory 'V:/EPI DATA ANALYTICS TEAM/MORTALITY DATA': unknown error

Setting global options...
Setting ennotify options...

2021-05-13 23:00:02
Checking death linelists...
New names:
* ...22 -> ...23
* ...23 -> ...24
Deleting death linelist backups...
Done.
Setting global options...
Setting ennotify options...

2021-05-14 23:00:02
Checking death linelists...
New names:
* ...22 -> ...23
* ...23 -> ...24
Deleting death linelist backups...
Done.
Setting global options...
Setting ennotify options...

2021-05-15 23:00:02
Checking death linelists...
New names:
* ...22 -> ...23
* ...23 -> ...24
Deleting death linelist backups...
Done.
Setting global options...
Setting ennotify options...

2021-05-16 23:00:02
Checking death linelists...
New names:
* ...22 -> ...23
* ...23 -> ...24
Deleting death linelist backups...
Done.
Setting global options...
Setting ennotify options...

2021-05-17 23:00:02
Checking death linelists...
New names:
* ...22 -> ...23
* ...23 -> ...24
Deleting death linelist backups...
Done.
Setting global options...
Setting ennotify options...

2021-05-18 23:00:02
Checking death linelists...
New names:
* ...22 -> ...23
* ...23 -> ...24
Deleting death linelist backups...
Done.
Setting global options...
Setting ennotify options...

2021-05-19 23:00:03
Checking death linelists...
New names:
* ...22 -> ...23
* ...23 -> ...24
Deleting death linelist backups...
Done.
Setting global options...
Setting ennotify options...

2021-05-20 23:00:03
Checking death linelists...
New names:
* ...22 -> ...23
* ...23 -> ...24
Deleting death linelist backups...
Done.
Setting global options...
Setting ennotify options...

2021-05-21 23:00:01
Checking death linelists...
New names:
* ...22 -> ...23
* ...23 -> ...24
Deleting death linelist backups...
Done.
Setting global options...
Setting ennotify options...

2021-05-22 23:00:02
Checking death linelists...
New names:
* ...22 -> ...23
* ...23 -> ...24
Deleting death linelist backups...
Done.
Setting global options...
Setting ennotify options...

2021-05-23 23:00:01
Checking death linelists...
New names:
* ...22 -> ...23
* ...23 -> ...24
Deleting death linelist backups...
Done.
Setting global options...
Setting ennotify options...

2021-05-24 23:00:02
Checking death linelists...
New names:
* ...22 -> ...23
* ...23 -> ...24
Deleting death linelist backups...
Done.
Setting global options...
Setting ennotify options...

2021-05-25 23:00:02
Checking death linelists...
New names:
* ...22 -> ...23
* ...23 -> ...24
Deleting death linelist backups...
Done.
Setting global options...
Setting ennotify options...

2021-05-26 23:00:02
Checking death linelists...
New names:
* ...22 -> ...23
* ...23 -> ...24
Deleting death linelist backups...
Done.
Setting global options...
Setting ennotify options...

2021-05-27 23:00:02
Checking death linelists...
New names:
* ...22 -> ...23
* ...23 -> ...24
Deleting death linelist backups...
Done.
Setting global options...
Setting ennotify options...

2021-05-28 23:00:02
Checking death linelists...
New names:
* ...22 -> ...23
* ...23 -> ...24
Deleting death linelist backups...
Done.
Setting global options...
Setting ennotify options...

2021-05-29 23:00:02
Checking death linelists...
New names:
* ...22 -> ...23
* ...23 -> ...24
Deleting death linelist backups...
Done.
Setting global options...
Setting ennotify options...

2021-05-30 23:00:02
Checking death linelists...
New names:
* ...22 -> ...23
* ...23 -> ...24
Deleting death linelist backups...
Done.
Setting global options...
Setting ennotify options...

2021-05-31 23:00:02
Checking death linelists...
New names:
* ...22 -> ...23
* ...23 -> ...24
Deleting death linelist backups...
Done.
Setting global options...
Setting ennotify options...

2021-06-01 23:00:02
Checking death linelists...
New names:
* ...22 -> ...23
* ...23 -> ...24
Deleting death linelist backups...
Done.
Setting global options...
Setting ennotify options...

2021-06-02 23:00:02
Checking death linelists...
New names:
* ...22 -> ...23
* ...23 -> ...24
Deleting death linelist backups...
Done.
Setting global options...
Setting ennotify options...

2021-06-03 23:00:02
Checking death linelists...
New names:
* ...22 -> ...23
* ...23 -> ...24
Deleting death linelist backups...
Done.
Setting global options...
Setting ennotify options...

2021-06-04 23:00:02
Checking death linelists...
New names:
* ...22 -> ...23
* ...23 -> ...24
Deleting death linelist backups...
Done.
Setting global options...
Setting ennotify options...

2021-06-05 23:00:02
Checking death linelists...
New names:
* ...22 -> ...23
* ...23 -> ...24
Deleting death linelist backups...
Done.
Setting global options...
Setting ennotify options...

2021-06-06 23:00:02
Checking death linelists...
New names:
* ...22 -> ...23
* ...23 -> ...24
Deleting death linelist backups...
Done.
Setting global options...
Setting ennotify options...

2021-06-07 23:00:02
Checking death linelists...
New names:
* ...22 -> ...23
* ...23 -> ...24
Deleting death linelist backups...
Done.
Setting global options...
Setting ennotify options...

2021-06-08 23:00:02
Checking death linelists...
New names:
* ...22 -> ...23
* ...23 -> ...24
Deleting death linelist backups...
Done.
Setting global options...
Setting ennotify options...

2021-06-09 23:00:02
Checking death linelists...
New names:
* ...22 -> ...23
* ...23 -> ...24
Deleting death linelist backups...
Done.
Setting global options...
Setting ennotify options...

2021-06-10 23:00:02
Checking death linelists...
New names:
* ...22 -> ...23
* ...23 -> ...24
Deleting death linelist backups...
Done.
Setting global options...
Setting ennotify options...

2021-06-11 23:00:02
Checking death linelists...
New names:
* ...22 -> ...23
* ...23 -> ...24
Deleting death linelist backups...
Done.
Setting global options...
Setting ennotify options...

2021-06-12 23:00:02
Checking death linelists...
New names:
* ...22 -> ...23
* ...23 -> ...24
Deleting death linelist backups...
Done.
Setting global options...
Setting ennotify options...

2021-06-13 23:00:02
Checking death linelists...
New names:
* ...22 -> ...23
* ...23 -> ...24
Deleting death linelist backups...
Done.
Setting global options...
Setting ennotify options...

2021-06-14 23:00:01
Checking death linelists...
New names:
* ...22 -> ...23
* ...23 -> ...24
Deleting death linelist backups...
Done.
Setting global options...
Setting ennotify options...

2021-06-15 23:00:02
Checking death linelists...
New names:
* ...22 -> ...23
* ...23 -> ...24
Deleting death linelist backups...
Done.
Setting global options...
Setting ennotify options...

2021-06-16 23:00:01
Checking death linelists...
New names:
* ...22 -> ...23
* ...23 -> ...24
Deleting death linelist backups...
Done.
Setting global options...
Setting ennotify options...

2021-06-17 23:00:02
Checking death linelists...
New names:
* ...22 -> ...23
* ...23 -> ...24
Deleting death linelist backups...
Done.
Setting global options...
Setting ennotify options...

2021-06-18 23:00:05
Checking death linelists...
New names:
* ...22 -> ...23
* ...23 -> ...24
Deleting death linelist backups...
Done.
Setting global options...
Setting ennotify options...

2021-06-19 23:00:02
Checking death linelists...
New names:
* ...22 -> ...23
* ...23 -> ...24
Deleting death linelist backups...
Done.
Setting global options...
Setting ennotify options...

2021-06-20 23:00:02
Checking death linelists...
New names:
* ...22 -> ...23
* ...23 -> ...24
Deleting death linelist backups...
Done.
Setting global options...
Setting ennotify options...

2021-06-21 23:00:02
Checking death linelists...
New names:
* ...22 -> ...23
* ...23 -> ...24
Deleting death linelist backups...
Done.
Setting global options...
Setting ennotify options...

2021-06-22 23:00:02
Checking death linelists...
New names:
* ...22 -> ...23
* ...23 -> ...24
Deleting death linelist backups...
Done.
Setting global options...
Setting ennotify options...

2021-06-23 23:00:02
Checking death linelists...
New names:
* ...22 -> ...23
* ...23 -> ...24
Deleting death linelist backups...
Done.
Setting global options...
Setting ennotify options...

2021-06-24 23:00:02
Checking death linelists...
New names:
* ...22 -> ...23
* ...23 -> ...24
Deleting death linelist backups...
Done.
Setting global options...
Setting ennotify options...

2021-06-25 23:00:02
Checking death linelists...
New names:
* ...22 -> ...23
* ...23 -> ...24
Deleting death linelist backups...
Done.
Setting global options...
Setting ennotify options...

2021-06-26 23:00:02
Checking death linelists...
New names:
* ...22 -> ...23
* ...23 -> ...24
Deleting death linelist backups...
Done.
Setting global options...
Setting ennotify options...

2021-06-27 23:00:02
Checking death linelists...
New names:
* ...22 -> ...23
* ...23 -> ...24
Deleting death linelist backups...
Done.
Setting global options...
Setting ennotify options...

2021-06-28 23:00:02
Checking death linelists...
New names:
* ...22 -> ...23
* ...23 -> ...24
Deleting death linelist backups...
Done.
Setting global options...
Setting ennotify options...

2021-06-29 23:00:06
Checking death linelists...
New names:
* ...22 -> ...23
* ...23 -> ...24
Deleting death linelist backups...
Done.
Setting global options...
Setting ennotify options...

2021-06-30 23:00:02
Checking death linelists...
New names:
* ...22 -> ...23
* ...23 -> ...24
Deleting death linelist backups...
Done.
Setting global options...
Setting ennotify options...

2021-07-01 23:00:02
Checking death linelists...
New names:
* ...22 -> ...23
* ...23 -> ...24
Deleting death linelist backups...
Done.
Setting global options...
Setting ennotify options...

2021-07-02 23:00:02
Checking death linelists...
New names:
* ...22 -> ...23
* ...23 -> ...24
Deleting death linelist backups...
Done.
Setting global options...
Setting ennotify options...

2021-07-03 23:00:02
Checking death linelists...
New names:
* ...22 -> ...23
* ...23 -> ...24
Deleting death linelist backups...
Done.
Setting global options...
Setting ennotify options...

2021-07-04 23:00:02
Checking death linelists...
New names:
* ...22 -> ...23
* ...23 -> ...24
Deleting death linelist backups...
Done.
Setting global options...
Setting ennotify options...

2021-07-05 23:00:02
Checking death linelists...
New names:
* ...22 -> ...23
* ...23 -> ...24
Deleting death linelist backups...
Done.
Setting global options...
Setting ennotify options...

2021-07-06 23:00:02
Checking death linelists...
New names:
* ...22 -> ...23
* ...23 -> ...24
Deleting death linelist backups...
Done.
Setting global options...
Setting ennotify options...

2021-07-07 23:00:02
Checking death linelists...
New names:
* ...22 -> ...23
* ...23 -> ...24
Deleting death linelist backups...
Done.
Setting global options...
Setting ennotify options...

2021-07-08 23:00:02
Checking death linelists...
New names:
* ...22 -> ...23
* ...23 -> ...24
Deleting death linelist backups...
Done.
Setting global options...
Setting ennotify options...

2021-07-09 23:00:02
Checking death linelists...
New names:
* ...22 -> ...23
* ...23 -> ...24
Deleting death linelist backups...
Done.
Setting global options...
Setting ennotify options...

2021-07-10 23:00:02
Checking death linelists...
New names:
* ...22 -> ...23
* ...23 -> ...24
Deleting death linelist backups...
Done.
Setting global options...
Setting ennotify options...

2021-07-11 23:00:02
Checking death linelists...
New names:
* ...22 -> ...23
* ...23 -> ...24
Deleting death linelist backups...
Done.
Setting global options...
Setting ennotify options...

2021-07-12 23:00:07
Checking death linelists...
New names:
* ...22 -> ...23
* ...23 -> ...24
Deleting death linelist backups...
Done.
Setting global options...
Setting ennotify options...

2021-07-13 23:00:02
Checking death linelists...
New names:
* ...22 -> ...23
* ...23 -> ...24
Deleting death linelist backups...
Done.
Setting global options...
Setting ennotify options...

2021-07-14 23:00:02
Checking death linelists...
New names:
* ...22 -> ...23
* ...23 -> ...24
Deleting death linelist backups...
Done.
Setting global options...
Setting ennotify options...

2021-07-15 23:00:02
Checking death linelists...
New names:
* ...22 -> ...23
* ...23 -> ...24
Deleting death linelist backups...
Done.
Setting global options...
Setting ennotify options...

2021-07-16 23:00:01
Checking death linelists...
New names:
* ...22 -> ...23
* ...23 -> ...24
Deleting death linelist backups...
Done.
Setting global options...
Setting ennotify options...

2021-07-17 23:00:01
Checking death linelists...
New names:
* ...22 -> ...23
* ...23 -> ...24
Deleting death linelist backups...
Done.
Setting global options...
Setting ennotify options...

2021-07-18 23:00:01
Checking death linelists...
New names:
* ...22 -> ...23
* ...23 -> ...24
Deleting death linelist backups...
Done.
Setting global options...
Setting ennotify options...

2021-07-19 23:00:02
Checking death linelists...
New names:
* ...22 -> ...23
* ...23 -> ...24
Deleting death linelist backups...
Done.
Setting global options...
Setting ennotify options...

2021-07-20 23:00:02
Checking death linelists...
New names:
* ...22 -> ...23
* ...23 -> ...24
Deleting death linelist backups...
Done.
Setting global options...
Setting ennotify options...

2021-07-21 23:00:02
Checking death linelists...
New names:
* ...22 -> ...23
* ...23 -> ...24
Deleting death linelist backups...
Done.
Setting global options...
Setting ennotify options...

2021-07-22 23:00:02
Checking death linelists...
New names:
* ...22 -> ...23
* ...23 -> ...24
Deleting death linelist backups...
Done.
Setting global options...
Setting ennotify options...

2021-07-23 23:00:02
Checking death linelists...
New names:
* ...22 -> ...23
* ...23 -> ...24
Deleting death linelist backups...
Done.
Setting global options...
Setting ennotify options...

2021-07-24 23:00:02
Checking death linelists...
New names:
* ...22 -> ...23
* ...23 -> ...24
Deleting death linelist backups...
Done.
Setting global options...
Setting ennotify options...

2021-07-25 23:00:07
Checking death linelists...
New names:
* ...22 -> ...23
* ...23 -> ...24
Deleting death linelist backups...
Done.
Setting global options...
Setting ennotify options...

2021-07-26 23:00:02
Checking death linelists...
New names:
* ...22 -> ...23
* ...23 -> ...24
Deleting death linelist backups...
Done.
Setting global options...
Setting ennotify options...

2021-07-27 23:00:03
Checking death linelists...
New names:
* ...22 -> ...23
* ...23 -> ...24
Deleting death linelist backups...
Done.
Setting global options...
Setting ennotify options...

2021-07-28 23:00:03
Checking death linelists...
New names:
* ...22 -> ...23
* ...23 -> ...24
Deleting death linelist backups...
Done.
Setting global options...
Setting ennotify options...

2021-07-29 23:00:03
Checking death linelists...
New names:
* ...22 -> ...23
* ...23 -> ...24
Deleting death linelist backups...
Done.
Setting global options...
Setting ennotify options...

2021-07-30 23:00:03
Checking death linelists...
New names:
* ...22 -> ...23
* ...23 -> ...24
Deleting death linelist backups...
Done.
Setting global options...
Setting ennotify options...

2021-07-31 23:00:03
Checking death linelists...
New names:
* ...22 -> ...23
* ...23 -> ...24
Deleting death linelist backups...
Done.
Setting global options...
Setting ennotify options...

2021-08-01 23:00:02
Checking death linelists...
New names:
* ...22 -> ...23
* ...23 -> ...24
Deleting death linelist backups...
Done.
Setting global options...
Setting ennotify options...

2021-08-02 23:00:02
Checking death linelists...
New names:
* ...22 -> ...23
* ...23 -> ...24
Deleting death linelist backups...
Done.
Setting global options...
Setting ennotify options...

2021-08-03 23:00:02
Checking death linelists...
New names:
* ...22 -> ...23
* ...23 -> ...24
Deleting death linelist backups...
Done.
Setting global options...
Setting ennotify options...

2021-08-04 23:00:02
Checking death linelists...
New names:
* ...22 -> ...23
* ...23 -> ...24
Deleting death linelist backups...
Done.
Setting global options...
Setting ennotify options...

2021-08-05 23:00:02
Checking death linelists...
New names:
* ...22 -> ...23
* ...23 -> ...24
Deleting death linelist backups...
Done.
Setting global options...
Setting ennotify options...

2021-08-06 23:00:02
Checking death linelists...
New names:
* ...22 -> ...23
* ...23 -> ...24
Deleting death linelist backups...
Done.
Setting global options...
Setting ennotify options...

2021-08-07 23:00:02
Checking death linelists...
New names:
* ...22 -> ...23
* ...23 -> ...24
Deleting death linelist backups...
Done.
Setting global options...
Setting ennotify options...

2021-08-08 23:00:02
Checking death linelists...
New names:
* ...22 -> ...23
* ...23 -> ...24
Deleting death linelist backups...
Done.
Setting global options...
Setting ennotify options...

2021-08-09 23:00:02
Checking death linelists...
New names:
* ...22 -> ...23
* ...23 -> ...24
Deleting death linelist backups...
Done.
Setting global options...
Setting ennotify options...

2021-08-10 23:00:02
Checking death linelists...
New names:
* ...22 -> ...23
* ...23 -> ...24
Deleting death linelist backups...
Done.
Setting global options...
Setting ennotify options...

2021-08-11 23:00:02
Checking death linelists...
New names:
* ...22 -> ...23
* ...23 -> ...24
Deleting death linelist backups...
Done.
Setting global options...
Setting ennotify options...

2021-08-12 23:00:12
Checking death linelists...
New names:
* ...22 -> ...23
* ...23 -> ...24
Deleting death linelist backups...
Done.
Setting global options...
Setting ennotify options...

2021-08-13 23:00:02
Checking death linelists...
New names:
* ...22 -> ...23
* ...23 -> ...24
Error in saveWorkbook(wb, file = file, overwrite = overwrite) : 
  File already exists!
Calls: capture.output ... run_script -> <Anonymous> -> <Anonymous> -> saveWorkbook

Setting global options...
Setting ennotify options...

2021-08-14 23:00:02
Checking death linelists...
New names:
* ...22 -> ...23
* ...23 -> ...24
Deleting death linelist backups...
Done.
Setting global options...
Setting ennotify options...

2021-08-15 23:00:02
Checking death linelists...
New names:
* ...22 -> ...23
* ...23 -> ...24
Deleting death linelist backups...
Done.
Setting global options...
Setting ennotify options...

2021-08-16 23:00:02
Checking death linelists...
New names:
* ...22 -> ...23
* ...23 -> ...24
Deleting death linelist backups...
Done.
Setting global options...
Setting ennotify options...

2021-08-17 23:00:02
Checking death linelists...
New names:
* ...22 -> ...23
* ...23 -> ...24
Deleting death linelist backups...
Done.
Setting global options...
Setting ennotify options...

2021-08-18 23:00:02
Checking death linelists...
New names:
* ...22 -> ...23
* ...23 -> ...24
Deleting death linelist backups...
Done.
Setting global options...
Setting ennotify options...

2021-08-19 23:00:02
Checking death linelists...
New names:
* ...22 -> ...23
* ...23 -> ...24
Deleting death linelist backups...
Done.
Setting global options...
Setting ennotify options...

2021-08-20 23:00:02
Checking death linelists...
New names:
* ...22 -> ...23
* ...23 -> ...24
Deleting death linelist backups...
Done.
Setting global options...
Setting ennotify options...

2021-08-21 23:00:03
Checking death linelists...
New names:
* ...22 -> ...23
* ...23 -> ...24
Error in saveWorkbook(wb, file = file, overwrite = overwrite) : 
  File already exists!
Calls: capture.output ... run_script -> <Anonymous> -> <Anonymous> -> saveWorkbook

Setting global options...
Setting ennotify options...

2021-08-22 23:00:02
Checking death linelists...
New names:
* ...22 -> ...23
* ...23 -> ...24
Deleting death linelist backups...
Done.
Setting global options...
Setting ennotify options...

2021-08-23 23:00:02
Checking death linelists...
New names:
* ...22 -> ...23
* ...23 -> ...24
Deleting death linelist backups...
Done.
Setting global options...
Setting ennotify options...

2021-08-24 23:00:02
Checking death linelists...
New names:
* ...22 -> ...23
* ...23 -> ...24
Deleting death linelist backups...
Done.
Setting global options...
Setting ennotify options...

2021-08-25 23:00:02
Checking death linelists...
New names:
* ...22 -> ...23
* ...23 -> ...24
Deleting death linelist backups...
Done.
Setting global options...
Setting ennotify options...

2021-08-26 23:00:02
Checking death linelists...
New names:
* ...22 -> ...23
* ...23 -> ...24
Deleting death linelist backups...
Done.
Setting global options...
Setting ennotify options...

2021-08-27 23:00:01
Checking death linelists...
New names:
* ...22 -> ...23
* ...23 -> ...24
Deleting death linelist backups...
Done.
Setting global options...
Setting ennotify options...

2021-08-28 23:00:02
Checking death linelists...
New names:
* ...22 -> ...23
* ...23 -> ...24
Deleting death linelist backups...
Done.
Setting global options...
Setting ennotify options...

2021-08-29 23:00:02
Checking death linelists...
New names:
* ...22 -> ...23
* ...23 -> ...24
Error in saveWorkbook(wb, file = file, overwrite = overwrite) : 
  File already exists!
Calls: capture.output ... run_script -> <Anonymous> -> <Anonymous> -> saveWorkbook

Setting global options...
Setting ennotify options...

2021-08-30 23:00:02
Checking death linelists...
New names:
* ...22 -> ...23
* ...23 -> ...24
Error in saveWorkbook(wb, file = file, overwrite = overwrite) : 
  File already exists!
Calls: capture.output ... run_script -> <Anonymous> -> <Anonymous> -> saveWorkbook

Setting global options...
Setting ennotify options...

2021-08-31 23:00:02
Checking death linelists...
New names:
* ...22 -> ...23
* ...23 -> ...24
Error in saveWorkbook(wb, file = file, overwrite = overwrite) : 
  File already exists!
Calls: capture.output ... run_script -> <Anonymous> -> <Anonymous> -> saveWorkbook

Setting global options...
Setting ennotify options...

2021-09-01 23:00:03
Checking death linelists...
New names:
* ...22 -> ...23
* ...23 -> ...24
Deleting death linelist backups...
Done.
Setting global options...
Setting ennotify options...

2021-09-02 23:00:05
Checking death linelists...
New names:
* ...22 -> ...23
* ...23 -> ...24
Error in saveWorkbook(wb, file = file, overwrite = overwrite) : 
  File already exists!
Calls: capture.output ... run_script -> <Anonymous> -> <Anonymous> -> saveWorkbook

Setting global options...
Setting ennotify options...

2021-09-03 23:00:01
Checking death linelists...
New names:
* ...22 -> ...23
* ...23 -> ...24
Deleting death linelist backups...
Done.
Setting global options...
Setting ennotify options...

2021-09-04 23:00:01
Checking death linelists...
New names:
* ...22 -> ...23
* ...23 -> ...24
Deleting death linelist backups...
Error: [EPERM] Failed to remove 'V:/EPI DATA ANALYTICS TEAM/MORTALITY DATA/Missing IDs/missing_ids_2021-08-28.xlsx': operation not permitted

Setting global options...
Setting ennotify options...

2021-09-05 23:00:02
Checking death linelists...
New names:
* ...22 -> ...23
* ...23 -> ...24
Deleting death linelist backups...
Done.
Setting global options...
Setting ennotify options...

2021-09-06 23:00:02
Checking death linelists...
New names:
* ...22 -> ...23
* ...23 -> ...24
Deleting death linelist backups...
Done.
Setting global options...
Setting ennotify options...

2021-09-07 23:00:02
Checking death linelists...
New names:
* ...22 -> ...23
* ...23 -> ...24
Deleting death linelist backups...
Done.
Setting global options...
Setting ennotify options...

2021-09-08 23:00:02
Checking death linelists...
New names:
* ...22 -> ...23
* ...23 -> ...24
Deleting death linelist backups...
Done.
Setting global options...
Setting ennotify options...

2021-09-09 23:00:02
Checking death linelists...
New names:
* ...22 -> ...23
* ...23 -> ...24
Deleting death linelist backups...
Done.
Setting global options...
Setting ennotify options...

2021-09-10 23:00:02
Checking death linelists...
New names:
* ...22 -> ...23
* ...23 -> ...24
Deleting death linelist backups...
Done.
Setting global options...
Setting ennotify options...

2021-09-11 23:00:02
Checking death linelists...
New names:
* ...22 -> ...23
* ...23 -> ...24
Deleting death linelist backups...
Done.
Setting global options...
Setting ennotify options...

2021-09-12 23:00:02
Checking death linelists...
New names:
* ...22 -> ...23
* ...23 -> ...24
Deleting death linelist backups...
Done.
Setting global options...
Setting ennotify options...

2021-09-13 23:00:02
Checking death linelists...
New names:
* ...22 -> ...23
* ...23 -> ...24
Deleting death linelist backups...
Done.
Setting global options...
Setting ennotify options...

2021-09-14 23:00:02
Checking death linelists...
New names:
* ...22 -> ...23
* ...23 -> ...24
Deleting death linelist backups...
Done.
