
2020-11-22 18:01:20
Importing functions from coviData...
Downloading AEL data...
SFTP url: sftp://xfer.shelbycountytn.gov/AEL/
371 file(s) in SFTP folder.
SFTP source: sftp://xfer.shelbycountytn.gov/AEL/
Save to folder: V:/EPI DATA ANALYTICS TEAM/AEL Data
1 file(s) to download.
AEL_Shelby_County_TN_Coronavirus_Results_Cumulative_Excel_2020-11-22-03-09-54.xlsx downloaded
1 file(s) downloaded.
Replacing AEL data...
Reading file for 11/22...
Loading AEL file:


Date used: 2020-11-22

Reading file...Done.
Writing file for 11/22...
Done.

2020-11-23 05:00:00
Importing functions from coviData...
Downloading AEL data...
SFTP url: sftp://xfer.shelbycountytn.gov/AEL/
371 file(s) in SFTP folder.
Error: No matching files were found.


2020-11-24 05:00:01
Importing functions from coviData...
Downloading AEL data...
SFTP url: sftp://xfer.shelbycountytn.gov/AEL/
373 file(s) in SFTP folder.
SFTP source: sftp://xfer.shelbycountytn.gov/AEL/
Save to folder: V:/EPI DATA ANALYTICS TEAM/AEL Data
1 file(s) to download.
AEL_Shelby_County_TN_Coronavirus_Results_Cumulative_Excel_2020-11-24-03-04-43.xlsx downloaded
1 file(s) downloaded.
Replacing AEL data...
Reading file for 11/24...
Loading AEL file:


Date used: 2020-11-24

Reading file...Done.
Writing file for 11/24...
Done.

2020-11-25 05:00:01
Importing functions from coviData...
Downloading AEL data...
SFTP url: sftp://xfer.shelbycountytn.gov/AEL/
374 file(s) in SFTP folder.
SFTP source: sftp://xfer.shelbycountytn.gov/AEL/
Save to folder: V:/EPI DATA ANALYTICS TEAM/AEL Data
1 file(s) to download.
AEL_Shelby_County_TN_Coronavirus_Results_Cumulative_Excel_2020-11-25-03-02-32.xlsx downloaded
1 file(s) downloaded.
Replacing AEL data...
Reading file for 11/25...
Loading AEL file:


Date used: 2020-11-25

Reading file...Done.
Writing file for 11/25...
Done.

2020-11-26 05:00:01
Importing functions from coviData...
Downloading AEL data...
SFTP url: sftp://xfer.shelbycountytn.gov/AEL/
375 file(s) in SFTP folder.
SFTP source: sftp://xfer.shelbycountytn.gov/AEL/
Save to folder: V:/EPI DATA ANALYTICS TEAM/AEL Data
1 file(s) to download.
AEL_Shelby_County_TN_Coronavirus_Results_Cumulative_Excel_2020-11-26-03-08-46.xlsx downloaded
1 file(s) downloaded.
Replacing AEL data...
Reading file for 11/26...
Loading AEL file:


Date used: 2020-11-26

Reading file...Done.
Writing file for 11/26...
Done.

2020-11-27 05:00:01
Importing functions from coviData...
Downloading AEL data...
SFTP url: sftp://xfer.shelbycountytn.gov/AEL/
376 file(s) in SFTP folder.
SFTP source: sftp://xfer.shelbycountytn.gov/AEL/
Save to folder: V:/EPI DATA ANALYTICS TEAM/AEL Data
1 file(s) to download.
AEL_Shelby_County_TN_Coronavirus_Results_Cumulative_Excel_2020-11-27-03-09-09.xlsx downloaded
1 file(s) downloaded.
Replacing AEL data...
Reading file for 11/27...
Loading AEL file:


Date used: 2020-11-27

Reading file...Done.
Writing file for 11/27...
Done.

2020-11-28 05:00:01
Importing functions from coviData...
Downloading AEL data...
SFTP url: sftp://xfer.shelbycountytn.gov/AEL/
377 file(s) in SFTP folder.
SFTP source: sftp://xfer.shelbycountytn.gov/AEL/
Save to folder: V:/EPI DATA ANALYTICS TEAM/AEL Data
1 file(s) to download.
AEL_Shelby_County_TN_Coronavirus_Results_Cumulative_Excel_2020-11-28-03-08-41.xlsx downloaded
1 file(s) downloaded.
Replacing AEL data...
Reading file for 11/28...
Loading AEL file:


Date used: 2020-11-28

Reading file...Done.
Writing file for 11/28...
Done.

2020-11-29 05:00:01
Importing functions from coviData...
Downloading AEL data...
SFTP url: sftp://xfer.shelbycountytn.gov/AEL/
378 file(s) in SFTP folder.
SFTP source: sftp://xfer.shelbycountytn.gov/AEL/
Save to folder: V:/EPI DATA ANALYTICS TEAM/AEL Data
1 file(s) to download.
AEL_Shelby_County_TN_Coronavirus_Results_Cumulative_Excel_2020-11-29-03-09-51.xlsx downloaded
1 file(s) downloaded.
Replacing AEL data...
Reading file for 11/29...
Loading AEL file:


Date used: 2020-11-29

Reading file...Done.
Writing file for 11/29...
Done.

2020-11-30 05:00:01
Importing functions from coviData...
Downloading AEL data...
SFTP url: sftp://xfer.shelbycountytn.gov/AEL/
379 file(s) in SFTP folder.
SFTP source: sftp://xfer.shelbycountytn.gov/AEL/
Save to folder: V:/EPI DATA ANALYTICS TEAM/AEL Data
1 file(s) to download.
AEL_Shelby_County_TN_Coronavirus_Results_Cumulative_Excel_2020-11-30-03-17-20.xlsx downloaded
1 file(s) downloaded.
Replacing AEL data...
Reading file for 11/30...
Loading AEL file:


Date used: 2020-11-30

Reading file...Done.
Writing file for 11/30...
Done.

2020-12-01 05:00:01
Importing functions from coviData...
Downloading AEL data...
SFTP url: sftp://xfer.shelbycountytn.gov/AEL/
380 file(s) in SFTP folder.
SFTP source: sftp://xfer.shelbycountytn.gov/AEL/
Save to folder: V:/EPI DATA ANALYTICS TEAM/AEL Data
1 file(s) to download.
AEL_Shelby_County_TN_Coronavirus_Results_Cumulative_Excel_2020-12-01-03-10-06.xlsx downloaded
1 file(s) downloaded.
Replacing AEL data...
Reading file for 12/01...
Loading AEL file:


Date used: 2020-12-01

Reading file...Done.
Writing file for 12/01...
Done.

2020-12-02 05:00:01
Importing functions from coviData...
Downloading AEL data...
SFTP url: sftp://xfer.shelbycountytn.gov/AEL/
381 file(s) in SFTP folder.
SFTP source: sftp://xfer.shelbycountytn.gov/AEL/
Save to folder: V:/EPI DATA ANALYTICS TEAM/AEL Data
1 file(s) to download.
AEL_Shelby_County_TN_Coronavirus_Results_Cumulative_Excel_2020-12-02-03-03-07.xlsx downloaded
1 file(s) downloaded.
Replacing AEL data...
Reading file for 12/02...
Loading AEL file:


Date used: 2020-12-02

Reading file...Done.
Writing file for 12/02...
Done.

2020-12-03 05:00:01
Importing functions from coviData...
Downloading AEL data...
SFTP url: sftp://xfer.shelbycountytn.gov/AEL/
382 file(s) in SFTP folder.
SFTP source: sftp://xfer.shelbycountytn.gov/AEL/
Save to folder: V:/EPI DATA ANALYTICS TEAM/AEL Data
1 file(s) to download.
AEL_Shelby_County_TN_Coronavirus_Results_Cumulative_Excel_2020-12-03-03-09-22.xlsx downloaded
1 file(s) downloaded.
Replacing AEL data...
Reading file for 12/03...
Loading AEL file:


Date used: 2020-12-03

Reading file...Done.
Writing file for 12/03...
Done.

2020-12-04 05:00:02
Importing functions from coviData...
Downloading AEL data...
SFTP url: sftp://xfer.shelbycountytn.gov/AEL/
383 file(s) in SFTP folder.
SFTP source: sftp://xfer.shelbycountytn.gov/AEL/
Save to folder: V:/EPI DATA ANALYTICS TEAM/AEL Data
1 file(s) to download.
AEL_Shelby_County_TN_Coronavirus_Results_Cumulative_Excel_2020-12-04-03-06-31.xlsx downloaded
1 file(s) downloaded.
Replacing AEL data...
Reading file for 12/04...
Loading AEL file:


Date used: 2020-12-04

Reading file...Done.
Writing file for 12/04...
Done.

2020-12-05 05:00:01
Importing functions from coviData...
Downloading AEL data...
SFTP url: sftp://xfer.shelbycountytn.gov/AEL/
384 file(s) in SFTP folder.
SFTP source: sftp://xfer.shelbycountytn.gov/AEL/
Save to folder: V:/EPI DATA ANALYTICS TEAM/AEL Data
1 file(s) to download.
AEL_Shelby_County_TN_Coronavirus_Results_Cumulative_Excel_2020-12-05-03-05-37.xlsx downloaded
1 file(s) downloaded.
Replacing AEL data...
Reading file for 12/05...
Loading AEL file:


Date used: 2020-12-05

Reading file...Done.
Writing file for 12/05...
Done.

2020-12-07 11:45:29
Importing functions from coviData...
Downloading AEL data...
SFTP url: sftp://xfer.shelbycountytn.gov/AEL/
386 file(s) in SFTP folder.
SFTP source: sftp://xfer.shelbycountytn.gov/AEL/
Save to folder: V:/EPI DATA ANALYTICS TEAM/AEL Data
1 file(s) to download.
AEL_Shelby_County_TN_Coronavirus_Results_Cumulative_Excel_2020-12-07-03-21-29.xlsx downloaded
1 file(s) downloaded.
Replacing AEL data...
Reading file for 12/07...
Loading AEL file:


Date used: 2020-12-07

Reading file...Done.
Writing file for 12/07...
Done.

2020-12-08 05:00:02
Importing functions from coviData...
Downloading AEL data...
SFTP url: sftp://xfer.shelbycountytn.gov/AEL/
387 file(s) in SFTP folder.
SFTP source: sftp://xfer.shelbycountytn.gov/AEL/
Save to folder: V:/EPI DATA ANALYTICS TEAM/AEL Data
1 file(s) to download.
AEL_Shelby_County_TN_Coronavirus_Results_Cumulative_Excel_2020-12-08-03-11-03.xlsx downloaded
1 file(s) downloaded.
Replacing AEL data...
Reading file for 12/08...
Loading AEL file:


Date used: 2020-12-08

Reading file...Done.
Writing file for 12/08...
Done.

2020-12-09 05:00:02
Importing functions from coviData...
Downloading AEL data...
SFTP url: sftp://xfer.shelbycountytn.gov/AEL/
388 file(s) in SFTP folder.
SFTP source: sftp://xfer.shelbycountytn.gov/AEL/
Save to folder: V:/EPI DATA ANALYTICS TEAM/AEL Data
1 file(s) to download.
AEL_Shelby_County_TN_Coronavirus_Results_Cumulative_Excel_2020-12-09-03-03-53.xlsx downloaded
1 file(s) downloaded.
Replacing AEL data...
Reading file for 12/09...
Loading AEL file:


Date used: 2020-12-09

Reading file...Done.
Writing file for 12/09...
Done.

2020-12-10 05:00:02
Importing functions from coviData...
Downloading AEL data...
SFTP url: sftp://xfer.shelbycountytn.gov/AEL/
389 file(s) in SFTP folder.
SFTP source: sftp://xfer.shelbycountytn.gov/AEL/
Save to folder: V:/EPI DATA ANALYTICS TEAM/AEL Data
1 file(s) to download.
AEL_Shelby_County_TN_Coronavirus_Results_Cumulative_Excel_2020-12-10-03-06-52.xlsx downloaded
1 file(s) downloaded.
Replacing AEL data...
Reading file for 12/10...
Loading AEL file:


Date used: 2020-12-10

Reading file...Done.
Writing file for 12/10...
Done.

2020-12-11 05:00:02
Importing functions from coviData...
Downloading AEL data...
SFTP url: sftp://xfer.shelbycountytn.gov/AEL/
390 file(s) in SFTP folder.
SFTP source: sftp://xfer.shelbycountytn.gov/AEL/
Save to folder: V:/EPI DATA ANALYTICS TEAM/AEL Data
1 file(s) to download.
AEL_Shelby_County_TN_Coronavirus_Results_Cumulative_Excel_2020-12-11-03-05-11.xlsx downloaded
1 file(s) downloaded.
Replacing AEL data...
Reading file for 12/11...
Loading AEL file:


Date used: 2020-12-11

Reading file...Done.
Writing file for 12/11...
Done.

2020-12-12 05:00:02
Importing functions from coviData...
Downloading AEL data...
SFTP url: sftp://xfer.shelbycountytn.gov/AEL/
391 file(s) in SFTP folder.
SFTP source: sftp://xfer.shelbycountytn.gov/AEL/
Save to folder: V:/EPI DATA ANALYTICS TEAM/AEL Data
1 file(s) to download.
AEL_Shelby_County_TN_Coronavirus_Results_Cumulative_Excel_2020-12-12-03-08-37.xlsx downloaded
1 file(s) downloaded.
Replacing AEL data...
Reading file for 12/12...
Loading AEL file:


Date used: 2020-12-12

Reading file...Done.
Writing file for 12/12...
Done.

2020-12-13 05:00:02
Importing functions from coviData...
Downloading AEL data...
SFTP url: sftp://xfer.shelbycountytn.gov/AEL/
392 file(s) in SFTP folder.
SFTP source: sftp://xfer.shelbycountytn.gov/AEL/
Save to folder: V:/EPI DATA ANALYTICS TEAM/AEL Data
1 file(s) to download.
AEL_Shelby_County_TN_Coronavirus_Results_Cumulative_Excel_2020-12-13-03-07-11.xlsx downloaded
1 file(s) downloaded.
Replacing AEL data...
Reading file for 12/13...
Loading AEL file:


Date used: 2020-12-13

Reading file...Done.
Writing file for 12/13...
Done.

2020-12-14 05:00:02
Importing functions from coviData...
Downloading AEL data...
SFTP url: sftp://xfer.shelbycountytn.gov/AEL/
393 file(s) in SFTP folder.
SFTP source: sftp://xfer.shelbycountytn.gov/AEL/
Save to folder: V:/EPI DATA ANALYTICS TEAM/AEL Data
1 file(s) to download.
AEL_Shelby_County_TN_Coronavirus_Results_Cumulative_Excel_2020-12-14-03-15-27.xlsx downloaded
1 file(s) downloaded.
Replacing AEL data...
Reading file for 12/14...
Loading AEL file:


Date used: 2020-12-14

Reading file...Done.
Writing file for 12/14...
Done.

2020-12-15 05:00:02
Importing functions from coviData...
Downloading AEL data...
SFTP url: sftp://xfer.shelbycountytn.gov/AEL/
394 file(s) in SFTP folder.
SFTP source: sftp://xfer.shelbycountytn.gov/AEL/
Save to folder: V:/EPI DATA ANALYTICS TEAM/AEL Data
1 file(s) to download.
AEL_Shelby_County_TN_Coronavirus_Results_Cumulative_Excel_2020-12-15-03-09-18.xlsx downloaded
1 file(s) downloaded.
Replacing AEL data...
Reading file for 12/15...
Loading AEL file:


Date used: 2020-12-15

Reading file...Done.
Writing file for 12/15...
Done.

2020-12-16 05:00:02
Importing functions from coviData...
Downloading AEL data...
SFTP url: sftp://xfer.shelbycountytn.gov/AEL/
395 file(s) in SFTP folder.
SFTP source: sftp://xfer.shelbycountytn.gov/AEL/
Save to folder: V:/EPI DATA ANALYTICS TEAM/AEL Data
1 file(s) to download.
AEL_Shelby_County_TN_Coronavirus_Results_Cumulative_Excel_2020-12-16-03-07-02.xlsx downloaded
1 file(s) downloaded.
Replacing AEL data...
Reading file for 12/16...
Loading AEL file:


Date used: 2020-12-16

Reading file...Done.
Writing file for 12/16...
Done.

2020-12-17 05:00:02
Importing functions from coviData...
Downloading AEL data...
SFTP url: sftp://xfer.shelbycountytn.gov/AEL/
396 file(s) in SFTP folder.
SFTP source: sftp://xfer.shelbycountytn.gov/AEL/
Save to folder: V:/EPI DATA ANALYTICS TEAM/AEL Data
1 file(s) to download.
AEL_Shelby_County_TN_Coronavirus_Results_Cumulative_Excel_2020-12-17-03-06-20.xlsx downloaded
1 file(s) downloaded.
Replacing AEL data...
Reading file for 12/17...
Loading AEL file:


Date used: 2020-12-17

Reading file...Done.
Writing file for 12/17...
Done.

2020-12-18 05:00:02
Importing functions from coviData...
Downloading AEL data...
SFTP url: sftp://xfer.shelbycountytn.gov/AEL/
397 file(s) in SFTP folder.
SFTP source: sftp://xfer.shelbycountytn.gov/AEL/
Save to folder: V:/EPI DATA ANALYTICS TEAM/AEL Data
1 file(s) to download.
AEL_Shelby_County_TN_Coronavirus_Results_Cumulative_Excel_2020-12-18-03-04-09.xlsx downloaded
1 file(s) downloaded.
Replacing AEL data...
Reading file for 12/18...
Loading AEL file:


Date used: 2020-12-18

Reading file...Done.
Writing file for 12/18...
Done.

2020-12-19 05:00:02
Importing functions from coviData...
Downloading AEL data...
SFTP url: sftp://xfer.shelbycountytn.gov/AEL/
398 file(s) in SFTP folder.
SFTP source: sftp://xfer.shelbycountytn.gov/AEL/
Save to folder: V:/EPI DATA ANALYTICS TEAM/AEL Data
1 file(s) to download.
AEL_Shelby_County_TN_Coronavirus_Results_Cumulative_Excel_2020-12-19-03-07-13.xlsx downloaded
1 file(s) downloaded.
Replacing AEL data...
Reading file for 12/19...
Loading AEL file:


Date used: 2020-12-19

Reading file...Done.
Writing file for 12/19...
Done.

2020-12-20 05:00:02
Importing functions from coviData...
Downloading AEL data...
SFTP url: sftp://xfer.shelbycountytn.gov/AEL/
399 file(s) in SFTP folder.
SFTP source: sftp://xfer.shelbycountytn.gov/AEL/
Save to folder: V:/EPI DATA ANALYTICS TEAM/AEL Data
1 file(s) to download.
AEL_Shelby_County_TN_Coronavirus_Results_Cumulative_Excel_2020-12-20-03-08-26.xlsx downloaded
1 file(s) downloaded.
Replacing AEL data...
Reading file for 12/20...
Loading AEL file:


Date used: 2020-12-20

Reading file...Done.
Writing file for 12/20...
Done.

2020-12-21 05:00:02
Importing functions from coviData...
Downloading AEL data...
SFTP url: sftp://xfer.shelbycountytn.gov/AEL/
400 file(s) in SFTP folder.
SFTP source: sftp://xfer.shelbycountytn.gov/AEL/
Save to folder: V:/EPI DATA ANALYTICS TEAM/AEL Data
1 file(s) to download.
AEL_Shelby_County_TN_Coronavirus_Results_Cumulative_Excel_2020-12-21-03-23-21.xlsx downloaded
1 file(s) downloaded.
Replacing AEL data...
Reading file for 12/21...
Loading AEL file:


Date used: 2020-12-21

Reading file...Done.
Writing file for 12/21...
Done.

2020-12-22 05:00:02
Importing functions from coviData...
Downloading AEL data...
SFTP url: sftp://xfer.shelbycountytn.gov/AEL/
401 file(s) in SFTP folder.
SFTP source: sftp://xfer.shelbycountytn.gov/AEL/
Save to folder: V:/EPI DATA ANALYTICS TEAM/AEL Data
1 file(s) to download.
AEL_Shelby_County_TN_Coronavirus_Results_Cumulative_Excel_2020-12-22-03-07-58.xlsx downloaded
1 file(s) downloaded.
Replacing AEL data...
Reading file for 12/22...
Loading AEL file:


Date used: 2020-12-22

Reading file...Done.
Writing file for 12/22...
Done.

2020-12-23 05:00:02
Importing functions from coviData...
Downloading AEL data...
SFTP url: sftp://xfer.shelbycountytn.gov/AEL/
402 file(s) in SFTP folder.
SFTP source: sftp://xfer.shelbycountytn.gov/AEL/
Save to folder: V:/EPI DATA ANALYTICS TEAM/AEL Data
1 file(s) to download.
AEL_Shelby_County_TN_Coronavirus_Results_Cumulative_Excel_2020-12-23-03-05-08.xlsx downloaded
1 file(s) downloaded.
Replacing AEL data...
Reading file for 12/23...
Loading AEL file:


Date used: 2020-12-23

Reading file...Done.
Writing file for 12/23...
Done.

2020-12-24 05:00:02
Importing functions from coviData...
Downloading AEL data...
SFTP url: sftp://xfer.shelbycountytn.gov/AEL/
403 file(s) in SFTP folder.
SFTP source: sftp://xfer.shelbycountytn.gov/AEL/
Save to folder: V:/EPI DATA ANALYTICS TEAM/AEL Data
1 file(s) to download.
AEL_Shelby_County_TN_Coronavirus_Results_Cumulative_Excel_2020-12-24-03-10-44.xlsx downloaded
1 file(s) downloaded.
Replacing AEL data...
Reading file for 12/24...
Loading AEL file:


Date used: 2020-12-24

Reading file...Done.
Writing file for 12/24...
Done.

2020-12-25 05:00:02
Importing functions from coviData...
Downloading AEL data...
SFTP url: sftp://xfer.shelbycountytn.gov/AEL/
404 file(s) in SFTP folder.
SFTP source: sftp://xfer.shelbycountytn.gov/AEL/
Save to folder: V:/EPI DATA ANALYTICS TEAM/AEL Data
1 file(s) to download.
AEL_Shelby_County_TN_Coronavirus_Results_Cumulative_Excel_2020-12-25-03-06-50.xlsx downloaded
1 file(s) downloaded.
Replacing AEL data...
Reading file for 12/25...
Loading AEL file:


Date used: 2020-12-25

Reading file...Done.
Writing file for 12/25...
Done.

2020-12-26 05:00:02
Importing functions from coviData...
Downloading AEL data...
SFTP url: sftp://xfer.shelbycountytn.gov/AEL/
405 file(s) in SFTP folder.
SFTP source: sftp://xfer.shelbycountytn.gov/AEL/
Save to folder: V:/EPI DATA ANALYTICS TEAM/AEL Data
1 file(s) to download.
AEL_Shelby_County_TN_Coronavirus_Results_Cumulative_Excel_2020-12-26-03-04-13.xlsx downloaded
1 file(s) downloaded.
Replacing AEL data...
Reading file for 12/26...
Loading AEL file:


Date used: 2020-12-26

Reading file...Done.
Writing file for 12/26...
Done.

2020-12-27 05:00:02
Importing functions from coviData...
Downloading AEL data...
SFTP url: sftp://xfer.shelbycountytn.gov/AEL/
406 file(s) in SFTP folder.
SFTP source: sftp://xfer.shelbycountytn.gov/AEL/
Save to folder: V:/EPI DATA ANALYTICS TEAM/AEL Data
1 file(s) to download.
AEL_Shelby_County_TN_Coronavirus_Results_Cumulative_Excel_2020-12-27-03-07-58.xlsx downloaded
1 file(s) downloaded.
Replacing AEL data...
Reading file for 12/27...
Loading AEL file:


Date used: 2020-12-27

Reading file...Done.
Writing file for 12/27...
Done.

2020-12-28 05:00:02
Importing functions from coviData...
Downloading AEL data...
SFTP url: sftp://xfer.shelbycountytn.gov/AEL/
407 file(s) in SFTP folder.
SFTP source: sftp://xfer.shelbycountytn.gov/AEL/
Save to folder: V:/EPI DATA ANALYTICS TEAM/AEL Data
1 file(s) to download.
AEL_Shelby_County_TN_Coronavirus_Results_Cumulative_Excel_2020-12-28-03-10-56.xlsx downloaded
1 file(s) downloaded.
Replacing AEL data...
Reading file for 12/28...
Loading AEL file:


Date used: 2020-12-28

Reading file...Done.
Writing file for 12/28...
Done.

2020-12-29 05:00:02
Importing functions from coviData...
Downloading AEL data...
SFTP url: sftp://xfer.shelbycountytn.gov/AEL/
408 file(s) in SFTP folder.
SFTP source: sftp://xfer.shelbycountytn.gov/AEL/
Save to folder: V:/EPI DATA ANALYTICS TEAM/AEL Data
1 file(s) to download.
AEL_Shelby_County_TN_Coronavirus_Results_Cumulative_Excel_2020-12-29-03-06-33.xlsx downloaded
1 file(s) downloaded.
Replacing AEL data...
Reading file for 12/29...
Loading AEL file:


Date used: 2020-12-29

Reading file...Done.
Writing file for 12/29...
Done.

2020-12-30 05:00:02
Importing functions from coviData...
Downloading AEL data...
SFTP url: sftp://xfer.shelbycountytn.gov/AEL/
409 file(s) in SFTP folder.
SFTP source: sftp://xfer.shelbycountytn.gov/AEL/
Save to folder: V:/EPI DATA ANALYTICS TEAM/AEL Data
1 file(s) to download.
AEL_Shelby_County_TN_Coronavirus_Results_Cumulative_Excel_2020-12-30-03-08-08.xlsx downloaded
1 file(s) downloaded.
Replacing AEL data...
Reading file for 12/30...
Loading AEL file:


Date used: 2020-12-30

Reading file...Done.
Writing file for 12/30...
Done.

2020-12-31 05:00:01
Importing functions from coviData...
Downloading AEL data...
SFTP url: sftp://xfer.shelbycountytn.gov/AEL/
410 file(s) in SFTP folder.
SFTP source: sftp://xfer.shelbycountytn.gov/AEL/
Save to folder: V:/EPI DATA ANALYTICS TEAM/AEL Data
1 file(s) to download.
AEL_Shelby_County_TN_Coronavirus_Results_Cumulative_Excel_2020-12-31-03-10-45.xlsx downloaded
1 file(s) downloaded.
Replacing AEL data...
Reading file for 12/31...
Loading AEL file:


Date used: 2020-12-31

Reading file...Done.
Writing file for 12/31...
Done.

2021-01-01 05:00:01
Importing functions from coviData...
Downloading AEL data...
SFTP url: sftp://xfer.shelbycountytn.gov/AEL/
411 file(s) in SFTP folder.
SFTP source: sftp://xfer.shelbycountytn.gov/AEL/
Save to folder: V:/EPI DATA ANALYTICS TEAM/AEL Data
1 file(s) to download.
AEL_Shelby_County_TN_Coronavirus_Results_Cumulative_Excel_2021-01-01-03-11-34.xlsx downloaded
1 file(s) downloaded.
Replacing AEL data...
Reading file for 01/01...
Loading AEL file:


Date used: 2021-01-01

Reading file...Done.
Writing file for 01/01...
Done.

2021-01-02 05:00:01
Importing functions from coviData...
Downloading AEL data...
SFTP url: sftp://xfer.shelbycountytn.gov/AEL/
412 file(s) in SFTP folder.
SFTP source: sftp://xfer.shelbycountytn.gov/AEL/
Save to folder: V:/EPI DATA ANALYTICS TEAM/AEL Data
1 file(s) to download.
AEL_Shelby_County_TN_Coronavirus_Results_Cumulative_Excel_2021-01-02-03-08-17.xlsx downloaded
1 file(s) downloaded.
Replacing AEL data...
Reading file for 01/02...
Loading AEL file:


Date used: 2021-01-02

Reading file...Done.
Writing file for 01/02...
Done.

2021-01-03 05:00:01
Importing functions from coviData...
Downloading AEL data...
SFTP url: sftp://xfer.shelbycountytn.gov/AEL/
413 file(s) in SFTP folder.
SFTP source: sftp://xfer.shelbycountytn.gov/AEL/
Save to folder: V:/EPI DATA ANALYTICS TEAM/AEL Data
1 file(s) to download.
AEL_Shelby_County_TN_Coronavirus_Results_Cumulative_Excel_2021-01-03-03-08-54.xlsx downloaded
1 file(s) downloaded.
Replacing AEL data...
Reading file for 01/03...
Loading AEL file:


Date used: 2021-01-03

Reading file...Done.
Writing file for 01/03...
Done.

2021-01-04 05:00:01
Importing functions from coviData...
Downloading AEL data...
SFTP url: sftp://xfer.shelbycountytn.gov/AEL/
414 file(s) in SFTP folder.
SFTP source: sftp://xfer.shelbycountytn.gov/AEL/
Save to folder: V:/EPI DATA ANALYTICS TEAM/AEL Data
1 file(s) to download.
AEL_Shelby_County_TN_Coronavirus_Results_Cumulative_Excel_2021-01-04-03-15-17.xlsx downloaded
1 file(s) downloaded.
Replacing AEL data...
Reading file for 01/04...
Loading AEL file:


Date used: 2021-01-04

Reading file...Done.
Writing file for 01/04...
Done.

2021-01-05 05:00:01
Importing functions from coviData...
Downloading AEL data...
SFTP url: sftp://xfer.shelbycountytn.gov/AEL/
415 file(s) in SFTP folder.
SFTP source: sftp://xfer.shelbycountytn.gov/AEL/
Save to folder: V:/EPI DATA ANALYTICS TEAM/AEL Data
1 file(s) to download.
AEL_Shelby_County_TN_Coronavirus_Results_Cumulative_Excel_2021-01-05-03-09-52.xlsx downloaded
1 file(s) downloaded.
Replacing AEL data...
Reading file for 01/05...
Loading AEL file:


Date used: 2021-01-05

Reading file...Done.
Writing file for 01/05...
Done.

2021-01-06 05:00:01
Importing functions from coviData...
Downloading AEL data...
SFTP url: sftp://xfer.shelbycountytn.gov/AEL/
416 file(s) in SFTP folder.
SFTP source: sftp://xfer.shelbycountytn.gov/AEL/
Save to folder: V:/EPI DATA ANALYTICS TEAM/AEL Data
1 file(s) to download.
AEL_Shelby_County_TN_Coronavirus_Results_Cumulative_Excel_2021-01-06-03-06-13.xlsx downloaded
1 file(s) downloaded.
Replacing AEL data...
Reading file for 01/06...
Loading AEL file:


Date used: 2021-01-06

Reading file...Done.
Writing file for 01/06...
Done.

2021-01-07 05:00:01
Importing functions from coviData...
Downloading AEL data...
SFTP url: sftp://xfer.shelbycountytn.gov/AEL/
417 file(s) in SFTP folder.
SFTP source: sftp://xfer.shelbycountytn.gov/AEL/
Save to folder: V:/EPI DATA ANALYTICS TEAM/AEL Data
1 file(s) to download.
AEL_Shelby_County_TN_Coronavirus_Results_Cumulative_Excel_2021-01-07-03-04-45.xlsx downloaded
1 file(s) downloaded.
Replacing AEL data...
Reading file for 01/07...
Loading AEL file:


Date used: 2021-01-07

Reading file...Done.
Writing file for 01/07...
Done.

2021-01-08 05:00:01
Importing functions from coviData...
Downloading AEL data...
SFTP url: sftp://xfer.shelbycountytn.gov/AEL/
418 file(s) in SFTP folder.
SFTP source: sftp://xfer.shelbycountytn.gov/AEL/
Save to folder: V:/EPI DATA ANALYTICS TEAM/AEL Data
1 file(s) to download.
AEL_Shelby_County_TN_Coronavirus_Results_Cumulative_Excel_2021-01-08-03-06-14.xlsx downloaded
1 file(s) downloaded.
Replacing AEL data...
Reading file for 01/08...
Loading AEL file:


Date used: 2021-01-08

Reading file...Done.
Writing file for 01/08...
Done.

2021-01-09 05:00:01
Importing functions from coviData...
Downloading AEL data...
SFTP url: sftp://xfer.shelbycountytn.gov/AEL/
419 file(s) in SFTP folder.
SFTP source: sftp://xfer.shelbycountytn.gov/AEL/
Save to folder: V:/EPI DATA ANALYTICS TEAM/AEL Data
1 file(s) to download.
AEL_Shelby_County_TN_Coronavirus_Results_Cumulative_Excel_2021-01-09-03-06-18.xlsx downloaded
1 file(s) downloaded.
Replacing AEL data...
Reading file for 01/09...
Loading AEL file:


Date used: 2021-01-09

Reading file...Done.
Writing file for 01/09...
Done.

2021-01-10 05:00:01
Importing functions from coviData...
Downloading AEL data...
SFTP url: sftp://xfer.shelbycountytn.gov/AEL/
420 file(s) in SFTP folder.
SFTP source: sftp://xfer.shelbycountytn.gov/AEL/
Save to folder: V:/EPI DATA ANALYTICS TEAM/AEL Data
1 file(s) to download.
AEL_Shelby_County_TN_Coronavirus_Results_Cumulative_Excel_2021-01-10-03-08-45.xlsx downloaded
1 file(s) downloaded.
Replacing AEL data...
Reading file for 01/10...
Loading AEL file:


Date used: 2021-01-10

Reading file...Done.
Writing file for 01/10...
Done.

2021-01-11 05:00:01
Importing functions from coviData...
Downloading AEL data...
SFTP url: sftp://xfer.shelbycountytn.gov/AEL/
421 file(s) in SFTP folder.
SFTP source: sftp://xfer.shelbycountytn.gov/AEL/
Save to folder: V:/EPI DATA ANALYTICS TEAM/AEL Data
1 file(s) to download.
AEL_Shelby_County_TN_Coronavirus_Results_Cumulative_Excel_2021-01-11-03-08-47.xlsx downloaded
1 file(s) downloaded.
Replacing AEL data...
Reading file for 01/11...
Loading AEL file:


Date used: 2021-01-11

Reading file...Done.
Writing file for 01/11...
Done.

2021-01-12 05:00:01
Importing functions from coviData...
Downloading AEL data...
SFTP url: sftp://xfer.shelbycountytn.gov/AEL/
422 file(s) in SFTP folder.
SFTP source: sftp://xfer.shelbycountytn.gov/AEL/
Save to folder: V:/EPI DATA ANALYTICS TEAM/AEL Data
1 file(s) to download.
AEL_Shelby_County_TN_Coronavirus_Results_Cumulative_Excel_2021-01-12-03-09-53.xlsx downloaded
1 file(s) downloaded.
Replacing AEL data...
Reading file for 01/12...
Loading AEL file:


Date used: 2021-01-12

Reading file...Done.
Writing file for 01/12...
Done.

2021-01-13 05:00:01
Importing functions from coviData...
Downloading AEL data...
SFTP url: sftp://xfer.shelbycountytn.gov/AEL/
423 file(s) in SFTP folder.
SFTP source: sftp://xfer.shelbycountytn.gov/AEL/
Save to folder: V:/EPI DATA ANALYTICS TEAM/AEL Data
1 file(s) to download.
AEL_Shelby_County_TN_Coronavirus_Results_Cumulative_Excel_2021-01-13-03-07-18.xlsx downloaded
1 file(s) downloaded.
Replacing AEL data...
Reading file for 01/13...
Loading AEL file:


Date used: 2021-01-13

Reading file...Done.
Writing file for 01/13...
Done.

2021-01-14 05:00:01
Importing functions from coviData...
Downloading AEL data...
SFTP url: sftp://xfer.shelbycountytn.gov/AEL/
424 file(s) in SFTP folder.
SFTP source: sftp://xfer.shelbycountytn.gov/AEL/
Save to folder: V:/EPI DATA ANALYTICS TEAM/AEL Data
1 file(s) to download.
AEL_Shelby_County_TN_Coronavirus_Results_Cumulative_Excel_2021-01-14-03-11-11.xlsx downloaded
1 file(s) downloaded.
Replacing AEL data...
Reading file for 01/14...
Loading AEL file:


Date used: 2021-01-14

Reading file...Done.
Writing file for 01/14...
Done.

2021-01-15 05:00:01
Importing functions from coviData...
Downloading AEL data...
SFTP url: sftp://xfer.shelbycountytn.gov/AEL/
425 file(s) in SFTP folder.
SFTP source: sftp://xfer.shelbycountytn.gov/AEL/
Save to folder: V:/EPI DATA ANALYTICS TEAM/AEL Data
1 file(s) to download.
AEL_Shelby_County_TN_Coronavirus_Results_Cumulative_Excel_2021-01-15-03-04-19.xlsx downloaded
1 file(s) downloaded.
Replacing AEL data...
Reading file for 01/15...
Loading AEL file:


Date used: 2021-01-15

Reading file...Done.
Writing file for 01/15...
Done.

2021-01-16 05:00:01
Importing functions from coviData...
Downloading AEL data...
SFTP url: sftp://xfer.shelbycountytn.gov/AEL/
426 file(s) in SFTP folder.
SFTP source: sftp://xfer.shelbycountytn.gov/AEL/
Save to folder: V:/EPI DATA ANALYTICS TEAM/AEL Data
1 file(s) to download.
AEL_Shelby_County_TN_Coronavirus_Results_Cumulative_Excel_2021-01-16-03-08-34.xlsx downloaded
1 file(s) downloaded.
Replacing AEL data...
Reading file for 01/16...
Loading AEL file:


Date used: 2021-01-16

Reading file...Done.
Writing file for 01/16...
Done.

2021-01-17 05:00:01
Importing functions from coviData...
Downloading AEL data...
SFTP url: sftp://xfer.shelbycountytn.gov/AEL/
427 file(s) in SFTP folder.
SFTP source: sftp://xfer.shelbycountytn.gov/AEL/
Save to folder: V:/EPI DATA ANALYTICS TEAM/AEL Data
1 file(s) to download.
AEL_Shelby_County_TN_Coronavirus_Results_Cumulative_Excel_2021-01-17-03-06-19.xlsx downloaded
1 file(s) downloaded.
Replacing AEL data...
Reading file for 01/17...
Loading AEL file:


Date used: 2021-01-17

Reading file...Done.
Writing file for 01/17...
Done.

2021-01-18 05:00:01
Importing functions from coviData...
Downloading AEL data...
SFTP url: sftp://xfer.shelbycountytn.gov/AEL/
428 file(s) in SFTP folder.
SFTP source: sftp://xfer.shelbycountytn.gov/AEL/
Save to folder: V:/EPI DATA ANALYTICS TEAM/AEL Data
1 file(s) to download.
AEL_Shelby_County_TN_Coronavirus_Results_Cumulative_Excel_2021-01-18-03-14-19.xlsx downloaded
1 file(s) downloaded.
Replacing AEL data...
Reading file for 01/18...
Loading AEL file:


Date used: 2021-01-18

Reading file...Done.
Writing file for 01/18...
Done.

2021-01-19 05:00:01
Importing functions from coviData...
Downloading AEL data...
SFTP url: sftp://xfer.shelbycountytn.gov/AEL/
429 file(s) in SFTP folder.
SFTP source: sftp://xfer.shelbycountytn.gov/AEL/
Save to folder: V:/EPI DATA ANALYTICS TEAM/AEL Data
1 file(s) to download.
AEL_Shelby_County_TN_Coronavirus_Results_Cumulative_Excel_2021-01-19-03-06-52.xlsx downloaded
1 file(s) downloaded.
Replacing AEL data...
Reading file for 01/19...
Loading AEL file:


Date used: 2021-01-19

Reading file...Done.
Writing file for 01/19...
Done.

2021-01-20 05:00:01
Importing functions from coviData...
Downloading AEL data...
SFTP url: sftp://xfer.shelbycountytn.gov/AEL/
430 file(s) in SFTP folder.
SFTP source: sftp://xfer.shelbycountytn.gov/AEL/
Save to folder: V:/EPI DATA ANALYTICS TEAM/AEL Data
1 file(s) to download.
AEL_Shelby_County_TN_Coronavirus_Results_Cumulative_Excel_2021-01-20-03-04-46.xlsx downloaded
1 file(s) downloaded.
Replacing AEL data...
Reading file for 01/20...
Loading AEL file:


Date used: 2021-01-20

Reading file...Done.
Writing file for 01/20...
Done.

2021-01-21 05:00:01
Importing functions from coviData...
Downloading AEL data...
SFTP url: sftp://xfer.shelbycountytn.gov/AEL/
431 file(s) in SFTP folder.
SFTP source: sftp://xfer.shelbycountytn.gov/AEL/
Save to folder: V:/EPI DATA ANALYTICS TEAM/AEL Data
1 file(s) to download.
AEL_Shelby_County_TN_Coronavirus_Results_Cumulative_Excel_2021-01-21-03-05-26.xlsx downloaded
1 file(s) downloaded.
Replacing AEL data...
Reading file for 01/21...
Loading AEL file:


Date used: 2021-01-21

Reading file...Done.
Writing file for 01/21...
Done.

2021-01-22 05:00:01
Importing functions from coviData...
Downloading AEL data...
SFTP url: sftp://xfer.shelbycountytn.gov/AEL/
432 file(s) in SFTP folder.
SFTP source: sftp://xfer.shelbycountytn.gov/AEL/
Save to folder: V:/EPI DATA ANALYTICS TEAM/AEL Data
1 file(s) to download.
AEL_Shelby_County_TN_Coronavirus_Results_Cumulative_Excel_2021-01-22-03-08-52.xlsx downloaded
1 file(s) downloaded.
Replacing AEL data...
Reading file for 01/22...
Loading AEL file:


Date used: 2021-01-22

Reading file...Done.
Writing file for 01/22...
Done.

2021-01-23 05:00:02
Importing functions from coviData...
Downloading AEL data...
SFTP url: sftp://xfer.shelbycountytn.gov/AEL/
433 file(s) in SFTP folder.
SFTP source: sftp://xfer.shelbycountytn.gov/AEL/
Save to folder: V:/EPI DATA ANALYTICS TEAM/AEL Data
1 file(s) to download.
AEL_Shelby_County_TN_Coronavirus_Results_Cumulative_Excel_2021-01-23-03-06-05.xlsx downloaded
1 file(s) downloaded.
Replacing AEL data...
Reading file for 01/23...
Loading AEL file:


Date used: 2021-01-23

Reading file...Done.
Writing file for 01/23...
Done.

2021-01-24 05:00:01
Importing functions from coviData...
Downloading AEL data...
SFTP url: sftp://xfer.shelbycountytn.gov/AEL/
434 file(s) in SFTP folder.
SFTP source: sftp://xfer.shelbycountytn.gov/AEL/
Save to folder: V:/EPI DATA ANALYTICS TEAM/AEL Data
1 file(s) to download.
AEL_Shelby_County_TN_Coronavirus_Results_Cumulative_Excel_2021-01-24-03-08-31.xlsx downloaded
1 file(s) downloaded.
Replacing AEL data...
Reading file for 01/24...
Loading AEL file:


Date used: 2021-01-24

Reading file...Done.
Writing file for 01/24...
Done.

2021-01-25 05:00:02
Importing functions from coviData...
Downloading AEL data...
SFTP url: sftp://xfer.shelbycountytn.gov/AEL/
434 file(s) in SFTP folder.
Error: No matching files were found.


2021-01-26 05:00:01
Importing functions from coviData...
Downloading AEL data...
SFTP url: sftp://xfer.shelbycountytn.gov/AEL/
436 file(s) in SFTP folder.
SFTP source: sftp://xfer.shelbycountytn.gov/AEL/
Save to folder: V:/EPI DATA ANALYTICS TEAM/AEL Data
1 file(s) to download.
AEL_Shelby_County_TN_Coronavirus_Results_Cumulative_Excel_2021-01-26-03-04-09.xlsx downloaded
1 file(s) downloaded.
Replacing AEL data...
Reading file for 01/26...
Loading AEL file:


Date used: 2021-01-26

Reading file...Done.
Writing file for 01/26...
Done.

2021-01-27 05:00:02
Importing functions from coviData...
Downloading AEL data...
SFTP url: sftp://xfer.shelbycountytn.gov/AEL/
437 file(s) in SFTP folder.
SFTP source: sftp://xfer.shelbycountytn.gov/AEL/
Save to folder: V:/EPI DATA ANALYTICS TEAM/AEL Data
1 file(s) to download.
AEL_Shelby_County_TN_Coronavirus_Results_Cumulative_Excel_2021-01-27-03-04-38.xlsx downloaded
1 file(s) downloaded.
Replacing AEL data...
Reading file for 01/27...
Loading AEL file:


Date used: 2021-01-27

Reading file...Done.
Writing file for 01/27...
Done.

2021-01-28 05:00:02
Importing functions from coviData...
Downloading AEL data...
SFTP url: sftp://xfer.shelbycountytn.gov/AEL/
438 file(s) in SFTP folder.
SFTP source: sftp://xfer.shelbycountytn.gov/AEL/
Save to folder: V:/EPI DATA ANALYTICS TEAM/AEL Data
1 file(s) to download.
AEL_Shelby_County_TN_Coronavirus_Results_Cumulative_Excel_2021-01-28-03-05-13.xlsx downloaded
1 file(s) downloaded.
Replacing AEL data...
Reading file for 01/28...
Loading AEL file:


Date used: 2021-01-28

Reading file...Done.
Writing file for 01/28...
Done.

2021-01-29 05:00:02
Importing functions from coviData...
Downloading AEL data...
SFTP url: sftp://xfer.shelbycountytn.gov/AEL/
439 file(s) in SFTP folder.
SFTP source: sftp://xfer.shelbycountytn.gov/AEL/
Save to folder: V:/EPI DATA ANALYTICS TEAM/AEL Data
1 file(s) to download.
AEL_Shelby_County_TN_Coronavirus_Results_Cumulative_Excel_2021-01-29-03-06-23.xlsx downloaded
1 file(s) downloaded.
Replacing AEL data...
Reading file for 01/29...
Loading AEL file:


Date used: 2021-01-29

Reading file...Done.
Writing file for 01/29...
Done.

2021-01-30 05:00:01
Importing functions from coviData...
Downloading AEL data...
SFTP url: sftp://xfer.shelbycountytn.gov/AEL/
440 file(s) in SFTP folder.
SFTP source: sftp://xfer.shelbycountytn.gov/AEL/
Save to folder: V:/EPI DATA ANALYTICS TEAM/AEL Data
1 file(s) to download.
AEL_Shelby_County_TN_Coronavirus_Results_Cumulative_Excel_2021-01-30-03-10-11.xlsx downloaded
1 file(s) downloaded.
Replacing AEL data...
Reading file for 01/30...
Loading AEL file:


Date used: 2021-01-30

Reading file...Done.
Writing file for 01/30...
Done.

2021-01-31 05:00:02
Importing functions from coviData...
Downloading AEL data...
SFTP url: sftp://xfer.shelbycountytn.gov/AEL/
441 file(s) in SFTP folder.
SFTP source: sftp://xfer.shelbycountytn.gov/AEL/
Save to folder: V:/EPI DATA ANALYTICS TEAM/AEL Data
1 file(s) to download.
AEL_Shelby_County_TN_Coronavirus_Results_Cumulative_Excel_2021-01-31-03-08-22.xlsx downloaded
1 file(s) downloaded.
Replacing AEL data...
Reading file for 01/31...
Loading AEL file:


Date used: 2021-01-31

Reading file...Done.
Writing file for 01/31...
Done.

2021-02-01 05:00:02
Importing functions from coviData...
Downloading AEL data...
SFTP url: sftp://xfer.shelbycountytn.gov/AEL/
442 file(s) in SFTP folder.
SFTP source: sftp://xfer.shelbycountytn.gov/AEL/
Save to folder: V:/EPI DATA ANALYTICS TEAM/AEL Data
1 file(s) to download.
AEL_Shelby_County_TN_Coronavirus_Results_Cumulative_Excel_2021-02-01-03-12-05.xlsx downloaded
1 file(s) downloaded.
Replacing AEL data...
Reading file for 02/01...
Loading AEL file:


Date used: 2021-02-01

Reading file...Done.
Writing file for 02/01...
Done.

2021-02-02 05:00:02
Importing functions from coviData...
Downloading AEL data...
SFTP url: sftp://xfer.shelbycountytn.gov/AEL/
443 file(s) in SFTP folder.
SFTP source: sftp://xfer.shelbycountytn.gov/AEL/
Save to folder: V:/EPI DATA ANALYTICS TEAM/AEL Data
1 file(s) to download.
AEL_Shelby_County_TN_Coronavirus_Results_Cumulative_Excel_2021-02-02-03-06-39.xlsx downloaded
1 file(s) downloaded.
Replacing AEL data...
Reading file for 02/02...
Loading AEL file:


Date used: 2021-02-02

Reading file...Done.
Writing file for 02/02...
Done.

2021-02-03 05:00:02
Importing functions from coviData...
Downloading AEL data...
SFTP url: sftp://xfer.shelbycountytn.gov/AEL/
444 file(s) in SFTP folder.
SFTP source: sftp://xfer.shelbycountytn.gov/AEL/
Save to folder: V:/EPI DATA ANALYTICS TEAM/AEL Data
1 file(s) to download.
AEL_Shelby_County_TN_Coronavirus_Results_Cumulative_Excel_2021-02-03-03-07-09.xlsx downloaded
1 file(s) downloaded.
Replacing AEL data...
Reading file for 02/03...
Loading AEL file:


Date used: 2021-02-03

Reading file...Done.
Writing file for 02/03...
Done.

2021-02-04 05:00:01
Importing functions from coviData...
Downloading AEL data...
SFTP url: sftp://xfer.shelbycountytn.gov/AEL/
445 file(s) in SFTP folder.
SFTP source: sftp://xfer.shelbycountytn.gov/AEL/
Save to folder: V:/EPI DATA ANALYTICS TEAM/AEL Data
1 file(s) to download.
AEL_Shelby_County_TN_Coronavirus_Results_Cumulative_Excel_2021-02-04-03-06-45.xlsx downloaded
1 file(s) downloaded.
Replacing AEL data...
Reading file for 02/04...
Loading AEL file:


Date used: 2021-02-04

Reading file...Done.
Writing file for 02/04...
Done.

2021-02-05 05:00:01
Importing functions from coviData...
Downloading AEL data...
SFTP url: sftp://xfer.shelbycountytn.gov/AEL/
446 file(s) in SFTP folder.
SFTP source: sftp://xfer.shelbycountytn.gov/AEL/
Save to folder: V:/EPI DATA ANALYTICS TEAM/AEL Data
1 file(s) to download.
AEL_Shelby_County_TN_Coronavirus_Results_Cumulative_Excel_2021-02-05-03-05-18.xlsx downloaded
1 file(s) downloaded.
Replacing AEL data...
Reading file for 02/05...
Loading AEL file:


Date used: 2021-02-05

Reading file...Done.
Writing file for 02/05...
Done.

2021-02-06 05:00:02
Importing functions from coviData...
Downloading AEL data...
SFTP url: sftp://xfer.shelbycountytn.gov/AEL/
447 file(s) in SFTP folder.
SFTP source: sftp://xfer.shelbycountytn.gov/AEL/
Save to folder: V:/EPI DATA ANALYTICS TEAM/AEL Data
1 file(s) to download.
AEL_Shelby_County_TN_Coronavirus_Results_Cumulative_Excel_2021-02-06-03-08-26.xlsx downloaded
1 file(s) downloaded.
Replacing AEL data...
Reading file for 02/06...
Loading AEL file:


Date used: 2021-02-06

Reading file...Done.
Writing file for 02/06...
Done.

2021-02-07 05:00:01
Importing functions from coviData...
Downloading AEL data...
SFTP url: sftp://xfer.shelbycountytn.gov/AEL/
448 file(s) in SFTP folder.
SFTP source: sftp://xfer.shelbycountytn.gov/AEL/
Save to folder: V:/EPI DATA ANALYTICS TEAM/AEL Data
1 file(s) to download.
AEL_Shelby_County_TN_Coronavirus_Results_Cumulative_Excel_2021-02-07-03-09-23.xlsx downloaded
1 file(s) downloaded.
Replacing AEL data...
Reading file for 02/07...
Loading AEL file:


Date used: 2021-02-07

Reading file...Done.
Writing file for 02/07...
Done.

2021-02-08 05:00:01
Importing functions from coviData...
Error: 'error_notify' is not an exported object from 'namespace:coviData'

2021-02-09 05:00:01
Importing functions from coviData...
Error: 'error_notify' is not an exported object from 'namespace:coviData'

2021-02-10 05:00:01
Importing functions from coviData...
Error: 'error_notify' is not an exported object from 'namespace:coviData'

2021-02-11 05:00:01
Importing functions from coviData...
Error: 'error_notify' is not an exported object from 'namespace:coviData'
