2020-11-14 01:00:01
Downloading data...
Starting Integrated Data download...

Downloading REDcap report...

Done.
Moving file and cleaning up; this may take a while...Done.
Finished Integrated Data download.
Deleting old backups...
Done!

2020-11-15 01:00:02
Downloading data...
Starting Integrated Data download...

Downloading REDcap report...

Done.
Moving file and cleaning up; this may take a while...Done.
Finished Integrated Data download.
Deleting old backups...
Done!

2020-11-16 01:00:02
Downloading data...
Starting Integrated Data download...

Downloading REDcap report...

Done.
Moving file and cleaning up; this may take a while...Done.
Finished Integrated Data download.
Deleting old backups...
Done!

2020-11-17 01:00:02
Downloading data...
Starting Integrated Data download...

Downloading REDcap report...

Done.
Moving file and cleaning up; this may take a while...Done.
Finished Integrated Data download.
Deleting old backups...
Done!

2020-11-18 01:00:02
Downloading data...
Starting Integrated Data download...

Downloading REDcap report...

Done.
Moving file and cleaning up; this may take a while...Done.
Finished Integrated Data download.
Deleting old backups...
Done!

2020-11-19 01:00:02
Downloading data...
Starting Integrated Data download...

Downloading REDcap report...

Done.
Moving file and cleaning up; this may take a while...Done.
Finished Integrated Data download.
Deleting old backups...
Done!

2020-11-20 01:00:02
Downloading data...
Starting Integrated Data download...

Downloading REDcap report...
Error in paste0(.action, " Failed on ", Sys.Date()) : 
  object '.action' not found
Calls: capture.output ... <Anonymous> -> <Anonymous> -> force -> eval -> eval -> paste0

2020-11-21 01:00:02
Downloading data...
Starting Integrated Data download...

Downloading REDcap report...

Done.
Moving file and cleaning up; this may take a while...Done.
Finished Integrated Data download.
Deleting old backups...
Done!

2020-11-22 01:00:02
Downloading data...
Starting Integrated Data download...

Downloading REDcap report...

Done.
Moving file and cleaning up; this may take a while...Done.
Finished Integrated Data download.
Deleting old backups...
Done!

2020-11-23 01:00:02
Downloading data...
Starting Integrated Data download...

Error in download_redcap_report(date = date, api_token = api_token, report_id = "12314",  : 
  could not find function "download_redcap_report"
Deleting old backups...
Done!

2020-11-24 01:00:02
Downloading data...
Starting Integrated Data download...

Error in download_redcap_report(date = date, api_token = api_token, report_id = "12314",  : 
  could not find function "download_redcap_report"
Deleting old backups...
Done!

2020-11-25 01:00:02
Downloading data...
Starting Integrated Data download...

Error in download_redcap_report(date = date, api_token = api_token, report_id = "12314",  : 
  could not find function "download_redcap_report"
Deleting old backups...
Done!

2020-11-25 10:07:11
Downloading data...
Starting Integrated Data download...

Downloading REDcap report...

Done.
Moving file and cleaning up; this may take a while...Error : Expected 1 file when unzipping the response from REDcap, but got 0.
Deleting old backups...
Done!

2020-11-25 10:15:36
Downloading data...
Starting Integrated Data download...

Downloading REDcap report...

Done.
Moving file and cleaning up; this may take a while...Done.
Finished Integrated Data download.
Deleting old backups...
Done!

2020-11-26 01:00:02
Downloading data...
Starting Integrated Data download...

Downloading REDcap report...

Done.
Moving file and cleaning up; this may take a while...Done.
Finished Integrated Data download.
Deleting old backups...
Done!

2020-11-27 01:00:02
Downloading data...
Starting Integrated Data download...

Downloading REDcap report...

Done.
Moving file and cleaning up; this may take a while...Done.
Finished Integrated Data download.
Deleting old backups...
Done!

2020-11-28 01:00:02
Downloading data...
Starting Integrated Data download...

Downloading REDcap report...

Done.
Moving file and cleaning up; this may take a while...Done.
Finished Integrated Data download.
Deleting old backups...
Done!

2020-11-29 01:00:02
Downloading data...
Starting Integrated Data download...

Downloading REDcap report...

Done.
Moving file and cleaning up; this may take a while...Done.
Finished Integrated Data download.
Deleting old backups...
Done!

2020-11-30 01:00:02
Downloading data...
Starting Integrated Data download...

Downloading REDcap report...

Done.
Moving file and cleaning up; this may take a while...Done.
Finished Integrated Data download.
Deleting old backups...
Done!

2020-12-01 01:00:02
Downloading data...
Starting Integrated Data download...

Downloading REDcap report...

Done.
Moving file and cleaning up; this may take a while...Done.
Finished Integrated Data download.
Deleting old backups...
Done!

2020-12-02 01:00:02
Downloading data...
Starting Integrated Data download...

Downloading REDcap report...

Done.
Moving file and cleaning up; this may take a while...Done.
Finished Integrated Data download.
Deleting old backups...
Done!

2020-12-03 01:00:02
Downloading data...
Starting Integrated Data download...

Downloading REDcap report...
Error in curl::curl_fetch_disk(url, x$path, handle = handle) : 
  Send failure: Connection was reset
Deleting old backups...
Done!

2020-12-03 10:04:17
Downloading data...
Starting Integrated Data download...

Downloading REDcap report...

Done.
Moving file and cleaning up; this may take a while...Done.
Finished Integrated Data download.
Deleting old backups...
Done!

2020-12-04 01:00:02
Downloading data...
Starting Integrated Data download...

Downloading REDcap report...

Done.
Moving file and cleaning up; this may take a while...Done.
Finished Integrated Data download.
Deleting old backups...
Done!

2020-12-05 01:00:02
Downloading data...
Starting Integrated Data download...

Downloading REDcap report...
Error in curl::curl_fetch_disk(url, x$path, handle = handle) : 
  Send failure: Connection was reset
Deleting old backups...
Done!

2020-12-07 11:44:56
Downloading data...
Starting Integrated Data download...

Downloading REDcap report...

Done.
Moving file and cleaning up; this may take a while...Done.
Finished Integrated Data download.
Deleting old backups...
Done!

2020-12-08 01:00:03
Downloading data...
Starting Integrated Data download...

Downloading REDcap report...

Done.
Moving file and cleaning up; this may take a while...Done.
Finished Integrated Data download.
Deleting old backups...
Done!

2020-12-09 01:00:03
Downloading data...
Starting Integrated Data download...

Downloading REDcap report...

Done.
Moving file and cleaning up; this may take a while...Done.
Finished Integrated Data download.
Deleting old backups...
Done!

2020-12-10 01:00:03
Downloading data...
Starting Integrated Data download...

Downloading REDcap report...

Done.
Moving file and cleaning up; this may take a while...Done.
Finished Integrated Data download.
Deleting old backups...
Done!

2020-12-11 01:00:03
Downloading data...
Starting Integrated Data download...

Downloading REDcap report...

Done.
Moving file and cleaning up; this may take a while...Done.
Finished Integrated Data download.
Deleting old backups...
Done!

2020-12-12 01:00:03
Downloading data...
Starting Integrated Data download...

Downloading REDcap report...

Done.
Moving file and cleaning up; this may take a while...Done.
Finished Integrated Data download.
Deleting old backups...
Done!

2020-12-13 01:00:03
Downloading data...
Starting Integrated Data download...

Downloading REDcap report...
Error in curl::curl_fetch_disk(url, x$path, handle = handle) : 
  Send failure: Connection was reset
Deleting old backups...
Done!

2020-12-14 01:00:03
Downloading data...
Starting Integrated Data download...

Downloading REDcap report...

Done.
Moving file and cleaning up; this may take a while...Done.
Finished Integrated Data download.
Deleting old backups...
Done!

2020-12-15 01:00:03
Downloading data...
Starting Integrated Data download...

Downloading REDcap report...

Done.
Moving file and cleaning up; this may take a while...Done.
Finished Integrated Data download.
Deleting old backups...
Done!

2020-12-16 01:00:03
Downloading data...
Starting Integrated Data download...

Downloading REDcap report...

Done.
Moving file and cleaning up; this may take a while...Done.
Finished Integrated Data download.
Deleting old backups...
Done!

2020-12-17 01:00:03
Downloading data...
Starting Integrated Data download...

Downloading REDcap report...

Done.
Moving file and cleaning up; this may take a while...Done.
Finished Integrated Data download.
Deleting old backups...
Done!

2020-12-18 01:00:03
Downloading data...
Starting Integrated Data download...

Downloading REDcap report...
Error in curl::curl_fetch_disk(url, x$path, handle = handle) : 
  Send failure: Connection was reset
Deleting old backups...
Done!

2020-12-19 01:00:03
Downloading data...
Starting Integrated Data download...

Downloading REDcap report...

Done.
Moving file and cleaning up; this may take a while...Done.
Finished Integrated Data download.
Deleting old backups...
Done!

2020-12-20 01:00:03
Downloading data...
Starting Integrated Data download...

Downloading REDcap report...
Error in curl::curl_fetch_disk(url, x$path, handle = handle) : 
  Send failure: Connection was reset
Deleting old backups...
Done!

2020-12-21 01:00:02
Downloading data...
Starting Integrated Data download...

Downloading REDcap report...

Done.
Moving file and cleaning up; this may take a while...Done.
Finished Integrated Data download.
Deleting old backups...
Done!

2020-12-22 01:00:02
Downloading data...
Starting Integrated Data download...

Downloading REDcap report...

Done.
Moving file and cleaning up; this may take a while...Done.
Finished Integrated Data download.
Deleting old backups...
Done!

2020-12-23 01:00:02
Downloading data...
Starting Integrated Data download...

Downloading REDcap report...

Done.
Moving file and cleaning up; this may take a while...Done.
Finished Integrated Data download.
Deleting old backups...
Done!

2020-12-24 01:00:02
Downloading data...
Starting Integrated Data download...

Downloading REDcap report...

Done.
Moving file and cleaning up; this may take a while...Done.
Finished Integrated Data download.
Deleting old backups...
Done!

2020-12-25 01:00:02
Downloading data...
Starting Integrated Data download...

Downloading REDcap report...

Done.
Moving file and cleaning up; this may take a while...Done.
Finished Integrated Data download.
Deleting old backups...
Done!

2020-12-26 01:00:02
Downloading data...
Starting Integrated Data download...

Downloading REDcap report...

Done.
Moving file and cleaning up; this may take a while...Done.
Finished Integrated Data download.
Deleting old backups...
Done!

2020-12-27 01:00:02
Downloading data...
Starting Integrated Data download...

Downloading REDcap report...
Error in curl::curl_fetch_disk(url, x$path, handle = handle): Send failure: Connection was reset
Request failed [ERROR]. Retrying in 1.4 seconds...
Error in curl::curl_fetch_disk(url, x$path, handle = handle): Send failure: Connection was reset
Request failed [ERROR]. Retrying in 2 seconds...
Error in curl::curl_fetch_disk(url, x$path, handle = handle): Send failure: Connection was reset
Request failed [ERROR]. Retrying in 2.7 seconds...
Error in curl::curl_fetch_disk(url, x$path, handle = handle): Send failure: Connection was reset
Request failed [ERROR]. Retrying in 4.3 seconds...
Error in curl::curl_fetch_disk(url, x$path, handle = handle): Send failure: Connection was reset
Request failed [ERROR]. Retrying in 31.8 seconds...

Done.
Moving file and cleaning up; this may take a while...Done.
Finished Integrated Data download.
Deleting old backups...
Done!

2020-12-28 01:00:02
Downloading data...
Starting Integrated Data download...

Downloading REDcap report...

Done.
Moving file and cleaning up; this may take a while...Done.
Finished Integrated Data download.
Deleting old backups...
Done!

2020-12-29 01:00:02
Downloading data...
Starting Integrated Data download...

Downloading REDcap report...

Done.
Moving file and cleaning up; this may take a while...Done.
Finished Integrated Data download.
Deleting old backups...
Done!

2020-12-30 01:00:02
Downloading data...
Starting Integrated Data download...

Downloading REDcap report...

Done.
Moving file and cleaning up; this may take a while...Done.
Finished Integrated Data download.
Deleting old backups...
Done!

2020-12-31 01:00:02
Downloading data...
Starting Integrated Data download...

Downloading REDcap report...

Done.
Moving file and cleaning up; this may take a while...Done.
Finished Integrated Data download.
Deleting old backups...
Done!

2021-01-01 01:00:02
Downloading data...
Starting Integrated Data download...

Downloading REDcap report...

Done.
Moving file and cleaning up; this may take a while...Done.
Finished Integrated Data download.
Deleting old backups...
Done!

2021-01-02 01:00:02
Downloading data...
Starting Integrated Data download...

Downloading REDcap report...

Done.
Moving file and cleaning up; this may take a while...Done.
Finished Integrated Data download.
Deleting old backups...
Done!

2021-01-03 01:00:02
Downloading data...
Starting Integrated Data download...

Downloading REDcap report...
Error in curl::curl_fetch_disk(url, x$path, handle = handle): Send failure: Connection was reset
Request failed [ERROR]. Retrying in 1.2 seconds...
Error in curl::curl_fetch_disk(url, x$path, handle = handle): Send failure: Connection was reset
Request failed [ERROR]. Retrying in 2.5 seconds...
Error in curl::curl_fetch_disk(url, x$path, handle = handle): Send failure: Connection was reset
Request failed [ERROR]. Retrying in 5.3 seconds...
Error in curl::curl_fetch_disk(url, x$path, handle = handle): Send failure: Connection was reset
Request failed [ERROR]. Retrying in 11.1 seconds...
Error in curl::curl_fetch_disk(url, x$path, handle = handle): Send failure: Connection was reset
Request failed [ERROR]. Retrying in 5.7 seconds...
Error in curl::curl_fetch_disk(url, x$path, handle = handle): Send failure: Connection was reset
Request failed [ERROR]. Retrying in 14.1 seconds...

Done.
Moving file and cleaning up; this may take a while...Done.
Finished Integrated Data download.
Deleting old backups...
Done!

2021-01-04 01:00:02
Downloading data...
Starting Integrated Data download...

Downloading REDcap report...

Done.
Moving file and cleaning up; this may take a while...Done.
Finished Integrated Data download.
Deleting old backups...
Done!

2021-01-05 01:00:02
Downloading data...
Starting Integrated Data download...

Downloading REDcap report...

Done.
Moving file and cleaning up; this may take a while...Done.
Finished Integrated Data download.
Deleting old backups...
Done!

2021-01-06 01:00:02
Downloading data...
Starting Integrated Data download...

Downloading REDcap report...

Done.
Moving file and cleaning up; this may take a while...Done.
Finished Integrated Data download.
Deleting old backups...
Done!

2021-01-07 01:00:02
Downloading data...
Starting Integrated Data download...

Downloading REDcap report...

Done.
Moving file and cleaning up; this may take a while...Done.
Finished Integrated Data download.
Deleting old backups...
Done!

2021-01-08 01:00:02
Downloading data...
Starting Integrated Data download...

Downloading REDcap report...

Done.
Moving file and cleaning up; this may take a while...Done.
Finished Integrated Data download.
Deleting old backups...
Done!

2021-01-09 01:00:02
Downloading data...
Starting Integrated Data download...

Downloading REDcap report...

Done.
Moving file and cleaning up; this may take a while...Done.
Finished Integrated Data download.
Deleting old backups...
Done!

2021-01-10 01:00:02
Downloading data...
Starting Integrated Data download...

Downloading REDcap report...
Error in curl::curl_fetch_disk(url, x$path, handle = handle): Send failure: Connection was reset
Request failed [ERROR]. Retrying in 1 seconds...
Error in curl::curl_fetch_disk(url, x$path, handle = handle): Send failure: Connection was reset
Request failed [ERROR]. Retrying in 3.3 seconds...
Error in curl::curl_fetch_disk(url, x$path, handle = handle): Send failure: Connection was reset
Request failed [ERROR]. Retrying in 4.1 seconds...
Error in curl::curl_fetch_disk(url, x$path, handle = handle): Send failure: Connection was reset
Request failed [ERROR]. Retrying in 13.8 seconds...
Error in curl::curl_fetch_disk(url, x$path, handle = handle): Send failure: Connection was reset
Request failed [ERROR]. Retrying in 21 seconds...
Error in curl::curl_fetch_disk(url, x$path, handle = handle): Send failure: Connection was reset
Request failed [ERROR]. Retrying in 24.4 seconds...

Done.
Moving file and cleaning up; this may take a while...Done.
Finished Integrated Data download.
Deleting old backups...
Done!

2021-01-11 01:00:02
Downloading data...
Starting Integrated Data download...

Downloading REDcap report...

Done.
Moving file and cleaning up; this may take a while...Done.
Finished Integrated Data download.
Deleting old backups...
Done!

2021-01-12 01:00:02
Downloading data...
Starting Integrated Data download...

Downloading REDcap report...

Done.
Moving file and cleaning up; this may take a while...Done.
Finished Integrated Data download.
Deleting old backups...
Done!

2021-01-13 01:00:02
Downloading data...
Starting Integrated Data download...

Downloading REDcap report...

Done.
Moving file and cleaning up; this may take a while...Done.
Finished Integrated Data download.
Deleting old backups...
Done!

2021-01-14 01:00:02
Downloading data...
Starting Integrated Data download...

Downloading REDcap report...

Done.
Moving file and cleaning up; this may take a while...Done.
Finished Integrated Data download.
Deleting old backups...
Done!

2021-01-15 01:00:02
Downloading data...
Starting Integrated Data download...

Downloading REDcap report...

Done.
Moving file and cleaning up; this may take a while...Done.
Finished Integrated Data download.
Deleting old backups...
Done!

2021-01-16 01:00:02
Downloading data...
Starting Integrated Data download...

Downloading REDcap report...

Done.
Moving file and cleaning up; this may take a while...Done.
Finished Integrated Data download.
Deleting old backups...
Done!

2021-01-17 01:00:02
Downloading data...
Starting Integrated Data download...

Downloading REDcap report...
Error in curl::curl_fetch_disk(url, x$path, handle = handle): Send failure: Connection was reset
Request failed [ERROR]. Retrying in 1.3 seconds...
Error in curl::curl_fetch_disk(url, x$path, handle = handle): Send failure: Connection was reset
Request failed [ERROR]. Retrying in 2.3 seconds...
Error in curl::curl_fetch_disk(url, x$path, handle = handle): Send failure: Connection was reset
Request failed [ERROR]. Retrying in 5.9 seconds...
Error in curl::curl_fetch_disk(url, x$path, handle = handle): Send failure: Connection was reset
Request failed [ERROR]. Retrying in 11 seconds...
Error in curl::curl_fetch_disk(url, x$path, handle = handle): Send failure: Connection was reset
Request failed [ERROR]. Retrying in 7.6 seconds...
Error in curl::curl_fetch_disk(url, x$path, handle = handle): Send failure: Connection was reset
Request failed [ERROR]. Retrying in 36.2 seconds...

Done.
Moving file and cleaning up; this may take a while...Done.
Finished Integrated Data download.
Deleting old backups...
Done!

2021-01-18 01:00:02
Downloading data...
Starting Integrated Data download...

Downloading REDcap report...
Error in curl::curl_fetch_disk(url, x$path, handle = handle): Send failure: Connection was reset
Request failed [ERROR]. Retrying in 1 seconds...
Error in curl::curl_fetch_disk(url, x$path, handle = handle): Send failure: Connection was reset
Request failed [ERROR]. Retrying in 1 seconds...
Error in curl::curl_fetch_disk(url, x$path, handle = handle): Send failure: Connection was reset
Request failed [ERROR]. Retrying in 4.4 seconds...
Error in curl::curl_fetch_disk(url, x$path, handle = handle): Send failure: Connection was reset
Request failed [ERROR]. Retrying in 12 seconds...
Error in curl::curl_fetch_disk(url, x$path, handle = handle): Send failure: Connection was reset
Request failed [ERROR]. Retrying in 2.5 seconds...
Error in curl::curl_fetch_disk(url, x$path, handle = handle): Send failure: Connection was reset
Request failed [ERROR]. Retrying in 40.5 seconds...

Done.
Moving file and cleaning up; this may take a while...Done.
Finished Integrated Data download.
Deleting old backups...
Done!

2021-01-19 01:00:02
Downloading data...
Starting Integrated Data download...

Downloading REDcap report...

Done.
Moving file and cleaning up; this may take a while...Done.
Finished Integrated Data download.
Deleting old backups...
Done!

2021-01-20 01:00:02
Downloading data...
Starting Integrated Data download...

Downloading REDcap report...

Done.
Moving file and cleaning up; this may take a while...Done.
Finished Integrated Data download.
Deleting old backups...
Done!

2021-01-21 01:00:03
Downloading data...
Starting Integrated Data download...

Downloading REDcap report...

Done.
Moving file and cleaning up; this may take a while...Done.
Finished Integrated Data download.
Deleting old backups...
Done!

2021-01-22 01:00:02
Downloading data...
Starting Integrated Data download...

Downloading REDcap report...
Error in curl::curl_fetch_disk(url, x$path, handle = handle): Send failure: Connection was reset
Request failed [ERROR]. Retrying in 1.4 seconds...
Error in curl::curl_fetch_disk(url, x$path, handle = handle): Send failure: Connection was reset
Request failed [ERROR]. Retrying in 1 seconds...
Error in curl::curl_fetch_disk(url, x$path, handle = handle): Send failure: Connection was reset
Request failed [ERROR]. Retrying in 1 seconds...
Error in curl::curl_fetch_disk(url, x$path, handle = handle): Send failure: Connection was reset
Request failed [ERROR]. Retrying in 4 seconds...
Error in curl::curl_fetch_disk(url, x$path, handle = handle): Send failure: Connection was reset
Request failed [ERROR]. Retrying in 32 seconds...
Error in curl::curl_fetch_disk(url, x$path, handle = handle): Send failure: Connection was reset
Request failed [ERROR]. Retrying in 14.7 seconds...

Done.
Moving file and cleaning up; this may take a while...Done.
Finished Integrated Data download.
Deleting old backups...
Done!

2021-01-23 01:00:02
Downloading data...
Starting Integrated Data download...

Downloading REDcap report...
Error in curl::curl_fetch_disk(url, x$path, handle = handle): Send failure: Connection was reset
Request failed [ERROR]. Retrying in 1.9 seconds...
Error in curl::curl_fetch_disk(url, x$path, handle = handle): Send failure: Connection was reset
Request failed [ERROR]. Retrying in 3.4 seconds...
Error in curl::curl_fetch_disk(url, x$path, handle = handle): Send failure: Connection was reset
Request failed [ERROR]. Retrying in 3 seconds...
Error in curl::curl_fetch_disk(url, x$path, handle = handle): Send failure: Connection was reset
Request failed [ERROR]. Retrying in 5.6 seconds...
Error in curl::curl_fetch_disk(url, x$path, handle = handle): Send failure: Connection was reset
Request failed [ERROR]. Retrying in 17.9 seconds...
Error in curl::curl_fetch_disk(url, x$path, handle = handle): Send failure: Connection was reset
Request failed [ERROR]. Retrying in 51.1 seconds...

Done.
Moving file and cleaning up; this may take a while...Done.
Finished Integrated Data download.
Deleting old backups...
Done!

2021-01-24 01:00:02
Downloading data...
Starting Integrated Data download...

Downloading REDcap report...
Error in curl::curl_fetch_disk(url, x$path, handle = handle): Send failure: Connection was reset
Request failed [ERROR]. Retrying in 1 seconds...
Error in curl::curl_fetch_disk(url, x$path, handle = handle): Send failure: Connection was reset
Request failed [ERROR]. Retrying in 1.6 seconds...
Error in curl::curl_fetch_disk(url, x$path, handle = handle): Send failure: Connection was reset
Request failed [ERROR]. Retrying in 3.6 seconds...
Error in curl::curl_fetch_disk(url, x$path, handle = handle): Send failure: Connection was reset
Request failed [ERROR]. Retrying in 7.6 seconds...
Error in curl::curl_fetch_disk(url, x$path, handle = handle): Send failure: Connection was reset
Request failed [ERROR]. Retrying in 4.2 seconds...
Error in curl::curl_fetch_disk(url, x$path, handle = handle): Send failure: Connection was reset
Request failed [ERROR]. Retrying in 49.5 seconds...

Done.
Moving file and cleaning up; this may take a while...Done.
Finished Integrated Data download.
Deleting old backups...
Done!

2021-01-25 01:00:02
Downloading data...
Starting Integrated Data download...

Downloading REDcap report...
Error in curl::curl_fetch_disk(url, x$path, handle = handle): Send failure: Connection was reset
Request failed [ERROR]. Retrying in 1 seconds...
Error in curl::curl_fetch_disk(url, x$path, handle = handle): Send failure: Connection was reset
Request failed [ERROR]. Retrying in 1 seconds...
Error in curl::curl_fetch_disk(url, x$path, handle = handle): Send failure: Connection was reset
Request failed [ERROR]. Retrying in 1.8 seconds...
Error in curl::curl_fetch_disk(url, x$path, handle = handle): Send failure: Connection was reset
Request failed [ERROR]. Retrying in 11.5 seconds...
Error in curl::curl_fetch_disk(url, x$path, handle = handle): Send failure: Connection was reset
Request failed [ERROR]. Retrying in 16.7 seconds...
Error in curl::curl_fetch_disk(url, x$path, handle = handle): Send failure: Connection was reset
Request failed [ERROR]. Retrying in 21.5 seconds...

Done.
Moving file and cleaning up; this may take a while...Done.
Finished Integrated Data download.
Deleting old backups...
Done!

2021-01-26 01:00:02
Downloading data...
Starting Integrated Data download...

Downloading REDcap report...
Error in curl::curl_fetch_disk(url, x$path, handle = handle): Send failure: Connection was reset
Request failed [ERROR]. Retrying in 1 seconds...
Error in curl::curl_fetch_disk(url, x$path, handle = handle): Send failure: Connection was reset
Request failed [ERROR]. Retrying in 3.1 seconds...
Error in curl::curl_fetch_disk(url, x$path, handle = handle): Send failure: Connection was reset
Request failed [ERROR]. Retrying in 4.7 seconds...
Error in curl::curl_fetch_disk(url, x$path, handle = handle): Send failure: Connection was reset
Request failed [ERROR]. Retrying in 10.9 seconds...
Error in curl::curl_fetch_disk(url, x$path, handle = handle): Send failure: Connection was reset
Request failed [ERROR]. Retrying in 20.4 seconds...

Done.
Moving file and cleaning up; this may take a while...Done.
Finished Integrated Data download.
Deleting old backups...
Done!

2021-01-27 01:00:02
Downloading data...
Starting Integrated Data download...

Downloading REDcap report...
Error in curl::curl_fetch_disk(url, x$path, handle = handle): Send failure: Connection was reset
Request failed [ERROR]. Retrying in 1 seconds...
Error in curl::curl_fetch_disk(url, x$path, handle = handle): Send failure: Connection was reset
Request failed [ERROR]. Retrying in 1 seconds...
Error in curl::curl_fetch_disk(url, x$path, handle = handle): Send failure: Connection was reset
Request failed [ERROR]. Retrying in 3.5 seconds...
Error in curl::curl_fetch_disk(url, x$path, handle = handle): Send failure: Connection was reset
Request failed [ERROR]. Retrying in 12.9 seconds...
Error in curl::curl_fetch_disk(url, x$path, handle = handle): Send failure: Connection was reset
Request failed [ERROR]. Retrying in 1 seconds...

Done.
Moving file and cleaning up; this may take a while...Done.
Finished Integrated Data download.
Deleting old backups...
Done!

2021-01-28 01:00:02
Downloading data...
Starting Integrated Data download...

Downloading REDcap report...

Done.
Moving file and cleaning up; this may take a while...Done.
Finished Integrated Data download.
Deleting old backups...
Done!

2021-01-29 01:00:03
Downloading data...
Starting Integrated Data download...

Downloading REDcap report...

Done.
Moving file and cleaning up; this may take a while...Done.
Finished Integrated Data download.
Deleting old backups...
Done!

2021-01-30 01:00:03
Downloading data...
Starting Integrated Data download...

Downloading REDcap report...

Done.
Moving file and cleaning up; this may take a while...Done.
Finished Integrated Data download.
Deleting old backups...
Done!

2021-01-31 01:00:03
Downloading data...
Starting Integrated Data download...

Downloading REDcap report...
Error in curl::curl_fetch_disk(url, x$path, handle = handle): Send failure: Connection was reset
Request failed [ERROR]. Retrying in 1 seconds...
Error in curl::curl_fetch_disk(url, x$path, handle = handle): Send failure: Connection was reset
Request failed [ERROR]. Retrying in 2.2 seconds...
Error in curl::curl_fetch_disk(url, x$path, handle = handle): Send failure: Connection was reset
Request failed [ERROR]. Retrying in 1.7 seconds...
Error in curl::curl_fetch_disk(url, x$path, handle = handle): Send failure: Connection was reset
Request failed [ERROR]. Retrying in 8.9 seconds...
Error in curl::curl_fetch_disk(url, x$path, handle = handle): Send failure: Connection was reset
Request failed [ERROR]. Retrying in 25.8 seconds...

Done.
Moving file and cleaning up; this may take a while...Done.
Finished Integrated Data download.
Deleting old backups...
Done!

2021-02-01 01:00:03
Downloading data...
Starting Integrated Data download...

Downloading REDcap report...
Error in curl::curl_fetch_disk(url, x$path, handle = handle): Send failure: Connection was reset
Request failed [ERROR]. Retrying in 1 seconds...
Error in curl::curl_fetch_disk(url, x$path, handle = handle): Send failure: Connection was reset
Request failed [ERROR]. Retrying in 3.1 seconds...
Error in curl::curl_fetch_disk(url, x$path, handle = handle): Send failure: Connection was reset
Request failed [ERROR]. Retrying in 1.8 seconds...
Error in curl::curl_fetch_disk(url, x$path, handle = handle): Send failure: Connection was reset
Request failed [ERROR]. Retrying in 3.7 seconds...
Error in curl::curl_fetch_disk(url, x$path, handle = handle): Send failure: Connection was reset
Request failed [ERROR]. Retrying in 7.3 seconds...
Error in curl::curl_fetch_disk(url, x$path, handle = handle): Send failure: Connection was reset
Request failed [ERROR]. Retrying in 60.3 seconds...

Done.
Moving file and cleaning up; this may take a while...Done.
Finished Integrated Data download.
Deleting old backups...
Done!

2021-02-02 01:00:03
Downloading data...
Starting Integrated Data download...

Downloading REDcap report...
Error in curl::curl_fetch_disk(url, x$path, handle = handle): Send failure: Connection was reset
Request failed [ERROR]. Retrying in 1.7 seconds...
Error in curl::curl_fetch_disk(url, x$path, handle = handle): Send failure: Connection was reset
Request failed [ERROR]. Retrying in 3.9 seconds...
Error in curl::curl_fetch_disk(url, x$path, handle = handle): Send failure: Connection was reset
Request failed [ERROR]. Retrying in 3.4 seconds...
Error in curl::curl_fetch_disk(url, x$path, handle = handle): Send failure: Connection was reset
Request failed [ERROR]. Retrying in 6.2 seconds...
Error in curl::curl_fetch_disk(url, x$path, handle = handle): Send failure: Connection was reset
Request failed [ERROR]. Retrying in 14.6 seconds...

Done.
Moving file and cleaning up; this may take a while...Done.
Finished Integrated Data download.
Deleting old backups...
Done!

2021-02-03 01:00:03
Downloading data...
Starting Integrated Data download...

Downloading REDcap report...
Error in curl::curl_fetch_disk(url, x$path, handle = handle): Send failure: Connection was reset
Request failed [ERROR]. Retrying in 1.1 seconds...
Error in curl::curl_fetch_disk(url, x$path, handle = handle): Send failure: Connection was reset
Request failed [ERROR]. Retrying in 2.1 seconds...
Error in curl::curl_fetch_disk(url, x$path, handle = handle): Send failure: Connection was reset
Request failed [ERROR]. Retrying in 1.3 seconds...
Error in curl::curl_fetch_disk(url, x$path, handle = handle): Send failure: Connection was reset
Request failed [ERROR]. Retrying in 11.3 seconds...
Error in curl::curl_fetch_disk(url, x$path, handle = handle): Send failure: Connection was reset
Request failed [ERROR]. Retrying in 9.5 seconds...
Error in curl::curl_fetch_disk(url, x$path, handle = handle): Send failure: Connection was reset
Request failed [ERROR]. Retrying in 10.1 seconds...

Done.
Moving file and cleaning up; this may take a while...Done.
Finished Integrated Data download.
Deleting old backups...
Done!

2021-02-04 01:00:02
Downloading data...
Starting Integrated Data download...

Downloading REDcap report...

Done.
Moving file and cleaning up; this may take a while...Done.
Finished Integrated Data download.
Deleting old backups...
Done!

2021-02-05 01:00:02
Downloading data...
Starting Integrated Data download...

Downloading REDcap report...

Done.
Moving file and cleaning up; this may take a while...Done.
Finished Integrated Data download.
Deleting old backups...
Done!

2021-02-06 01:00:02
Downloading data...
Starting Integrated Data download...

Downloading REDcap report...

Done.
Moving file and cleaning up; this may take a while...Done.
Finished Integrated Data download.
Deleting old backups...
Done!

2021-02-07 01:00:02
Downloading data...
Starting Integrated Data download...

Downloading REDcap report...
Error in curl::curl_fetch_disk(url, x$path, handle = handle): Send failure: Connection was reset
Request failed [ERROR]. Retrying in 1.8 seconds...
Error in curl::curl_fetch_disk(url, x$path, handle = handle): Send failure: Connection was reset
Request failed [ERROR]. Retrying in 2.6 seconds...
Error in curl::curl_fetch_disk(url, x$path, handle = handle): Send failure: Connection was reset
Request failed [ERROR]. Retrying in 4.7 seconds...
Error in curl::curl_fetch_disk(url, x$path, handle = handle): Send failure: Connection was reset
Request failed [ERROR]. Retrying in 8.4 seconds...
Error in curl::curl_fetch_disk(url, x$path, handle = handle): Send failure: Connection was reset
Request failed [ERROR]. Retrying in 8.9 seconds...
Error in curl::curl_fetch_disk(url, x$path, handle = handle): Send failure: Connection was reset
Request failed [ERROR]. Retrying in 31.2 seconds...

Done.
Moving file and cleaning up; this may take a while...Done.
Finished Integrated Data download.
Deleting old backups...
Done!

2021-02-08 01:00:02
Downloading data...
Starting Integrated Data download...

Downloading REDcap report...
Error in curl::curl_fetch_disk(url, x$path, handle = handle): Send failure: Connection was reset
Request failed [ERROR]. Retrying in 1 seconds...
Error in curl::curl_fetch_disk(url, x$path, handle = handle): Send failure: Connection was reset
Request failed [ERROR]. Retrying in 4 seconds...
Error in curl::curl_fetch_disk(url, x$path, handle = handle): Send failure: Connection was reset
Request failed [ERROR]. Retrying in 1.4 seconds...
Error in curl::curl_fetch_disk(url, x$path, handle = handle): Send failure: Connection was reset
Request failed [ERROR]. Retrying in 4.2 seconds...
Error in curl::curl_fetch_disk(url, x$path, handle = handle): Send failure: Connection was reset
Request failed [ERROR]. Retrying in 19.4 seconds...
Error in curl::curl_fetch_disk(url, x$path, handle = handle): Send failure: Connection was reset
Request failed [ERROR]. Retrying in 55.8 seconds...

Done.
Moving file and cleaning up; this may take a while...Done.
Finished Integrated Data download.
Deleting old backups...

Error : ``paste0(...)`` must be a vector with type <logical>.
Instead, it has type <character>.
Done!

2021-02-09 01:00:02
Downloading data...
Starting Integrated Data download...

Downloading REDcap report...

Done.
Moving file and cleaning up; this may take a while...Done.
Finished Integrated Data download.
Deleting old backups...

Error : ``paste0(...)`` must be a vector with type <logical>.
Instead, it has type <character>.
Done!

2021-02-10 01:00:02
Downloading data...
Starting Integrated Data download...

Downloading REDcap report...

Done.
Moving file and cleaning up; this may take a while...Done.
Finished Integrated Data download.
Deleting old backups...

Error : ``paste0(...)`` must be a vector with type <logical>.
Instead, it has type <character>.
Done!

2021-02-11 01:00:02
Downloading data...
Starting Integrated Data download...

Downloading REDcap report...

Done.
Moving file and cleaning up; this may take a while...Done.
Finished Integrated Data download.
Deleting old backups...

Error : ``paste0(...)`` must be a vector with type <logical>.
Instead, it has type <character>.
Done!

2021-02-12 01:00:02
Downloading data...
Starting Integrated Data download...

Downloading REDcap report...

Done.
Moving file and cleaning up; this may take a while...Done.
Finished Integrated Data download.
Deleting old backups...

Error : ``paste0(...)`` must be a vector with type <logical>.
Instead, it has type <character>.
Done!

2021-02-13 01:00:02
Downloading data...
Starting Integrated Data download...

Downloading REDcap report...

Done.
Moving file and cleaning up; this may take a while...Done.
Finished Integrated Data download.
Deleting old backups...
Done!

2021-02-14 01:00:02
Downloading data...
Starting Integrated Data download...

Downloading REDcap report...
Error in curl::curl_fetch_disk(url, x$path, handle = handle): Send failure: Connection was reset
Request failed [ERROR]. Retrying in 1 seconds...
Error in curl::curl_fetch_disk(url, x$path, handle = handle): Send failure: Connection was reset
Request failed [ERROR]. Retrying in 1.7 seconds...
Error in curl::curl_fetch_disk(url, x$path, handle = handle): Send failure: Connection was reset
Request failed [ERROR]. Retrying in 2.3 seconds...
Error in curl::curl_fetch_disk(url, x$path, handle = handle): Send failure: Connection was reset
Request failed [ERROR]. Retrying in 12.9 seconds...
Error in curl::curl_fetch_disk(url, x$path, handle = handle): Send failure: Connection was reset
Request failed [ERROR]. Retrying in 11 seconds...
Error in curl::curl_fetch_disk(url, x$path, handle = handle): Send failure: Connection was reset
Request failed [ERROR]. Retrying in 29.3 seconds...

Done.
Moving file and cleaning up; this may take a while...Done.
Finished Integrated Data download.
Deleting old backups...
Done!

2021-02-15 01:00:02
Downloading data...
Starting Integrated Data download...

Downloading REDcap report...
Error in curl::curl_fetch_disk(url, x$path, handle = handle): Send failure: Connection was reset
Request failed [ERROR]. Retrying in 1.7 seconds...
Error in curl::curl_fetch_disk(url, x$path, handle = handle): Send failure: Connection was reset
Request failed [ERROR]. Retrying in 3 seconds...
Error in curl::curl_fetch_disk(url, x$path, handle = handle): Send failure: Connection was reset
Request failed [ERROR]. Retrying in 5.4 seconds...
Error in curl::curl_fetch_disk(url, x$path, handle = handle): Send failure: Connection was reset
Request failed [ERROR]. Retrying in 2.3 seconds...
Error in curl::curl_fetch_disk(url, x$path, handle = handle): Send failure: Connection was reset
Request failed [ERROR]. Retrying in 6.1 seconds...
Error in curl::curl_fetch_disk(url, x$path, handle = handle): Send failure: Connection was reset
Request failed [ERROR]. Retrying in 48.8 seconds...

Done.
Moving file and cleaning up; this may take a while...Done.
Finished Integrated Data download.
Deleting old backups...
Done!

2021-02-16 01:00:02
Downloading data...
Starting Integrated Data download...

Downloading REDcap report...

Done.
Moving file and cleaning up; this may take a while...Done.
Finished Integrated Data download.
Deleting old backups...
Done!

2021-02-17 01:00:02
Downloading data...
Starting Integrated Data download...

Downloading REDcap report...

Done.
Moving file and cleaning up; this may take a while...Done.
Finished Integrated Data download.
Deleting old backups...
Done!

2021-02-18 01:00:02
Downloading data...
Starting Integrated Data download...

Downloading REDcap report...

Done.
Moving file and cleaning up; this may take a while...Done.
Finished Integrated Data download.
Deleting old backups...
Done!

2021-02-19 01:00:02
Downloading data...
Starting Integrated Data download...

Downloading REDcap report...
Error in curl::curl_fetch_disk(url, x$path, handle = handle): Send failure: Connection was reset
Request failed [ERROR]. Retrying in 1.1 seconds...
Error in curl::curl_fetch_disk(url, x$path, handle = handle): Send failure: Connection was reset
Request failed [ERROR]. Retrying in 1.1 seconds...
Error in curl::curl_fetch_disk(url, x$path, handle = handle): Send failure: Connection was reset
Request failed [ERROR]. Retrying in 4 seconds...
Error in curl::curl_fetch_disk(url, x$path, handle = handle): Send failure: Connection was reset
Request failed [ERROR]. Retrying in 7.8 seconds...
Error in curl::curl_fetch_disk(url, x$path, handle = handle): Send failure: Connection was reset
Request failed [ERROR]. Retrying in 7.5 seconds...
Error in curl::curl_fetch_disk(url, x$path, handle = handle): Send failure: Connection was reset
Request failed [ERROR]. Retrying in 12.4 seconds...

Done.
Moving file and cleaning up; this may take a while...Done.
Finished Integrated Data download.
Deleting old backups...
Done!

2021-02-20 01:00:02
Downloading data...
Starting Integrated Data download...

Downloading REDcap report...
Error in curl::curl_fetch_disk(url, x$path, handle = handle): Send failure: Connection was reset
Request failed [ERROR]. Retrying in 1 seconds...
Error in curl::curl_fetch_disk(url, x$path, handle = handle): Send failure: Connection was reset
Request failed [ERROR]. Retrying in 3.2 seconds...
Error in curl::curl_fetch_disk(url, x$path, handle = handle): Send failure: Connection was reset
Request failed [ERROR]. Retrying in 4.7 seconds...
Error in curl::curl_fetch_disk(url, x$path, handle = handle): Send failure: Connection was reset
Request failed [ERROR]. Retrying in 6.8 seconds...
Error in curl::curl_fetch_disk(url, x$path, handle = handle): Send failure: Connection was reset
Request failed [ERROR]. Retrying in 9.8 seconds...
Error in curl::curl_fetch_disk(url, x$path, handle = handle): Send failure: Connection was reset
Request failed [ERROR]. Retrying in 27.8 seconds...

Done.
Moving file and cleaning up; this may take a while...Done.
Finished Integrated Data download.
Deleting old backups...
Done!

2021-02-21 01:00:03
Downloading data...
Starting Integrated Data download...

Downloading REDcap report...
Error in curl::curl_fetch_disk(url, x$path, handle = handle): Send failure: Connection was reset
Request failed [ERROR]. Retrying in 1.6 seconds...
Error in curl::curl_fetch_disk(url, x$path, handle = handle): Send failure: Connection was reset
Request failed [ERROR]. Retrying in 2.6 seconds...
Error in curl::curl_fetch_disk(url, x$path, handle = handle): Send failure: Connection was reset
Request failed [ERROR]. Retrying in 6.5 seconds...
Error in curl::curl_fetch_disk(url, x$path, handle = handle): Send failure: Connection was reset
Request failed [ERROR]. Retrying in 11.9 seconds...
Error in curl::curl_fetch_disk(url, x$path, handle = handle): Send failure: Connection was reset
Request failed [ERROR]. Retrying in 13 seconds...
Error in curl::curl_fetch_disk(url, x$path, handle = handle): Send failure: Connection was reset
Request failed [ERROR]. Retrying in 11.8 seconds...

Done.
Moving file and cleaning up; this may take a while...Done.
Finished Integrated Data download.
Deleting old backups...
Done!

2021-02-22 01:00:02
Downloading data...
Starting Integrated Data download...

Downloading REDcap report...
Error in curl::curl_fetch_disk(url, x$path, handle = handle): Send failure: Connection was reset
Request failed [ERROR]. Retrying in 1 seconds...
Error in curl::curl_fetch_disk(url, x$path, handle = handle): Send failure: Connection was reset
Request failed [ERROR]. Retrying in 1 seconds...
Error in curl::curl_fetch_disk(url, x$path, handle = handle): Send failure: Connection was reset
Request failed [ERROR]. Retrying in 6.7 seconds...
Error in curl::curl_fetch_disk(url, x$path, handle = handle): Send failure: Connection was reset
Request failed [ERROR]. Retrying in 12.3 seconds...
Error in curl::curl_fetch_disk(url, x$path, handle = handle): Send failure: Connection was reset
Request failed [ERROR]. Retrying in 31.9 seconds...
Error in curl::curl_fetch_disk(url, x$path, handle = handle): Send failure: Connection was reset
Request failed [ERROR]. Retrying in 63.4 seconds...

Done.
Moving file and cleaning up; this may take a while...Done.
Finished Integrated Data download.
Deleting old backups...
Done!

2021-02-23 01:00:02
Downloading data...
Starting Integrated Data download...

Downloading REDcap report...

Done.
Moving file and cleaning up; this may take a while...Done.
Finished Integrated Data download.
Deleting old backups...
Done!

2021-02-24 01:00:02
Downloading data...
Starting Integrated Data download...

Downloading REDcap report...

Done.
Moving file and cleaning up; this may take a while...Done.
Finished Integrated Data download.
Deleting old backups...
Done!

2021-02-25 01:00:02
Downloading data...
Starting Integrated Data download...

Downloading REDcap report...

Done.
Moving file and cleaning up; this may take a while...Done.
Finished Integrated Data download.
Deleting old backups...
Done!

2021-02-26 01:00:03
Downloading data...
Starting Integrated Data download...

Downloading REDcap report...
Error in curl::curl_fetch_disk(url, x$path, handle = handle): Send failure: Connection was reset
Request failed [ERROR]. Retrying in 1.1 seconds...
Error in curl::curl_fetch_disk(url, x$path, handle = handle): Send failure: Connection was reset
Request failed [ERROR]. Retrying in 2.5 seconds...
Error in curl::curl_fetch_disk(url, x$path, handle = handle): Send failure: Connection was reset
Request failed [ERROR]. Retrying in 3.2 seconds...
Error in curl::curl_fetch_disk(url, x$path, handle = handle): Send failure: Connection was reset
Request failed [ERROR]. Retrying in 12.5 seconds...
Error in curl::curl_fetch_disk(url, x$path, handle = handle): Send failure: Connection was reset
Request failed [ERROR]. Retrying in 4.2 seconds...
Error in curl::curl_fetch_disk(url, x$path, handle = handle): Send failure: Connection was reset
Request failed [ERROR]. Retrying in 5.1 seconds...
Error in curl::curl_fetch_disk(url, x$path, handle = handle): Send failure: Connection was reset
Request failed [ERROR]. Retrying in 91.7 seconds...

Done.
Moving file and cleaning up; this may take a while...Done.
Finished Integrated Data download.
Deleting old backups...
Done!

2021-02-27 01:00:03
Downloading data...
Starting Integrated Data download...

Downloading REDcap report...
Error in curl::curl_fetch_disk(url, x$path, handle = handle): Send failure: Connection was reset
Request failed [ERROR]. Retrying in 1 seconds...
Error in curl::curl_fetch_disk(url, x$path, handle = handle): Send failure: Connection was reset
Request failed [ERROR]. Retrying in 1 seconds...
Error in curl::curl_fetch_disk(url, x$path, handle = handle): Send failure: Connection was reset
Request failed [ERROR]. Retrying in 5.4 seconds...
Error in curl::curl_fetch_disk(url, x$path, handle = handle): schannel: failed to receive handshake, SSL/TLS connection failed
Request failed [ERROR]. Retrying in 7.8 seconds...
Error in curl::curl_fetch_disk(url, x$path, handle = handle): Send failure: Connection was reset
Request failed [ERROR]. Retrying in 6.4 seconds...
Error in curl::curl_fetch_disk(url, x$path, handle = handle): Send failure: Connection was reset
Request failed [ERROR]. Retrying in 37.3 seconds...
Error in curl::curl_fetch_disk(url, x$path, handle = handle): Send failure: Connection was reset
Request failed [ERROR]. Retrying in 5.6 seconds...
Error in curl::curl_fetch_disk(url, x$path, handle = handle): Send failure: Connection was reset
Request failed [ERROR]. Retrying in 14.8 seconds...

Done.
Moving file and cleaning up; this may take a while...Done.
Finished Integrated Data download.
Deleting old backups...
Done!

2021-02-28 01:00:03
Downloading data...
Starting Integrated Data download...

Downloading REDcap report...
Error in curl::curl_fetch_disk(url, x$path, handle = handle): Send failure: Connection was reset
Request failed [ERROR]. Retrying in 1 seconds...
Error in curl::curl_fetch_disk(url, x$path, handle = handle): Send failure: Connection was reset
Request failed [ERROR]. Retrying in 1 seconds...
Error in curl::curl_fetch_disk(url, x$path, handle = handle): Send failure: Connection was reset
Request failed [ERROR]. Retrying in 2.9 seconds...
Error in curl::curl_fetch_disk(url, x$path, handle = handle): Send failure: Connection was reset
Request failed [ERROR]. Retrying in 5.7 seconds...
Error in curl::curl_fetch_disk(url, x$path, handle = handle): Send failure: Connection was reset
Request failed [ERROR]. Retrying in 16.6 seconds...
Error in curl::curl_fetch_disk(url, x$path, handle = handle): Send failure: Connection was reset
Request failed [ERROR]. Retrying in 33.2 seconds...
Error in curl::curl_fetch_disk(url, x$path, handle = handle): Send failure: Connection was reset
Request failed [ERROR]. Retrying in 77 seconds...

Done.
Moving file and cleaning up; this may take a while...Done.
Finished Integrated Data download.
Deleting old backups...
Done!

2021-03-01 01:00:03
Downloading data...
Starting Integrated Data download...

Downloading REDcap report...
Error in curl::curl_fetch_disk(url, x$path, handle = handle): Send failure: Connection was reset
Request failed [ERROR]. Retrying in 1.1 seconds...
Error in curl::curl_fetch_disk(url, x$path, handle = handle): Send failure: Connection was reset
Request failed [ERROR]. Retrying in 1.1 seconds...
Error in curl::curl_fetch_disk(url, x$path, handle = handle): Send failure: Connection was reset
Request failed [ERROR]. Retrying in 5.1 seconds...
Error in curl::curl_fetch_disk(url, x$path, handle = handle): Send failure: Connection was reset
Request failed [ERROR]. Retrying in 1 seconds...
Error in curl::curl_fetch_disk(url, x$path, handle = handle): Send failure: Connection was reset
Request failed [ERROR]. Retrying in 15.7 seconds...
Error in curl::curl_fetch_disk(url, x$path, handle = handle): Send failure: Connection was reset
Request failed [ERROR]. Retrying in 38.7 seconds...
Error in curl::curl_fetch_disk(url, x$path, handle = handle): Send failure: Connection was reset
Request failed [ERROR]. Retrying in 112.9 seconds...

Done.
Moving file and cleaning up; this may take a while...Done.
Finished Integrated Data download.
Deleting old backups...
Done!

2021-03-02 01:00:03
Downloading data...
Starting Integrated Data download...

Downloading REDcap report...
Error in curl::curl_fetch_disk(url, x$path, handle = handle): Send failure: Connection was reset
Request failed [ERROR]. Retrying in 1 seconds...
Error in curl::curl_fetch_disk(url, x$path, handle = handle): Send failure: Connection was reset
Request failed [ERROR]. Retrying in 2.4 seconds...
Error in curl::curl_fetch_disk(url, x$path, handle = handle): Send failure: Connection was reset
Request failed [ERROR]. Retrying in 5.3 seconds...
Error in curl::curl_fetch_disk(url, x$path, handle = handle): Send failure: Connection was reset
Request failed [ERROR]. Retrying in 1.6 seconds...
Error in curl::curl_fetch_disk(url, x$path, handle = handle): Send failure: Connection was reset
Request failed [ERROR]. Retrying in 13.2 seconds...
Error in curl::curl_fetch_disk(url, x$path, handle = handle): Send failure: Connection was reset
Request failed [ERROR]. Retrying in 7.4 seconds...
Error in curl::curl_fetch_disk(url, x$path, handle = handle): Send failure: Connection was reset
Request failed [ERROR]. Retrying in 34.4 seconds...

Done.
Moving file and cleaning up; this may take a while...Done.
Finished Integrated Data download.
Deleting old backups...
Done!

2021-03-02 15:06:43
Downloading data...
Starting Integrated Data download...


Error : An existing file matches this date; download will not continue. To download anyway, set 'force == TRUE'.
Deleting old backups...
Done!

2021-03-02 15:07:28
Downloading data...
Starting Integrated Data download...

Downloading REDcap report...
Request failed [403]. Retrying in 1.6 seconds...
Request failed [403]. Retrying in 1 seconds...
Request failed [403]. Retrying in 3.2 seconds...
Request failed [403]. Retrying in 15.6 seconds...
Request failed [403]. Retrying in 4.4 seconds...
Request failed [403]. Retrying in 8.3 seconds...
Request failed [403]. Retrying in 123.5 seconds...


2021-03-03 01:00:03
Downloading data...
Starting Integrated Data download...

Downloading REDcap report...

Done.
Moving file and cleaning up; this may take a while...Done.
Finished Integrated Data download.
Deleting old backups...
Done!

2021-03-04 01:00:03
Downloading data...
Starting Integrated Data download...

Downloading REDcap report...

Done.
Moving file and cleaning up; this may take a while...Done.
Finished Integrated Data download.
Deleting old backups...
Done!

2021-03-05 01:00:03
Downloading data...
Starting Integrated Data download...

Downloading REDcap report...

Done.
Moving file and cleaning up; this may take a while...Done.
Finished Integrated Data download.
Deleting old backups...
Done!

2021-03-06 01:00:03
Downloading data...
Starting Integrated Data download...

Downloading REDcap report...

Done.
Moving file and cleaning up; this may take a while...Done.
Finished Integrated Data download.
Deleting old backups...
Done!

2021-03-07 01:00:03
Downloading data...
Starting Integrated Data download...

Downloading REDcap report...

Done.
Moving file and cleaning up; this may take a while...Done.
Finished Integrated Data download.
Deleting old backups...
Done!

2021-03-08 01:00:03
Downloading data...
Starting Integrated Data download...

Downloading REDcap report...

Done.
Moving file and cleaning up; this may take a while...Done.
Finished Integrated Data download.
Deleting old backups...
Done!

2021-03-09 01:00:03
Downloading data...
Starting Integrated Data download...

Downloading REDcap report...

Done.
Moving file and cleaning up; this may take a while...Done.
Finished Integrated Data download.
Deleting old backups...
Done!

2021-03-10 01:00:03
Downloading data...
Starting Integrated Data download...

Downloading REDcap report...

Done.
Moving file and cleaning up; this may take a while...Done.
Finished Integrated Data download.
Deleting old backups...
Done!

2021-03-11 01:00:03
Downloading data...
Starting Integrated Data download...

Downloading REDcap report...

Done.
Moving file and cleaning up; this may take a while...Done.
Finished Integrated Data download.
Deleting old backups...
Done!

2021-03-12 01:00:03
Downloading data...
Starting Integrated Data download...

Downloading REDcap report...

Done.
Moving file and cleaning up; this may take a while...Done.
Finished Integrated Data download.
Deleting old backups...
Done!

2021-03-13 01:00:03
Downloading data...
Starting Integrated Data download...

Downloading REDcap report...

Done.
Moving file and cleaning up; this may take a while...Done.
Finished Integrated Data download.
Deleting old backups...
Done!

2021-03-14 01:00:03
Downloading data...
Starting Integrated Data download...

Downloading REDcap report...

Done.
Moving file and cleaning up; this may take a while...Done.
Finished Integrated Data download.
Deleting old backups...
Done!

2021-03-15 01:00:03
Downloading data...
Starting Integrated Data download...

Downloading REDcap report...

Done.
Moving file and cleaning up; this may take a while...Done.
Finished Integrated Data download.
Deleting old backups...
Done!

2021-03-16 01:00:03
Downloading data...
Starting Integrated Data download...

Downloading REDcap report...

Done.
Moving file and cleaning up; this may take a while...Done.
Finished Integrated Data download.
Deleting old backups...
Done!

2021-03-17 01:00:03
Downloading data...
Starting Integrated Data download...

Downloading REDcap report...

Done.
Moving file and cleaning up; this may take a while...Done.
Finished Integrated Data download.
Deleting old backups...
Done!

2021-03-18 01:00:03
Downloading data...
Starting Integrated Data download...

Downloading REDcap report...

Done.
Moving file and cleaning up; this may take a while...Done.
Finished Integrated Data download.
Deleting old backups...
Done!

2021-03-19 01:00:03
Downloading data...
Starting Integrated Data download...

Downloading REDcap report...

Done.
Moving file and cleaning up; this may take a while...Done.
Finished Integrated Data download.
Deleting old backups...
Done!

2021-03-20 01:00:03
Downloading data...
Starting Integrated Data download...

Downloading REDcap report...

Done.
Moving file and cleaning up; this may take a while...Done.
Finished Integrated Data download.
Deleting old backups...
Done!

2021-03-21 01:00:03
Downloading data...
Starting Integrated Data download...

Downloading REDcap report...

Done.
Moving file and cleaning up; this may take a while...Done.
Finished Integrated Data download.
Deleting old backups...
Done!

2021-03-22 01:00:03
Downloading data...
Starting Integrated Data download...

Downloading REDcap report...

Done.
Moving file and cleaning up; this may take a while...Done.
Finished Integrated Data download.
Deleting old backups...
Done!

2021-03-23 01:00:03
Downloading data...
Starting Integrated Data download...

Downloading REDcap report...

Done.
Moving file and cleaning up; this may take a while...Done.
Finished Integrated Data download.
Deleting old backups...
Done!

2021-03-24 01:00:03
Downloading data...
Starting Integrated Data download...

Downloading REDcap report...

Done.
Moving file and cleaning up; this may take a while...Done.
Finished Integrated Data download.
Deleting old backups...
Done!

2021-03-25 01:00:03
Downloading data...
Starting Integrated Data download...

Downloading REDcap report...

Done.
Moving file and cleaning up; this may take a while...Done.
Finished Integrated Data download.
Deleting old backups...
Done!

2021-03-26 01:00:03
Downloading data...
Starting Integrated Data download...

Downloading REDcap report...

Done.
Moving file and cleaning up; this may take a while...Done.
Finished Integrated Data download.
Deleting old backups...
Done!

2021-03-27 01:00:03
Downloading data...
Starting Integrated Data download...

Downloading REDcap report...

Done.
Moving file and cleaning up; this may take a while...Done.
Finished Integrated Data download.
Deleting old backups...
Done!

2021-03-28 01:00:03
Downloading data...
Starting Integrated Data download...

Downloading REDcap report...

Done.
Moving file and cleaning up; this may take a while...Done.
Finished Integrated Data download.
Deleting old backups...
Done!

2021-03-29 01:00:03
Downloading data...
Starting Integrated Data download...

Downloading REDcap report...

Done.
Moving file and cleaning up; this may take a while...Done.
Finished Integrated Data download.
Deleting old backups...
Done!

2021-03-30 01:00:02
Downloading data...
Starting Integrated Data download...

Downloading REDcap report...

Done.
Moving file and cleaning up; this may take a while...Done.
Finished Integrated Data download.
Deleting old backups...
Done!

2021-03-31 01:00:02
Downloading data...
Starting Integrated Data download...

Downloading REDcap report...

Done.
Moving file and cleaning up; this may take a while...Done.
Finished Integrated Data download.
Deleting old backups...
Done!

2021-04-01 01:00:02
Downloading data...
Starting Integrated Data download...

Downloading REDcap report...

Done.
Moving file and cleaning up; this may take a while...Done.
Finished Integrated Data download.
Deleting old backups...
Done!

2021-04-02 01:00:02
Downloading data...
Starting Integrated Data download...

Downloading REDcap report...

Done.
Moving file and cleaning up; this may take a while...Done.
Finished Integrated Data download.
Deleting old backups...
Done!

2021-04-03 01:00:02
Downloading data...
Starting Integrated Data download...

Downloading REDcap report...

Done.
Moving file and cleaning up; this may take a while...Done.
Finished Integrated Data download.
Deleting old backups...
Done!

2021-04-04 01:00:02
Downloading data...
Starting Integrated Data download...

Downloading REDcap report...

Done.
Moving file and cleaning up; this may take a while...Done.
Finished Integrated Data download.
Deleting old backups...
Done!

2021-04-05 01:00:02
Downloading data...
Starting Integrated Data download...

Downloading REDcap report...

Done.
Moving file and cleaning up; this may take a while...Done.
Finished Integrated Data download.
Deleting old backups...
Done!

2021-04-06 01:00:02
Downloading data...
Starting Integrated Data download...

Downloading REDcap report...

Done.
Moving file and cleaning up; this may take a while...Done.
Finished Integrated Data download.
Deleting old backups...
Done!

2021-04-07 01:00:02
Downloading data...
Starting Integrated Data download...

Downloading REDcap report...

Done.
Moving file and cleaning up; this may take a while...Done.
Finished Integrated Data download.
Deleting old backups...
Done!

2021-04-08 01:00:03
Downloading data...
Starting Integrated Data download...

Downloading REDcap report...

Done.
Moving file and cleaning up; this may take a while...Done.
Finished Integrated Data download.
Deleting old backups...
Done!

2021-04-09 01:00:03
Downloading data...
Starting Integrated Data download...

Downloading REDcap report...

Done.
Moving file and cleaning up; this may take a while...Done.
Finished Integrated Data download.
Deleting old backups...
Done!

2021-04-10 09:44:14
Downloading data...
Starting Integrated Data download...

Downloading REDcap report...

Done.
Moving file and cleaning up; this may take a while...Done.
Finished Integrated Data download.
Deleting old backups...
Done!

2021-04-11 01:00:02
Downloading data...
Starting Integrated Data download...

Downloading REDcap report...

Done.
Moving file and cleaning up; this may take a while...Done.
Finished Integrated Data download.
Deleting old backups...
Done!

2021-04-12 01:00:02
Downloading data...
Starting Integrated Data download...

Downloading REDcap report...

Done.
Moving file and cleaning up; this may take a while...Done.
Finished Integrated Data download.
Deleting old backups...
Done!

2021-04-13 01:00:02
Downloading data...
Starting Integrated Data download...

Downloading REDcap report...

Done.
Moving file and cleaning up; this may take a while...Done.
Finished Integrated Data download.
Deleting old backups...
Done!

2021-04-14 01:00:02
Downloading data...
Starting Integrated Data download...

Downloading REDcap report...

Done.
Moving file and cleaning up; this may take a while...Done.
Finished Integrated Data download.
Deleting old backups...
Done!

2021-04-15 01:00:03
Downloading data...
Starting Integrated Data download...

Downloading REDcap report...

Done.
Moving file and cleaning up; this may take a while...Done.
Finished Integrated Data download.
Deleting old backups...
Done!

2021-04-16 01:00:03
Downloading data...
Starting Integrated Data download...

Downloading REDcap report...

Done.
Moving file and cleaning up; this may take a while...Done.
Finished Integrated Data download.
Deleting old backups...
Done!

2021-04-17 01:00:03
Downloading data...
Starting Integrated Data download...

Downloading REDcap report...

Done.
Moving file and cleaning up; this may take a while...Done.
Finished Integrated Data download.
Deleting old backups...
Done!

2021-04-18 01:00:02
Downloading data...
Starting Integrated Data download...

Downloading REDcap report...

Done.
Moving file and cleaning up; this may take a while...Done.
Finished Integrated Data download.
Deleting old backups...
Done!

2021-04-19 01:00:02
Downloading data...
Starting Integrated Data download...

Downloading REDcap report...

Done.
Moving file and cleaning up; this may take a while...Done.
Finished Integrated Data download.
Deleting old backups...
Done!

2021-04-20 01:00:02
Downloading data...
Starting Integrated Data download...

Downloading REDcap report...

Done.
Moving file and cleaning up; this may take a while...Done.
Finished Integrated Data download.
Deleting old backups...
Done!

2021-04-21 01:00:02
Downloading data...
Starting Integrated Data download...

Downloading REDcap report...

Done.
Moving file and cleaning up; this may take a while...Done.
Finished Integrated Data download.
Deleting old backups...
Done!

2021-04-22 01:00:02
Downloading data...
Starting Integrated Data download...

Downloading REDcap report...

Done.
Moving file and cleaning up; this may take a while...Done.
Finished Integrated Data download.
Deleting old backups...
Done!

2021-04-23 01:00:02
Downloading data...
Starting Integrated Data download...

Downloading REDcap report...

Done.
Moving file and cleaning up; this may take a while...Done.
Finished Integrated Data download.
Deleting old backups...
Done!

2021-04-24 01:00:02
Downloading data...
Starting Integrated Data download...

Downloading REDcap report...

Done.
Moving file and cleaning up; this may take a while...Done.
Finished Integrated Data download.
Deleting old backups...
Done!

2021-04-25 01:00:02
Downloading data...
Starting Integrated Data download...

Downloading REDcap report...

Done.
Moving file and cleaning up; this may take a while...Done.
Finished Integrated Data download.
Deleting old backups...
Done!

2021-04-26 01:00:02
Downloading data...
Starting Integrated Data download...

Downloading REDcap report...

Done.
Moving file and cleaning up; this may take a while...Done.
Finished Integrated Data download.
Deleting old backups...
Done!

2021-04-27 01:00:02
Downloading data...
Starting Integrated Data download...

Downloading REDcap report...

Done.
Moving file and cleaning up; this may take a while...Done.
Finished Integrated Data download.
Deleting old backups...
Done!

2021-04-28 01:00:02
Downloading data...
Starting Integrated Data download...

Downloading REDcap report...

Done.
Moving file and cleaning up; this may take a while...Done.
Finished Integrated Data download.
Deleting old backups...
Done!

2021-04-29 01:00:02
Downloading data...
Starting Integrated Data download...

Downloading REDcap report...

Done.
Moving file and cleaning up; this may take a while...Done.
Finished Integrated Data download.
Deleting old backups...
Done!

2021-04-30 01:00:02
Downloading data...
Starting Integrated Data download...

Downloading REDcap report...

Done.
Moving file and cleaning up; this may take a while...Done.
Finished Integrated Data download.
Deleting old backups...
Done!

2021-05-01 01:00:02
Downloading data...
Starting Integrated Data download...

Downloading REDcap report...

Done.
Moving file and cleaning up; this may take a while...Done.
Finished Integrated Data download.
Deleting old backups...
Done!

2021-05-02 01:00:03
Downloading data...
Starting Integrated Data download...

Downloading REDcap report...

Done.
Moving file and cleaning up; this may take a while...Done.
Finished Integrated Data download.
Deleting old backups...
Done!

2021-05-03 01:00:02
Downloading data...
Starting Integrated Data download...

Downloading REDcap report...

Done.
Moving file and cleaning up; this may take a while...Done.
Finished Integrated Data download.
Deleting old backups...
Done!

2021-05-04 01:00:03
Downloading data...
Starting Integrated Data download...

Downloading REDcap report...

Done.
Moving file and cleaning up; this may take a while...Done.
Finished Integrated Data download.
Deleting old backups...
Done!

2021-05-05 01:00:03
Downloading data...
Starting Integrated Data download...

Downloading REDcap report...

Done.
Moving file and cleaning up; this may take a while...Done.
Finished Integrated Data download.
Deleting old backups...
Done!

2021-05-06 01:00:03
Downloading data...
Starting Integrated Data download...

Downloading REDcap report...

Done.
Moving file and cleaning up; this may take a while...Done.
Finished Integrated Data download.
Deleting old backups...
Done!

2021-05-07 01:00:03
Downloading data...
Starting Integrated Data download...

Downloading REDcap report...

Done.
Moving file and cleaning up; this may take a while...Done.
Finished Integrated Data download.
Deleting old backups...
Done!

2021-05-08 01:00:03
Downloading data...
Starting Integrated Data download...

Downloading REDcap report...

Done.
Moving file and cleaning up; this may take a while...Done.
Finished Integrated Data download.
Deleting old backups...
Done!

2021-05-09 01:00:03
Downloading data...
Starting Integrated Data download...

Downloading REDcap report...

Done.
Moving file and cleaning up; this may take a while...Done.
Finished Integrated Data download.
Deleting old backups...
Done!

2021-05-10 01:00:03
Downloading data...
Starting Integrated Data download...

Downloading REDcap report...

Done.
Moving file and cleaning up; this may take a while...Done.
Finished Integrated Data download.
Deleting old backups...
Done!

2021-05-11 01:00:03
Downloading data...
Starting Integrated Data download...

Downloading REDcap report...

Done.
Moving file and cleaning up; this may take a while...Done.
Finished Integrated Data download.
Deleting old backups...
Done!

2021-05-12 01:00:03
Downloading data...
Starting Integrated Data download...

Downloading REDcap report...

Done.
Moving file and cleaning up; this may take a while...Done.
Finished Integrated Data download.
Deleting old backups...
Done!

2021-05-13 01:00:03
Downloading data...
Starting Integrated Data download...

Downloading REDcap report...

Done.
Moving file and cleaning up; this may take a while...Done.
Finished Integrated Data download.
Deleting old backups...
Done!

2021-05-14 01:00:03
Downloading data...
Starting Integrated Data download...

Downloading REDcap report...

Done.
Moving file and cleaning up; this may take a while...Done.
Finished Integrated Data download.
Deleting old backups...
Done!

2021-05-15 01:00:03
Downloading data...
Starting Integrated Data download...

Downloading REDcap report...

Done.
Moving file and cleaning up; this may take a while...Done.
Finished Integrated Data download.
Deleting old backups...
Done!

2021-05-16 01:00:03
Downloading data...
Starting Integrated Data download...

Downloading REDcap report...

Done.
Moving file and cleaning up; this may take a while...Done.
Finished Integrated Data download.
Deleting old backups...
Done!

2021-05-17 01:00:03
Downloading data...
Starting Integrated Data download...

Downloading REDcap report...

Done.
Moving file and cleaning up; this may take a while...Done.
Finished Integrated Data download.
Deleting old backups...
Done!

2021-05-18 01:00:03
Downloading data...
Starting Integrated Data download...

Downloading REDcap report...

Done.
Moving file and cleaning up; this may take a while...Done.
Finished Integrated Data download.
Deleting old backups...
Done!

2021-05-19 01:00:03
Downloading data...
Starting Integrated Data download...

Downloading REDcap report...

Done.
Moving file and cleaning up; this may take a while...Done.
Finished Integrated Data download.
Deleting old backups...
Done!

2021-05-20 01:00:03
Downloading data...
Starting Integrated Data download...

Downloading REDcap report...

Done.
Moving file and cleaning up; this may take a while...Done.
Finished Integrated Data download.
Deleting old backups...
Done!

2021-05-21 01:00:03
Downloading data...
Starting Integrated Data download...

Downloading REDcap report...

Done.
Moving file and cleaning up; this may take a while...Done.
Finished Integrated Data download.
Deleting old backups...
Done!

2021-05-22 01:00:03
Downloading data...
Starting Integrated Data download...

Downloading REDcap report...

Done.
Moving file and cleaning up; this may take a while...Done.
Finished Integrated Data download.
Deleting old backups...
Done!

2021-05-23 01:00:02
Downloading data...
Starting Integrated Data download...

Downloading REDcap report...

Done.
Moving file and cleaning up; this may take a while...Done.
Finished Integrated Data download.
Deleting old backups...
Done!

2021-05-24 01:00:02
Downloading data...
Starting Integrated Data download...

Downloading REDcap report...

Done.
Moving file and cleaning up; this may take a while...Done.
Finished Integrated Data download.
Deleting old backups...
Done!

2021-05-25 01:00:02
Downloading data...
Starting Integrated Data download...

Downloading REDcap report...

Done.
Moving file and cleaning up; this may take a while...Done.
Finished Integrated Data download.
Deleting old backups...
Done!

2021-05-26 01:00:02
Downloading data...
Starting Integrated Data download...

Downloading REDcap report...

Done.
Moving file and cleaning up; this may take a while...Done.
Finished Integrated Data download.
Deleting old backups...
Done!

2021-05-27 01:00:02
Downloading data...
Starting Integrated Data download...

Downloading REDcap report...

Done.
Moving file and cleaning up; this may take a while...Done.
Finished Integrated Data download.
Deleting old backups...
Done!

2021-05-28 01:00:02
Downloading data...
Starting Integrated Data download...

Downloading REDcap report...

Done.
Moving file and cleaning up; this may take a while...Done.
Finished Integrated Data download.
Deleting old backups...
Done!

2021-05-29 01:00:02
Downloading data...
Starting Integrated Data download...

Downloading REDcap report...

Done.
Moving file and cleaning up; this may take a while...Done.
Finished Integrated Data download.
Deleting old backups...
Done!

2021-05-30 01:00:02
Downloading data...
Starting Integrated Data download...

Downloading REDcap report...

Done.
Moving file and cleaning up; this may take a while...Done.
Finished Integrated Data download.
Deleting old backups...
Done!

2021-05-31 01:00:02
Downloading data...
Starting Integrated Data download...

Downloading REDcap report...

Done.
Moving file and cleaning up; this may take a while...Done.
Finished Integrated Data download.
Deleting old backups...
Done!

2021-06-01 01:00:02
Downloading data...
Starting Integrated Data download...

Downloading REDcap report...

Done.
Moving file and cleaning up; this may take a while...Done.
Finished Integrated Data download.
Deleting old backups...
Done!

2021-06-02 01:00:02
Downloading data...
Starting Integrated Data download...

Downloading REDcap report...

Done.
Moving file and cleaning up; this may take a while...Done.
Finished Integrated Data download.
Deleting old backups...
Done!

2021-06-03 01:00:02
Downloading data...
Starting Integrated Data download...

Downloading REDcap report...

Done.
Moving file and cleaning up; this may take a while...Done.
Finished Integrated Data download.
Deleting old backups...
Done!

2021-06-04 01:00:02
Downloading data...
Starting Integrated Data download...

Downloading REDcap report...

Done.
Moving file and cleaning up; this may take a while...Done.
Finished Integrated Data download.
Deleting old backups...
Done!

2021-06-05 01:00:02
Downloading data...
Starting Integrated Data download...

Downloading REDcap report...

Done.
Moving file and cleaning up; this may take a while...Done.
Finished Integrated Data download.
Deleting old backups...
Done!

2021-06-06 01:00:02
Downloading data...
Starting Integrated Data download...

Downloading REDcap report...

Done.
Moving file and cleaning up; this may take a while...Done.
Finished Integrated Data download.
Deleting old backups...
Done!

2021-06-07 01:00:02
Downloading data...
Starting Integrated Data download...

Downloading REDcap report...

Done.
Moving file and cleaning up; this may take a while...Done.
Finished Integrated Data download.
Deleting old backups...
Done!

2021-06-08 01:00:02
Downloading data...
Starting Integrated Data download...

Downloading REDcap report...

Done.
Moving file and cleaning up; this may take a while...Done.
Finished Integrated Data download.
Deleting old backups...
Done!

2021-06-09 01:00:02
Downloading data...
Starting Integrated Data download...

Downloading REDcap report...

Done.
Moving file and cleaning up; this may take a while...Done.
Finished Integrated Data download.
Deleting old backups...
Done!

2021-06-10 01:00:02
Downloading data...
Starting Integrated Data download...

Downloading REDcap report...

Done.
Moving file and cleaning up; this may take a while...Done.
Finished Integrated Data download.
Deleting old backups...
Done!

2021-06-11 01:00:02
Downloading data...
Starting Integrated Data download...

Downloading REDcap report...

Done.
Moving file and cleaning up; this may take a while...Done.
Finished Integrated Data download.
Deleting old backups...
Done!

2021-06-12 01:00:02
Downloading data...
Starting Integrated Data download...

Downloading REDcap report...

Done.
Moving file and cleaning up; this may take a while...Done.
Finished Integrated Data download.
Deleting old backups...
Done!

2021-06-13 01:00:02
Downloading data...
Starting Integrated Data download...

Downloading REDcap report...

Done.
Moving file and cleaning up; this may take a while...Done.
Finished Integrated Data download.
Deleting old backups...
Done!

2021-06-14 01:00:02
Downloading data...
Starting Integrated Data download...

Downloading REDcap report...

Done.
Moving file and cleaning up; this may take a while...Done.
Finished Integrated Data download.
Deleting old backups...
Done!

2021-06-15 01:00:02
Downloading data...
Starting Integrated Data download...

Downloading REDcap report...

Done.
Moving file and cleaning up; this may take a while...Done.
Finished Integrated Data download.
Deleting old backups...
Done!

2021-06-16 01:00:02
Downloading data...
Starting Integrated Data download...

Downloading REDcap report...

Done.
Moving file and cleaning up; this may take a while...Done.
Finished Integrated Data download.
Deleting old backups...
Done!

2021-06-17 01:00:02
Downloading data...
Starting Integrated Data download...

Downloading REDcap report...

Done.
Moving file and cleaning up; this may take a while...Done.
Finished Integrated Data download.
Deleting old backups...
Done!

2021-06-23 01:00:03
Downloading data...
Starting Integrated Data download...

Downloading REDcap report...

Done.
Moving file and cleaning up; this may take a while...Done.
Finished Integrated Data download.
Deleting old backups...
Done!

2021-06-24 01:00:02
Downloading data...
Starting Integrated Data download...

Downloading REDcap report...

Done.
Moving file and cleaning up; this may take a while...Done.
Finished Integrated Data download.
Deleting old backups...
Done!

2021-06-25 01:00:02
Downloading data...
Starting Integrated Data download...

Downloading REDcap report...

Done.
Moving file and cleaning up; this may take a while...Done.
Finished Integrated Data download.
Deleting old backups...
Done!

2021-06-26 01:00:02
Downloading data...
Starting Integrated Data download...

Downloading REDcap report...

Done.
Moving file and cleaning up; this may take a while...Done.
Finished Integrated Data download.
Deleting old backups...
Done!

2021-06-27 01:00:02
Downloading data...
Starting Integrated Data download...

Downloading REDcap report...

Done.
Moving file and cleaning up; this may take a while...Done.
Finished Integrated Data download.
Deleting old backups...
Done!

2021-06-28 01:00:02
Downloading data...
Starting Integrated Data download...

Downloading REDcap report...

Done.
Moving file and cleaning up; this may take a while...Done.
Finished Integrated Data download.
Deleting old backups...
Done!

2021-06-29 01:00:02
Downloading data...
Starting Integrated Data download...

Downloading REDcap report...

Done.
Moving file and cleaning up; this may take a while...Done.
Finished Integrated Data download.
Deleting old backups...
Done!

2021-06-30 01:00:02
Downloading data...
Starting Integrated Data download...

Downloading REDcap report...

Done.
Moving file and cleaning up; this may take a while...Done.
Finished Integrated Data download.
Deleting old backups...
Done!

2021-07-01 01:00:03
Downloading data...
Starting Integrated Data download...

Downloading REDcap report...

Done.
Moving file and cleaning up; this may take a while...Done.
Finished Integrated Data download.
Deleting old backups...
Done!

2021-07-02 01:00:02
Downloading data...
Starting Integrated Data download...

Downloading REDcap report...

Done.
Moving file and cleaning up; this may take a while...Done.
Finished Integrated Data download.
Deleting old backups...
Done!

2021-07-03 01:00:03
Downloading data...
Starting Integrated Data download...

Downloading REDcap report...

Done.
Moving file and cleaning up; this may take a while...Done.
Finished Integrated Data download.
Deleting old backups...
Done!

2021-07-04 01:00:03
Downloading data...
Starting Integrated Data download...

Downloading REDcap report...

Done.
Moving file and cleaning up; this may take a while...Done.
Finished Integrated Data download.
Deleting old backups...
Done!

2021-07-05 01:00:03
Downloading data...
Starting Integrated Data download...

Downloading REDcap report...

Done.
Moving file and cleaning up; this may take a while...Done.
Finished Integrated Data download.
Deleting old backups...
Done!

2021-07-06 01:00:03
Downloading data...
Starting Integrated Data download...

Downloading REDcap report...

Done.
Moving file and cleaning up; this may take a while...Done.
Finished Integrated Data download.
Deleting old backups...
Done!

2021-07-07 01:00:03
Downloading data...
Starting Integrated Data download...

Downloading REDcap report...

Done.
Moving file and cleaning up; this may take a while...Done.
Finished Integrated Data download.
Deleting old backups...
Done!

2021-07-08 01:00:03
Downloading data...
Starting Integrated Data download...

Downloading REDcap report...

Done.
Moving file and cleaning up; this may take a while...Done.
Finished Integrated Data download.
Deleting old backups...
Done!

2021-07-09 01:00:03
Downloading data...
Starting Integrated Data download...

Downloading REDcap report...

Done.
Moving file and cleaning up; this may take a while...Done.
Finished Integrated Data download.
Deleting old backups...
Done!

2021-07-10 01:00:03
Downloading data...
Starting Integrated Data download...

Downloading REDcap report...

Done.
Moving file and cleaning up; this may take a while...Done.
Finished Integrated Data download.
Deleting old backups...
Done!

2021-07-11 01:00:03
Downloading data...
Starting Integrated Data download...

Downloading REDcap report...

Done.
Moving file and cleaning up; this may take a while...Done.
Finished Integrated Data download.
Deleting old backups...
Done!

2021-07-12 01:00:03
Downloading data...
Starting Integrated Data download...

Downloading REDcap report...

Done.
Moving file and cleaning up; this may take a while...Done.
Finished Integrated Data download.
Deleting old backups...
Done!

2021-07-13 01:00:03
Downloading data...
Starting Integrated Data download...

Downloading REDcap report...

Done.
Moving file and cleaning up; this may take a while...Done.
Finished Integrated Data download.
Deleting old backups...
Done!

2021-07-14 01:00:03
Downloading data...
Starting Integrated Data download...

Downloading REDcap report...

Done.
Moving file and cleaning up; this may take a while...Done.
Finished Integrated Data download.
Deleting old backups...
Done!

2021-07-15 01:00:03
Downloading data...
Starting Integrated Data download...

Downloading REDcap report...

Done.
Moving file and cleaning up; this may take a while...Done.
Finished Integrated Data download.
Deleting old backups...
Done!

2021-07-16 01:00:03
Downloading data...
Starting Integrated Data download...

Downloading REDcap report...

Done.
Moving file and cleaning up; this may take a while...Done.
Finished Integrated Data download.
Deleting old backups...
Done!

2021-07-17 01:00:03
Downloading data...
Starting Integrated Data download...

Downloading REDcap report...

Done.
Moving file and cleaning up; this may take a while...Done.
Finished Integrated Data download.
Deleting old backups...
Done!

2021-07-18 01:00:03
Downloading data...
Starting Integrated Data download...

Downloading REDcap report...

Done.
Moving file and cleaning up; this may take a while...Done.
Finished Integrated Data download.
Deleting old backups...
Done!

2021-07-19 01:00:03
Downloading data...
Starting Integrated Data download...

Downloading REDcap report...

Done.
Moving file and cleaning up; this may take a while...Done.
Finished Integrated Data download.
Deleting old backups...
Done!

2021-07-20 01:00:03
Downloading data...
Starting Integrated Data download...

Downloading REDcap report...

Done.
Moving file and cleaning up; this may take a while...Done.
Finished Integrated Data download.
Deleting old backups...
Done!

2021-07-21 01:00:03
Downloading data...
Starting Integrated Data download...

Downloading REDcap report...

Done.
Moving file and cleaning up; this may take a while...Done.
Finished Integrated Data download.
Deleting old backups...
Done!

2021-07-22 01:00:03
Downloading data...
Starting Integrated Data download...

Downloading REDcap report...

Done.
Moving file and cleaning up; this may take a while...Done.
Finished Integrated Data download.
Deleting old backups...
Done!

2021-07-23 01:00:03
Downloading data...
Starting Integrated Data download...

Downloading REDcap report...

Done.
Moving file and cleaning up; this may take a while...Done.
Finished Integrated Data download.
Deleting old backups...
Done!

2021-07-24 01:00:03
Downloading data...
Starting Integrated Data download...

Downloading REDcap report...

Done.
Moving file and cleaning up; this may take a while...Done.
Finished Integrated Data download.
Deleting old backups...
Done!

2021-07-25 01:00:03
Downloading data...
Starting Integrated Data download...

Downloading REDcap report...

Done.
Moving file and cleaning up; this may take a while...Done.
Finished Integrated Data download.
Deleting old backups...
Done!

2021-07-26 01:00:03
Downloading data...
Starting Integrated Data download...

Downloading REDcap report...

Done.
Moving file and cleaning up; this may take a while...Done.
Finished Integrated Data download.
Deleting old backups...
Done!

2021-07-27 01:00:03
Downloading data...
Starting Integrated Data download...

Downloading REDcap report...

Done.
Moving file and cleaning up; this may take a while...Done.
Finished Integrated Data download.
Deleting old backups...
Done!

2021-07-28 01:00:03
Downloading data...
Starting Integrated Data download...

Downloading REDcap report...

Done.
Moving file and cleaning up; this may take a while...Done.
Finished Integrated Data download.
Deleting old backups...
Done!

2021-07-29 01:00:04
Downloading data...
Starting Integrated Data download...

Downloading REDcap report...

Done.
Moving file and cleaning up; this may take a while...Done.
Finished Integrated Data download.
Deleting old backups...
Done!

2021-07-30 01:00:07
Downloading data...
Starting Integrated Data download...

Downloading REDcap report...

Done.
Moving file and cleaning up; this may take a while...Done.
Finished Integrated Data download.
Deleting old backups...
Done!

2021-07-31 01:00:03
Downloading data...
Starting Integrated Data download...

Downloading REDcap report...

Done.
Moving file and cleaning up; this may take a while...Done.
Finished Integrated Data download.
Deleting old backups...
Done!

2021-08-01 01:00:03
Downloading data...
Starting Integrated Data download...

Downloading REDcap report...

Done.
Moving file and cleaning up; this may take a while...Done.
Finished Integrated Data download.
Deleting old backups...
Done!

2021-08-02 01:00:02
Downloading data...
Starting Integrated Data download...

Downloading REDcap report...

Done.
Moving file and cleaning up; this may take a while...Done.
Finished Integrated Data download.
Deleting old backups...
Done!

2021-08-03 01:00:02
Downloading data...
Starting Integrated Data download...

Downloading REDcap report...

Done.
Moving file and cleaning up; this may take a while...Done.
Finished Integrated Data download.
Deleting old backups...
Done!

2021-08-04 01:00:03
Downloading data...
Starting Integrated Data download...

Downloading REDcap report...

Done.
Moving file and cleaning up; this may take a while...Done.
Finished Integrated Data download.
Deleting old backups...
Done!

2021-08-05 01:00:02
Downloading data...
Starting Integrated Data download...

Downloading REDcap report...

Done.
Moving file and cleaning up; this may take a while...Done.
Finished Integrated Data download.
Deleting old backups...
Done!

2021-08-06 01:00:02
Downloading data...
Starting Integrated Data download...

Downloading REDcap report...

Done.
Moving file and cleaning up; this may take a while...Done.
Finished Integrated Data download.
Deleting old backups...
Done!

2021-08-07 01:00:02
Downloading data...
Starting Integrated Data download...

Downloading REDcap report...

Done.
Moving file and cleaning up; this may take a while...Done.
Finished Integrated Data download.
Deleting old backups...
Done!

2021-08-08 01:00:02
Downloading data...
Starting Integrated Data download...

Downloading REDcap report...

Done.
Moving file and cleaning up; this may take a while...Done.
Finished Integrated Data download.
Deleting old backups...
Done!

2021-08-09 01:00:03
Downloading data...
Starting Integrated Data download...

Downloading REDcap report...

Done.
Moving file and cleaning up; this may take a while...Done.
Finished Integrated Data download.
Deleting old backups...
Done!
