Setting `ennotify_inform = true`...
Setting `ennotify()` as error handler...
Setting `rlang_backtrace_on_error = 'full'`...
Setting `ennotify_to` to: jesse.smith@shelbycountytn.gov...
Loading inspections data...
Error: `rId1` not found

Execution halted
Setting `ennotify_inform = true`...
Setting `ennotify()` as error handler...
Setting `rlang_backtrace_on_error = 'full'`...
Setting `ennotify_to` to: jesse.smith@shelbycountytn.gov...
Loading inspections data...
Error: `rId1` not found

Execution halted
Setting `ennotify_inform = true`...
Setting `ennotify()` as error handler...
Setting `rlang_backtrace_on_error = 'full'`...
Setting `ennotify_to` to: jesse.smith@shelbycountytn.gov...
Loading inspections data...
Error: `rId1` not found

Execution halted
Setting `ennotify_inform = true`...
Setting `ennotify()` as error handler...
Setting `rlang_backtrace_on_error = 'full'`...
Setting `ennotify_to` to: jesse.smith@shelbycountytn.gov...
Loading inspections data...
Error: `rId1` not found

Execution halted
Setting `ennotify_inform = true`...
Setting `ennotify()` as error handler...
Setting `rlang_backtrace_on_error = 'full'`...
Setting `ennotify_to` to: jesse.smith@shelbycountytn.gov...
Loading inspections data...
Error: `rId1` not found

Execution halted
Setting `ennotify_inform = true`...
Setting `ennotify()` as error handler...
Setting `rlang_backtrace_on_error = 'full'`...
Setting `ennotify_to` to: jesse.smith@shelbycountytn.gov...
Loading inspections data...
Error: `rId1` not found

Execution halted
Setting `ennotify_inform = true`...
Setting `ennotify()` as error handler...
Setting `rlang_backtrace_on_error = 'full'`...
Setting `ennotify_to` to: jesse.smith@shelbycountytn.gov...
Loading inspections data...
Error: `rId1` not found

Execution halted

2021-04-02 18:00:49
Setting `ennotify_inform = true`...
Setting `ennotify()` as error handler...
Setting `rlang_backtrace_on_error = 'full'`...
Setting `ennotify_to` to: jesse.smith@shelbycountytn.gov...
Inspections table pipeline...
Loading inspections data...
New names:
* `` -> ...6
* `` -> ...7
* `` -> ...8
* `` -> ...9
* `` -> ...10
* ...
Error: ``paste0(...)`` must be a vector with type <logical>.
Instead, it has type <character>.
Backtrace:
     x
  1. +-covidReport::insp_table_pipeline()
  2. | \-covidReport::insp_load_data(path = data_path) C:/Users/Jesse.Smith/Documents/covidReport/R/inspections_table.R:443:2
  3. |   \-`%T>%`(...) C:/Users/Jesse.Smith/Documents/covidReport/R/inspections_table.R:59:2
  4. \-covidReport:::insp_cols_exist(.)
  5.   \-coviData::cols_exist(...) C:/Users/Jesse.Smith/Documents/covidReport/R/inspections_table.R:623:2
  6.     \-coviData::assert_any(...) C:/Users/Jesse.Smith/Documents/coviData/R/utils.R:254:4
  7.       \-coviData::assert(...) C:/Users/Jesse.Smith/Documents/coviData/R/assert.R:223:2
  8.         \-purrr::map2(dots, exprs, ~vec_assert(.x, ptype = logical(), arg = .y)) C:/Users/Jesse.Smith/Documents/coviData/R/assert.R:147:2
  9.           \-coviData:::.f(.x[[i]], .y[[i]], ...)
 10.             \-vctrs::vec_assert(.x, ptype = logical(), arg = .y)

Execution halted

2021-04-03 02:00:02
Setting `ennotify_inform = true`...
Setting `ennotify()` as error handler...
Setting `rlang_backtrace_on_error = 'full'`...
Setting `ennotify_to` to: jesse.smith@shelbycountytn.gov...
Inspections table pipeline...
Loading inspections data...
New names:
* `` -> ...6
* `` -> ...7
* `` -> ...8
* `` -> ...9
* `` -> ...10
* ...
Error: ``paste0(...)`` must be a vector with type <logical>.
Instead, it has type <character>.
Backtrace:
     x
  1. +-covidReport::insp_table_pipeline()
  2. | \-covidReport::insp_load_data(path = data_path) C:/Users/Jesse.Smith/Documents/covidReport/R/inspections_table.R:443:2
  3. |   \-`%T>%`(...) C:/Users/Jesse.Smith/Documents/covidReport/R/inspections_table.R:59:2
  4. \-covidReport:::insp_cols_exist(.)
  5.   \-coviData::cols_exist(...) C:/Users/Jesse.Smith/Documents/covidReport/R/inspections_table.R:623:2
  6.     \-coviData::assert_any(...) C:/Users/Jesse.Smith/Documents/coviData/R/utils.R:254:4
  7.       \-coviData::assert(...) C:/Users/Jesse.Smith/Documents/coviData/R/assert.R:223:2
  8.         \-purrr::map2(dots, exprs, ~vec_assert(.x, ptype = logical(), arg = .y)) C:/Users/Jesse.Smith/Documents/coviData/R/assert.R:147:2
  9.           \-coviData:::.f(.x[[i]], .y[[i]], ...)
 10.             \-vctrs::vec_assert(.x, ptype = logical(), arg = .y)

Execution halted

2021-04-04 02:00:02
Setting `ennotify_inform = true`...
Setting `ennotify()` as error handler...
Setting `rlang_backtrace_on_error = 'full'`...
Setting `ennotify_to` to: jesse.smith@shelbycountytn.gov...
Inspections table pipeline...
Loading inspections data...
New names:
* `` -> ...6
* `` -> ...7
* `` -> ...8
* `` -> ...9
* `` -> ...10
* ...
Error: ``paste0(...)`` must be a vector with type <logical>.
Instead, it has type <character>.
Backtrace:
     x
  1. +-covidReport::insp_table_pipeline()
  2. | \-covidReport::insp_load_data(path = data_path) C:/Users/Jesse.Smith/Documents/covidReport/R/inspections_table.R:443:2
  3. |   \-`%T>%`(...) C:/Users/Jesse.Smith/Documents/covidReport/R/inspections_table.R:59:2
  4. \-covidReport:::insp_cols_exist(.)
  5.   \-coviData::cols_exist(...) C:/Users/Jesse.Smith/Documents/covidReport/R/inspections_table.R:623:2
  6.     \-coviData::assert_any(...) C:/Users/Jesse.Smith/Documents/coviData/R/utils.R:254:4
  7.       \-coviData::assert(...) C:/Users/Jesse.Smith/Documents/coviData/R/assert.R:223:2
  8.         \-purrr::map2(dots, exprs, ~vec_assert(.x, ptype = logical(), arg = .y)) C:/Users/Jesse.Smith/Documents/coviData/R/assert.R:147:2
  9.           \-coviData:::.f(.x[[i]], .y[[i]], ...)
 10.             \-vctrs::vec_assert(.x, ptype = logical(), arg = .y)

Execution halted

2021-04-05 02:00:02
Setting `ennotify_inform = true`...
Setting `ennotify()` as error handler...
Setting `rlang_backtrace_on_error = 'full'`...
Setting `ennotify_to` to: jesse.smith@shelbycountytn.gov...
Inspections table pipeline...
Loading inspections data...
New names:
* `` -> ...6
* `` -> ...7
* `` -> ...8
* `` -> ...9
* `` -> ...10
* ...
Error: ``paste0(...)`` must be a vector with type <logical>.
Instead, it has type <character>.
Backtrace:
     x
  1. +-covidReport::insp_table_pipeline()
  2. | \-covidReport::insp_load_data(path = data_path) C:/Users/Jesse.Smith/Documents/covidReport/R/inspections_table.R:443:2
  3. |   \-`%T>%`(...) C:/Users/Jesse.Smith/Documents/covidReport/R/inspections_table.R:59:2
  4. \-covidReport:::insp_cols_exist(.)
  5.   \-coviData::cols_exist(...) C:/Users/Jesse.Smith/Documents/covidReport/R/inspections_table.R:623:2
  6.     \-coviData::assert_any(...) C:/Users/Jesse.Smith/Documents/coviData/R/utils.R:254:4
  7.       \-coviData::assert(...) C:/Users/Jesse.Smith/Documents/coviData/R/assert.R:223:2
  8.         \-purrr::map2(dots, exprs, ~vec_assert(.x, ptype = logical(), arg = .y)) C:/Users/Jesse.Smith/Documents/coviData/R/assert.R:147:2
  9.           \-coviData:::.f(.x[[i]], .y[[i]], ...)
 10.             \-vctrs::vec_assert(.x, ptype = logical(), arg = .y)

Execution halted

2021-04-06 02:00:02
Setting `ennotify_inform = true`...
Setting `ennotify()` as error handler...
Setting `rlang_backtrace_on_error = 'full'`...
Setting `ennotify_to` to: jesse.smith@shelbycountytn.gov...
Inspections table pipeline...
Loading inspections data...
New names:
* `` -> ...6
* `` -> ...7
* `` -> ...8
* `` -> ...9
* `` -> ...10
* ...
Error: ``paste0(...)`` must be a vector with type <logical>.
Instead, it has type <character>.
Backtrace:
     x
  1. +-covidReport::insp_table_pipeline()
  2. | \-covidReport::insp_load_data(path = data_path) C:/Users/Jesse.Smith/Documents/covidReport/R/inspections_table.R:443:2
  3. |   \-`%T>%`(...) C:/Users/Jesse.Smith/Documents/covidReport/R/inspections_table.R:59:2
  4. \-covidReport:::insp_cols_exist(.)
  5.   \-coviData::cols_exist(...) C:/Users/Jesse.Smith/Documents/covidReport/R/inspections_table.R:623:2
  6.     \-coviData::assert_any(...) C:/Users/Jesse.Smith/Documents/coviData/R/utils.R:254:4
  7.       \-coviData::assert(...) C:/Users/Jesse.Smith/Documents/coviData/R/assert.R:223:2
  8.         \-purrr::map2(dots, exprs, ~vec_assert(.x, ptype = logical(), arg = .y)) C:/Users/Jesse.Smith/Documents/coviData/R/assert.R:147:2
  9.           \-coviData:::.f(.x[[i]], .y[[i]], ...)
 10.             \-vctrs::vec_assert(.x, ptype = logical(), arg = .y)

There were 50 or more warnings (use warnings() to see the first 50)
Execution halted

2021-04-07 02:00:02
Setting `ennotify_inform = true`...
Setting `ennotify()` as error handler...
Setting `rlang_backtrace_on_error = 'full'`...
Setting `ennotify_to` to: jesse.smith@shelbycountytn.gov...
Inspections table pipeline...
Loading inspections data...
New names:
* `` -> ...6
* `` -> ...7
* `` -> ...8
* `` -> ...9
* `` -> ...10
* ...
Error: ``paste0(...)`` must be a vector with type <logical>.
Instead, it has type <character>.
Backtrace:
     x
  1. +-covidReport::insp_table_pipeline()
  2. | \-covidReport::insp_load_data(path = data_path) C:/Users/Jesse.Smith/Documents/covidReport/R/inspections_table.R:443:2
  3. |   \-`%T>%`(...) C:/Users/Jesse.Smith/Documents/covidReport/R/inspections_table.R:59:2
  4. \-covidReport:::insp_cols_exist(.)
  5.   \-coviData::cols_exist(...) C:/Users/Jesse.Smith/Documents/covidReport/R/inspections_table.R:623:2
  6.     \-coviData::assert_any(...) C:/Users/Jesse.Smith/Documents/coviData/R/utils.R:254:4
  7.       \-coviData::assert(...) C:/Users/Jesse.Smith/Documents/coviData/R/assert.R:223:2
  8.         \-purrr::map2(dots, exprs, ~vec_assert(.x, ptype = logical(), arg = .y)) C:/Users/Jesse.Smith/Documents/coviData/R/assert.R:147:2
  9.           \-coviData:::.f(.x[[i]], .y[[i]], ...)
 10.             \-vctrs::vec_assert(.x, ptype = logical(), arg = .y)

There were 50 or more warnings (use warnings() to see the first 50)
Execution halted

2021-04-08 02:00:02
Setting `ennotify_inform = true`...
Setting `ennotify()` as error handler...
Setting `rlang_backtrace_on_error = 'full'`...
Setting `ennotify_to` to: jesse.smith@shelbycountytn.gov...
Inspections table pipeline...
Loading inspections data...
New names:
* `` -> ...6
* `` -> ...7
* `` -> ...8
* `` -> ...9
* `` -> ...10
* ...
Error: ``paste0(...)`` must be a vector with type <logical>.
Instead, it has type <character>.
Backtrace:
     x
  1. +-covidReport::insp_table_pipeline()
  2. | \-covidReport::insp_load_data(path = data_path) C:/Users/Jesse.Smith/Documents/covidReport/R/inspections_table.R:443:2
  3. |   \-`%T>%`(...) C:/Users/Jesse.Smith/Documents/covidReport/R/inspections_table.R:59:2
  4. \-covidReport:::insp_cols_exist(.)
  5.   \-coviData::cols_exist(...) C:/Users/Jesse.Smith/Documents/covidReport/R/inspections_table.R:623:2
  6.     \-coviData::assert_any(...) C:/Users/Jesse.Smith/Documents/coviData/R/utils.R:254:4
  7.       \-coviData::assert(...) C:/Users/Jesse.Smith/Documents/coviData/R/assert.R:223:2
  8.         \-purrr::map2(dots, exprs, ~vec_assert(.x, ptype = logical(), arg = .y)) C:/Users/Jesse.Smith/Documents/coviData/R/assert.R:147:2
  9.           \-coviData:::.f(.x[[i]], .y[[i]], ...)
 10.             \-vctrs::vec_assert(.x, ptype = logical(), arg = .y)

There were 50 or more warnings (use warnings() to see the first 50)
Execution halted

2021-04-09 02:00:02
Setting `ennotify_inform = true`...
Setting `ennotify()` as error handler...
Setting `rlang_backtrace_on_error = 'full'`...
Setting `ennotify_to` to: jesse.smith@shelbycountytn.gov...
Inspections table pipeline...
Loading inspections data...
New names:
* `` -> ...6
* `` -> ...7
* `` -> ...8
* `` -> ...9
* `` -> ...10
* ...
Error: ``paste0(...)`` must be a vector with type <logical>.
Instead, it has type <character>.
Backtrace:
     x
  1. +-covidReport::insp_table_pipeline()
  2. | \-covidReport::insp_load_data(path = data_path) C:/Users/Jesse.Smith/Documents/covidReport/R/inspections_table.R:443:2
  3. |   \-`%T>%`(...) C:/Users/Jesse.Smith/Documents/covidReport/R/inspections_table.R:59:2
  4. \-covidReport:::insp_cols_exist(.)
  5.   \-coviData::cols_exist(...) C:/Users/Jesse.Smith/Documents/covidReport/R/inspections_table.R:623:2
  6.     \-coviData::assert_any(...) C:/Users/Jesse.Smith/Documents/coviData/R/utils.R:254:4
  7.       \-coviData::assert(...) C:/Users/Jesse.Smith/Documents/coviData/R/assert.R:223:2
  8.         \-purrr::map2(dots, exprs, ~vec_assert(.x, ptype = logical(), arg = .y)) C:/Users/Jesse.Smith/Documents/coviData/R/assert.R:147:2
  9.           \-coviData:::.f(.x[[i]], .y[[i]], ...)
 10.             \-vctrs::vec_assert(.x, ptype = logical(), arg = .y)

There were 50 or more warnings (use warnings() to see the first 50)
Execution halted

2021-04-10 09:45:33
Setting `ennotify_inform = true`...
Setting `ennotify()` as error handler...
Setting `rlang_backtrace_on_error = 'full'`...
Setting `ennotify_to` to: jesse.smith@shelbycountytn.gov...
Inspections table pipeline...
Loading inspections data...
New names:
* `` -> ...9
* `` -> ...10
* `` -> ...11
* `` -> ...12
* `` -> ...13
* ...
Preparing inspections data...
mutate: new variable 'dt_visit' (Date) with 225 unique values and 0% NA
        new variable 'nm_business' (character) with 4,483 unique values and <1% NA
        new variable 'addr_business' (character) with 5,698 unique values and 1% NA
        new variable 'n_violations' (integer) with 14 unique values and 9% NA
        new variable 'dt_closed' (character) with 13 unique values and 0% NA
filter: removed 643 rows (9%), 6,410 rows remaining
Creating inspections table...
Saving inspections table...
Managing inspections archive...
Done.
There were 50 or more warnings (use warnings() to see the first 50)
Conditionally sending update...
Error: '\C' is an unrecognized escape in character string starting "'<a href="V:\C"

Execution halted

2021-04-11 02:00:02
Setting `ennotify_inform = true`...
Setting `ennotify()` as error handler...
Setting `rlang_backtrace_on_error = 'full'`...
Setting `ennotify_to` to: jesse.smith@shelbycountytn.gov...
Inspections table pipeline...
Loading inspections data...
New names:
* `` -> ...9
* `` -> ...10
* `` -> ...11
* `` -> ...12
* `` -> ...13
* ...
Preparing inspections data...
mutate: new variable 'dt_visit' (Date) with 225 unique values and 0% NA
        new variable 'nm_business' (character) with 4,483 unique values and <1% NA
        new variable 'addr_business' (character) with 5,698 unique values and 1% NA
        new variable 'n_violations' (integer) with 14 unique values and 9% NA
        new variable 'dt_closed' (character) with 13 unique values and 0% NA
filter: removed 643 rows (9%), 6,410 rows remaining
Creating inspections table...
Saving inspections table...
Managing inspections archive...
Done.
There were 50 or more warnings (use warnings() to see the first 50)
Conditionally sending update...
Error in charToDate(x) : 
  character string is not in a standard unambiguous format
Calls: weekdays ... ==.Date -> as.Date -> as.Date.character -> charToDate

Execution halted

2021-04-12 02:00:02
Setting `ennotify_inform = true`...
Setting `ennotify()` as error handler...
Setting `rlang_backtrace_on_error = 'full'`...
Setting `ennotify_to` to: jesse.smith@shelbycountytn.gov...
Inspections table pipeline...
Loading inspections data...
New names:
* `` -> ...9
* `` -> ...10
* `` -> ...11
* `` -> ...12
* `` -> ...13
* ...
Preparing inspections data...
mutate: new variable 'dt_visit' (Date) with 225 unique values and 0% NA
        new variable 'nm_business' (character) with 4,483 unique values and <1% NA
        new variable 'addr_business' (character) with 5,698 unique values and 1% NA
        new variable 'n_violations' (integer) with 14 unique values and 9% NA
        new variable 'dt_closed' (character) with 13 unique values and 0% NA
filter: removed 643 rows (9%), 6,410 rows remaining
Creating inspections table...
Saving inspections table...
Managing inspections archive...
Done.
There were 50 or more warnings (use warnings() to see the first 50)
Conditionally sending update...
Error in charToDate(x) : 
  character string is not in a standard unambiguous format
Calls: weekdays ... ==.Date -> as.Date -> as.Date.character -> charToDate

Execution halted

2021-04-13 02:00:02
Setting `ennotify_inform = true`...
Setting `ennotify()` as error handler...
Setting `rlang_backtrace_on_error = 'full'`...
Setting `ennotify_to` to: jesse.smith@shelbycountytn.gov...
Inspections table pipeline...
Loading inspections data...
New names:
* `` -> ...9
* `` -> ...10
* `` -> ...11
* `` -> ...12
* `` -> ...13
* ...
Preparing inspections data...
mutate: new variable 'dt_visit' (Date) with 227 unique values and 0% NA
        new variable 'nm_business' (character) with 4,552 unique values and <1% NA
        new variable 'addr_business' (character) with 5,784 unique values and 1% NA
        new variable 'n_violations' (integer) with 14 unique values and 9% NA
        new variable 'dt_closed' (character) with 13 unique values and 0% NA
filter: removed 648 rows (9%), 6,533 rows remaining
Creating inspections table...
Saving inspections table...
Managing inspections archive...
Done.
There were 50 or more warnings (use warnings() to see the first 50)
Conditionally sending update...

2021-04-14 02:00:02
Setting `ennotify_inform = true`...
Setting `ennotify()` as error handler...
Setting `rlang_backtrace_on_error = 'full'`...
Setting `ennotify_to` to: jesse.smith@shelbycountytn.gov...
Inspections table pipeline...
Loading inspections data...
New names:
* `` -> ...9
* `` -> ...10
* `` -> ...11
* `` -> ...12
* `` -> ...13
* ...
Preparing inspections data...
mutate: new variable 'dt_visit' (Date) with 229 unique values and 0% NA
        new variable 'nm_business' (character) with 4,580 unique values and <1% NA
        new variable 'addr_business' (character) with 5,826 unique values and 1% NA
        new variable 'n_violations' (integer) with 14 unique values and 9% NA
        new variable 'dt_closed' (character) with 13 unique values and 0% NA
filter: removed 652 rows (9%), 6,583 rows remaining
Creating inspections table...
Saving inspections table...
Managing inspections archive...
Done.
There were 50 or more warnings (use warnings() to see the first 50)
Conditionally sending update...

2021-04-15 02:00:02
Setting `ennotify_inform = true`...
Setting `ennotify()` as error handler...
Setting `rlang_backtrace_on_error = 'full'`...
Setting `ennotify_to` to: jesse.smith@shelbycountytn.gov...
Inspections table pipeline...
Loading inspections data...
New names:
* `` -> ...9
* `` -> ...10
* `` -> ...11
* `` -> ...12
* `` -> ...13
* ...
Preparing inspections data...
mutate: new variable 'dt_visit' (Date) with 231 unique values and 0% NA
        new variable 'nm_business' (character) with 4,604 unique values and <1% NA
        new variable 'addr_business' (character) with 5,853 unique values and <1% NA
        new variable 'n_violations' (integer) with 14 unique values and 9% NA
        new variable 'dt_closed' (character) with 13 unique values and 0% NA
filter: removed 645 rows (9%), 6,620 rows remaining
Creating inspections table...
Saving inspections table...
Managing inspections archive...
Done.
There were 50 or more warnings (use warnings() to see the first 50)
Conditionally sending update...


2021-04-16 02:00:02
Setting `ennotify_inform = true`...
Setting `ennotify()` as error handler...
Setting `rlang_backtrace_on_error = 'full'`...
Setting `ennotify_to` to: jesse.smith@shelbycountytn.gov...
Inspections table pipeline...
Loading inspections data...
New names:
* `` -> ...9
* `` -> ...10
* `` -> ...11
* `` -> ...12
* `` -> ...13
* ...
Preparing inspections data...
mutate: new variable 'dt_visit' (Date) with 232 unique values and 0% NA
        new variable 'nm_business' (character) with 4,644 unique values and <1% NA
        new variable 'addr_business' (character) with 5,909 unique values and <1% NA
        new variable 'n_violations' (integer) with 14 unique values and 9% NA
        new variable 'dt_closed' (character) with 13 unique values and 0% NA
filter: removed 647 rows (9%), 6,686 rows remaining
Creating inspections table...
Saving inspections table...
Managing inspections archive...
Done.
There were 50 or more warnings (use warnings() to see the first 50)
Conditionally sending update...

2021-04-17 02:00:03
Setting `ennotify_inform = true`...
Setting `ennotify()` as error handler...
Setting `rlang_backtrace_on_error = 'full'`...
Setting `ennotify_to` to: jesse.smith@shelbycountytn.gov...
Inspections table pipeline...
Loading inspections data...
New names:
* `` -> ...9
* `` -> ...10
* `` -> ...11
* `` -> ...12
* `` -> ...13
* ...
Preparing inspections data...
mutate: new variable 'dt_visit' (Date) with 232 unique values and 0% NA
        new variable 'nm_business' (character) with 4,644 unique values and <1% NA
        new variable 'addr_business' (character) with 5,909 unique values and <1% NA
        new variable 'n_violations' (integer) with 14 unique values and 9% NA
        new variable 'dt_closed' (character) with 13 unique values and 0% NA
filter: removed 647 rows (9%), 6,686 rows remaining
Creating inspections table...
Saving inspections table...
Managing inspections archive...
Done.
There were 50 or more warnings (use warnings() to see the first 50)
Conditionally sending update...

2021-04-18 02:00:03
Setting `ennotify_inform = true`...
Setting `ennotify()` as error handler...
Setting `rlang_backtrace_on_error = 'full'`...
Setting `ennotify_to` to: jesse.smith@shelbycountytn.gov...
Inspections table pipeline...
Loading inspections data...
New names:
* `` -> ...9
* `` -> ...10
* `` -> ...11
* `` -> ...12
* `` -> ...13
* ...
Preparing inspections data...
mutate: new variable 'dt_visit' (Date) with 232 unique values and 0% NA
        new variable 'nm_business' (character) with 4,644 unique values and <1% NA
        new variable 'addr_business' (character) with 5,909 unique values and <1% NA
        new variable 'n_violations' (integer) with 14 unique values and 9% NA
        new variable 'dt_closed' (character) with 13 unique values and 0% NA
filter: removed 647 rows (9%), 6,686 rows remaining
Creating inspections table...
Saving inspections table...
Managing inspections archive...
Done.
There were 50 or more warnings (use warnings() to see the first 50)
Conditionally sending update...

2021-04-19 02:00:03
Setting `ennotify_inform = true`...
Setting `ennotify()` as error handler...
Setting `rlang_backtrace_on_error = 'full'`...
Setting `ennotify_to` to: jesse.smith@shelbycountytn.gov...
Inspections table pipeline...
Loading inspections data...
New names:
* `` -> ...9
* `` -> ...10
* `` -> ...11
* `` -> ...12
* `` -> ...13
* ...
Preparing inspections data...
mutate: new variable 'dt_visit' (Date) with 232 unique values and 0% NA
        new variable 'nm_business' (character) with 4,644 unique values and <1% NA
        new variable 'addr_business' (character) with 5,909 unique values and <1% NA
        new variable 'n_violations' (integer) with 14 unique values and 9% NA
        new variable 'dt_closed' (character) with 13 unique values and 0% NA
filter: removed 647 rows (9%), 6,686 rows remaining
Creating inspections table...
Saving inspections table...
Managing inspections archive...
Done.
There were 50 or more warnings (use warnings() to see the first 50)
Conditionally sending update...

2021-04-20 02:00:03
Setting `ennotify_inform = true`...
Setting `ennotify()` as error handler...
Setting `rlang_backtrace_on_error = 'full'`...
Setting `ennotify_to` to: jesse.smith@shelbycountytn.gov...
Inspections table pipeline...
Loading inspections data...
New names:
* `` -> ...9
* `` -> ...10
* `` -> ...11
* `` -> ...12
* `` -> ...13
* ...
Preparing inspections data...
mutate: new variable 'dt_visit' (Date) with 233 unique values and 0% NA
        new variable 'nm_business' (character) with 4,662 unique values and <1% NA
        new variable 'addr_business' (character) with 5,931 unique values and <1% NA
        new variable 'n_violations' (integer) with 14 unique values and 9% NA
        new variable 'dt_closed' (character) with 13 unique values and 0% NA
filter: removed 647 rows (9%), 6,724 rows remaining
Creating inspections table...
Saving inspections table...
Managing inspections archive...
Done.
There were 50 or more warnings (use warnings() to see the first 50)
Conditionally sending update...

2021-04-21 02:00:03
Setting `ennotify_inform = true`...
Setting `ennotify()` as error handler...
Setting `rlang_backtrace_on_error = 'full'`...
Setting `ennotify_to` to: jesse.smith@shelbycountytn.gov...
Inspections table pipeline...
Loading inspections data...
New names:
* `` -> ...9
* `` -> ...10
* `` -> ...11
* `` -> ...12
* `` -> ...13
* ...
Preparing inspections data...
mutate: new variable 'dt_visit' (Date) with 236 unique values and 0% NA
        new variable 'nm_business' (character) with 4,696 unique values and <1% NA
        new variable 'addr_business' (character) with 5,988 unique values and <1% NA
        new variable 'n_violations' (integer) with 14 unique values and 9% NA
        new variable 'dt_closed' (character) with 13 unique values and 0% NA
filter: removed 651 rows (9%), 6,783 rows remaining
Creating inspections table...
Saving inspections table...
Managing inspections archive...
Done.
There were 50 or more warnings (use warnings() to see the first 50)
Conditionally sending update...

2021-04-22 02:00:03
Setting `ennotify_inform = true`...
Setting `ennotify()` as error handler...
Setting `rlang_backtrace_on_error = 'full'`...
Setting `ennotify_to` to: jesse.smith@shelbycountytn.gov...
Inspections table pipeline...
Loading inspections data...
New names:
* `` -> ...9
* `` -> ...10
* `` -> ...11
* `` -> ...12
* `` -> ...13
* ...
Preparing inspections data...
mutate: new variable 'dt_visit' (Date) with 239 unique values and 0% NA
        new variable 'nm_business' (character) with 4,729 unique values and <1% NA
        new variable 'addr_business' (character) with 6,033 unique values and <1% NA
        new variable 'n_violations' (integer) with 14 unique values and 9% NA
        new variable 'dt_closed' (character) with 13 unique values and 0% NA
filter: removed 654 rows (9%), 6,843 rows remaining
Creating inspections table...
Saving inspections table...
Managing inspections archive...
Done.
There were 50 or more warnings (use warnings() to see the first 50)
Conditionally sending update...


2021-04-23 02:00:03
Setting `ennotify_inform = true`...
Setting `ennotify()` as error handler...
Setting `rlang_backtrace_on_error = 'full'`...
Setting `ennotify_to` to: jesse.smith@shelbycountytn.gov...
Inspections table pipeline...
Loading inspections data...
New names:
* `` -> ...9
* `` -> ...10
* `` -> ...11
* `` -> ...12
* `` -> ...13
* ...
Preparing inspections data...
mutate: new variable 'dt_visit' (Date) with 240 unique values and 0% NA
        new variable 'nm_business' (character) with 4,743 unique values and <1% NA
        new variable 'addr_business' (character) with 6,057 unique values and 1% NA
        new variable 'n_violations' (integer) with 14 unique values and 9% NA
        new variable 'dt_closed' (character) with 13 unique values and 0% NA
filter: removed 663 rows (9%), 6,869 rows remaining
Creating inspections table...
Saving inspections table...
Managing inspections archive...
Done.
There were 50 or more warnings (use warnings() to see the first 50)
Conditionally sending update...

2021-04-24 02:00:03
Setting `ennotify_inform = true`...
Setting `ennotify()` as error handler...
Setting `rlang_backtrace_on_error = 'full'`...
Setting `ennotify_to` to: jesse.smith@shelbycountytn.gov...
Inspections table pipeline...
Loading inspections data...
New names:
* `` -> ...9
* `` -> ...10
* `` -> ...11
* `` -> ...12
* `` -> ...13
* ...
Preparing inspections data...
mutate: new variable 'dt_visit' (Date) with 241 unique values and 0% NA
        new variable 'nm_business' (character) with 4,784 unique values and <1% NA
        new variable 'addr_business' (character) with 6,105 unique values and <1% NA
        new variable 'n_violations' (integer) with 14 unique values and 9% NA
        new variable 'dt_closed' (character) with 13 unique values and 0% NA
filter: removed 660 rows (9%), 6,931 rows remaining
Creating inspections table...
Saving inspections table...
Managing inspections archive...
Done.
There were 50 or more warnings (use warnings() to see the first 50)
Conditionally sending update...

2021-04-25 02:00:03
Setting `ennotify_inform = true`...
Setting `ennotify()` as error handler...
Setting `rlang_backtrace_on_error = 'full'`...
Setting `ennotify_to` to: jesse.smith@shelbycountytn.gov...
Inspections table pipeline...
Loading inspections data...
New names:
* `` -> ...9
* `` -> ...10
* `` -> ...11
* `` -> ...12
* `` -> ...13
* ...
Preparing inspections data...
mutate: new variable 'dt_visit' (Date) with 241 unique values and 0% NA
        new variable 'nm_business' (character) with 4,784 unique values and <1% NA
        new variable 'addr_business' (character) with 6,105 unique values and <1% NA
        new variable 'n_violations' (integer) with 14 unique values and 9% NA
        new variable 'dt_closed' (character) with 13 unique values and 0% NA
filter: removed 660 rows (9%), 6,931 rows remaining
Creating inspections table...
Saving inspections table...
Managing inspections archive...
Done.
There were 50 or more warnings (use warnings() to see the first 50)
Conditionally sending update...

2021-04-26 02:00:03
Setting `ennotify_inform = true`...
Setting `ennotify()` as error handler...
Setting `rlang_backtrace_on_error = 'full'`...
Setting `ennotify_to` to: jesse.smith@shelbycountytn.gov...
Inspections table pipeline...
Loading inspections data...
New names:
* `` -> ...9
* `` -> ...10
* `` -> ...11
* `` -> ...12
* `` -> ...13
* ...
Preparing inspections data...
mutate: new variable 'dt_visit' (Date) with 241 unique values and 0% NA
        new variable 'nm_business' (character) with 4,784 unique values and <1% NA
        new variable 'addr_business' (character) with 6,105 unique values and <1% NA
        new variable 'n_violations' (integer) with 14 unique values and 9% NA
        new variable 'dt_closed' (character) with 13 unique values and 0% NA
filter: removed 660 rows (9%), 6,931 rows remaining
Creating inspections table...
Saving inspections table...
Managing inspections archive...
Done.
There were 50 or more warnings (use warnings() to see the first 50)
Conditionally sending update...

2021-04-27 02:00:03
Setting `ennotify_inform = true`...
Setting `ennotify()` as error handler...
Setting `rlang_backtrace_on_error = 'full'`...
Setting `ennotify_to` to: jesse.smith@shelbycountytn.gov...
Inspections table pipeline...
Loading inspections data...
New names:
* `` -> ...9
* `` -> ...10
* `` -> ...11
* `` -> ...12
* `` -> ...13
* ...
Preparing inspections data...
mutate: new variable 'dt_visit' (Date) with 241 unique values and 0% NA
        new variable 'nm_business' (character) with 4,823 unique values and <1% NA
        new variable 'addr_business' (character) with 6,157 unique values and <1% NA
        new variable 'n_violations' (integer) with 14 unique values and 9% NA
        new variable 'dt_closed' (character) with 13 unique values and 0% NA
filter: removed 665 rows (9%), 6,989 rows remaining
Creating inspections table...
Saving inspections table...
Managing inspections archive...
Done.
There were 50 or more warnings (use warnings() to see the first 50)
Conditionally sending update...

2021-04-28 02:00:03
Setting `ennotify_inform = true`...
Setting `ennotify()` as error handler...
Setting `rlang_backtrace_on_error = 'full'`...
Setting `ennotify_to` to: jesse.smith@shelbycountytn.gov...
Inspections table pipeline...
Loading inspections data...
New names:
* `` -> ...9
* `` -> ...10
* `` -> ...11
* `` -> ...12
* `` -> ...13
* ...
Preparing inspections data...
mutate: new variable 'dt_visit' (Date) with 243 unique values and 0% NA
        new variable 'nm_business' (character) with 4,858 unique values and <1% NA
        new variable 'addr_business' (character) with 6,201 unique values and <1% NA
        new variable 'n_violations' (integer) with 14 unique values and 9% NA
        new variable 'dt_closed' (character) with 13 unique values and 0% NA
filter: removed 666 rows (9%), 7,037 rows remaining
Creating inspections table...
Saving inspections table...
Managing inspections archive...
Done.
There were 50 or more warnings (use warnings() to see the first 50)
Conditionally sending update...

2021-04-29 02:00:02
Setting `ennotify_inform = true`...
Setting `ennotify()` as error handler...
Setting `rlang_backtrace_on_error = 'full'`...
Setting `ennotify_to` to: jesse.smith@shelbycountytn.gov...
Inspections table pipeline...
Loading inspections data...
New names:
* `` -> ...9
* `` -> ...10
* `` -> ...11
* `` -> ...12
* `` -> ...13
* ...
Preparing inspections data...
mutate: new variable 'dt_visit' (Date) with 243 unique values and 0% NA
        new variable 'nm_business' (character) with 4,882 unique values and <1% NA
        new variable 'addr_business' (character) with 6,228 unique values and <1% NA
        new variable 'n_violations' (integer) with 14 unique values and 9% NA
        new variable 'dt_closed' (character) with 13 unique values and 0% NA
filter: removed 667 rows (9%), 7,076 rows remaining
Creating inspections table...
Saving inspections table...
Managing inspections archive...
Done.
There were 50 or more warnings (use warnings() to see the first 50)
Conditionally sending update...


2021-04-30 02:00:02
Setting `ennotify_inform = true`...
Setting `ennotify()` as error handler...
Setting `rlang_backtrace_on_error = 'full'`...
Setting `ennotify_to` to: jesse.smith@shelbycountytn.gov...
Inspections table pipeline...
Loading inspections data...
New names:
* `` -> ...9
* `` -> ...10
* `` -> ...11
* `` -> ...12
* `` -> ...13
* ...
Preparing inspections data...
mutate: new variable 'dt_visit' (Date) with 244 unique values and 0% NA
        new variable 'nm_business' (character) with 4,904 unique values and <1% NA
        new variable 'addr_business' (character) with 6,271 unique values and <1% NA
        new variable 'n_violations' (integer) with 14 unique values and 9% NA
        new variable 'dt_closed' (character) with 13 unique values and 0% NA
filter: removed 667 rows (9%), 7,136 rows remaining
Creating inspections table...
Saving inspections table...
Managing inspections archive...
Done.
There were 50 or more warnings (use warnings() to see the first 50)
Conditionally sending update...

2021-05-01 02:00:02
Setting `ennotify_inform = true`...
Setting `ennotify()` as error handler...
Setting `rlang_backtrace_on_error = 'full'`...
Setting `ennotify_to` to: jesse.smith@shelbycountytn.gov...
Inspections table pipeline...
Loading inspections data...
New names:
* `` -> ...9
* `` -> ...10
* `` -> ...11
* `` -> ...12
* `` -> ...13
* ...
Preparing inspections data...
mutate: new variable 'dt_visit' (Date) with 244 unique values and 0% NA
        new variable 'nm_business' (character) with 4,954 unique values and <1% NA
        new variable 'addr_business' (character) with 6,346 unique values and <1% NA
        new variable 'n_violations' (integer) with 14 unique values and 8% NA
        new variable 'dt_closed' (character) with 13 unique values and 0% NA
filter: removed 668 rows (8%), 7,228 rows remaining
Creating inspections table...
Saving inspections table...
Managing inspections archive...
Done.
There were 50 or more warnings (use warnings() to see the first 50)
Conditionally sending update...

2021-05-02 02:00:02
Setting `ennotify_inform = true`...
Setting `ennotify()` as error handler...
Setting `rlang_backtrace_on_error = 'full'`...
Setting `ennotify_to` to: jesse.smith@shelbycountytn.gov...
Inspections table pipeline...
Loading inspections data...
New names:
* `` -> ...9
* `` -> ...10
* `` -> ...11
* `` -> ...12
* `` -> ...13
* ...
Preparing inspections data...
mutate: new variable 'dt_visit' (Date) with 244 unique values and 0% NA
        new variable 'nm_business' (character) with 4,954 unique values and <1% NA
        new variable 'addr_business' (character) with 6,346 unique values and <1% NA
        new variable 'n_violations' (integer) with 14 unique values and 8% NA
        new variable 'dt_closed' (character) with 13 unique values and 0% NA
filter: removed 668 rows (8%), 7,228 rows remaining
Creating inspections table...
Saving inspections table...
Managing inspections archive...
Done.
There were 50 or more warnings (use warnings() to see the first 50)
Conditionally sending update...

2021-05-03 02:00:02
Setting `ennotify_inform = true`...
Setting `ennotify()` as error handler...
Setting `rlang_backtrace_on_error = 'full'`...
Setting `ennotify_to` to: jesse.smith@shelbycountytn.gov...
Inspections table pipeline...
Loading inspections data...
New names:
* `` -> ...9
* `` -> ...10
* `` -> ...11
* `` -> ...12
* `` -> ...13
* ...
Preparing inspections data...
mutate: new variable 'dt_visit' (Date) with 244 unique values and 0% NA
        new variable 'nm_business' (character) with 4,954 unique values and <1% NA
        new variable 'addr_business' (character) with 6,346 unique values and <1% NA
        new variable 'n_violations' (integer) with 14 unique values and 8% NA
        new variable 'dt_closed' (character) with 13 unique values and 0% NA
filter: removed 668 rows (8%), 7,228 rows remaining
Creating inspections table...
Saving inspections table...
Managing inspections archive...
Done.
There were 50 or more warnings (use warnings() to see the first 50)
Conditionally sending update...

2021-05-04 02:00:02
Setting `ennotify_inform = true`...
Setting `ennotify()` as error handler...
Setting `rlang_backtrace_on_error = 'full'`...
Setting `ennotify_to` to: jesse.smith@shelbycountytn.gov...
Inspections table pipeline...
Loading inspections data...
New names:
* `` -> ...9
* `` -> ...10
* `` -> ...11
* `` -> ...12
* `` -> ...13
* ...
Preparing inspections data...
mutate: new variable 'dt_visit' (Date) with 244 unique values and 0% NA
        new variable 'nm_business' (character) with 4,954 unique values and <1% NA
        new variable 'addr_business' (character) with 6,346 unique values and <1% NA
        new variable 'n_violations' (integer) with 14 unique values and 8% NA
        new variable 'dt_closed' (character) with 13 unique values and 0% NA
filter: removed 668 rows (8%), 7,228 rows remaining
Creating inspections table...
Saving inspections table...
Managing inspections archive...
Done.
There were 50 or more warnings (use warnings() to see the first 50)
Conditionally sending update...

2021-05-05 02:00:02
Setting `ennotify_inform = true`...
Setting `ennotify()` as error handler...
Setting `rlang_backtrace_on_error = 'full'`...
Setting `ennotify_to` to: jesse.smith@shelbycountytn.gov...
Inspections table pipeline...
Loading inspections data...
New names:
* `` -> ...9
* `` -> ...10
* `` -> ...11
* `` -> ...12
* `` -> ...13
* ...
Preparing inspections data...
mutate: new variable 'dt_visit' (Date) with 246 unique values and 0% NA
        new variable 'nm_business' (character) with 4,991 unique values and <1% NA
        new variable 'addr_business' (character) with 6,386 unique values and <1% NA
        new variable 'n_violations' (integer) with 14 unique values and 8% NA
        new variable 'dt_closed' (character) with 13 unique values and 0% NA
filter: removed 669 rows (8%), 7,285 rows remaining
Creating inspections table...
Saving inspections table...
Managing inspections archive...
Done.
There were 50 or more warnings (use warnings() to see the first 50)
Conditionally sending update...

2021-05-06 02:00:02
Setting `ennotify_inform = true`...
Setting `ennotify()` as error handler...
Setting `rlang_backtrace_on_error = 'full'`...
Setting `ennotify_to` to: jesse.smith@shelbycountytn.gov...
Inspections table pipeline...
Loading inspections data...
New names:
* `` -> ...9
* `` -> ...10
* `` -> ...11
* `` -> ...12
* `` -> ...13
* ...
Preparing inspections data...
mutate: new variable 'dt_visit' (Date) with 248 unique values and 0% NA
        new variable 'nm_business' (character) with 5,008 unique values and <1% NA
        new variable 'addr_business' (character) with 6,408 unique values and <1% NA
        new variable 'n_violations' (integer) with 14 unique values and 8% NA
        new variable 'dt_closed' (character) with 13 unique values and 0% NA
filter: removed 669 rows (8%), 7,313 rows remaining
Creating inspections table...
Saving inspections table...
Managing inspections archive...
Done.
There were 50 or more warnings (use warnings() to see the first 50)
Conditionally sending update...


2021-05-07 02:00:02
Setting `ennotify_inform = true`...
Setting `ennotify()` as error handler...
Setting `rlang_backtrace_on_error = 'full'`...
Setting `ennotify_to` to: jesse.smith@shelbycountytn.gov...
Inspections table pipeline...
Loading inspections data...
New names:
* `` -> ...9
* `` -> ...10
* `` -> ...11
* `` -> ...12
* `` -> ...13
* ...
Preparing inspections data...
mutate: new variable 'dt_visit' (Date) with 250 unique values and 0% NA
        new variable 'nm_business' (character) with 5,046 unique values and <1% NA
        new variable 'addr_business' (character) with 6,468 unique values and <1% NA
        new variable 'n_violations' (integer) with 14 unique values and 8% NA
        new variable 'dt_closed' (character) with 13 unique values and 0% NA
filter: removed 679 rows (8%), 7,379 rows remaining
Creating inspections table...
Saving inspections table...
Managing inspections archive...
Done.
There were 50 or more warnings (use warnings() to see the first 50)
Conditionally sending update...

2021-05-08 02:00:02
Setting `ennotify_inform = true`...
Setting `ennotify()` as error handler...
Setting `rlang_backtrace_on_error = 'full'`...
Setting `ennotify_to` to: jesse.smith@shelbycountytn.gov...
Inspections table pipeline...
Loading inspections data...
New names:
* `` -> ...9
* `` -> ...10
* `` -> ...11
* `` -> ...12
* `` -> ...13
* ...
Preparing inspections data...
mutate: new variable 'dt_visit' (Date) with 252 unique values and 0% NA
        new variable 'nm_business' (character) with 5,080 unique values and <1% NA
        new variable 'addr_business' (character) with 6,526 unique values and <1% NA
        new variable 'n_violations' (integer) with 14 unique values and 8% NA
        new variable 'dt_closed' (character) with 13 unique values and 0% NA
filter: removed 657 rows (8%), 7,467 rows remaining
Creating inspections table...
Saving inspections table...
Managing inspections archive...
Done.
There were 50 or more warnings (use warnings() to see the first 50)
Conditionally sending update...

2021-05-09 02:00:02
Setting `ennotify_inform = true`...
Setting `ennotify()` as error handler...
Setting `rlang_backtrace_on_error = 'full'`...
Setting `ennotify_to` to: jesse.smith@shelbycountytn.gov...
Inspections table pipeline...
Loading inspections data...
New names:
* `` -> ...9
* `` -> ...10
* `` -> ...11
* `` -> ...12
* `` -> ...13
* ...
Preparing inspections data...
mutate: new variable 'dt_visit' (Date) with 252 unique values and 0% NA
        new variable 'nm_business' (character) with 5,080 unique values and <1% NA
        new variable 'addr_business' (character) with 6,526 unique values and <1% NA
        new variable 'n_violations' (integer) with 14 unique values and 8% NA
        new variable 'dt_closed' (character) with 13 unique values and 0% NA
filter: removed 657 rows (8%), 7,467 rows remaining
Creating inspections table...
Saving inspections table...
Managing inspections archive...
Done.
There were 50 or more warnings (use warnings() to see the first 50)
Conditionally sending update...

2021-05-10 02:00:02
Setting `ennotify_inform = true`...
Setting `ennotify()` as error handler...
Setting `rlang_backtrace_on_error = 'full'`...
Setting `ennotify_to` to: jesse.smith@shelbycountytn.gov...
Inspections table pipeline...
Loading inspections data...
New names:
* `` -> ...9
* `` -> ...10
* `` -> ...11
* `` -> ...12
* `` -> ...13
* ...
Preparing inspections data...
mutate: new variable 'dt_visit' (Date) with 252 unique values and 0% NA
        new variable 'nm_business' (character) with 5,080 unique values and <1% NA
        new variable 'addr_business' (character) with 6,526 unique values and <1% NA
        new variable 'n_violations' (integer) with 14 unique values and 8% NA
        new variable 'dt_closed' (character) with 13 unique values and 0% NA
filter: removed 657 rows (8%), 7,467 rows remaining
Creating inspections table...
Saving inspections table...
Managing inspections archive...
Done.
There were 50 or more warnings (use warnings() to see the first 50)
Conditionally sending update...

2021-05-11 02:00:02
Setting `ennotify_inform = true`...
Setting `ennotify()` as error handler...
Setting `rlang_backtrace_on_error = 'full'`...
Setting `ennotify_to` to: jesse.smith@shelbycountytn.gov...
Inspections table pipeline...
Loading inspections data...
New names:
* `` -> ...9
* `` -> ...10
* `` -> ...11
* `` -> ...12
* `` -> ...13
* ...
Preparing inspections data...
mutate: new variable 'dt_visit' (Date) with 255 unique values and <1% NA
        new variable 'nm_business' (character) with 5,114 unique values and <1% NA
        new variable 'addr_business' (character) with 6,573 unique values and <1% NA
        new variable 'n_violations' (integer) with 14 unique values and 8% NA
        new variable 'dt_closed' (character) with 13 unique values and 0% NA
filter: removed 659 rows (8%), 7,522 rows remaining
Creating inspections table...
Saving inspections table...
Managing inspections archive...
Done.
There were 50 or more warnings (use warnings() to see the first 50)
Conditionally sending update...

2021-05-12 02:00:02
Setting `ennotify_inform = true`...
Setting `ennotify()` as error handler...
Setting `rlang_backtrace_on_error = 'full'`...
Setting `ennotify_to` to: jesse.smith@shelbycountytn.gov...
Inspections table pipeline...
Loading inspections data...
New names:
* `` -> ...9
* `` -> ...10
* `` -> ...11
* `` -> ...12
* `` -> ...13
* ...
Preparing inspections data...
mutate: new variable 'dt_visit' (Date) with 254 unique values and 0% NA
        new variable 'nm_business' (character) with 5,189 unique values and <1% NA
        new variable 'addr_business' (character) with 6,676 unique values and <1% NA
        new variable 'n_violations' (integer) with 14 unique values and 8% NA
        new variable 'dt_closed' (character) with 13 unique values and 0% NA
filter: removed 659 rows (8%), 7,654 rows remaining
Creating inspections table...
Saving inspections table...
Managing inspections archive...
Done.
There were 50 or more warnings (use warnings() to see the first 50)
Conditionally sending update...

2021-05-13 02:00:02
Setting `ennotify_inform = true`...
Setting `ennotify()` as error handler...
Setting `rlang_backtrace_on_error = 'full'`...
Setting `ennotify_to` to: jesse.smith@shelbycountytn.gov...
Inspections table pipeline...
Loading inspections data...
New names:
* `` -> ...9
* `` -> ...10
* `` -> ...11
* `` -> ...12
* `` -> ...13
* ...
Preparing inspections data...
mutate: new variable 'dt_visit' (Date) with 256 unique values and 0% NA
        new variable 'nm_business' (character) with 5,218 unique values and <1% NA
        new variable 'addr_business' (character) with 6,716 unique values and 1% NA
        new variable 'n_violations' (integer) with 14 unique values and 8% NA
        new variable 'dt_closed' (character) with 13 unique values and 0% NA
filter: removed 667 rows (8%), 7,709 rows remaining
Creating inspections table...
Saving inspections table...
Managing inspections archive...
Done.
There were 50 or more warnings (use warnings() to see the first 50)
Conditionally sending update...


2021-05-14 02:00:02
Setting `ennotify_inform = true`...
Setting `ennotify()` as error handler...
Setting `rlang_backtrace_on_error = 'full'`...
Setting `ennotify_to` to: jesse.smith@shelbycountytn.gov...
Inspections table pipeline...
Loading inspections data...
New names:
* `` -> ...9
* `` -> ...10
* `` -> ...11
* `` -> ...12
* `` -> ...13
* ...
Preparing inspections data...
mutate: new variable 'dt_visit' (Date) with 256 unique values and 0% NA
        new variable 'nm_business' (character) with 5,250 unique values and <1% NA
        new variable 'addr_business' (character) with 6,759 unique values and <1% NA
        new variable 'n_violations' (integer) with 14 unique values and 8% NA
        new variable 'dt_closed' (character) with 13 unique values and 0% NA
filter: removed 660 rows (8%), 7,769 rows remaining
Creating inspections table...
Saving inspections table...
Managing inspections archive...
Done.
There were 50 or more warnings (use warnings() to see the first 50)
Conditionally sending update...

2021-05-15 02:00:02
Setting `ennotify_inform = true`...
Setting `ennotify()` as error handler...
Setting `rlang_backtrace_on_error = 'full'`...
Setting `ennotify_to` to: jesse.smith@shelbycountytn.gov...
Inspections table pipeline...
Loading inspections data...
Error: `path` does not exist: 'V:/Compliance/Inspection Data for Publishing/Grand List of Inspections.xlsx'

Execution halted

2021-05-16 02:00:02
Setting `ennotify_inform = true`...
Setting `ennotify()` as error handler...
Setting `rlang_backtrace_on_error = 'full'`...
Setting `ennotify_to` to: jesse.smith@shelbycountytn.gov...
Inspections table pipeline...
Loading inspections data...
Error: `path` does not exist: 'V:/Compliance/Inspection Data for Publishing/Grand List of Inspections.xlsx'

Execution halted

2021-05-17 02:00:02
Setting `ennotify_inform = true`...
Setting `ennotify()` as error handler...
Setting `rlang_backtrace_on_error = 'full'`...
Setting `ennotify_to` to: jesse.smith@shelbycountytn.gov...
Inspections table pipeline...
Loading inspections data...
Error: `path` does not exist: 'V:/Compliance/Inspection Data for Publishing/Grand List of Inspections.xlsx'

Execution halted

2021-05-18 02:00:02
Setting `ennotify_inform = true`...
Setting `ennotify()` as error handler...
Setting `rlang_backtrace_on_error = 'full'`...
Setting `ennotify_to` to: jesse.smith@shelbycountytn.gov...
Inspections table pipeline...
Loading inspections data...
New names:
* `` -> ...9
* `` -> ...10
* `` -> ...11
* `` -> ...12
* `` -> ...13
* ...
Preparing inspections data...
mutate: new variable 'dt_visit' (Date) with 258 unique values and 0% NA
        new variable 'nm_business' (character) with 5,256 unique values and <1% NA
        new variable 'addr_business' (character) with 6,766 unique values and <1% NA
        new variable 'n_violations' (integer) with 14 unique values and 8% NA
        new variable 'dt_closed' (character) with 13 unique values and 0% NA
filter: removed 660 rows (8%), 7,780 rows remaining
Creating inspections table...
Saving inspections table...
Managing inspections archive...
Done.
There were 50 or more warnings (use warnings() to see the first 50)
Conditionally sending update...

2021-05-19 02:00:02
Setting `ennotify_inform = true`...
Setting `ennotify()` as error handler...
Setting `rlang_backtrace_on_error = 'full'`...
Setting `ennotify_to` to: jesse.smith@shelbycountytn.gov...
Inspections table pipeline...
Loading inspections data...
New names:
* `` -> ...9
* `` -> ...10
* `` -> ...11
* `` -> ...12
* `` -> ...13
* ...
Preparing inspections data...
mutate: new variable 'dt_visit' (Date) with 259 unique values and 0% NA
        new variable 'nm_business' (character) with 5,263 unique values and <1% NA
        new variable 'addr_business' (character) with 6,786 unique values and <1% NA
        new variable 'n_violations' (integer) with 14 unique values and 8% NA
        new variable 'dt_closed' (character) with 13 unique values and 0% NA
filter: removed 660 rows (8%), 7,811 rows remaining
Creating inspections table...
Saving inspections table...
Managing inspections archive...
Done.
There were 50 or more warnings (use warnings() to see the first 50)
Conditionally sending update...

2021-05-20 02:00:02
Setting `ennotify_inform = true`...
Setting `ennotify()` as error handler...
Setting `rlang_backtrace_on_error = 'full'`...
Setting `ennotify_to` to: jesse.smith@shelbycountytn.gov...
Inspections table pipeline...
Loading inspections data...
New names:
* `` -> ...9
* `` -> ...10
* `` -> ...11
* `` -> ...12
* `` -> ...13
* ...
Preparing inspections data...
mutate: new variable 'dt_visit' (Date) with 260 unique values and 0% NA
        new variable 'nm_business' (character) with 5,294 unique values and <1% NA
        new variable 'addr_business' (character) with 6,825 unique values and <1% NA
        new variable 'n_violations' (integer) with 14 unique values and 8% NA
        new variable 'dt_closed' (character) with 13 unique values and 0% NA
filter: removed 660 rows (8%), 7,874 rows remaining
Creating inspections table...
Saving inspections table...
Managing inspections archive...
Done.
There were 50 or more warnings (use warnings() to see the first 50)
Conditionally sending update...


2021-05-21 02:00:02
Setting `ennotify_inform = true`...
Setting `ennotify()` as error handler...
Setting `rlang_backtrace_on_error = 'full'`...
Setting `ennotify_to` to: jesse.smith@shelbycountytn.gov...
Inspections table pipeline...
Loading inspections data...
New names:
* `` -> ...9
* `` -> ...10
* `` -> ...11
* `` -> ...12
* `` -> ...13
* ...
Preparing inspections data...
mutate: new variable 'dt_visit' (Date) with 260 unique values and 0% NA
        new variable 'nm_business' (character) with 5,294 unique values and <1% NA
        new variable 'addr_business' (character) with 6,825 unique values and <1% NA
        new variable 'n_violations' (integer) with 14 unique values and 8% NA
        new variable 'dt_closed' (character) with 13 unique values and 0% NA
filter: removed 660 rows (8%), 7,874 rows remaining
Creating inspections table...
Saving inspections table...
Managing inspections archive...
Done.
There were 50 or more warnings (use warnings() to see the first 50)
Conditionally sending update...

2021-05-22 02:00:02
Setting `ennotify_inform = true`...
Setting `ennotify()` as error handler...
Setting `rlang_backtrace_on_error = 'full'`...
Setting `ennotify_to` to: jesse.smith@shelbycountytn.gov...
Inspections table pipeline...
Loading inspections data...
New names:
* `` -> ...9
* `` -> ...10
* `` -> ...11
* `` -> ...12
* `` -> ...13
* ...
Preparing inspections data...
mutate: new variable 'dt_visit' (Date) with 260 unique values and 0% NA
        new variable 'nm_business' (character) with 5,294 unique values and <1% NA
        new variable 'addr_business' (character) with 6,825 unique values and <1% NA
        new variable 'n_violations' (integer) with 14 unique values and 8% NA
        new variable 'dt_closed' (character) with 13 unique values and 0% NA
filter: removed 660 rows (8%), 7,874 rows remaining
Creating inspections table...
Saving inspections table...
Managing inspections archive...
Done.
There were 50 or more warnings (use warnings() to see the first 50)
Conditionally sending update...

2021-05-23 02:00:02
Setting `ennotify_inform = true`...
Setting `ennotify()` as error handler...
Setting `rlang_backtrace_on_error = 'full'`...
Setting `ennotify_to` to: jesse.smith@shelbycountytn.gov...
Inspections table pipeline...
Loading inspections data...
New names:
* `` -> ...9
* `` -> ...10
* `` -> ...11
* `` -> ...12
* `` -> ...13
* ...
Preparing inspections data...
mutate: new variable 'dt_visit' (Date) with 260 unique values and 0% NA
        new variable 'nm_business' (character) with 5,294 unique values and <1% NA
        new variable 'addr_business' (character) with 6,825 unique values and <1% NA
        new variable 'n_violations' (integer) with 14 unique values and 8% NA
        new variable 'dt_closed' (character) with 13 unique values and 0% NA
filter: removed 660 rows (8%), 7,874 rows remaining
Creating inspections table...
Saving inspections table...
Managing inspections archive...
Done.
There were 50 or more warnings (use warnings() to see the first 50)
Conditionally sending update...

2021-05-24 02:00:02
Setting `ennotify_inform = true`...
Setting `ennotify()` as error handler...
Setting `rlang_backtrace_on_error = 'full'`...
Setting `ennotify_to` to: jesse.smith@shelbycountytn.gov...
Inspections table pipeline...
Loading inspections data...
New names:
* `` -> ...9
* `` -> ...10
* `` -> ...11
* `` -> ...12
* `` -> ...13
* ...
Preparing inspections data...
mutate: new variable 'dt_visit' (Date) with 260 unique values and 0% NA
        new variable 'nm_business' (character) with 5,294 unique values and <1% NA
        new variable 'addr_business' (character) with 6,825 unique values and <1% NA
        new variable 'n_violations' (integer) with 14 unique values and 8% NA
        new variable 'dt_closed' (character) with 13 unique values and 0% NA
filter: removed 660 rows (8%), 7,874 rows remaining
Creating inspections table...
Saving inspections table...
Managing inspections archive...
Done.
There were 50 or more warnings (use warnings() to see the first 50)
Conditionally sending update...

2021-05-25 02:00:02
Setting `ennotify_inform = true`...
Setting `ennotify()` as error handler...
Setting `rlang_backtrace_on_error = 'full'`...
Setting `ennotify_to` to: jesse.smith@shelbycountytn.gov...
Inspections table pipeline...
Loading inspections data...
New names:
* `` -> ...9
* `` -> ...10
* `` -> ...11
* `` -> ...12
* `` -> ...13
* ...
Preparing inspections data...
mutate: new variable 'dt_visit' (Date) with 263 unique values and 0% NA
        new variable 'nm_business' (character) with 5,306 unique values and <1% NA
        new variable 'addr_business' (character) with 6,852 unique values and <1% NA
        new variable 'n_violations' (integer) with 14 unique values and 8% NA
        new variable 'dt_closed' (character) with 13 unique values and 0% NA
filter: removed 660 rows (8%), 7,913 rows remaining
Creating inspections table...
Saving inspections table...
Managing inspections archive...
Done.
There were 50 or more warnings (use warnings() to see the first 50)
Conditionally sending update...

2021-05-26 02:00:02
Setting `ennotify_inform = true`...
Setting `ennotify()` as error handler...
Setting `rlang_backtrace_on_error = 'full'`...
Setting `ennotify_to` to: jesse.smith@shelbycountytn.gov...
Inspections table pipeline...
Loading inspections data...
New names:
* `` -> ...9
* `` -> ...10
* `` -> ...11
* `` -> ...12
* `` -> ...13
* ...
Preparing inspections data...
mutate: new variable 'dt_visit' (Date) with 266 unique values and 0% NA
        new variable 'nm_business' (character) with 5,328 unique values and <1% NA
        new variable 'addr_business' (character) with 6,881 unique values and <1% NA
        new variable 'n_violations' (integer) with 14 unique values and 8% NA
        new variable 'dt_closed' (character) with 13 unique values and 0% NA
filter: removed 660 rows (8%), 7,947 rows remaining
Creating inspections table...
Saving inspections table...
Managing inspections archive...
Done.
There were 50 or more warnings (use warnings() to see the first 50)
Conditionally sending update...

2021-05-27 02:00:02
Setting `ennotify_inform = true`...
Setting `ennotify()` as error handler...
Setting `rlang_backtrace_on_error = 'full'`...
Setting `ennotify_to` to: jesse.smith@shelbycountytn.gov...
Inspections table pipeline...
Loading inspections data...
New names:
* `` -> ...9
* `` -> ...10
* `` -> ...11
* `` -> ...12
* `` -> ...13
* ...
Preparing inspections data...
mutate: new variable 'dt_visit' (Date) with 267 unique values and 0% NA
        new variable 'nm_business' (character) with 5,371 unique values and <1% NA
        new variable 'addr_business' (character) with 6,938 unique values and <1% NA
        new variable 'n_violations' (integer) with 14 unique values and 8% NA
        new variable 'dt_closed' (character) with 13 unique values and 0% NA
filter: removed 660 rows (8%), 8,008 rows remaining
Creating inspections table...
Saving inspections table...
Managing inspections archive...
Done.
There were 50 or more warnings (use warnings() to see the first 50)
Conditionally sending update...


2021-05-28 02:00:02
Setting `ennotify_inform = true`...
Setting `ennotify()` as error handler...
Setting `rlang_backtrace_on_error = 'full'`...
Setting `ennotify_to` to: jesse.smith@shelbycountytn.gov...
Inspections table pipeline...
Loading inspections data...
New names:
* `` -> ...9
* `` -> ...10
* `` -> ...11
* `` -> ...12
* `` -> ...13
* ...
Preparing inspections data...
mutate: new variable 'dt_visit' (Date) with 268 unique values and 0% NA
        new variable 'nm_business' (character) with 5,396 unique values and <1% NA
        new variable 'addr_business' (character) with 6,972 unique values and <1% NA
        new variable 'n_violations' (integer) with 14 unique values and 8% NA
        new variable 'dt_closed' (character) with 13 unique values and 0% NA
filter: removed 660 rows (8%), 8,047 rows remaining
Creating inspections table...
Saving inspections table...
Managing inspections archive...
Done.
There were 50 or more warnings (use warnings() to see the first 50)
Conditionally sending update...

2021-05-29 02:00:03
Setting `ennotify_inform = true`...
Setting `ennotify()` as error handler...
Setting `rlang_backtrace_on_error = 'full'`...
Setting `ennotify_to` to: jesse.smith@shelbycountytn.gov...
Inspections table pipeline...
Loading inspections data...
New names:
* `` -> ...9
* `` -> ...10
* `` -> ...11
* `` -> ...12
* `` -> ...13
* ...
Preparing inspections data...
mutate: new variable 'dt_visit' (Date) with 268 unique values and 0% NA
        new variable 'nm_business' (character) with 5,396 unique values and <1% NA
        new variable 'addr_business' (character) with 6,972 unique values and <1% NA
        new variable 'n_violations' (integer) with 14 unique values and 8% NA
        new variable 'dt_closed' (character) with 13 unique values and 0% NA
filter: removed 660 rows (8%), 8,047 rows remaining
Creating inspections table...
Saving inspections table...
Managing inspections archive...
Done.
There were 50 or more warnings (use warnings() to see the first 50)
Conditionally sending update...

2021-05-30 02:00:02
Setting `ennotify_inform = true`...
Setting `ennotify()` as error handler...
Setting `rlang_backtrace_on_error = 'full'`...
Setting `ennotify_to` to: jesse.smith@shelbycountytn.gov...
Inspections table pipeline...
Loading inspections data...
New names:
* `` -> ...9
* `` -> ...10
* `` -> ...11
* `` -> ...12
* `` -> ...13
* ...
Preparing inspections data...
mutate: new variable 'dt_visit' (Date) with 268 unique values and 0% NA
        new variable 'nm_business' (character) with 5,396 unique values and <1% NA
        new variable 'addr_business' (character) with 6,972 unique values and <1% NA
        new variable 'n_violations' (integer) with 14 unique values and 8% NA
        new variable 'dt_closed' (character) with 13 unique values and 0% NA
filter: removed 660 rows (8%), 8,047 rows remaining
Creating inspections table...
Saving inspections table...
Managing inspections archive...
Done.
There were 50 or more warnings (use warnings() to see the first 50)
Conditionally sending update...

2021-05-31 02:00:02
Setting `ennotify_inform = true`...
Setting `ennotify()` as error handler...
Setting `rlang_backtrace_on_error = 'full'`...
Setting `ennotify_to` to: jesse.smith@shelbycountytn.gov...
Inspections table pipeline...
Loading inspections data...
New names:
* `` -> ...9
* `` -> ...10
* `` -> ...11
* `` -> ...12
* `` -> ...13
* ...
Preparing inspections data...
mutate: new variable 'dt_visit' (Date) with 268 unique values and 0% NA
        new variable 'nm_business' (character) with 5,396 unique values and <1% NA
        new variable 'addr_business' (character) with 6,972 unique values and <1% NA
        new variable 'n_violations' (integer) with 14 unique values and 8% NA
        new variable 'dt_closed' (character) with 13 unique values and 0% NA
filter: removed 660 rows (8%), 8,047 rows remaining
Creating inspections table...
Saving inspections table...
Managing inspections archive...
Done.
There were 50 or more warnings (use warnings() to see the first 50)
Conditionally sending update...

2021-06-01 02:00:02
Setting `ennotify_inform = true`...
Setting `ennotify()` as error handler...
Setting `rlang_backtrace_on_error = 'full'`...
Setting `ennotify_to` to: jesse.smith@shelbycountytn.gov...
Inspections table pipeline...
Loading inspections data...
New names:
* `` -> ...9
* `` -> ...10
* `` -> ...11
* `` -> ...12
* `` -> ...13
* ...
Preparing inspections data...
mutate: new variable 'dt_visit' (Date) with 269 unique values and 0% NA
        new variable 'nm_business' (character) with 5,432 unique values and <1% NA
        new variable 'addr_business' (character) with 7,020 unique values and <1% NA
        new variable 'n_violations' (integer) with 14 unique values and 7% NA
        new variable 'dt_closed' (character) with 13 unique values and 0% NA
filter: removed 660 rows (8%), 8,118 rows remaining
Creating inspections table...
Saving inspections table...
Managing inspections archive...
Done.
There were 50 or more warnings (use warnings() to see the first 50)
Conditionally sending update...

2021-06-02 02:00:03
Setting `ennotify_inform = true`...
Setting `ennotify()` as error handler...
Setting `rlang_backtrace_on_error = 'full'`...
Setting `ennotify_to` to: jesse.smith@shelbycountytn.gov...
Inspections table pipeline...
Loading inspections data...
New names:
* `` -> ...9
* `` -> ...10
* `` -> ...11
* `` -> ...12
* `` -> ...13
* ...
Preparing inspections data...
mutate: new variable 'dt_visit' (Date) with 272 unique values and 0% NA
        new variable 'nm_business' (character) with 5,446 unique values and <1% NA
        new variable 'addr_business' (character) with 7,040 unique values and <1% NA
        new variable 'n_violations' (integer) with 14 unique values and 7% NA
        new variable 'dt_closed' (character) with 13 unique values and 0% NA
filter: removed 660 rows (7%), 8,155 rows remaining
Creating inspections table...
Saving inspections table...
Managing inspections archive...
Done.
There were 50 or more warnings (use warnings() to see the first 50)
Conditionally sending update...

2021-06-03 02:00:03
Setting `ennotify_inform = true`...
Setting `ennotify()` as error handler...
Setting `rlang_backtrace_on_error = 'full'`...
Setting `ennotify_to` to: jesse.smith@shelbycountytn.gov...
Inspections table pipeline...
Loading inspections data...
New names:
* `` -> ...9
* `` -> ...10
* `` -> ...11
* `` -> ...12
* `` -> ...13
* ...
Preparing inspections data...
mutate: new variable 'dt_visit' (Date) with 272 unique values and 0% NA
        new variable 'nm_business' (character) with 5,471 unique values and <1% NA
        new variable 'addr_business' (character) with 7,076 unique values and <1% NA
        new variable 'n_violations' (integer) with 14 unique values and 7% NA
        new variable 'dt_closed' (character) with 13 unique values and 0% NA
filter: removed 660 rows (7%), 8,204 rows remaining
Creating inspections table...
Saving inspections table...
Managing inspections archive...
Done.
There were 50 or more warnings (use warnings() to see the first 50)
Conditionally sending update...


2021-06-04 02:00:03
Setting `ennotify_inform = true`...
Setting `ennotify()` as error handler...
Setting `rlang_backtrace_on_error = 'full'`...
Setting `ennotify_to` to: jesse.smith@shelbycountytn.gov...
Inspections table pipeline...
Loading inspections data...
New names:
* `` -> ...9
* `` -> ...10
* `` -> ...11
* `` -> ...12
* `` -> ...13
* ...
Preparing inspections data...
mutate: new variable 'dt_visit' (Date) with 274 unique values and 0% NA
        new variable 'nm_business' (character) with 5,514 unique values and <1% NA
        new variable 'addr_business' (character) with 7,137 unique values and <1% NA
        new variable 'n_violations' (integer) with 14 unique values and 7% NA
        new variable 'dt_closed' (character) with 13 unique values and 0% NA
filter: removed 660 rows (7%), 8,297 rows remaining
Creating inspections table...
Saving inspections table...
Managing inspections archive...
Done.
There were 50 or more warnings (use warnings() to see the first 50)
Conditionally sending update...
