
2020-12-15 09:01:21
Loading inspections data...
New names:
* `` -> ...9
* `` -> ...10
* `` -> ...11
* `` -> ...12
* `` -> ...13
* ...
Preparing inspections data...
mutate: new variable 'dt_visit' (Date) with 124 unique values and 0% NA
        new variable 'nm_business' (character) with 2,003 unique values and <1% NA
        new variable 'addr_business' (character) with 2,481 unique values and 1% NA
        new variable 'n_violations' (integer) with 10 unique values and 14% NA
        new variable 'dt_closed' (Date) with 6 unique values and >99% NA
filter: removed 415 rows (14%), 2,564 rows remaining
Creating inspections table...
Saving inspections table...
Managing inspections archive...
Done.

2020-12-16 02:00:02
Loading inspections data...
New names:
* `` -> ...9
* `` -> ...10
* `` -> ...11
* `` -> ...12
* `` -> ...13
* ...
Preparing inspections data...
mutate: new variable 'dt_visit' (Date) with 125 unique values and 0% NA
        new variable 'nm_business' (character) with 2,043 unique values and <1% NA
        new variable 'addr_business' (character) with 2,531 unique values and 1% NA
        new variable 'n_violations' (integer) with 10 unique values and 14% NA
        new variable 'dt_closed' (Date) with 6 unique values and >99% NA
filter: removed 424 rows (14%), 2,610 rows remaining
Creating inspections table...
Saving inspections table...
Managing inspections archive...
Done.

2020-12-17 02:00:02
Loading inspections data...
New names:
* `` -> ...9
* `` -> ...10
* `` -> ...11
* `` -> ...12
* `` -> ...13
* ...
Preparing inspections data...
mutate: new variable 'dt_visit' (Date) with 125 unique values and 0% NA
        new variable 'nm_business' (character) with 2,093 unique values and <1% NA
        new variable 'addr_business' (character) with 2,588 unique values and 1% NA
        new variable 'n_violations' (integer) with 10 unique values and 14% NA
        new variable 'dt_closed' (Date) with 6 unique values and >99% NA
filter: removed 428 rows (14%), 2,665 rows remaining
Creating inspections table...
Saving inspections table...
Managing inspections archive...
Done.

2020-12-18 02:00:02
Loading inspections data...
New names:
* `` -> ...9
* `` -> ...10
* `` -> ...11
* `` -> ...12
* `` -> ...13
* ...
Preparing inspections data...
mutate: new variable 'dt_visit' (Date) with 127 unique values and 0% NA
        new variable 'nm_business' (character) with 2,112 unique values and <1% NA
        new variable 'addr_business' (character) with 2,611 unique values and 1% NA
        new variable 'n_violations' (integer) with 10 unique values and 14% NA
        new variable 'dt_closed' (Date) with 6 unique values and >99% NA
filter: removed 434 rows (14%), 2,684 rows remaining
Creating inspections table...
Saving inspections table...
Managing inspections archive...
Done.

2020-12-19 02:00:02
Loading inspections data...
New names:
* `` -> ...9
* `` -> ...10
* `` -> ...11
* `` -> ...12
* `` -> ...13
* ...
Preparing inspections data...
mutate: new variable 'dt_visit' (Date) with 129 unique values and 0% NA
        new variable 'nm_business' (character) with 2,122 unique values and <1% NA
        new variable 'addr_business' (character) with 2,631 unique values and 1% NA
        new variable 'n_violations' (integer) with 10 unique values and 14% NA
        new variable 'dt_closed' (Date) with 6 unique values and >99% NA
filter: removed 436 rows (14%), 2,707 rows remaining
Creating inspections table...
Saving inspections table...
Managing inspections archive...
Done.

2020-12-20 02:00:02
Loading inspections data...
New names:
* `` -> ...9
* `` -> ...10
* `` -> ...11
* `` -> ...12
* `` -> ...13
* ...
Preparing inspections data...
mutate: new variable 'dt_visit' (Date) with 129 unique values and 0% NA
        new variable 'nm_business' (character) with 2,122 unique values and <1% NA
        new variable 'addr_business' (character) with 2,631 unique values and 1% NA
        new variable 'n_violations' (integer) with 10 unique values and 14% NA
        new variable 'dt_closed' (Date) with 12 unique values and 99% NA
filter: removed 436 rows (14%), 2,707 rows remaining
Creating inspections table...
Saving inspections table...
Managing inspections archive...
Done.

2020-12-21 02:00:02
Loading inspections data...
New names:
* `` -> ...9
* `` -> ...10
* `` -> ...11
* `` -> ...12
* `` -> ...13
* ...
Preparing inspections data...
mutate: new variable 'dt_visit' (Date) with 129 unique values and 0% NA
        new variable 'nm_business' (character) with 2,122 unique values and <1% NA
        new variable 'addr_business' (character) with 2,631 unique values and 1% NA
        new variable 'n_violations' (integer) with 10 unique values and 14% NA
        new variable 'dt_closed' (Date) with 12 unique values and 99% NA
filter: removed 436 rows (14%), 2,707 rows remaining
Creating inspections table...
Saving inspections table...
Managing inspections archive...
Done.

2020-12-22 02:00:02
Loading inspections data...
New names:
* `` -> ...9
* `` -> ...10
* `` -> ...11
* `` -> ...12
* `` -> ...13
* ...
Preparing inspections data...
mutate: new variable 'dt_visit' (Date) with 131 unique values and 0% NA
        new variable 'nm_business' (character) with 2,135 unique values and <1% NA
        new variable 'addr_business' (character) with 2,647 unique values and 1% NA
        new variable 'n_violations' (integer) with 10 unique values and 14% NA
        new variable 'dt_closed' (Date) with 12 unique values and 99% NA
filter: removed 439 rows (14%), 2,723 rows remaining
Creating inspections table...
Saving inspections table...
Managing inspections archive...
Done.

2020-12-22 09:36:53
Loading inspections data...
New names:
* `` -> ...9
* `` -> ...10
* `` -> ...11
* `` -> ...12
* `` -> ...13
* ...
Preparing inspections data...
mutate: new variable 'dt_visit' (Date) with 133 unique values and <1% NA
        new variable 'nm_business' (character) with 2,141 unique values and <1% NA
        new variable 'addr_business' (character) with 2,656 unique values and 1% NA
        new variable 'n_violations' (integer) with 10 unique values and 14% NA
        new variable 'dt_closed' (Date) with 12 unique values and 99% NA
filter: removed 441 rows (14%), 2,733 rows remaining
Creating inspections table...
Saving inspections table...
Managing inspections archive...
Done.

2020-12-22 09:38:36
Loading inspections data...
New names:
* `` -> ...9
* `` -> ...10
* `` -> ...11
* `` -> ...12
* `` -> ...13
* ...
Preparing inspections data...
mutate: new variable 'dt_visit' (Date) with 133 unique values and <1% NA
        new variable 'nm_business' (character) with 2,141 unique values and <1% NA
        new variable 'addr_business' (character) with 2,656 unique values and 1% NA
        new variable 'n_violations' (integer) with 10 unique values and 14% NA
        new variable 'dt_closed' (Date) with 12 unique values and 99% NA
filter: removed 441 rows (14%), 2,733 rows remaining
Creating inspections table...
Saving inspections table...
Managing inspections archive...
Done.

2020-12-22 10:50:09
Loading inspections data...
New names:
* `` -> ...9
* `` -> ...10
* `` -> ...11
* `` -> ...12
* `` -> ...13
* ...
Preparing inspections data...
mutate: new variable 'dt_visit' (Date) with 132 unique values and 0% NA
        new variable 'nm_business' (character) with 2,147 unique values and <1% NA
        new variable 'addr_business' (character) with 2,664 unique values and 1% NA
        new variable 'n_violations' (integer) with 10 unique values and 14% NA
        new variable 'dt_closed' (Date) with 12 unique values and 99% NA
filter: removed 440 rows (14%), 2,742 rows remaining
Creating inspections table...
Saving inspections table...
Error : [EPERM] Failed to stat 'V:/Compliance/Inspection Data for Publishing/Table/inspections_table_2020-12-22.html': operation not permitted
In addition: Warning messages:
1: Problem with `mutate()` input `dt_visit`.
i NA, NA, NA, NA, NA, NA was malformed
i Input `dt_visit` is ``%>%`(...)`. 
2: NA, NA, NA, NA, NA, NA was malformed 
3: Problem with `mutate()` input `n_violations`.
i NAs introduced by coercion
i Input `n_violations` is ``%>%`(...)`. 
4: In coviData::coalesce_across(dplyr::contains("violations")) %>%  :
  NAs introduced by coercion

2020-12-23 02:00:02
Loading inspections data...
New names:
* `` -> ...9
* `` -> ...10
* `` -> ...11
* `` -> ...12
* `` -> ...13
* ...
Preparing inspections data...
mutate: new variable 'dt_visit' (Date) with 133 unique values and 0% NA
        new variable 'nm_business' (character) with 2,157 unique values and <1% NA
        new variable 'addr_business' (character) with 2,674 unique values and 1% NA
        new variable 'n_violations' (integer) with 10 unique values and 14% NA
        new variable 'dt_closed' (Date) with 12 unique values and 99% NA
filter: removed 439 rows (14%), 2,755 rows remaining
Creating inspections table...
Saving inspections table...
Managing inspections archive...
Done.

2020-12-23 10:35:11
Loading inspections data...
New names:
* `` -> ...9
* `` -> ...10
* `` -> ...11
* `` -> ...12
* `` -> ...13
* ...
Preparing inspections data...
mutate: new variable 'dt_visit' (Date) with 133 unique values and 0% NA
        new variable 'nm_business' (character) with 2,157 unique values and <1% NA
        new variable 'addr_business' (character) with 2,674 unique values and 1% NA
        new variable 'n_violations' (integer) with 10 unique values and 14% NA
        new variable 'dt_closed' (Date) with 12 unique values and 99% NA
filter: removed 439 rows (14%), 2,755 rows remaining
Creating inspections table...
Saving inspections table...
Error : [EPERM] Failed to stat 'V:/Compliance/Inspection Data for Publishing/Table/inspections_table_2020-12-23.html': operation not permitted
In addition: Warning messages:
1: Problem with `mutate()` input `dt_visit`.
i NA, NA, NA, NA, NA, NA was malformed
i Input `dt_visit` is ``%>%`(...)`. 
2: NA, NA, NA, NA, NA, NA was malformed 
3: Problem with `mutate()` input `n_violations`.
i NAs introduced by coercion
i Input `n_violations` is ``%>%`(...)`. 
4: In coviData::coalesce_across(dplyr::contains("violations")) %>%  :
  NAs introduced by coercion

2020-12-23 10:36:55
Loading inspections data...
New names:
* `` -> ...9
* `` -> ...10
* `` -> ...11
* `` -> ...12
* `` -> ...13
* ...
Preparing inspections data...
mutate: new variable 'dt_visit' (Date) with 133 unique values and 0% NA
        new variable 'nm_business' (character) with 2,157 unique values and <1% NA
        new variable 'addr_business' (character) with 2,674 unique values and 1% NA
        new variable 'n_violations' (integer) with 10 unique values and 14% NA
        new variable 'dt_closed' (Date) with 12 unique values and 99% NA
filter: removed 439 rows (14%), 2,755 rows remaining
Creating inspections table...
Saving inspections table...
Error : [EPERM] Failed to stat 'V:/Compliance/Inspection Data for Publishing/Table/inspections_table_2020-12-23.html': operation not permitted
In addition: Warning messages:
1: Problem with `mutate()` input `dt_visit`.
i NA, NA, NA, NA, NA, NA was malformed
i Input `dt_visit` is ``%>%`(...)`. 
2: NA, NA, NA, NA, NA, NA was malformed 
3: Problem with `mutate()` input `n_violations`.
i NAs introduced by coercion
i Input `n_violations` is ``%>%`(...)`. 
4: In coviData::coalesce_across(dplyr::contains("violations")) %>%  :
  NAs introduced by coercion

2020-12-24 02:00:02
Loading inspections data...
New names:
* `` -> ...9
* `` -> ...10
* `` -> ...11
* `` -> ...12
* `` -> ...13
* ...
Preparing inspections data...
mutate: new variable 'dt_visit' (Date) with 134 unique values and <1% NA
        new variable 'nm_business' (character) with 2,172 unique values and <1% NA
        new variable 'addr_business' (character) with 2,702 unique values and 1% NA
        new variable 'n_violations' (integer) with 10 unique values and 14% NA
        new variable 'dt_closed' (Date) with 12 unique values and 99% NA
filter: removed 442 rows (14%), 2,786 rows remaining
Creating inspections table...
Saving inspections table...
Managing inspections archive...
Done.

2020-12-25 02:00:02
Loading inspections data...
New names:
* `` -> ...9
* `` -> ...10
* `` -> ...11
* `` -> ...12
* `` -> ...13
* ...
Preparing inspections data...
mutate: new variable 'dt_visit' (Date) with 135 unique values and 0% NA
        new variable 'nm_business' (character) with 2,205 unique values and <1% NA
        new variable 'addr_business' (character) with 2,741 unique values and 1% NA
        new variable 'n_violations' (integer) with 10 unique values and 14% NA
        new variable 'dt_closed' (Date) with 12 unique values and 99% NA
filter: removed 445 rows (14%), 2,826 rows remaining
Creating inspections table...
Saving inspections table...
Managing inspections archive...
Done.

2020-12-26 02:00:02
Loading inspections data...
New names:
* `` -> ...9
* `` -> ...10
* `` -> ...11
* `` -> ...12
* `` -> ...13
* ...
Preparing inspections data...
mutate: new variable 'dt_visit' (Date) with 135 unique values and 0% NA
        new variable 'nm_business' (character) with 2,205 unique values and <1% NA
        new variable 'addr_business' (character) with 2,741 unique values and 1% NA
        new variable 'n_violations' (integer) with 10 unique values and 14% NA
        new variable 'dt_closed' (Date) with 12 unique values and 99% NA
filter: removed 445 rows (14%), 2,826 rows remaining
Creating inspections table...
Saving inspections table...
Managing inspections archive...
Done.

2020-12-27 02:00:02
Loading inspections data...
New names:
* `` -> ...9
* `` -> ...10
* `` -> ...11
* `` -> ...12
* `` -> ...13
* ...
Preparing inspections data...
mutate: new variable 'dt_visit' (Date) with 135 unique values and 0% NA
        new variable 'nm_business' (character) with 2,205 unique values and <1% NA
        new variable 'addr_business' (character) with 2,741 unique values and 1% NA
        new variable 'n_violations' (integer) with 10 unique values and 14% NA
        new variable 'dt_closed' (Date) with 12 unique values and 99% NA
filter: removed 445 rows (14%), 2,826 rows remaining
Creating inspections table...
Saving inspections table...
Managing inspections archive...
Done.

2020-12-28 02:00:02
Loading inspections data...
New names:
* `` -> ...9
* `` -> ...10
* `` -> ...11
* `` -> ...12
* `` -> ...13
* ...
Preparing inspections data...
mutate: new variable 'dt_visit' (Date) with 135 unique values and 0% NA
        new variable 'nm_business' (character) with 2,205 unique values and <1% NA
        new variable 'addr_business' (character) with 2,741 unique values and 1% NA
        new variable 'n_violations' (integer) with 10 unique values and 14% NA
        new variable 'dt_closed' (Date) with 12 unique values and 99% NA
filter: removed 445 rows (14%), 2,826 rows remaining
Creating inspections table...
Saving inspections table...
Managing inspections archive...
Done.

2020-12-29 02:00:02
Loading inspections data...
New names:
* `` -> ...9
* `` -> ...10
* `` -> ...11
* `` -> ...12
* `` -> ...13
* ...
Preparing inspections data...
mutate: new variable 'dt_visit' (Date) with 137 unique values and 0% NA
        new variable 'nm_business' (character) with 2,245 unique values and <1% NA
        new variable 'addr_business' (character) with 2,793 unique values and 1% NA
        new variable 'n_violations' (integer) with 10 unique values and 13% NA
        new variable 'dt_closed' (Date) with 12 unique values and 99% NA
filter: removed 449 rows (13%), 2,882 rows remaining
Creating inspections table...
Saving inspections table...
Managing inspections archive...
Done.

2020-12-30 02:00:02
Loading inspections data...
New names:
* `` -> ...9
* `` -> ...10
* `` -> ...11
* `` -> ...12
* `` -> ...13
* ...
Preparing inspections data...
mutate: new variable 'dt_visit' (Date) with 140 unique values and 0% NA
        new variable 'nm_business' (character) with 2,269 unique values and <1% NA
        new variable 'addr_business' (character) with 2,817 unique values and 1% NA
        new variable 'n_violations' (integer) with 10 unique values and 13% NA
        new variable 'dt_closed' (Date) with 12 unique values and 99% NA
filter: removed 450 rows (13%), 2,918 rows remaining
Creating inspections table...
Saving inspections table...
Managing inspections archive...
Done.

2020-12-31 02:00:02
Loading inspections data...
New names:
* `` -> ...9
* `` -> ...10
* `` -> ...11
* `` -> ...12
* `` -> ...13
* ...
Preparing inspections data...
mutate: new variable 'dt_visit' (Date) with 141 unique values and 0% NA
        new variable 'nm_business' (character) with 2,297 unique values and <1% NA
        new variable 'addr_business' (character) with 2,853 unique values and 1% NA
        new variable 'n_violations' (integer) with 10 unique values and 13% NA
        new variable 'dt_closed' (Date) with 12 unique values and 99% NA
filter: removed 455 rows (13%), 2,953 rows remaining
Creating inspections table...
Saving inspections table...
Managing inspections archive...
Done.

2020-12-31 11:10:37
Loading inspections data...
New names:
* `` -> ...9
* `` -> ...10
* `` -> ...11
* `` -> ...12
* `` -> ...13
* ...
Preparing inspections data...
mutate: new variable 'dt_visit' (Date) with 142 unique values and <1% NA
        new variable 'nm_business' (character) with 2,309 unique values and <1% NA
        new variable 'addr_business' (character) with 2,871 unique values and 1% NA
        new variable 'n_violations' (integer) with 10 unique values and 13% NA
        new variable 'dt_closed' (Date) with 12 unique values and 99% NA
filter: removed 463 rows (13%), 2,970 rows remaining
Creating inspections table...
Saving inspections table...
Managing inspections archive...
Done.

2020-12-31 11:23:26
Loading inspections data...
New names:
* `` -> ...9
* `` -> ...10
* `` -> ...11
* `` -> ...12
* `` -> ...13
* ...
Preparing inspections data...
mutate: new variable 'dt_visit' (Date) with 142 unique values and <1% NA
        new variable 'nm_business' (character) with 2,311 unique values and <1% NA
        new variable 'addr_business' (character) with 2,873 unique values and 1% NA
        new variable 'n_violations' (integer) with 10 unique values and 13% NA
        new variable 'dt_closed' (Date) with 12 unique values and 99% NA
filter: removed 462 rows (13%), 2,971 rows remaining
Creating inspections table...
Saving inspections table...
Managing inspections archive...
Done.

2021-01-06 16:08:07
Loading inspections data...
New names:
* `` -> ...9
* `` -> ...10
* `` -> ...11
* `` -> ...12
* `` -> ...13
* ...
Preparing inspections data...
mutate: new variable 'dt_visit' (Date) with 151 unique values and 0% NA
        new variable 'nm_business' (character) with 2,426 unique values and <1% NA
        new variable 'addr_business' (character) with 3,015 unique values and 1% NA
        new variable 'n_violations' (integer) with 11 unique values and 13% NA
        new variable 'dt_closed' (Date) with 12 unique values and 99% NA
filter: removed 475 rows (13%), 3,120 rows remaining
Creating inspections table...
Saving inspections table...
Managing inspections archive...
Done.

2021-01-13 18:24:22
Loading inspections data...
New names:
* `` -> ...9
* `` -> ...10
* `` -> ...11
* `` -> ...12
* `` -> ...13
* ...
Preparing inspections data...
mutate: new variable 'dt_visit' (Date) with 159 unique values and <1% NA
        new variable 'nm_business' (character) with 2,577 unique values and <1% NA
        new variable 'addr_business' (character) with 3,185 unique values and 1% NA
        new variable 'n_violations' (integer) with 11 unique values and 13% NA
        new variable 'dt_closed' (Date) with 12 unique values and 99% NA
filter: removed 487 rows (13%), 3,314 rows remaining
Creating inspections table...
Saving inspections table...
Managing inspections archive...
Done.

2021-01-20 18:58:30
Loading inspections data...
New names:
* `` -> ...9
* `` -> ...10
* `` -> ...11
* `` -> ...12
* `` -> ...13
* ...
Error: Input must be a vector, not a `rlang_trace` object.
Backtrace:
[90m  1. [39mutils::capture.output(...)
[90m 12. [39mvctrs:::stop_scalar_type(...)
[90m 13. [39mvctrs:::stop_vctrs(msg, "vctrs_error_scalar_type", actual = x)

2021-01-20 19:02:35
Loading inspections data...
New names:
* `` -> ...9
* `` -> ...10
* `` -> ...11
* `` -> ...12
* `` -> ...13
* ...
Preparing inspections data...
mutate: new variable 'dt_visit' (Date) with 160 unique values and 0% NA
        new variable 'nm_business' (character) with 2,692 unique values and <1% NA
        new variable 'addr_business' (character) with 3,352 unique values and 1% NA
        new variable 'n_violations' (integer) with 11 unique values and 12% NA
        new variable 'dt_closed' (Date) with 12 unique values and 99% NA
filter: removed 494 rows (12%), 3,505 rows remaining
Creating inspections table...
Saving inspections table...
Managing inspections archive...
Done.
