Setting `ennotify_inform = true`...
Setting `ennotify()` as error handler...
Setting `rlang_backtrace_on_error = 'full'`...
Setting `ennotify_to` to: jesse.smith@shelbycountytn.gov...
Loading covidsms

Attaching package: ‘magrittr’

The following objects are masked from ‘package:testthat’:

    equals, is_less_than, not

Error in attr(x, "tsp") <- c(1, NROW(x), 1) : 
  invalid time series parameters specified
In addition: Warning messages:
1: package ‘testthat’ was built under R version 4.0.3 
2: package ‘magrittr’ was built under R version 4.0.3 

Loading covidsms
Error in attr(x, "tsp") <- c(1, NROW(x), 1) : 
  invalid time series parameters specified

Error in file(filename, "r", encoding = encoding) : 
  cannot open the connection
In addition: Warning message:
In file(filename, "r", encoding = encoding) :
  cannot open file 'code/FOI_Analysis.R': No such file or directory

