-- Attaching packages ------------------------------------------------------------------------------- tidyverse 1.3.0 --
v ggplot2 3.3.2     v purrr   0.3.4
v tibble  3.0.4     v dplyr   1.0.2
v tidyr   1.1.2     v stringr 1.4.0
v readr   1.4.0     v forcats 0.5.0
-- Conflicts ---------------------------------------------------------------------------------- tidyverse_conflicts() --
x dplyr::filter() masks stats::filter()
x dplyr::lag()    masks stats::lag()
Warning messages:
1: package 'tibble' was built under R version 4.0.3 
2: package 'readr' was built under R version 4.0.3 

Attaching package: 'magrittr'

The following object is masked from 'package:purrr':

    set_names

The following object is masked from 'package:tidyr':

    extract

Warning message:
package 'magrittr' was built under R version 4.0.3 
Warning messages:
1: Problem with `mutate()` input `..1`.
i All formats failed to parse. No formats found.
i Input `..1` is `dplyr::across(...)`. 
2: All formats failed to parse. No formats found. 
Error in (function (file = if (onefile) "Rplots.pdf" else "Rplot%03d.pdf",  : 
  cannot open file 'Rplots.pdf'
Calls: %T>% ... print -> print.ggplot -> grid.newpage -> <Anonymous>
Execution halted
-- Attaching packages ------------------------------------------------------------------------------- tidyverse 1.3.0 --
v ggplot2 3.3.2     v purrr   0.3.4
v tibble  3.0.4     v dplyr   1.0.2
v tidyr   1.1.2     v stringr 1.4.0
v readr   1.4.0     v forcats 0.5.0
-- Conflicts ---------------------------------------------------------------------------------- tidyverse_conflicts() --
x dplyr::filter() masks stats::filter()
x dplyr::lag()    masks stats::lag()
Warning messages:
1: package 'tibble' was built under R version 4.0.3 
2: package 'readr' was built under R version 4.0.3 

Attaching package: 'magrittr'

The following object is masked from 'package:purrr':

    set_names

The following object is masked from 'package:tidyr':

    extract

Warning message:
package 'magrittr' was built under R version 4.0.3 
Warning messages:
1: Problem with `mutate()` input `..1`.
i All formats failed to parse. No formats found.
i Input `..1` is `dplyr::across(...)`. 
2: All formats failed to parse. No formats found. 
-- Attaching packages ------------------------------------------------------------------------------- tidyverse 1.3.0 --
v ggplot2 3.3.2     v purrr   0.3.4
v tibble  3.0.4     v dplyr   1.0.2
v tidyr   1.1.2     v stringr 1.4.0
v readr   1.4.0     v forcats 0.5.0
-- Conflicts ---------------------------------------------------------------------------------- tidyverse_conflicts() --
x dplyr::filter() masks stats::filter()
x dplyr::lag()    masks stats::lag()
Warning messages:
1: package 'tibble' was built under R version 4.0.3 
2: package 'readr' was built under R version 4.0.3 

Attaching package: 'magrittr'

The following object is masked from 'package:purrr':

    set_names

The following object is masked from 'package:tidyr':

    extract

Warning message:
package 'magrittr' was built under R version 4.0.3 
Warning messages:
1: Problem with `mutate()` input `..1`.
i All formats failed to parse. No formats found.
i Input `..1` is `dplyr::across(...)`. 
2: All formats failed to parse. No formats found. 
-- Attaching packages ------------------------------------------------------------------------------- tidyverse 1.3.0 --
v ggplot2 3.3.2     v purrr   0.3.4
v tibble  3.0.4     v dplyr   1.0.2
v tidyr   1.1.2     v stringr 1.4.0
v readr   1.4.0     v forcats 0.5.0
-- Conflicts ---------------------------------------------------------------------------------- tidyverse_conflicts() --
x dplyr::filter() masks stats::filter()
x dplyr::lag()    masks stats::lag()
Warning messages:
1: package 'tibble' was built under R version 4.0.3 
2: package 'readr' was built under R version 4.0.3 

Attaching package: 'magrittr'

The following object is masked from 'package:purrr':

    set_names

The following object is masked from 'package:tidyr':

    extract

Warning message:
package 'magrittr' was built under R version 4.0.3 
Warning messages:
1: Problem with `mutate()` input `..1`.
i All formats failed to parse. No formats found.
i Input `..1` is `dplyr::across(...)`. 
2: All formats failed to parse. No formats found. 
-- Attaching packages ------------------------------------------------------------------------------- tidyverse 1.3.0 --
v ggplot2 3.3.3     v purrr   0.3.4
v tibble  3.0.4     v dplyr   1.0.2
v tidyr   1.1.2     v stringr 1.4.0
v readr   1.4.0     v forcats 0.5.0
-- Conflicts ---------------------------------------------------------------------------------- tidyverse_conflicts() --
x dplyr::filter() masks stats::filter()
x dplyr::lag()    masks stats::lag()
Warning messages:
1: package 'ggplot2' was built under R version 4.0.5 
2: package 'tibble' was built under R version 4.0.3 
3: package 'readr' was built under R version 4.0.3 

Attaching package: 'magrittr'

The following object is masked from 'package:purrr':

    set_names

The following object is masked from 'package:tidyr':

    extract

Warning message:
package 'magrittr' was built under R version 4.0.3 
Warning messages:
1: Problem with `mutate()` input `..1`.
i All formats failed to parse. No formats found.
i Input `..1` is `dplyr::across(...)`. 
2: All formats failed to parse. No formats found. 
Plot manufacturing highlight
Warning message:
Removed 9 rows containing missing values (geom_text). 
-- Attaching packages ------------------------------------------------------------------------------- tidyverse 1.3.0 --
v ggplot2 3.3.3     v purrr   0.3.4
v tibble  3.0.4     v dplyr   1.0.2
v tidyr   1.1.2     v stringr 1.4.0
v readr   1.4.0     v forcats 0.5.0
-- Conflicts ---------------------------------------------------------------------------------- tidyverse_conflicts() --
x dplyr::filter() masks stats::filter()
x dplyr::lag()    masks stats::lag()
Warning messages:
1: package 'ggplot2' was built under R version 4.0.5 
2: package 'tibble' was built under R version 4.0.3 
3: package 'readr' was built under R version 4.0.3 

Attaching package: 'magrittr'

The following object is masked from 'package:purrr':

    set_names

The following object is masked from 'package:tidyr':

    extract

Warning message:
package 'magrittr' was built under R version 4.0.3 
Warning messages:
1: Problem with `mutate()` input `..1`.
i All formats failed to parse. No formats found.
i Input `..1` is `dplyr::across(...)`. 
2: All formats failed to parse. No formats found. 
Plot manufacturing highlight
Warning message:
Removed 8 rows containing missing values (geom_text). 
-- Attaching packages ------------------------------------------------------------------------------- tidyverse 1.3.0 --
v ggplot2 3.3.3     v purrr   0.3.4
v tibble  3.0.4     v dplyr   1.0.2
v tidyr   1.1.2     v stringr 1.4.0
v readr   1.4.0     v forcats 0.5.0
-- Conflicts ---------------------------------------------------------------------------------- tidyverse_conflicts() --
x dplyr::filter() masks stats::filter()
x dplyr::lag()    masks stats::lag()
Warning messages:
1: package 'ggplot2' was built under R version 4.0.5 
2: package 'tibble' was built under R version 4.0.3 
3: package 'readr' was built under R version 4.0.3 

Attaching package: 'magrittr'

The following object is masked from 'package:purrr':

    set_names

The following object is masked from 'package:tidyr':

    extract

Warning message:
package 'magrittr' was built under R version 4.0.3 
Warning messages:
1: Problem with `mutate()` input `..1`.
i All formats failed to parse. No formats found.
i Input `..1` is `dplyr::across(...)`. 
2: All formats failed to parse. No formats found. 
Plot manufacturing highlight
Warning message:
Removed 6 rows containing missing values (geom_text). 
-- Attaching packages ------------------------------------------------------------------------------- tidyverse 1.3.0 --
v ggplot2 3.3.3     v purrr   0.3.4
v tibble  3.0.4     v dplyr   1.0.2
v tidyr   1.1.2     v stringr 1.4.0
v readr   1.4.0     v forcats 0.5.0
-- Conflicts ---------------------------------------------------------------------------------- tidyverse_conflicts() --
x dplyr::filter() masks stats::filter()
x dplyr::lag()    masks stats::lag()
Warning messages:
1: package 'ggplot2' was built under R version 4.0.5 
2: package 'tibble' was built under R version 4.0.3 
3: package 'readr' was built under R version 4.0.3 

Attaching package: 'magrittr'

The following object is masked from 'package:purrr':

    set_names

The following object is masked from 'package:tidyr':

    extract

Warning message:
package 'magrittr' was built under R version 4.0.3 
Warning messages:
1: Problem with `mutate()` input `..1`.
i All formats failed to parse. No formats found.
i Input `..1` is `dplyr::across(...)`. 
2: All formats failed to parse. No formats found. 
Plot manufacturing highlight
Warning message:
Removed 6 rows containing missing values (geom_text). 
-- Attaching packages ------------------------------------------------------------------------------- tidyverse 1.3.0 --
v ggplot2 3.3.3     v purrr   0.3.4
v tibble  3.0.4     v dplyr   1.0.2
v tidyr   1.1.2     v stringr 1.4.0
v readr   1.4.0     v forcats 0.5.0
-- Conflicts ---------------------------------------------------------------------------------- tidyverse_conflicts() --
x dplyr::filter() masks stats::filter()
x dplyr::lag()    masks stats::lag()
Warning messages:
1: package 'ggplot2' was built under R version 4.0.5 
2: package 'tibble' was built under R version 4.0.3 
3: package 'readr' was built under R version 4.0.3 

Attaching package: 'magrittr'

The following object is masked from 'package:purrr':

    set_names

The following object is masked from 'package:tidyr':

    extract

Warning message:
package 'magrittr' was built under R version 4.0.3 
Warning messages:
1: Problem with `mutate()` input `..1`.
i All formats failed to parse. No formats found.
i Input `..1` is `dplyr::across(...)`. 
2: All formats failed to parse. No formats found. 
Plot manufacturing highlight
New names:
* stable_hisp -> stable_hisp...97
* supress_hisp -> supress_hisp...98
* stable_hisp -> stable_hisp...195
* supress_hisp -> supress_hisp...196
Warning message:
Removed 6 rows containing missing values (geom_text). 
-- Attaching packages ------------------------------------------------------------------------------- tidyverse 1.3.0 --
v ggplot2 3.3.3     v purrr   0.3.4
v tibble  3.0.4     v dplyr   1.0.2
v tidyr   1.1.2     v stringr 1.4.0
v readr   1.4.0     v forcats 0.5.0
-- Conflicts ---------------------------------------------------------------------------------- tidyverse_conflicts() --
x dplyr::filter() masks stats::filter()
x dplyr::lag()    masks stats::lag()
Warning messages:
1: package 'ggplot2' was built under R version 4.0.5 
2: package 'tibble' was built under R version 4.0.3 
3: package 'readr' was built under R version 4.0.3 

Attaching package: 'magrittr'

The following object is masked from 'package:purrr':

    set_names

The following object is masked from 'package:tidyr':

    extract

Warning message:
package 'magrittr' was built under R version 4.0.3 
Warning messages:
1: Problem with `mutate()` input `..1`.
i All formats failed to parse. No formats found.
i Input `..1` is `dplyr::across(...)`. 
2: All formats failed to parse. No formats found. 
Plot manufacturing highlight
New names:
* stable_hisp -> stable_hisp...97
* supress_hisp -> supress_hisp...98
* stable_hisp -> stable_hisp...195
* supress_hisp -> supress_hisp...196
Warning message:
Removed 5 rows containing missing values (geom_text). 
-- Attaching packages ------------------------------------------------------------------------------- tidyverse 1.3.0 --
v ggplot2 3.3.3     v purrr   0.3.4
v tibble  3.0.4     v dplyr   1.0.2
v tidyr   1.1.2     v stringr 1.4.0
v readr   1.4.0     v forcats 0.5.0
-- Conflicts ---------------------------------------------------------------------------------- tidyverse_conflicts() --
x dplyr::filter() masks stats::filter()
x dplyr::lag()    masks stats::lag()
Warning messages:
1: package 'ggplot2' was built under R version 4.0.5 
2: package 'tibble' was built under R version 4.0.3 
3: package 'readr' was built under R version 4.0.3 

Attaching package: 'magrittr'

The following object is masked from 'package:purrr':

    set_names

The following object is masked from 'package:tidyr':

    extract

Warning message:
package 'magrittr' was built under R version 4.0.3 
Warning messages:
1: Problem with `mutate()` input `..1`.
i All formats failed to parse. No formats found.
i Input `..1` is `dplyr::across(...)`. 
2: All formats failed to parse. No formats found. 
Plot manufacturing highlight
New names:
* stable_hisp -> stable_hisp...97
* supress_hisp -> supress_hisp...98
* stable_hisp -> stable_hisp...195
* supress_hisp -> supress_hisp...196
Warning message:
Removed 6 rows containing missing values (geom_text). 
-- Attaching packages ------------------------------------------------------------------------------- tidyverse 1.3.0 --
v ggplot2 3.3.3     v purrr   0.3.4
v tibble  3.0.4     v dplyr   1.0.2
v tidyr   1.1.2     v stringr 1.4.0
v readr   1.4.0     v forcats 0.5.0
-- Conflicts ---------------------------------------------------------------------------------- tidyverse_conflicts() --
x dplyr::filter() masks stats::filter()
x dplyr::lag()    masks stats::lag()
Warning messages:
1: package 'ggplot2' was built under R version 4.0.5 
2: package 'tibble' was built under R version 4.0.3 
3: package 'readr' was built under R version 4.0.3 

Attaching package: 'magrittr'

The following object is masked from 'package:purrr':

    set_names

The following object is masked from 'package:tidyr':

    extract

Warning message:
package 'magrittr' was built under R version 4.0.3 
Warning messages:
1: Problem with `mutate()` input `..1`.
i All formats failed to parse. No formats found.
i Input `..1` is `dplyr::across(...)`. 
2: All formats failed to parse. No formats found. 
Plot manufacturing highlight
New names:
* stable_hisp -> stable_hisp...97
* supress_hisp -> supress_hisp...98
* stable_hisp -> stable_hisp...195
* supress_hisp -> supress_hisp...196
Warning message:
Removed 11 rows containing missing values (geom_text). 
-- Attaching packages ------------------------------------------------------------------------------- tidyverse 1.3.0 --
v ggplot2 3.3.3     v purrr   0.3.4
v tibble  3.0.4     v dplyr   1.0.2
v tidyr   1.1.2     v stringr 1.4.0
v readr   1.4.0     v forcats 0.5.0
-- Conflicts ---------------------------------------------------------------------------------- tidyverse_conflicts() --
x dplyr::filter() masks stats::filter()
x dplyr::lag()    masks stats::lag()
Warning messages:
1: package 'ggplot2' was built under R version 4.0.5 
2: package 'tibble' was built under R version 4.0.3 
3: package 'readr' was built under R version 4.0.3 

Attaching package: 'magrittr'

The following object is masked from 'package:purrr':

    set_names

The following object is masked from 'package:tidyr':

    extract

Warning message:
package 'magrittr' was built under R version 4.0.3 
Warning messages:
1: Problem with `mutate()` input `..1`.
i All formats failed to parse. No formats found.
i Input `..1` is `dplyr::across(...)`. 
2: All formats failed to parse. No formats found. 
Plot manufacturing highlight
New names:
* stable_hisp -> stable_hisp...73
* supress_hisp -> supress_hisp...74
* stable_hisp -> stable_hisp...171
* supress_hisp -> supress_hisp...172
* stable_hisp -> stable_hisp...233
* ...
Warning message:
Removed 11 rows containing missing values (geom_text). 
-- Attaching packages ------------------------------------------------------------------------------- tidyverse 1.3.1 --
v ggplot2 3.3.4     v purrr   0.3.4
v tibble  3.1.2     v dplyr   1.0.6
v tidyr   1.1.3     v stringr 1.4.0
v readr   1.4.0     v forcats 0.5.1
-- Conflicts ---------------------------------------------------------------------------------- tidyverse_conflicts() --
x dplyr::filter() masks stats::filter()
x dplyr::lag()    masks stats::lag()

Attaching package: 'magrittr'

The following object is masked from 'package:purrr':

    set_names

The following object is masked from 'package:tidyr':

    extract

Warning message:
Problem with `mutate()` input `..1`.
i `..1 = dplyr::across(...)`.
i All formats failed to parse. No formats found. 
Plot manufacturing highlight
New names:
* stable_hisp -> stable_hisp...73
* supress_hisp -> supress_hisp...74
* stable_hisp -> stable_hisp...171
* supress_hisp -> supress_hisp...172
* stable_hisp -> stable_hisp...233
* ...
Warning message:
Removed 10 rows containing missing values (geom_text). 
-- Attaching packages ------------------------------------------------------------------------------- tidyverse 1.3.1 --
v ggplot2 3.3.4     v purrr   0.3.4
v tibble  3.1.2     v dplyr   1.0.6
v tidyr   1.1.3     v stringr 1.4.0
v readr   1.4.0     v forcats 0.5.1
-- Conflicts ---------------------------------------------------------------------------------- tidyverse_conflicts() --
x dplyr::filter() masks stats::filter()
x dplyr::lag()    masks stats::lag()

Attaching package: 'magrittr'

The following object is masked from 'package:purrr':

    set_names

The following object is masked from 'package:tidyr':

    extract

Warning message:
Problem with `mutate()` input `..1`.
i `..1 = dplyr::across(...)`.
i All formats failed to parse. No formats found. 
Plot manufacturing highlight
New names:
* stable_hisp -> stable_hisp...73
* supress_hisp -> supress_hisp...74
* stable_hisp -> stable_hisp...171
* supress_hisp -> supress_hisp...172
* stable_hisp -> stable_hisp...233
* ...
Warning message:
Removed 10 rows containing missing values (geom_text). 
-- Attaching packages ------------------------------------------------------------------------------- tidyverse 1.3.1 --
v ggplot2 3.3.4     v purrr   0.3.4
v tibble  3.1.2     v dplyr   1.0.6
v tidyr   1.1.3     v stringr 1.4.0
v readr   1.4.0     v forcats 0.5.1
-- Conflicts ---------------------------------------------------------------------------------- tidyverse_conflicts() --
x dplyr::filter() masks stats::filter()
x dplyr::lag()    masks stats::lag()

Attaching package: 'magrittr'

The following object is masked from 'package:purrr':

    set_names

The following object is masked from 'package:tidyr':

    extract

Warning message:
Problem with `mutate()` input `..1`.
i `..1 = dplyr::across(...)`.
i All formats failed to parse. No formats found. 
Plot manufacturing highlight
New names:
* stable_hisp -> stable_hisp...101
* supress_hisp -> supress_hisp...102
* stable_hisp -> stable_hisp...163
* supress_hisp -> supress_hisp...164
Warning message:
Removed 13 rows containing missing values (geom_text). 
-- Attaching packages ------------------------------------------------------------------------------- tidyverse 1.3.1 --
v ggplot2 3.3.4     v purrr   0.3.4
v tibble  3.1.2     v dplyr   1.0.6
v tidyr   1.1.3     v stringr 1.4.0
v readr   1.4.0     v forcats 0.5.1
-- Conflicts ---------------------------------------------------------------------------------- tidyverse_conflicts() --
x dplyr::filter() masks stats::filter()
x dplyr::lag()    masks stats::lag()

Attaching package: 'magrittr'

The following object is masked from 'package:purrr':

    set_names

The following object is masked from 'package:tidyr':

    extract

Warning message:
Problem with `mutate()` input `..1`.
i `..1 = dplyr::across(...)`.
i All formats failed to parse. No formats found. 
Plot manufacturing highlight
New names:
* stable_hisp -> stable_hisp...101
* supress_hisp -> supress_hisp...102
* stable_hisp -> stable_hisp...163
* supress_hisp -> supress_hisp...164
Warning message:
Removed 9 rows containing missing values (geom_text). 
-- Attaching packages ------------------------------------------------------------------------------- tidyverse 1.3.1 --
v ggplot2 3.3.4     v purrr   0.3.4
v tibble  3.1.2     v dplyr   1.0.6
v tidyr   1.1.3     v stringr 1.4.0
v readr   1.4.0     v forcats 0.5.1
-- Conflicts ---------------------------------------------------------------------------------- tidyverse_conflicts() --
x dplyr::filter() masks stats::filter()
x dplyr::lag()    masks stats::lag()

Attaching package: 'magrittr'

The following object is masked from 'package:purrr':

    set_names

The following object is masked from 'package:tidyr':

    extract

Warning message:
Problem with `mutate()` input `..1`.
i `..1 = dplyr::across(...)`.
i All formats failed to parse. No formats found. 
Plot manufacturing highlight
New names:
* stable_hisp -> stable_hisp...101
* supress_hisp -> supress_hisp...102
* stable_hisp -> stable_hisp...163
* supress_hisp -> supress_hisp...164
Warning message:
Removed 9 rows containing missing values (geom_text). 
-- Attaching packages ------------------------------------------------------------------------------- tidyverse 1.3.1 --
v ggplot2 3.3.4     v purrr   0.3.4
v tibble  3.1.2     v dplyr   1.0.6
v tidyr   1.1.3     v stringr 1.4.0
v readr   1.4.0     v forcats 0.5.1
-- Conflicts ---------------------------------------------------------------------------------- tidyverse_conflicts() --
x dplyr::filter() masks stats::filter()
x dplyr::lag()    masks stats::lag()

Attaching package: 'magrittr'

The following object is masked from 'package:purrr':

    set_names

The following object is masked from 'package:tidyr':

    extract

Warning message:
Problem with `mutate()` input `..1`.
i `..1 = dplyr::across(...)`.
i All formats failed to parse. No formats found. 
Plot manufacturing highlight
New names:
* stable_hisp -> stable_hisp...101
* supress_hisp -> supress_hisp...102
* stable_hisp -> stable_hisp...163
* supress_hisp -> supress_hisp...164
Warning message:
Removed 7 rows containing missing values (geom_text). 
-- Attaching packages ------------------------------------------------------------------------------- tidyverse 1.3.1 --
v ggplot2 3.3.4     v purrr   0.3.4
v tibble  3.1.2     v dplyr   1.0.6
v tidyr   1.1.3     v stringr 1.4.0
v readr   1.4.0     v forcats 0.5.1
-- Conflicts ---------------------------------------------------------------------------------- tidyverse_conflicts() --
x dplyr::filter() masks stats::filter()
x dplyr::lag()    masks stats::lag()

Attaching package: 'magrittr'

The following object is masked from 'package:purrr':

    set_names

The following object is masked from 'package:tidyr':

    extract

Warning message:
Problem with `mutate()` input `..1`.
i `..1 = dplyr::across(...)`.
i All formats failed to parse. No formats found. 
Plot manufacturing highlight
New names:
* stable_hisp -> stable_hisp...101
* supress_hisp -> supress_hisp...102
* stable_hisp -> stable_hisp...163
* supress_hisp -> supress_hisp...164
Warning message:
Removed 7 rows containing missing values (geom_text). 
-- Attaching packages ------------------------------------------------------------------------------- tidyverse 1.3.1 --
v ggplot2 3.3.4     v purrr   0.3.4
v tibble  3.1.2     v dplyr   1.0.6
v tidyr   1.1.3     v stringr 1.4.0
v readr   1.4.0     v forcats 0.5.1
-- Conflicts ---------------------------------------------------------------------------------- tidyverse_conflicts() --
x dplyr::filter() masks stats::filter()
x dplyr::lag()    masks stats::lag()

Attaching package: 'magrittr'

The following object is masked from 'package:purrr':

    set_names

The following object is masked from 'package:tidyr':

    extract

Warning message:
Problem with `mutate()` input `..1`.
i `..1 = dplyr::across(...)`.
i All formats failed to parse. No formats found. 
Plot manufacturing highlight
New names:
* stable_hisp -> stable_hisp...101
* supress_hisp -> supress_hisp...102
* stable_hisp -> stable_hisp...163
* supress_hisp -> supress_hisp...164
Warning message:
Removed 6 rows containing missing values (geom_text). 
-- Attaching packages ------------------------------------------------------------------------------- tidyverse 1.3.1 --
v ggplot2 3.3.5     v purrr   0.3.4
v tibble  3.1.3     v dplyr   1.0.7
v tidyr   1.1.3     v stringr 1.4.0
v readr   2.0.0     v forcats 0.5.1
-- Conflicts ---------------------------------------------------------------------------------- tidyverse_conflicts() --
x dplyr::filter() masks stats::filter()
x dplyr::lag()    masks stats::lag()
Error in library(covidCluster) : 
  there is no package called 'covidCluster'
Execution halted
-- Attaching packages ------------------------------------------------------------------------------- tidyverse 1.3.1 --
v ggplot2 3.3.5     v purrr   0.3.4
v tibble  3.1.3     v dplyr   1.0.7
v tidyr   1.1.3     v stringr 1.4.0
v readr   2.0.0     v forcats 0.5.1
-- Conflicts ---------------------------------------------------------------------------------- tidyverse_conflicts() --
x dplyr::filter() masks stats::filter()
x dplyr::lag()    masks stats::lag()

Attaching package: 'magrittr'

The following object is masked from 'package:purrr':

    set_names

The following object is masked from 'package:tidyr':

    extract

Warning message:
Problem with `mutate()` input `..1`.
i `..1 = dplyr::across(...)`.
i All formats failed to parse. No formats found. 
Plot manufacturing highlight
New names:
* stable_hisp -> stable_hisp...40
* supress_hisp -> supress_hisp...41
* stable_hisp -> stable_hisp...102
* supress_hisp -> supress_hisp...103
Warning message:
Removed 7 rows containing missing values (geom_text). 
-- Attaching packages ------------------------------------------------------------------------------- tidyverse 1.3.1 --
v ggplot2 3.3.5     v purrr   0.3.4
v tibble  3.1.3     v dplyr   1.0.7
v tidyr   1.1.3     v stringr 1.4.0
v readr   2.0.0     v forcats 0.5.1
-- Conflicts ---------------------------------------------------------------------------------- tidyverse_conflicts() --
x dplyr::filter() masks stats::filter()
x dplyr::lag()    masks stats::lag()

Attaching package: 'magrittr'

The following object is masked from 'package:purrr':

    set_names

The following object is masked from 'package:tidyr':

    extract

|--------------------------------------------------|
|==================================================|
Warning message:
Problem with `mutate()` input `..1`.
i `..1 = dplyr::across(...)`.
i All formats failed to parse. No formats found. 
Plot manufacturing highlight
Warning message:
Problem with `mutate()` column `age`.
i `age = `%>%`(...)`.
i Unknown levels in `f`: 65-75, 75-85 
New names:
* stable_hisp -> stable_hisp...40
* supress_hisp -> supress_hisp...41
* stable_hisp -> stable_hisp...102
* supress_hisp -> supress_hisp...103
Warning message:
Removed 6 rows containing missing values (geom_text). 
-- Attaching packages ------------------------------------------------------------------------------- tidyverse 1.3.1 --
v ggplot2 3.3.5     v purrr   0.3.4
v tibble  3.1.3     v dplyr   1.0.7
v tidyr   1.1.3     v stringr 1.4.0
v readr   2.0.0     v forcats 0.5.1
-- Conflicts ---------------------------------------------------------------------------------- tidyverse_conflicts() --
x dplyr::filter() masks stats::filter()
x dplyr::lag()    masks stats::lag()

Attaching package: 'magrittr'

The following object is masked from 'package:purrr':

    set_names

The following object is masked from 'package:tidyr':

    extract

|--------------------------------------------------|
|==================================================|
Warning message:
Problem with `mutate()` input `..1`.
i `..1 = dplyr::across(...)`.
i All formats failed to parse. No formats found. 
Plot manufacturing highlight
Warning message:
Problem with `mutate()` column `age`.
i `age = `%>%`(...)`.
i Unknown levels in `f`: 65-75, 75-85 
New names:
* stable_hisp -> stable_hisp...40
* supress_hisp -> supress_hisp...41
* stable_hisp -> stable_hisp...102
* supress_hisp -> supress_hisp...103
Warning message:
Removed 7 rows containing missing values (geom_text). 
