Setting global options...
Setting ennotify options...

2021-02-11 23:05:00
Replacing deaths ids...
Error: `rId1` not found

Setting global options...
Setting ennotify options...

2021-02-12 18:36:22
Replacing deaths ids...
Error: `rId1` not found

Setting global options...
Setting ennotify options...

2021-02-12 18:38:03
Replacing deaths ids...
New names:
* ...22 -> ...23
* ...23 -> ...24
Setting global options...
Setting ennotify options...

2021-02-12 23:05:01
Replacing deaths ids...
New names:
* ...22 -> ...23
* ...23 -> ...24
Setting global options...
Setting ennotify options...

2021-02-13 23:05:01
Replacing deaths ids...
New names:
* ...22 -> ...23
* ...23 -> ...24
Setting global options...
Setting ennotify options...

2021-02-14 23:05:01
Replacing deaths ids...
New names:
* ...22 -> ...23
* ...23 -> ...24
Setting global options...
Setting ennotify options...

2021-02-15 23:05:01
Replacing deaths ids...
New names:
* ...22 -> ...23
* ...23 -> ...24
Setting global options...
Setting ennotify options...

2021-02-16 23:05:01
Replacing deaths ids...
New names:
* ...22 -> ...23
* ...23 -> ...24
Setting global options...
Setting ennotify options...

2021-02-17 23:05:01
Replacing deaths ids...
New names:
* ...22 -> ...23
* ...23 -> ...24
Setting global options...
Setting ennotify options...

2021-02-18 23:05:01
Replacing deaths ids...
New names:
* ...22 -> ...23
* ...23 -> ...24
Setting global options...
Setting ennotify options...

2021-02-19 23:05:01
Replacing deaths ids...
New names:
* ...22 -> ...23
* ...23 -> ...24
Setting global options...
Setting ennotify options...

2021-02-20 23:05:02
Replacing deaths ids...
New names:
* ...22 -> ...23
* ...23 -> ...24
Setting global options...
Setting ennotify options...

2021-02-21 23:05:02
Replacing deaths ids...
New names:
* ...22 -> ...23
* ...23 -> ...24
Setting global options...
Setting ennotify options...

2021-02-22 23:05:02
Replacing deaths ids...
New names:
* ...22 -> ...23
* ...23 -> ...24
Setting global options...
Setting ennotify options...

2021-02-23 23:05:02
Replacing deaths ids...
New names:
* ...22 -> ...23
* ...23 -> ...24
Setting global options...
Setting ennotify options...

2021-02-24 23:05:02
Replacing deaths ids...
New names:
* ...22 -> ...23
* ...23 -> ...24
Setting global options...
Setting ennotify options...

2021-02-25 23:05:02
Replacing deaths ids...
New names:
* ...22 -> ...23
* ...23 -> ...24
Setting global options...
Setting ennotify options...

2021-02-26 23:05:02
Replacing deaths ids...
New names:
* ...22 -> ...23
* ...23 -> ...24
Setting global options...
Setting ennotify options...

2021-02-27 23:05:02
Replacing deaths ids...
New names:
* ...22 -> ...23
* ...23 -> ...24
Setting global options...
Setting ennotify options...

2021-02-28 23:05:02
Replacing deaths ids...
New names:
* ...22 -> ...23
* ...23 -> ...24
Setting global options...
Setting ennotify options...

2021-03-01 23:05:02
Replacing deaths ids...
New names:
* ...22 -> ...23
* ...23 -> ...24
Setting global options...
Setting ennotify options...

2021-03-02 23:05:02
Replacing deaths ids...
New names:
* ...22 -> ...23
* ...23 -> ...24
Setting global options...
Setting ennotify options...

2021-03-03 16:42:02
Replacing deaths ids...
New names:
* ...22 -> ...23
* ...23 -> ...24
Setting global options...
Setting ennotify options...

2021-03-03 16:44:35
Replacing deaths ids...
New names:
* ...22 -> ...23
* ...23 -> ...24
Setting global options...
Setting ennotify options...

2021-03-03 23:05:02
Replacing deaths ids...
New names:
* ...22 -> ...23
* ...23 -> ...24
Setting global options...
Setting ennotify options...

2021-03-04 23:05:02
Replacing deaths ids...
New names:
* ...22 -> ...23
* ...23 -> ...24
Setting global options...
Setting ennotify options...

2021-03-05 23:05:02
Replacing deaths ids...
New names:
* ...22 -> ...23
* ...23 -> ...24
Setting global options...
Setting ennotify options...

2021-03-06 23:05:02
Replacing deaths ids...
New names:
* ...22 -> ...23
* ...23 -> ...24
Setting global options...
Setting ennotify options...

2021-03-07 23:05:02
Replacing deaths ids...
New names:
* ...22 -> ...23
* ...23 -> ...24
Setting global options...
Setting ennotify options...

2021-03-08 23:05:02
Replacing deaths ids...
New names:
* ...22 -> ...23
* ...23 -> ...24
Setting global options...
Setting ennotify options...

2021-03-09 23:05:02
Replacing deaths ids...
New names:
* ...22 -> ...23
* ...23 -> ...24
Setting global options...
Setting ennotify options...

2021-03-10 23:05:02
Replacing deaths ids...
New names:
* ...22 -> ...23
* ...23 -> ...24
Setting global options...
Setting ennotify options...

2021-03-11 23:05:02
Replacing deaths ids...
New names:
* ...22 -> ...23
* ...23 -> ...24
Setting global options...
Setting ennotify options...

2021-03-12 23:05:02
Replacing deaths ids...
New names:
* ...22 -> ...23
* ...23 -> ...24
Setting global options...
Setting ennotify options...

2021-03-13 23:05:02
Replacing deaths ids...
New names:
* ...22 -> ...23
* ...23 -> ...24
Setting global options...
Setting ennotify options...

2021-03-14 23:05:02
Replacing deaths ids...
New names:
* ...22 -> ...23
* ...23 -> ...24
Setting global options...
Setting ennotify options...

2021-03-15 23:05:02
Replacing deaths ids...
New names:
* ...22 -> ...23
* ...23 -> ...24
Setting global options...
Setting ennotify options...

2021-03-16 23:05:01
Replacing deaths ids...
New names:
* ...22 -> ...23
* ...23 -> ...24
Setting global options...
Setting ennotify options...

2021-03-17 23:05:01
Replacing deaths ids...
New names:
* ...22 -> ...23
* ...23 -> ...24
Setting global options...
Setting ennotify options...

2021-03-18 23:05:01
Replacing deaths ids...
New names:
* ...22 -> ...23
* ...23 -> ...24
Setting global options...
Setting ennotify options...

2021-03-19 23:05:01
Replacing deaths ids...
New names:
* ...22 -> ...23
* ...23 -> ...24
Setting global options...
Setting ennotify options...

2021-03-20 23:05:01
Replacing deaths ids...
New names:
* ...22 -> ...23
* ...23 -> ...24
Setting global options...
Setting ennotify options...

2021-03-21 23:05:01
Replacing deaths ids...
New names:
* ...22 -> ...23
* ...23 -> ...24
Setting global options...
Setting ennotify options...

2021-03-22 23:05:01
Replacing deaths ids...
New names:
* ...22 -> ...23
* ...23 -> ...24
Setting global options...
Setting ennotify options...

2021-03-23 23:05:01
Replacing deaths ids...
New names:
* ...22 -> ...23
* ...23 -> ...24
Setting global options...
Setting ennotify options...

2021-03-24 23:05:02
Replacing deaths ids...
New names:
* ...22 -> ...23
* ...23 -> ...24
Setting global options...
Setting ennotify options...

2021-03-25 23:05:01
Replacing deaths ids...
New names:
* ...22 -> ...23
* ...23 -> ...24
Setting global options...
Setting ennotify options...

2021-03-26 23:05:01
Replacing deaths ids...
New names:
* ...22 -> ...23
* ...23 -> ...24
Setting global options...
Setting ennotify options...

2021-03-27 23:05:01
Replacing deaths ids...
New names:
* ...22 -> ...23
* ...23 -> ...24
Setting global options...
Setting ennotify options...

2021-03-28 23:05:02
Replacing deaths ids...
New names:
* ...22 -> ...23
* ...23 -> ...24
Setting global options...
Setting ennotify options...

2021-03-29 23:05:01
Replacing deaths ids...
New names:
* ...22 -> ...23
* ...23 -> ...24
Setting global options...
Setting ennotify options...

2021-03-30 23:05:01
Replacing deaths ids...
New names:
* ...22 -> ...23
* ...23 -> ...24
Setting global options...
Setting ennotify options...

2021-03-31 23:05:02
Replacing deaths ids...
New names:
* ...22 -> ...23
* ...23 -> ...24
Setting global options...
Setting ennotify options...

2021-04-01 23:05:01
Replacing deaths ids...
New names:
* ...22 -> ...23
* ...23 -> ...24
Setting global options...
Setting ennotify options...

2021-04-02 23:05:01
Replacing deaths ids...
New names:
* ...22 -> ...23
* ...23 -> ...24
Setting global options...
Setting ennotify options...

2021-04-03 23:05:02
Replacing deaths ids...
New names:
* ...22 -> ...23
* ...23 -> ...24
Setting global options...
Setting ennotify options...

2021-04-04 23:05:01
Replacing deaths ids...
New names:
* ...22 -> ...23
* ...23 -> ...24
Setting global options...
Setting ennotify options...

2021-04-05 23:05:02
Replacing deaths ids...
New names:
* ...22 -> ...23
* ...23 -> ...24
Setting global options...
Setting ennotify options...

2021-04-06 23:05:01
Replacing deaths ids...
New names:
* ...22 -> ...23
* ...23 -> ...24
Setting global options...
Setting ennotify options...

2021-04-07 23:05:02
Replacing deaths ids...
New names:
* ...22 -> ...23
* ...23 -> ...24
Setting global options...
Setting ennotify options...

2021-04-08 23:05:01
Replacing deaths ids...
New names:
* ...22 -> ...23
* ...23 -> ...24
Setting global options...
Setting ennotify options...

2021-04-10 09:33:10
Replacing deaths ids...
New names:
* ...22 -> ...23
* ...23 -> ...24
Setting global options...
Setting ennotify options...

2021-04-10 23:05:01
Replacing deaths ids...
New names:
* ...22 -> ...23
* ...23 -> ...24
Setting global options...
Setting ennotify options...

2021-04-11 23:05:01
Replacing deaths ids...
New names:
* ...22 -> ...23
* ...23 -> ...24
Setting global options...
Setting ennotify options...

2021-04-12 23:05:01
Replacing deaths ids...
New names:
* ...22 -> ...23
* ...23 -> ...24
Setting global options...
Setting ennotify options...

2021-04-13 23:05:02
Replacing deaths ids...
New names:
* ...22 -> ...23
* ...23 -> ...24
Setting global options...
Setting ennotify options...

2021-04-14 23:05:02
Replacing deaths ids...
New names:
* ...22 -> ...23
* ...23 -> ...24
Setting global options...
Setting ennotify options...

2021-04-15 23:05:02
Replacing deaths ids...
New names:
* ...22 -> ...23
* ...23 -> ...24
Setting global options...
Setting ennotify options...

2021-04-16 23:05:02
Replacing deaths ids...
New names:
* ...22 -> ...23
* ...23 -> ...24
Setting global options...
Setting ennotify options...

2021-04-17 23:05:02
Replacing deaths ids...
New names:
* ...22 -> ...23
* ...23 -> ...24
Setting global options...
Setting ennotify options...

2021-04-18 23:05:02
Replacing deaths ids...
New names:
* ...22 -> ...23
* ...23 -> ...24
Setting global options...
Setting ennotify options...

2021-04-19 23:05:02
Replacing deaths ids...
New names:
* ...22 -> ...23
* ...23 -> ...24
Setting global options...
Setting ennotify options...

2021-04-20 17:30:36
Replacing deaths ids...
New names:
* ...22 -> ...23
* ...23 -> ...24
Setting global options...
Setting ennotify options...

2021-04-20 23:05:03
Replacing deaths ids...
New names:
* ...22 -> ...23
* ...23 -> ...24
Setting global options...
Setting ennotify options...

2021-04-21 23:05:02
Replacing deaths ids...
New names:
* ...22 -> ...23
* ...23 -> ...24
Setting global options...
Setting ennotify options...

2021-04-22 23:05:03
Replacing deaths ids...
New names:
* ...22 -> ...23
* ...23 -> ...24
Setting global options...
Setting ennotify options...

2021-04-23 23:05:02
Replacing deaths ids...
New names:
* ...22 -> ...23
* ...23 -> ...24
Setting global options...
Setting ennotify options...

2021-04-24 23:05:02
Replacing deaths ids...
New names:
* ...22 -> ...23
* ...23 -> ...24
Setting global options...
Setting ennotify options...

2021-04-25 23:05:03
Replacing deaths ids...
New names:
* ...22 -> ...23
* ...23 -> ...24
Setting global options...
Setting ennotify options...

2021-04-26 23:05:03
Replacing deaths ids...
New names:
* ...22 -> ...23
* ...23 -> ...24
Setting global options...
Setting ennotify options...

2021-04-27 15:32:19
Replacing deaths ids...
New names:
* ...22 -> ...23
* ...23 -> ...24
Setting global options...
Setting ennotify options...

2021-04-27 23:05:02
Replacing deaths ids...
New names:
* ...22 -> ...23
* ...23 -> ...24
Setting global options...
Setting ennotify options...

2021-04-28 23:05:02
Replacing deaths ids...
New names:
* ...22 -> ...23
* ...23 -> ...24
Setting global options...
Setting ennotify options...

2021-04-29 23:05:01
Replacing deaths ids...
New names:
* ...22 -> ...23
* ...23 -> ...24
Setting global options...
Setting ennotify options...

2021-04-30 23:05:01
Replacing deaths ids...
New names:
* ...22 -> ...23
* ...23 -> ...24
Setting global options...
Setting ennotify options...

2021-05-01 23:05:02
Replacing deaths ids...
New names:
* ...22 -> ...23
* ...23 -> ...24
Setting global options...
Setting ennotify options...

2021-05-02 23:05:02
Replacing deaths ids...
New names:
* ...22 -> ...23
* ...23 -> ...24
Setting global options...
Setting ennotify options...

2021-05-03 23:05:02
Replacing deaths ids...
New names:
* ...22 -> ...23
* ...23 -> ...24
Setting global options...
Setting ennotify options...

2021-05-04 23:05:02
Replacing deaths ids...
New names:
* ...22 -> ...23
* ...23 -> ...24
Setting global options...
Setting ennotify options...

2021-05-05 23:05:02
Replacing deaths ids...
New names:
* ...22 -> ...23
* ...23 -> ...24
Setting global options...
Setting ennotify options...

2021-05-06 23:05:02
Replacing deaths ids...
New names:
* ...22 -> ...23
* ...23 -> ...24
Setting global options...
Setting ennotify options...

2021-05-07 23:05:02
Replacing deaths ids...
New names:
* ...22 -> ...23
* ...23 -> ...24
Setting global options...
Setting ennotify options...

2021-05-08 23:05:02
Replacing deaths ids...
New names:
* ...22 -> ...23
* ...23 -> ...24
Setting global options...
Setting ennotify options...

2021-05-09 23:05:02
Replacing deaths ids...
New names:
* ...22 -> ...23
* ...23 -> ...24
Setting global options...
Setting ennotify options...

2021-05-10 23:05:02
Replacing deaths ids...
New names:
* ...22 -> ...23
* ...23 -> ...24
Setting global options...
Setting ennotify options...

2021-05-11 23:05:02
Replacing deaths ids...
New names:
* ...22 -> ...23
* ...23 -> ...24
Setting global options...
Setting ennotify options...

2021-05-12 23:05:02
Replacing deaths ids...
New names:
* ...22 -> ...23
* ...23 -> ...24
Setting global options...
Setting ennotify options...

2021-05-13 23:05:02
Replacing deaths ids...
New names:
* ...22 -> ...23
* ...23 -> ...24
Setting global options...
Setting ennotify options...

2021-05-14 23:05:02
Replacing deaths ids...
New names:
* ...22 -> ...23
* ...23 -> ...24
Setting global options...
Setting ennotify options...

2021-05-15 23:05:02
Replacing deaths ids...
New names:
* ...22 -> ...23
* ...23 -> ...24
Setting global options...
Setting ennotify options...

2021-05-16 23:05:02
Replacing deaths ids...
New names:
* ...22 -> ...23
* ...23 -> ...24
Setting global options...
Setting ennotify options...

2021-05-17 23:05:02
Replacing deaths ids...
New names:
* ...22 -> ...23
* ...23 -> ...24
Setting global options...
Setting ennotify options...

2021-05-18 23:05:02
Replacing deaths ids...
New names:
* ...22 -> ...23
* ...23 -> ...24
Setting global options...
Setting ennotify options...

2021-05-19 23:05:02
Replacing deaths ids...
New names:
* ...22 -> ...23
* ...23 -> ...24
Setting global options...
Setting ennotify options...

2021-05-20 23:05:02
Replacing deaths ids...
New names:
* ...22 -> ...23
* ...23 -> ...24
Setting global options...
Setting ennotify options...

2021-05-21 23:05:02
Replacing deaths ids...
New names:
* ...22 -> ...23
* ...23 -> ...24
Setting global options...
Setting ennotify options...

2021-05-22 23:05:02
Replacing deaths ids...
New names:
* ...22 -> ...23
* ...23 -> ...24
Setting global options...
Setting ennotify options...

2021-05-23 23:05:02
Replacing deaths ids...
New names:
* ...22 -> ...23
* ...23 -> ...24
Setting global options...
Setting ennotify options...

2021-05-24 23:05:02
Replacing deaths ids...
New names:
* ...22 -> ...23
* ...23 -> ...24
Setting global options...
Setting ennotify options...

2021-05-25 23:05:02
Replacing deaths ids...
New names:
* ...22 -> ...23
* ...23 -> ...24
Setting global options...
Setting ennotify options...

2021-05-26 23:05:02
Replacing deaths ids...
New names:
* ...22 -> ...23
* ...23 -> ...24
Setting global options...
Setting ennotify options...

2021-05-27 23:05:02
Replacing deaths ids...
New names:
* ...22 -> ...23
* ...23 -> ...24
Setting global options...
Setting ennotify options...

2021-05-28 23:05:02
Replacing deaths ids...
New names:
* ...22 -> ...23
* ...23 -> ...24
Setting global options...
Setting ennotify options...

2021-05-29 23:05:02
Replacing deaths ids...
New names:
* ...22 -> ...23
* ...23 -> ...24
Setting global options...
Setting ennotify options...

2021-05-30 23:05:02
Replacing deaths ids...
New names:
* ...22 -> ...23
* ...23 -> ...24
Setting global options...
Setting ennotify options...

2021-05-31 23:05:02
Replacing deaths ids...
New names:
* ...22 -> ...23
* ...23 -> ...24
Setting global options...
Setting ennotify options...

2021-06-01 23:05:02
Replacing deaths ids...
New names:
* ...22 -> ...23
* ...23 -> ...24
Setting global options...
Setting ennotify options...

2021-06-02 23:05:02
Replacing deaths ids...
New names:
* ...22 -> ...23
* ...23 -> ...24
Setting global options...
Setting ennotify options...

2021-06-03 23:05:02
Replacing deaths ids...
New names:
* ...22 -> ...23
* ...23 -> ...24
Setting global options...
Setting ennotify options...

2021-06-04 23:05:02
Replacing deaths ids...
New names:
* ...22 -> ...23
* ...23 -> ...24
Setting global options...
Setting ennotify options...

2021-06-05 23:05:02
Replacing deaths ids...
New names:
* ...22 -> ...23
* ...23 -> ...24
Setting global options...
Setting ennotify options...

2021-06-06 23:05:02
Replacing deaths ids...
New names:
* ...22 -> ...23
* ...23 -> ...24
Setting global options...
Setting ennotify options...

2021-06-07 23:05:02
Replacing deaths ids...
New names:
* ...22 -> ...23
* ...23 -> ...24
Setting global options...
Setting ennotify options...

2021-06-08 23:05:02
Replacing deaths ids...
New names:
* ...22 -> ...23
* ...23 -> ...24
Setting global options...
Setting ennotify options...

2021-06-09 23:05:02
Replacing deaths ids...
New names:
* ...22 -> ...23
* ...23 -> ...24
Setting global options...
Setting ennotify options...

2021-06-10 23:05:02
Replacing deaths ids...
New names:
* ...22 -> ...23
* ...23 -> ...24
Setting global options...
Setting ennotify options...

2021-06-11 23:05:02
Replacing deaths ids...
New names:
* ...22 -> ...23
* ...23 -> ...24
Setting global options...
Setting ennotify options...

2021-06-12 23:05:02
Replacing deaths ids...
New names:
* ...22 -> ...23
* ...23 -> ...24
Setting global options...
Setting ennotify options...

2021-06-13 23:05:01
Replacing deaths ids...
New names:
* ...22 -> ...23
* ...23 -> ...24
Setting global options...
Setting ennotify options...

2021-06-14 23:05:02
Replacing deaths ids...
New names:
* ...22 -> ...23
* ...23 -> ...24
Setting global options...
Setting ennotify options...

2021-06-15 23:05:02
Replacing deaths ids...
New names:
* ...22 -> ...23
* ...23 -> ...24
Setting global options...
Setting ennotify options...

2021-06-16 23:05:01
Replacing deaths ids...
New names:
* ...22 -> ...23
* ...23 -> ...24
Setting global options...
Setting ennotify options...

2021-06-17 23:05:02
Replacing deaths ids...
New names:
* ...22 -> ...23
* ...23 -> ...24
Error in saveWorkbook(wb, file = file, overwrite = overwrite) : 
  File already exists!
Calls: capture.output ... run_script -> <Anonymous> -> <Anonymous> -> saveWorkbook

Setting global options...
Setting ennotify options...

2021-06-18 23:05:02
Replacing deaths ids...
New names:
* ...22 -> ...23
* ...23 -> ...24
Error in saveWorkbook(wb, file = file, overwrite = overwrite) : 
  File already exists!
Calls: capture.output ... run_script -> <Anonymous> -> <Anonymous> -> saveWorkbook

Setting global options...
Setting ennotify options...

2021-06-19 23:05:02
Replacing deaths ids...
New names:
* ...22 -> ...23
* ...23 -> ...24
Error in saveWorkbook(wb, file = file, overwrite = overwrite) : 
  File already exists!
Calls: capture.output ... run_script -> <Anonymous> -> <Anonymous> -> saveWorkbook

Setting global options...
Setting ennotify options...

2021-06-20 23:05:02
Replacing deaths ids...
New names:
* ...22 -> ...23
* ...23 -> ...24
Setting global options...
Setting ennotify options...

2021-06-21 23:05:02
Replacing deaths ids...
New names:
* ...22 -> ...23
* ...23 -> ...24
Setting global options...
Setting ennotify options...

2021-06-22 23:05:02
Replacing deaths ids...
New names:
* ...22 -> ...23
* ...23 -> ...24
Setting global options...
Setting ennotify options...

2021-06-23 23:05:02
Replacing deaths ids...
New names:
* ...22 -> ...23
* ...23 -> ...24
Setting global options...
Setting ennotify options...

2021-06-24 23:05:02
Replacing deaths ids...
New names:
* ...22 -> ...23
* ...23 -> ...24
Setting global options...
Setting ennotify options...

2021-06-25 23:05:02
Replacing deaths ids...
New names:
* ...22 -> ...23
* ...23 -> ...24
Setting global options...
Setting ennotify options...

2021-06-26 23:05:02
Replacing deaths ids...
New names:
* ...22 -> ...23
* ...23 -> ...24
Setting global options...
Setting ennotify options...

2021-06-27 23:05:02
Replacing deaths ids...
New names:
* ...22 -> ...23
* ...23 -> ...24
Setting global options...
Setting ennotify options...

2021-06-28 23:05:02
Replacing deaths ids...
New names:
* ...22 -> ...23
* ...23 -> ...24
Setting global options...
Setting ennotify options...

2021-06-29 23:05:02
Replacing deaths ids...
New names:
* ...22 -> ...23
* ...23 -> ...24
Setting global options...
Setting ennotify options...

2021-06-30 23:05:02
Replacing deaths ids...
New names:
* ...22 -> ...23
* ...23 -> ...24
Setting global options...
Setting ennotify options...

2021-07-01 23:05:02
Replacing deaths ids...
New names:
* ...22 -> ...23
* ...23 -> ...24
Setting global options...
Setting ennotify options...

2021-07-02 23:05:02
Replacing deaths ids...
New names:
* ...22 -> ...23
* ...23 -> ...24
Setting global options...
Setting ennotify options...

2021-07-03 23:05:02
Replacing deaths ids...
New names:
* ...22 -> ...23
* ...23 -> ...24
Setting global options...
Setting ennotify options...

2021-07-04 23:05:02
Replacing deaths ids...
New names:
* ...22 -> ...23
* ...23 -> ...24
Setting global options...
Setting ennotify options...

2021-07-05 23:05:02
Replacing deaths ids...
New names:
* ...22 -> ...23
* ...23 -> ...24
Setting global options...
Setting ennotify options...

2021-07-06 23:05:02
Replacing deaths ids...
New names:
* ...22 -> ...23
* ...23 -> ...24
Setting global options...
Setting ennotify options...

2021-07-07 23:05:02
Replacing deaths ids...
New names:
* ...22 -> ...23
* ...23 -> ...24
Setting global options...
Setting ennotify options...

2021-07-08 23:05:02
Replacing deaths ids...
New names:
* ...22 -> ...23
* ...23 -> ...24
Setting global options...
Setting ennotify options...

2021-07-09 23:05:02
Replacing deaths ids...
New names:
* ...22 -> ...23
* ...23 -> ...24
Setting global options...
Setting ennotify options...

2021-07-10 23:05:01
Replacing deaths ids...
New names:
* ...22 -> ...23
* ...23 -> ...24
Setting global options...
Setting ennotify options...

2021-07-11 23:05:01
Replacing deaths ids...
New names:
* ...22 -> ...23
* ...23 -> ...24
Setting global options...
Setting ennotify options...

2021-07-12 23:05:01
Replacing deaths ids...
New names:
* ...22 -> ...23
* ...23 -> ...24
Setting global options...
Setting ennotify options...

2021-07-13 23:05:01
Replacing deaths ids...
New names:
* ...22 -> ...23
* ...23 -> ...24
Setting global options...
Setting ennotify options...

2021-07-14 23:05:01
Replacing deaths ids...
New names:
* ...22 -> ...23
* ...23 -> ...24
Setting global options...
Setting ennotify options...

2021-07-15 23:05:01
Replacing deaths ids...
New names:
* ...22 -> ...23
* ...23 -> ...24
Setting global options...
Setting ennotify options...

2021-07-16 23:05:01
Replacing deaths ids...
New names:
* ...22 -> ...23
* ...23 -> ...24
Setting global options...
Setting ennotify options...

2021-07-17 23:05:01
Replacing deaths ids...
New names:
* ...22 -> ...23
* ...23 -> ...24
Setting global options...
Setting ennotify options...

2021-07-18 23:05:01
Replacing deaths ids...
New names:
* ...22 -> ...23
* ...23 -> ...24
Setting global options...
Setting ennotify options...

2021-07-19 23:05:01
Replacing deaths ids...
New names:
* ...22 -> ...23
* ...23 -> ...24
Setting global options...
Setting ennotify options...

2021-07-20 23:05:01
Replacing deaths ids...
New names:
* ...22 -> ...23
* ...23 -> ...24
Setting global options...
Setting ennotify options...

2021-07-21 23:05:01
Replacing deaths ids...
New names:
* ...22 -> ...23
* ...23 -> ...24
Setting global options...
Setting ennotify options...

2021-07-22 23:05:01
Replacing deaths ids...
New names:
* ...22 -> ...23
* ...23 -> ...24
Setting global options...
Setting ennotify options...

2021-07-23 23:05:01
Replacing deaths ids...
New names:
* ...22 -> ...23
* ...23 -> ...24
Setting global options...
Setting ennotify options...

2021-07-24 23:05:02
Replacing deaths ids...
New names:
* ...22 -> ...23
* ...23 -> ...24
Setting global options...
Setting ennotify options...

2021-07-25 23:05:02
Replacing deaths ids...
New names:
* ...22 -> ...23
* ...23 -> ...24
Setting global options...
Setting ennotify options...

2021-07-26 23:05:02
Replacing deaths ids...
New names:
* ...22 -> ...23
* ...23 -> ...24
Setting global options...
Setting ennotify options...

2021-07-27 23:05:02
Replacing deaths ids...
New names:
* ...22 -> ...23
* ...23 -> ...24
Setting global options...
Setting ennotify options...

2021-07-28 23:05:02
Replacing deaths ids...
New names:
* ...22 -> ...23
* ...23 -> ...24
Setting global options...
Setting ennotify options...

2021-07-29 23:05:02
Replacing deaths ids...
New names:
* ...22 -> ...23
* ...23 -> ...24
Setting global options...
Setting ennotify options...

2021-07-30 23:05:03
Replacing deaths ids...
New names:
* ...22 -> ...23
* ...23 -> ...24
Setting global options...
Setting ennotify options...

2021-07-31 23:05:02
Replacing deaths ids...
New names:
* ...22 -> ...23
* ...23 -> ...24
Setting global options...
Setting ennotify options...

2021-08-01 23:05:02
Replacing deaths ids...
New names:
* ...22 -> ...23
* ...23 -> ...24
Setting global options...
Setting ennotify options...

2021-08-02 23:05:02
Replacing deaths ids...
New names:
* ...22 -> ...23
* ...23 -> ...24
Setting global options...
Setting ennotify options...

2021-08-03 23:05:02
Replacing deaths ids...
New names:
* ...22 -> ...23
* ...23 -> ...24
Setting global options...
Setting ennotify options...

2021-08-04 23:05:02
Replacing deaths ids...
New names:
* ...22 -> ...23
* ...23 -> ...24
Setting global options...
Setting ennotify options...

2021-08-05 23:05:02
Replacing deaths ids...
New names:
* ...22 -> ...23
* ...23 -> ...24
Setting global options...
Setting ennotify options...

2021-08-06 23:05:02
Replacing deaths ids...
New names:
* ...22 -> ...23
* ...23 -> ...24
Setting global options...
Setting ennotify options...

2021-08-07 23:05:02
Replacing deaths ids...
New names:
* ...22 -> ...23
* ...23 -> ...24
Setting global options...
Setting ennotify options...

2021-08-08 23:05:02
Replacing deaths ids...
New names:
* ...22 -> ...23
* ...23 -> ...24
