-- Attaching packages ------------------------------------------------------------------------------- tidyverse 1.3.0 --
v ggplot2 3.3.2     v purrr   0.3.4
v tibble  3.0.4     v dplyr   1.0.2
v tidyr   1.1.2     v stringr 1.4.0
v readr   1.4.0     v forcats 0.5.0
-- Conflicts ---------------------------------------------------------------------------------- tidyverse_conflicts() --
x dplyr::filter() masks stats::filter()
x dplyr::lag()    masks stats::lag()
Warning messages:
1: package 'tibble' was built under R version 4.0.3 
2: package 'readr' was built under R version 4.0.3 

Attaching package: 'magrittr'

The following object is masked from 'package:purrr':

    set_names

The following object is masked from 'package:tidyr':

    extract

Warning message:
package 'magrittr' was built under R version 4.0.3 
Warning messages:
1: Problem with `mutate()` input `..1`.
i All formats failed to parse. No formats found.
i Input `..1` is `dplyr::across(...)`. 
2: All formats failed to parse. No formats found. 
3: Problem with `mutate()` input `..1`.
i All formats failed to parse. No formats found.
i Input `..1` is `dplyr::across(...)`. 
4: All formats failed to parse. No formats found. 
5: Problem with `mutate()` input `..1`.
i All formats failed to parse. No formats found.
i Input `..1` is `dplyr::across(...)`. 
6: All formats failed to parse. No formats found. 
Error in (function (file = if (onefile) "Rplots.pdf" else "Rplot%03d.pdf",  : 
  cannot open file 'Rplots.pdf'
Calls: %T>% ... print -> print.ggplot -> grid.newpage -> <Anonymous>
Execution halted
-- Attaching packages ------------------------------------------------------------------------------- tidyverse 1.3.0 --
v ggplot2 3.3.2     v purrr   0.3.4
v tibble  3.0.4     v dplyr   1.0.2
v tidyr   1.1.2     v stringr 1.4.0
v readr   1.4.0     v forcats 0.5.0
-- Conflicts ---------------------------------------------------------------------------------- tidyverse_conflicts() --
x dplyr::filter() masks stats::filter()
x dplyr::lag()    masks stats::lag()
Warning messages:
1: package 'tibble' was built under R version 4.0.3 
2: package 'readr' was built under R version 4.0.3 

Attaching package: 'magrittr'

The following object is masked from 'package:purrr':

    set_names

The following object is masked from 'package:tidyr':

    extract

Warning message:
package 'magrittr' was built under R version 4.0.3 
Warning messages:
1: Problem with `mutate()` input `..1`.
i All formats failed to parse. No formats found.
i Input `..1` is `dplyr::across(...)`. 
2: All formats failed to parse. No formats found. 
3: Problem with `mutate()` input `..1`.
i All formats failed to parse. No formats found.
i Input `..1` is `dplyr::across(...)`. 
4: All formats failed to parse. No formats found. 
5: Problem with `mutate()` input `..1`.
i All formats failed to parse. No formats found.
i Input `..1` is `dplyr::across(...)`. 
6: All formats failed to parse. No formats found. 
Error in (function (file = if (onefile) "Rplots.pdf" else "Rplot%03d.pdf",  : 
  cannot open file 'Rplots.pdf'
Calls: %T>% ... print -> print.ggplot -> grid.newpage -> <Anonymous>
Execution halted
Load packages
-- Attaching packages ------------------------------------------------------------------------------- tidyverse 1.3.0 --
v ggplot2 3.3.2     v purrr   0.3.4
v tibble  3.0.4     v dplyr   1.0.2
v tidyr   1.1.2     v stringr 1.4.0
v readr   1.4.0     v forcats 0.5.0
-- Conflicts ---------------------------------------------------------------------------------- tidyverse_conflicts() --
x dplyr::filter() masks stats::filter()
x dplyr::lag()    masks stats::lag()
Warning messages:
1: package 'tibble' was built under R version 4.0.3 
2: package 'readr' was built under R version 4.0.3 

Attaching package: 'magrittr'

The following object is masked from 'package:purrr':

    set_names

The following object is masked from 'package:tidyr':

    extract

Warning message:
package 'magrittr' was built under R version 4.0.3 
Create functions
Load NIT data
Warning messages:
1: Problem with `mutate()` input `..1`.
i All formats failed to parse. No formats found.
i Input `..1` is `dplyr::across(...)`. 
2: All formats failed to parse. No formats found. 
3: Problem with `mutate()` input `..1`.
i All formats failed to parse. No formats found.
i Input `..1` is `dplyr::across(...)`. 
4: All formats failed to parse. No formats found. 
5: Problem with `mutate()` input `..1`.
i All formats failed to parse. No formats found.
i Input `..1` is `dplyr::across(...)`. 
6: All formats failed to parse. No formats found. 
Load NCA/NBS data
Plot epicurve
Error in (function (file = if (onefile) "Rplots.pdf" else "Rplot%03d.pdf",  : 
  cannot open file 'Rplots.pdf'
Calls: %T>% ... print -> print.ggplot -> grid.newpage -> <Anonymous>
Execution halted
Load packages
-- Attaching packages ------------------------------------------------------------------------------- tidyverse 1.3.0 --
v ggplot2 3.3.2     v purrr   0.3.4
v tibble  3.0.4     v dplyr   1.0.2
v tidyr   1.1.2     v stringr 1.4.0
v readr   1.4.0     v forcats 0.5.0
-- Conflicts ---------------------------------------------------------------------------------- tidyverse_conflicts() --
x dplyr::filter() masks stats::filter()
x dplyr::lag()    masks stats::lag()
Warning messages:
1: package 'tibble' was built under R version 4.0.3 
2: package 'readr' was built under R version 4.0.3 

Attaching package: 'magrittr'

The following object is masked from 'package:purrr':

    set_names

The following object is masked from 'package:tidyr':

    extract

Warning message:
package 'magrittr' was built under R version 4.0.3 
Create functions
Load NIT data
Warning messages:
1: Problem with `mutate()` input `..1`.
i All formats failed to parse. No formats found.
i Input `..1` is `dplyr::across(...)`. 
2: All formats failed to parse. No formats found. 
3: Problem with `mutate()` input `..1`.
i All formats failed to parse. No formats found.
i Input `..1` is `dplyr::across(...)`. 
4: All formats failed to parse. No formats found. 
5: Problem with `mutate()` input `..1`.
i All formats failed to parse. No formats found.
i Input `..1` is `dplyr::across(...)`. 
6: All formats failed to parse. No formats found. 
Load NCA/NBS data
Plot epicurve
Plot age
Plot gender
Plot race
Plot ethnicity
Plot student status
Plot employment status
Plot symptomatic
Plot infectious activity
Plot student highlight
Plot school type
Plot employment highlight
Plot work setting
Plot healthcare highlight
Plot healthcare setting
Plot healthcare profession
Plot infectious activity highlight
Plot infectious school
Plot infectious school activities
Plot school activity type
Error in .table[["valid_N"]][[1]] : subscript out of bounds
Plot infectious work
Plot infectious days worked
Plot infectious social activity highlight
Plot infectious social activity
Plot infectious activity again
Plot exposures
Plot social exposure
Plot symptomatic highlight
Plot infectious social activity symptomatic
Plot infectious social activity type symptomatic
Plot exposure type symptomatic
Plot exposure social symptomatic
Load packages
-- Attaching packages ------------------------------------------------------------------------------- tidyverse 1.3.0 --
v ggplot2 3.3.2     v purrr   0.3.4
v tibble  3.0.4     v dplyr   1.0.2
v tidyr   1.1.2     v stringr 1.4.0
v readr   1.4.0     v forcats 0.5.0
-- Conflicts ---------------------------------------------------------------------------------- tidyverse_conflicts() --
x dplyr::filter() masks stats::filter()
x dplyr::lag()    masks stats::lag()
Warning messages:
1: package 'tibble' was built under R version 4.0.3 
2: package 'readr' was built under R version 4.0.3 

Attaching package: 'magrittr'

The following object is masked from 'package:purrr':

    set_names

The following object is masked from 'package:tidyr':

    extract

Warning message:
package 'magrittr' was built under R version 4.0.3 
Create functions
Load NIT data
Warning messages:
1: Problem with `mutate()` input `..1`.
i All formats failed to parse. No formats found.
i Input `..1` is `dplyr::across(...)`. 
2: All formats failed to parse. No formats found. 
3: Problem with `mutate()` input `..1`.
i All formats failed to parse. No formats found.
i Input `..1` is `dplyr::across(...)`. 
4: All formats failed to parse. No formats found. 
5: Problem with `mutate()` input `..1`.
i All formats failed to parse. No formats found.
i Input `..1` is `dplyr::across(...)`. 
6: All formats failed to parse. No formats found. 
Load NCA/NBS data
Plot epicurve
Plot age
Plot gender
Plot race
Plot ethnicity
Plot student status
Plot employment status
Plot symptomatic
Plot infectious activity
Plot student highlight
Plot school type
Plot employment highlight
Plot work setting
Plot healthcare highlight
Plot healthcare setting
Plot healthcare profession
Plot infectious activity highlight
Plot infectious school
Plot infectious school activities
Plot school activity type
Error in .table[["valid_N"]][[1]] : subscript out of bounds
Plot infectious work
Plot infectious days worked
Plot infectious social activity highlight
Plot infectious social activity
Plot infectious activity again
Plot exposures
Plot social exposure
Plot symptomatic highlight
Plot infectious social activity symptomatic
Plot infectious social activity type symptomatic
Plot exposure type symptomatic
Plot exposure social symptomatic
Load packages
-- Attaching packages ------------------------------------------------------------------------------- tidyverse 1.3.0 --
v ggplot2 3.3.2     v purrr   0.3.4
v tibble  3.0.4     v dplyr   1.0.2
v tidyr   1.1.2     v stringr 1.4.0
v readr   1.4.0     v forcats 0.5.0
-- Conflicts ---------------------------------------------------------------------------------- tidyverse_conflicts() --
x dplyr::filter() masks stats::filter()
x dplyr::lag()    masks stats::lag()
Warning messages:
1: package 'tibble' was built under R version 4.0.3 
2: package 'readr' was built under R version 4.0.3 

Attaching package: 'magrittr'

The following object is masked from 'package:purrr':

    set_names

The following object is masked from 'package:tidyr':

    extract

Warning message:
package 'magrittr' was built under R version 4.0.3 
Create functions
Load NIT data
Warning messages:
1: Problem with `mutate()` input `..1`.
i All formats failed to parse. No formats found.
i Input `..1` is `dplyr::across(...)`. 
2: All formats failed to parse. No formats found. 
3: Problem with `mutate()` input `..1`.
i All formats failed to parse. No formats found.
i Input `..1` is `dplyr::across(...)`. 
4: All formats failed to parse. No formats found. 
5: Problem with `mutate()` input `..1`.
i All formats failed to parse. No formats found.
i Input `..1` is `dplyr::across(...)`. 
6: All formats failed to parse. No formats found. 
Load NCA/NBS data
Plot epicurve
Plot age
Plot gender
Plot race
Plot ethnicity
Plot student status
Plot employment status
Plot symptomatic
Plot infectious activity
Plot student highlight
Plot school type
Plot employment highlight
Plot work setting
Plot healthcare highlight
Plot healthcare setting
Plot healthcare profession
Plot infectious activity highlight
Plot infectious school
Plot infectious school activities
Plot school activity type
Error in .table[["valid_N"]][[1]] : subscript out of bounds
Plot infectious work
Plot infectious days worked
Plot infectious social activity highlight
Plot infectious social activity
Plot infectious activity again
Plot exposures
Plot social exposure
Plot symptomatic highlight
Plot infectious social activity symptomatic
Plot infectious social activity type symptomatic
Plot exposure type symptomatic
Plot exposure social symptomatic
Load packages
-- Attaching packages ------------------------------------------------------------------------------- tidyverse 1.3.0 --
v ggplot2 3.3.2     v purrr   0.3.4
v tibble  3.0.4     v dplyr   1.0.2
v tidyr   1.1.2     v stringr 1.4.0
v readr   1.4.0     v forcats 0.5.0
-- Conflicts ---------------------------------------------------------------------------------- tidyverse_conflicts() --
x dplyr::filter() masks stats::filter()
x dplyr::lag()    masks stats::lag()
Warning messages:
1: package 'tibble' was built under R version 4.0.3 
2: package 'readr' was built under R version 4.0.3 

Attaching package: 'magrittr'

The following object is masked from 'package:purrr':

    set_names

The following object is masked from 'package:tidyr':

    extract

Warning message:
package 'magrittr' was built under R version 4.0.3 
Create functions
Load NIT data
Warning messages:
1: Problem with `mutate()` input `..1`.
i All formats failed to parse. No formats found.
i Input `..1` is `dplyr::across(...)`. 
2: All formats failed to parse. No formats found. 
3: Problem with `mutate()` input `..1`.
i All formats failed to parse. No formats found.
i Input `..1` is `dplyr::across(...)`. 
4: All formats failed to parse. No formats found. 
5: Problem with `mutate()` input `..1`.
i All formats failed to parse. No formats found.
i Input `..1` is `dplyr::across(...)`. 
6: All formats failed to parse. No formats found. 
Load NCA/NBS data
Plot epicurve
Plot age
filter: removed 32,581 rows (5%), 666,684 rows remaining
filter: removed 18,694 rows (3%), 647,990 rows remaining
filter: removed 555,422 rows (86%), 92,568 rows remaining
distinct: no rows removed
distinct: removed 70 rows (<1%), 92,498 rows remaining
distinct: removed 651 rows (1%), 91,847 rows remaining
Error in mutate(., collect_dt = std_dates(specimen_coll_dt, orders = "ymdT",  : 
  object 'pos_ppl' not found
Calls: %T>% ... <Anonymous> -> mutate -> filter -> filter -> mutate
Execution halted
Load packages
[37m-- [1mAttaching packages[22m ------------------------------------------------------------------------------------------------------- tidyverse 1.3.0 --[39m
[37m[32mv[37m [34mggplot2[37m 3.3.2     [32mv[37m [34mpurrr  [37m 0.3.4
[32mv[37m [34mtibble [37m 3.0.4     [32mv[37m [34mdplyr  [37m 1.0.2
[32mv[37m [34mtidyr  [37m 1.1.2     [32mv[37m [34mstringr[37m 1.4.0
[32mv[37m [34mreadr  [37m 1.4.0     [32mv[37m [34mforcats[37m 0.5.0[39m
[37m-- [1mConflicts[22m ---------------------------------------------------------------------------------------------------------- tidyverse_conflicts() --
[31mx[37m [34mdplyr[37m::[32mfilter()[37m masks [34mstats[37m::filter()
[31mx[37m [34mdplyr[37m::[32mlag()[37m    masks [34mstats[37m::lag()[39m
Warning messages:
1: package ‘tibble’ was built under R version 4.0.3 
2: package ‘readr’ was built under R version 4.0.3 

Attaching package: ‘magrittr’

The following object is masked from ‘package:purrr’:

    set_names

The following object is masked from ‘package:tidyr’:

    extract

Warning message:
package ‘magrittr’ was built under R version 4.0.3 
Create functions
Load NIT data
Warning messages:
1: Problem with `mutate()` input `..1`.
[34mi[39m All formats failed to parse. No formats found.
[34mi[39m Input `..1` is `dplyr::across(...)`. 
2: All formats failed to parse. No formats found. 
3: Problem with `mutate()` input `..1`.
[34mi[39m All formats failed to parse. No formats found.
[34mi[39m Input `..1` is `dplyr::across(...)`. 
4: All formats failed to parse. No formats found. 
5: Problem with `mutate()` input `..1`.
[34mi[39m All formats failed to parse. No formats found.
[34mi[39m Input `..1` is `dplyr::across(...)`. 
6: All formats failed to parse. No formats found. 
Load NCA/NBS data
Warning message:
In numnotnull("cex") : reached elapsed time limit
filter: removed 32,581 rows (5%), 666,684 rows remaining
filter: removed 18,694 rows (3%), 647,990 rows remaining
filter: removed 555,422 rows (86%), 92,568 rows remaining
distinct: no rows removed
distinct: removed 70 rows (<1%), 92,498 rows remaining
distinct: removed 651 rows (1%), 91,847 rows remaining
Warning message:
Removed 4 rows containing missing values (geom_text). 
Warning message:
Removed 4 rows containing missing values (geom_text). 
Installing package into ‘C:/Users/Jesse.Smith/Documents/R/win-library/4.0’
(as ‘lib’ is unspecified)
trying URL 'https://cran.rstudio.com/bin/windows/contrib/4.0/ggrepel_0.9.1.zip'
Content type 'application/zip' length 1111306 bytes (1.1 MB)
downloaded 1.1 MB

Warning message:
Removed 4 rows containing missing values (geom_text). 
Load packages
-- Attaching packages ------------------------------------------------------------------------------- tidyverse 1.3.0 --
v ggplot2 3.3.2     v purrr   0.3.4
v tibble  3.0.4     v dplyr   1.0.2
v tidyr   1.1.2     v stringr 1.4.0
v readr   1.4.0     v forcats 0.5.0
-- Conflicts ---------------------------------------------------------------------------------- tidyverse_conflicts() --
x dplyr::filter() masks stats::filter()
x dplyr::lag()    masks stats::lag()
Warning messages:
1: package 'tibble' was built under R version 4.0.3 
2: package 'readr' was built under R version 4.0.3 

Attaching package: 'magrittr'

The following object is masked from 'package:purrr':

    set_names

The following object is masked from 'package:tidyr':

    extract

Warning message:
package 'magrittr' was built under R version 4.0.3 
Create functions
Load NIT data
Warning messages:
1: Problem with `mutate()` input `..1`.
i All formats failed to parse. No formats found.
i Input `..1` is `dplyr::across(...)`. 
2: All formats failed to parse. No formats found. 
3: Problem with `mutate()` input `..1`.
i All formats failed to parse. No formats found.
i Input `..1` is `dplyr::across(...)`. 
4: All formats failed to parse. No formats found. 
5: Problem with `mutate()` input `..1`.
i All formats failed to parse. No formats found.
i Input `..1` is `dplyr::across(...)`. 
6: All formats failed to parse. No formats found. 
Load NCA/NBS data
Plot epicurve
Plot age
filter: removed 32,581 rows (5%), 666,684 rows remaining
filter: removed 18,694 rows (3%), 647,990 rows remaining
filter: removed 555,422 rows (86%), 92,568 rows remaining
distinct: no rows removed
distinct: removed 70 rows (<1%), 92,498 rows remaining
distinct: removed 651 rows (1%), 91,847 rows remaining
Plot gender
Plot race
Plot ethnicity
Plot student status
Plot employment status
Plot symptomatic
Plot infectious activity
Plot student highlight
Plot school type
Plot employment highlight
Plot work setting
Plot healthcare highlight
Plot healthcare setting
Plot healthcare profession
Plot infectious activity highlight
Plot infectious school
Plot infectious school activities
Plot school activity type
Error in .table[["valid_N"]][[1]] : subscript out of bounds
Plot infectious work
Plot infectious days worked
Plot infectious social activity highlight
Plot infectious social activity
Plot infectious activity again
Plot exposures
Plot social exposure
Plot symptomatic highlight
Plot infectious social activity symptomatic
Plot infectious social activity type symptomatic
Plot exposure type symptomatic
Plot exposure social symptomatic
Warning message:
Removed 4 rows containing missing values (geom_text). 
Load packages
-- Attaching packages ------------------------------------------------------------------------------- tidyverse 1.3.0 --
v ggplot2 3.3.2     v purrr   0.3.4
v tibble  3.0.4     v dplyr   1.0.2
v tidyr   1.1.2     v stringr 1.4.0
v readr   1.4.0     v forcats 0.5.0
-- Conflicts ---------------------------------------------------------------------------------- tidyverse_conflicts() --
x dplyr::filter() masks stats::filter()
x dplyr::lag()    masks stats::lag()
Warning messages:
1: package 'tibble' was built under R version 4.0.3 
2: package 'readr' was built under R version 4.0.3 

Attaching package: 'magrittr'

The following object is masked from 'package:purrr':

    set_names

The following object is masked from 'package:tidyr':

    extract

Warning message:
package 'magrittr' was built under R version 4.0.3 
Create functions
Load NIT data
Warning messages:
1: Problem with `mutate()` input `..1`.
i All formats failed to parse. No formats found.
i Input `..1` is `dplyr::across(...)`. 
2: All formats failed to parse. No formats found. 
3: Problem with `mutate()` input `..1`.
i All formats failed to parse. No formats found.
i Input `..1` is `dplyr::across(...)`. 
4: All formats failed to parse. No formats found. 
5: Problem with `mutate()` input `..1`.
i All formats failed to parse. No formats found.
i Input `..1` is `dplyr::across(...)`. 
6: All formats failed to parse. No formats found. 
Load NCA/NBS data
Plot epicurve
Plot age
filter: removed 33,589 rows (5%), 677,448 rows remaining
filter: removed 18,951 rows (3%), 658,497 rows remaining
filter: removed 564,943 rows (86%), 93,554 rows remaining
distinct: no rows removed
distinct: removed 73 rows (<1%), 93,481 rows remaining
distinct: removed 645 rows (1%), 92,836 rows remaining
Plot gender
Plot race
Plot ethnicity
Plot student status
Plot employment status
Plot symptomatic
Plot infectious activity
Plot student highlight
Plot school type
Plot employment highlight
Plot work setting
Plot healthcare highlight
Plot healthcare setting
Plot healthcare profession
Plot infectious activity highlight
Plot infectious school
Plot infectious school activities
Plot school activity type
Error in .table[["valid_N"]][[1]] : subscript out of bounds
Plot infectious work
Plot infectious days worked
Plot infectious social activity highlight
Plot infectious social activity
Plot infectious activity again
Plot exposures
Plot social exposure
Plot symptomatic highlight
Plot infectious social activity symptomatic
Plot infectious social activity type symptomatic
Plot exposure type symptomatic
Plot exposure social symptomatic
Warning message:
Removed 4 rows containing missing values (geom_text). 
Load packages
-- Attaching packages ------------------------------------------------------------------------------- tidyverse 1.3.0 --
v ggplot2 3.3.2     v purrr   0.3.4
v tibble  3.0.4     v dplyr   1.0.2
v tidyr   1.1.2     v stringr 1.4.0
v readr   1.4.0     v forcats 0.5.0
-- Conflicts ---------------------------------------------------------------------------------- tidyverse_conflicts() --
x dplyr::filter() masks stats::filter()
x dplyr::lag()    masks stats::lag()
Warning messages:
1: package 'tibble' was built under R version 4.0.3 
2: package 'readr' was built under R version 4.0.3 

Attaching package: 'magrittr'

The following object is masked from 'package:purrr':

    set_names

The following object is masked from 'package:tidyr':

    extract

Warning message:
package 'magrittr' was built under R version 4.0.3 
Create functions
Load NIT data
Warning messages:
1: Problem with `mutate()` input `..1`.
i All formats failed to parse. No formats found.
i Input `..1` is `dplyr::across(...)`. 
2: All formats failed to parse. No formats found. 
3: Problem with `mutate()` input `..1`.
i All formats failed to parse. No formats found.
i Input `..1` is `dplyr::across(...)`. 
4: All formats failed to parse. No formats found. 
5: Problem with `mutate()` input `..1`.
i All formats failed to parse. No formats found.
i Input `..1` is `dplyr::across(...)`. 
6: All formats failed to parse. No formats found. 
Load NCA/NBS data
Plot epicurve
Plot age
filter: removed 34,506 rows (5%), 688,914 rows remaining
filter: removed 19,216 rows (3%), 669,698 rows remaining
filter: removed 575,011 rows (86%), 94,687 rows remaining
distinct: no rows removed
distinct: removed 75 rows (<1%), 94,612 rows remaining
distinct: removed 652 rows (1%), 93,960 rows remaining
Plot gender
Plot race
Plot ethnicity
Plot student status
Plot employment status
Plot symptomatic
Plot infectious activity
Plot student highlight
Plot school type
Plot employment highlight
Plot work setting
Plot healthcare highlight
Plot healthcare setting
Plot healthcare profession
Plot infectious activity highlight
Plot infectious school
Plot infectious school activities
Plot school activity type
Error in .table[["valid_N"]][[1]] : subscript out of bounds
Plot infectious work
Plot infectious days worked
Plot infectious social activity highlight
Plot infectious social activity
Plot infectious activity again
Plot exposures
Plot social exposure
Plot symptomatic highlight
Plot infectious social activity symptomatic
Plot infectious social activity type symptomatic
Plot exposure type symptomatic
Plot exposure social symptomatic
Warning message:
Removed 4 rows containing missing values (geom_text). 
Load packages
-- Attaching packages ------------------------------------------------------------------------------- tidyverse 1.3.0 --
v ggplot2 3.3.3     v purrr   0.3.4
v tibble  3.0.4     v dplyr   1.0.2
v tidyr   1.1.2     v stringr 1.4.0
v readr   1.4.0     v forcats 0.5.0
-- Conflicts ---------------------------------------------------------------------------------- tidyverse_conflicts() --
x dplyr::filter() masks stats::filter()
x dplyr::lag()    masks stats::lag()
Warning messages:
1: package 'ggplot2' was built under R version 4.0.5 
2: package 'tibble' was built under R version 4.0.3 
3: package 'readr' was built under R version 4.0.3 

Attaching package: 'magrittr'

The following object is masked from 'package:purrr':

    set_names

The following object is masked from 'package:tidyr':

    extract

Warning message:
package 'magrittr' was built under R version 4.0.3 
Create functions
Load NIT data
Warning messages:
1: Problem with `mutate()` input `..1`.
i All formats failed to parse. No formats found.
i Input `..1` is `dplyr::across(...)`. 
2: All formats failed to parse. No formats found. 
3: Problem with `mutate()` input `..1`.
i All formats failed to parse. No formats found.
i Input `..1` is `dplyr::across(...)`. 
4: All formats failed to parse. No formats found. 
5: Problem with `mutate()` input `..1`.
i All formats failed to parse. No formats found.
i Input `..1` is `dplyr::across(...)`. 
6: All formats failed to parse. No formats found. 
Load NCA/NBS data
Plot epicurve
Plot age
filter: removed 35,496 rows (5%), 700,246 rows remaining
filter: removed 19,538 rows (3%), 680,708 rows remaining
filter: removed 584,989 rows (86%), 95,719 rows remaining
distinct: no rows removed
distinct: removed 132 rows (<1%), 95,587 rows remaining
distinct: removed 613 rows (1%), 94,974 rows remaining
Plot gender
Plot race
Plot ethnicity
Plot student status
Plot employment status
Plot symptomatic
Plot infectious activity
Plot student highlight
Plot school type
Plot employment highlight
Plot work setting
Plot healthcare highlight
Plot healthcare setting
Plot healthcare profession
Plot manufacturing highlight
Plot infectious activity highlight
Plot infectious school
Plot infectious school activities
Plot school activity type
Error in .table[["valid_N"]][[1]] : subscript out of bounds
Plot infectious work
Plot infectious days worked
Plot infectious social activity highlight
Plot infectious social activity
Plot infectious activity again
Plot exposures
Plot social exposure
Plot symptomatic highlight
Plot infectious social activity symptomatic
Plot infectious social activity type symptomatic
Plot exposure type symptomatic
Plot exposure social symptomatic
Warning messages:
1: Removed 4 rows containing missing values (geom_text). 
2: Removed 17 rows containing missing values (geom_text). 
Load packages
-- Attaching packages ------------------------------------------------------------------------------- tidyverse 1.3.0 --
v ggplot2 3.3.3     v purrr   0.3.4
v tibble  3.0.4     v dplyr   1.0.2
v tidyr   1.1.2     v stringr 1.4.0
v readr   1.4.0     v forcats 0.5.0
-- Conflicts ---------------------------------------------------------------------------------- tidyverse_conflicts() --
x dplyr::filter() masks stats::filter()
x dplyr::lag()    masks stats::lag()
Warning messages:
1: package 'ggplot2' was built under R version 4.0.5 
2: package 'tibble' was built under R version 4.0.3 
3: package 'readr' was built under R version 4.0.3 

Attaching package: 'magrittr'

The following object is masked from 'package:purrr':

    set_names

The following object is masked from 'package:tidyr':

    extract

Warning message:
package 'magrittr' was built under R version 4.0.3 
Create functions
Load NIT data
Warning messages:
1: Problem with `mutate()` input `..1`.
i All formats failed to parse. No formats found.
i Input `..1` is `dplyr::across(...)`. 
2: All formats failed to parse. No formats found. 
3: Problem with `mutate()` input `..1`.
i All formats failed to parse. No formats found.
i Input `..1` is `dplyr::across(...)`. 
4: All formats failed to parse. No formats found. 
5: Problem with `mutate()` input `..1`.
i All formats failed to parse. No formats found.
i Input `..1` is `dplyr::across(...)`. 
6: All formats failed to parse. No formats found. 
Load NCA/NBS data
Plot epicurve
Plot age
filter: removed 36,541 rows (5%), 712,024 rows remaining
filter: removed 19,908 rows (3%), 692,116 rows remaining
filter: removed 595,388 rows (86%), 96,728 rows remaining
distinct: no rows removed
distinct: removed 185 rows (<1%), 96,543 rows remaining
distinct: removed 599 rows (1%), 95,944 rows remaining
Plot gender
Plot race
Plot ethnicity
Plot student status
Plot employment status
Plot symptomatic
Plot infectious activity
Plot student highlight
Plot school type
Plot employment highlight
Plot work setting
Plot healthcare highlight
Plot healthcare setting
Plot healthcare profession
Plot manufacturing highlight
Plot infectious activity highlight
Plot infectious school
Plot infectious school activities
Plot school activity type
Error in .table[["valid_N"]][[1]] : subscript out of bounds
Plot infectious work
Plot infectious days worked
Plot infectious social activity highlight
Plot infectious social activity
Plot infectious activity again
Plot exposures
Plot social exposure
Plot symptomatic highlight
Plot infectious social activity symptomatic
Plot infectious social activity type symptomatic
Plot exposure type symptomatic
Plot exposure social symptomatic
Warning messages:
1: Removed 4 rows containing missing values (geom_text). 
2: Removed 17 rows containing missing values (geom_text). 
Load packages
-- Attaching packages ------------------------------------------------------------------------------- tidyverse 1.3.0 --
v ggplot2 3.3.3     v purrr   0.3.4
v tibble  3.0.4     v dplyr   1.0.2
v tidyr   1.1.2     v stringr 1.4.0
v readr   1.4.0     v forcats 0.5.0
-- Conflicts ---------------------------------------------------------------------------------- tidyverse_conflicts() --
x dplyr::filter() masks stats::filter()
x dplyr::lag()    masks stats::lag()
Warning messages:
1: package 'ggplot2' was built under R version 4.0.5 
2: package 'tibble' was built under R version 4.0.3 
3: package 'readr' was built under R version 4.0.3 

Attaching package: 'magrittr'

The following object is masked from 'package:purrr':

    set_names

The following object is masked from 'package:tidyr':

    extract

Warning message:
package 'magrittr' was built under R version 4.0.3 
Create functions
Load NCA/NBS data
Load NIT data
Warning messages:
1: Problem with `mutate()` input `..1`.
i All formats failed to parse. No formats found.
i Input `..1` is `dplyr::across(...)`. 
2: All formats failed to parse. No formats found. 
3: Problem with `mutate()` input `..1`.
i All formats failed to parse. No formats found.
i Input `..1` is `dplyr::across(...)`. 
4: All formats failed to parse. No formats found. 
5: Problem with `mutate()` input `..1`.
i All formats failed to parse. No formats found.
i Input `..1` is `dplyr::across(...)`. 
6: All formats failed to parse. No formats found. 
Plot epicurve
Plot age
filter: removed 36,705 rows (5%), 713,124 rows remaining
filter: removed 19,958 rows (3%), 693,166 rows remaining
filter: removed 596,329 rows (86%), 96,837 rows remaining
distinct: no rows removed
distinct: removed 198 rows (<1%), 96,639 rows remaining
distinct: removed 589 rows (1%), 96,050 rows remaining
Plot gender
Plot race
Plot ethnicity
Plot student status
Plot employment status
Plot symptomatic
Plot infectious activity
Plot student highlight
Plot school type
Plot employment highlight
Plot work setting
Plot healthcare highlight
Plot healthcare setting
Plot healthcare profession
Plot manufacturing highlight
Plot infectious activity highlight
Plot infectious school
Plot infectious school activities
Plot school activity type
Error in .table[["valid_N"]][[1]] : subscript out of bounds
Plot infectious work
Plot infectious days worked
Plot infectious social activity highlight
Plot infectious social activity
Plot infectious activity again
Plot exposures
Plot social exposure
Plot symptomatic highlight
Plot infectious social activity symptomatic
Plot infectious social activity type symptomatic
Plot exposure type symptomatic
Plot exposure social symptomatic
Warning messages:
1: Removed 1 rows containing missing values (position_stack). 
2: Removed 4 rows containing missing values (geom_text). 
3: Removed 14 rows containing missing values (geom_text). 
Load packages
-- Attaching packages ------------------------------------------------------------------------------- tidyverse 1.3.0 --
v ggplot2 3.3.3     v purrr   0.3.4
v tibble  3.0.4     v dplyr   1.0.2
v tidyr   1.1.2     v stringr 1.4.0
v readr   1.4.0     v forcats 0.5.0
-- Conflicts ---------------------------------------------------------------------------------- tidyverse_conflicts() --
x dplyr::filter() masks stats::filter()
x dplyr::lag()    masks stats::lag()
Warning messages:
1: package 'ggplot2' was built under R version 4.0.5 
2: package 'tibble' was built under R version 4.0.3 
3: package 'readr' was built under R version 4.0.3 

Attaching package: 'magrittr'

The following object is masked from 'package:purrr':

    set_names

The following object is masked from 'package:tidyr':

    extract

Warning message:
package 'magrittr' was built under R version 4.0.3 
Create functions
Load NCA/NBS data
Load NIT data
Warning messages:
1: Problem with `mutate()` input `..1`.
i All formats failed to parse. No formats found.
i Input `..1` is `dplyr::across(...)`. 
2: All formats failed to parse. No formats found. 
3: Problem with `mutate()` input `..1`.
i All formats failed to parse. No formats found.
i Input `..1` is `dplyr::across(...)`. 
4: All formats failed to parse. No formats found. 
5: Problem with `mutate()` input `..1`.
i All formats failed to parse. No formats found.
i Input `..1` is `dplyr::across(...)`. 
6: All formats failed to parse. No formats found. 
Plot epicurve
Plot age
filter: removed 37,098 rows (5%), 717,515 rows remaining
filter: removed 20,083 rows (3%), 697,432 rows remaining
filter: removed 600,273 rows (86%), 97,159 rows remaining
distinct: no rows removed
distinct: removed 207 rows (<1%), 96,952 rows remaining
distinct: removed 576 rows (1%), 96,376 rows remaining
Plot gender
Plot race
Plot ethnicity
Plot student status
Plot school type
Plot employment status
Plot manufacturing highlight
Plot infectious activity
Plot infectious activity again
Plot infectious work
Plot infectious days worked
Plot infectious school
Plot infectious social activity
Plot exposures
Plot social exposure
Plot symptomatic highlight
Plot infectious social activity symptomatic
Plot infectious social activity type symptomatic
Plot exposure type symptomatic
Plot exposure social symptomatic
Warning messages:
1: Removed 1 rows containing missing values (position_stack). 
2: Removed 4 rows containing missing values (geom_text). 
3: Removed 13 rows containing missing values (geom_text). 
Load packages
-- Attaching packages ------------------------------------------------------------------------------- tidyverse 1.3.0 --
v ggplot2 3.3.3     v purrr   0.3.4
v tibble  3.0.4     v dplyr   1.0.2
v tidyr   1.1.2     v stringr 1.4.0
v readr   1.4.0     v forcats 0.5.0
-- Conflicts ---------------------------------------------------------------------------------- tidyverse_conflicts() --
x dplyr::filter() masks stats::filter()
x dplyr::lag()    masks stats::lag()
Warning messages:
1: package 'ggplot2' was built under R version 4.0.5 
2: package 'tibble' was built under R version 4.0.3 
3: package 'readr' was built under R version 4.0.3 

Attaching package: 'magrittr'

The following object is masked from 'package:purrr':

    set_names

The following object is masked from 'package:tidyr':

    extract

Warning message:
package 'magrittr' was built under R version 4.0.3 
Create functions
Load NCA/NBS data
Load NIT data
Warning messages:
1: Problem with `mutate()` input `..1`.
i All formats failed to parse. No formats found.
i Input `..1` is `dplyr::across(...)`. 
2: All formats failed to parse. No formats found. 
3: Problem with `mutate()` input `..1`.
i All formats failed to parse. No formats found.
i Input `..1` is `dplyr::across(...)`. 
4: All formats failed to parse. No formats found. 
5: Problem with `mutate()` input `..1`.
i All formats failed to parse. No formats found.
i Input `..1` is `dplyr::across(...)`. 
6: All formats failed to parse. No formats found. 
Plot epicurve
Plot age
filter: removed 37,549 rows (5%), 723,316 rows remaining
filter: removed 20,207 rows (3%), 703,109 rows remaining
filter: removed 605,488 rows (86%), 97,621 rows remaining
distinct: no rows removed
distinct: removed 189 rows (<1%), 97,432 rows remaining
distinct: removed 569 rows (1%), 96,863 rows remaining
Plot gender
Plot race
Plot ethnicity
Plot student status
Plot school type
Plot employment status
Plot manufacturing highlight
Plot infectious activity
Plot infectious activity again
Plot infectious work
Plot infectious days worked
Plot infectious school
Plot infectious social activity
Plot exposures
Plot social exposure
Plot symptomatic highlight
Plot infectious social activity symptomatic
Plot infectious social activity type symptomatic
Plot exposure type symptomatic
Plot exposure social symptomatic
Warning messages:
1: Removed 1 rows containing missing values (position_stack). 
2: Removed 4 rows containing missing values (geom_text). 
3: Removed 12 rows containing missing values (geom_text). 
Load packages
-- Attaching packages ------------------------------------------------------------------------------- tidyverse 1.3.0 --
v ggplot2 3.3.3     v purrr   0.3.4
v tibble  3.0.4     v dplyr   1.0.2
v tidyr   1.1.2     v stringr 1.4.0
v readr   1.4.0     v forcats 0.5.0
-- Conflicts ---------------------------------------------------------------------------------- tidyverse_conflicts() --
x dplyr::filter() masks stats::filter()
x dplyr::lag()    masks stats::lag()
Warning messages:
1: package 'ggplot2' was built under R version 4.0.5 
2: package 'tibble' was built under R version 4.0.3 
3: package 'readr' was built under R version 4.0.3 

Attaching package: 'magrittr'

The following object is masked from 'package:purrr':

    set_names

The following object is masked from 'package:tidyr':

    extract

Warning message:
package 'magrittr' was built under R version 4.0.3 
Create functions
Load NCA/NBS data
Load NIT data
Warning messages:
1: Problem with `mutate()` input `..1`.
i All formats failed to parse. No formats found.
i Input `..1` is `dplyr::across(...)`. 
2: All formats failed to parse. No formats found. 
3: Problem with `mutate()` input `..1`.
i All formats failed to parse. No formats found.
i Input `..1` is `dplyr::across(...)`. 
4: All formats failed to parse. No formats found. 
5: Problem with `mutate()` input `..1`.
i All formats failed to parse. No formats found.
i Input `..1` is `dplyr::across(...)`. 
6: All formats failed to parse. No formats found. 
Plot epicurve
New names:
* stable_hisp -> stable_hisp...97
* supress_hisp -> supress_hisp...98
* stable_hisp -> stable_hisp...195
* supress_hisp -> supress_hisp...196
Plot age
filter: removed 38,603 rows (5%), 734,251 rows remaining
filter: removed 20,482 rows (3%), 713,769 rows remaining
filter: removed 615,383 rows (86%), 98,386 rows remaining
distinct: no rows removed
distinct: removed 196 rows (<1%), 98,190 rows remaining
distinct: removed 515 rows (1%), 97,675 rows remaining
Plot gender
Plot race
Plot ethnicity
Plot student status
Plot school type
Plot employment status
Plot manufacturing highlight
New names:
* stable_hisp -> stable_hisp...97
* supress_hisp -> supress_hisp...98
* stable_hisp -> stable_hisp...195
* supress_hisp -> supress_hisp...196
Plot infectious activity
Plot infectious activity again
Plot infectious work
Plot infectious days worked
Plot infectious school
Plot infectious social activity
Plot exposures
Plot social exposure
Plot symptomatic highlight
Plot infectious social activity symptomatic
Plot infectious social activity type symptomatic
Plot exposure type symptomatic
Plot exposure social symptomatic
Warning messages:
1: Removed 1 rows containing missing values (position_stack). 
2: Removed 4 rows containing missing values (geom_text). 
3: Removed 12 rows containing missing values (geom_text). 
Load packages
-- Attaching packages ------------------------------------------------------------------------------- tidyverse 1.3.0 --
v ggplot2 3.3.3     v purrr   0.3.4
v tibble  3.0.4     v dplyr   1.0.2
v tidyr   1.1.2     v stringr 1.4.0
v readr   1.4.0     v forcats 0.5.0
-- Conflicts ---------------------------------------------------------------------------------- tidyverse_conflicts() --
x dplyr::filter() masks stats::filter()
x dplyr::lag()    masks stats::lag()
Warning messages:
1: package 'ggplot2' was built under R version 4.0.5 
2: package 'tibble' was built under R version 4.0.3 
3: package 'readr' was built under R version 4.0.3 

Attaching package: 'magrittr'

The following object is masked from 'package:purrr':

    set_names

The following object is masked from 'package:tidyr':

    extract

Warning message:
package 'magrittr' was built under R version 4.0.3 
Create functions
Load NCA/NBS data
Load NIT data
Warning messages:
1: Problem with `mutate()` input `..1`.
i All formats failed to parse. No formats found.
i Input `..1` is `dplyr::across(...)`. 
2: All formats failed to parse. No formats found. 
3: Problem with `mutate()` input `..1`.
i All formats failed to parse. No formats found.
i Input `..1` is `dplyr::across(...)`. 
4: All formats failed to parse. No formats found. 
5: Problem with `mutate()` input `..1`.
i All formats failed to parse. No formats found.
i Input `..1` is `dplyr::across(...)`. 
6: All formats failed to parse. No formats found. 
Plot epicurve
New names:
* stable_hisp -> stable_hisp...97
* supress_hisp -> supress_hisp...98
* stable_hisp -> stable_hisp...195
* supress_hisp -> supress_hisp...196
Plot age
filter: removed 39,637 rows (5%), 744,640 rows remaining
filter: removed 20,734 rows (3%), 723,906 rows remaining
filter: removed 624,958 rows (86%), 98,948 rows remaining
distinct: no rows removed
distinct: removed 175 rows (<1%), 98,773 rows remaining
distinct: removed 475 rows (<1%), 98,298 rows remaining
Plot gender
Plot race
Plot ethnicity
Plot student status
Plot school type
Plot employment status
Plot manufacturing highlight
New names:
* stable_hisp -> stable_hisp...97
* supress_hisp -> supress_hisp...98
* stable_hisp -> stable_hisp...195
* supress_hisp -> supress_hisp...196
Plot infectious activity
Plot infectious activity again
Plot infectious work
Plot infectious days worked
Plot infectious school
Plot infectious social activity
Plot exposures
Plot social exposure
Plot symptomatic highlight
Plot infectious social activity symptomatic
Plot infectious social activity type symptomatic
Plot exposure type symptomatic
Plot exposure social symptomatic
Warning messages:
1: Removed 4 rows containing missing values (geom_text). 
2: Removed 11 rows containing missing values (geom_text). 
Load packages
-- Attaching packages ------------------------------------------------------------------------------- tidyverse 1.3.0 --
v ggplot2 3.3.3     v purrr   0.3.4
v tibble  3.0.4     v dplyr   1.0.2
v tidyr   1.1.2     v stringr 1.4.0
v readr   1.4.0     v forcats 0.5.0
-- Conflicts ---------------------------------------------------------------------------------- tidyverse_conflicts() --
x dplyr::filter() masks stats::filter()
x dplyr::lag()    masks stats::lag()
Warning messages:
1: package 'ggplot2' was built under R version 4.0.5 
2: package 'tibble' was built under R version 4.0.3 
3: package 'readr' was built under R version 4.0.3 

Attaching package: 'magrittr'

The following object is masked from 'package:purrr':

    set_names

The following object is masked from 'package:tidyr':

    extract

Warning message:
package 'magrittr' was built under R version 4.0.3 
Create functions
Load NCA/NBS data
Load NIT data
Warning messages:
1: Problem with `mutate()` input `..1`.
i All formats failed to parse. No formats found.
i Input `..1` is `dplyr::across(...)`. 
2: All formats failed to parse. No formats found. 
3: Problem with `mutate()` input `..1`.
i All formats failed to parse. No formats found.
i Input `..1` is `dplyr::across(...)`. 
4: All formats failed to parse. No formats found. 
5: Problem with `mutate()` input `..1`.
i All formats failed to parse. No formats found.
i Input `..1` is `dplyr::across(...)`. 
6: All formats failed to parse. No formats found. 
Plot epicurve
New names:
* stable_hisp -> stable_hisp...97
* supress_hisp -> supress_hisp...98
* stable_hisp -> stable_hisp...195
* supress_hisp -> supress_hisp...196
Plot age
filter: removed 40,545 rows (5%), 753,189 rows remaining
filter: removed 20,953 rows (3%), 732,236 rows remaining
filter: removed 632,880 rows (86%), 99,356 rows remaining
distinct: no rows removed
distinct: removed 142 rows (<1%), 99,214 rows remaining
distinct: removed 457 rows (<1%), 98,757 rows remaining
Plot gender
Plot race
Plot ethnicity
Plot student status
Plot school type
Plot employment status
Plot manufacturing highlight
New names:
* stable_hisp -> stable_hisp...97
* supress_hisp -> supress_hisp...98
* stable_hisp -> stable_hisp...195
* supress_hisp -> supress_hisp...196
Plot infectious activity
Plot infectious activity again
Plot infectious work
Plot infectious days worked
Plot infectious school
Plot infectious social activity
Plot exposures
Plot social exposure
Plot symptomatic highlight
Plot infectious social activity symptomatic
Plot infectious social activity type symptomatic
Plot exposure type symptomatic
Plot exposure social symptomatic
Warning messages:
1: Removed 4 rows containing missing values (geom_text). 
2: Removed 11 rows containing missing values (geom_text). 
Load packages
-- Attaching packages ------------------------------------------------------------------------------- tidyverse 1.3.0 --
v ggplot2 3.3.3     v purrr   0.3.4
v tibble  3.0.4     v dplyr   1.0.2
v tidyr   1.1.2     v stringr 1.4.0
v readr   1.4.0     v forcats 0.5.0
-- Conflicts ---------------------------------------------------------------------------------- tidyverse_conflicts() --
x dplyr::filter() masks stats::filter()
x dplyr::lag()    masks stats::lag()
Warning messages:
1: package 'ggplot2' was built under R version 4.0.5 
2: package 'tibble' was built under R version 4.0.3 
3: package 'readr' was built under R version 4.0.3 

Attaching package: 'magrittr'

The following object is masked from 'package:purrr':

    set_names

The following object is masked from 'package:tidyr':

    extract

Warning message:
package 'magrittr' was built under R version 4.0.3 
Create functions
Load NCA/NBS data
Warning messages:
1: Problem with `mutate()` input `pm.address`.
i argument is not an atomic vector; coercing
i Input `pm.address` is `ifelse(...)`. 
2: In stri_sub(string, from = start, to = end) :
  argument is not an atomic vector; coercing
Load NIT data
Warning messages:
1: Problem with `mutate()` input `..1`.
i All formats failed to parse. No formats found.
i Input `..1` is `dplyr::across(...)`. 
2: All formats failed to parse. No formats found. 
3: Problem with `mutate()` input `..1`.
i All formats failed to parse. No formats found.
i Input `..1` is `dplyr::across(...)`. 
4: All formats failed to parse. No formats found. 
5: Problem with `mutate()` input `..1`.
i All formats failed to parse. No formats found.
i Input `..1` is `dplyr::across(...)`. 
6: All formats failed to parse. No formats found. 
Plot epicurve
New names:
* stable_hisp -> stable_hisp...97
* supress_hisp -> supress_hisp...98
* stable_hisp -> stable_hisp...195
* supress_hisp -> supress_hisp...196
Plot age
mutate: changed 251,919 values (31%) of 'patient_first_name' (0 new NA)
        changed 261,268 values (33%) of 'patient_last_name' (0 new NA)
        converted 'patient_dob' from character to Date (0 new NA)
        changed 761,592 values (95%) of 'patient_street_addr_1' (0 new NA)
        changed 108,905 values (14%) of 'patient_zip' (0 new NA)
        converted 'specimen_coll_dt' from character to Date (0 new NA)
rename: renamed one variable (patient_street_addr)
semi_join: added no columns
           > rows only in x  (702,986)
           > rows only in y  (      0)
           > matched rows      99,069
           >                 =========
           > rows total        99,069
semi_join: added no columns
           > rows only in x  (321,296)
           > rows only in y  (      0)
           > matched rows     480,759
           >                 =========
           > rows total       480,759
Plot gender
Plot race
Plot ethnicity
Plot student status
Plot school type
Plot employment status
Plot manufacturing highlight
New names:
* stable_hisp -> stable_hisp...97
* supress_hisp -> supress_hisp...98
* stable_hisp -> stable_hisp...195
* supress_hisp -> supress_hisp...196
Plot infectious activity
Plot infectious activity again
Plot infectious work
Plot infectious days worked
Plot infectious school
Plot infectious social activity
Plot exposures
Plot social exposure
Plot symptomatic highlight
Plot infectious social activity symptomatic
Plot infectious social activity type symptomatic
Plot exposure type symptomatic
Plot exposure social symptomatic
Warning messages:
1: Removed 1 rows containing missing values (position_stack). 
2: Removed 4 rows containing missing values (geom_text). 
3: Removed 10 rows containing missing values (geom_text). 
Load packages
-- Attaching packages ------------------------------------------------------------------------------- tidyverse 1.3.0 --
v ggplot2 3.3.3     v purrr   0.3.4
v tibble  3.0.4     v dplyr   1.0.2
v tidyr   1.1.2     v stringr 1.4.0
v readr   1.4.0     v forcats 0.5.0
-- Conflicts ---------------------------------------------------------------------------------- tidyverse_conflicts() --
x dplyr::filter() masks stats::filter()
x dplyr::lag()    masks stats::lag()
Warning messages:
1: package 'ggplot2' was built under R version 4.0.5 
2: package 'tibble' was built under R version 4.0.3 
3: package 'readr' was built under R version 4.0.3 

Attaching package: 'magrittr'

The following object is masked from 'package:purrr':

    set_names

The following object is masked from 'package:tidyr':

    extract

Warning message:
package 'magrittr' was built under R version 4.0.3 
Create functions
Load NCA/NBS data
Warning messages:
1: Problem with `mutate()` input `pm.address`.
i argument is not an atomic vector; coercing
i Input `pm.address` is `ifelse(...)`. 
2: In stri_sub(string, from = start, to = end) :
  argument is not an atomic vector; coercing
Load NIT data
Warning messages:
1: Problem with `mutate()` input `..1`.
i All formats failed to parse. No formats found.
i Input `..1` is `dplyr::across(...)`. 
2: All formats failed to parse. No formats found. 
3: Problem with `mutate()` input `..1`.
i All formats failed to parse. No formats found.
i Input `..1` is `dplyr::across(...)`. 
4: All formats failed to parse. No formats found. 
5: Problem with `mutate()` input `..1`.
i All formats failed to parse. No formats found.
i Input `..1` is `dplyr::across(...)`. 
6: All formats failed to parse. No formats found. 
Plot epicurve
New names:
* stable_hisp -> stable_hisp...73
* supress_hisp -> supress_hisp...74
* stable_hisp -> stable_hisp...171
* supress_hisp -> supress_hisp...172
* stable_hisp -> stable_hisp...233
* ...
Plot age
mutate: changed 256,907 values (32%) of 'patient_first_name' (0 new NA)
        changed 266,337 values (33%) of 'patient_last_name' (0 new NA)
        converted 'patient_dob' from character to Date (0 new NA)
        changed 770,759 values (95%) of 'patient_street_addr_1' (0 new NA)
        changed 110,684 values (14%) of 'patient_zip' (0 new NA)
        converted 'specimen_coll_dt' from character to Date (0 new NA)
rename: renamed one variable (patient_street_addr)
semi_join: added no columns
           > rows only in x  (712,346)
           > rows only in y  (      0)
           > matched rows      99,335
           >                 =========
           > rows total        99,335
semi_join: added no columns
           > rows only in x  (327,650)
           > rows only in y  (      0)
           > matched rows     484,031
           >                 =========
           > rows total       484,031
Plot gender
Plot race
Plot ethnicity
Plot student status
Plot school type
Plot employment status
Plot manufacturing highlight
New names:
* stable_hisp -> stable_hisp...73
* supress_hisp -> supress_hisp...74
* stable_hisp -> stable_hisp...171
* supress_hisp -> supress_hisp...172
* stable_hisp -> stable_hisp...233
* ...
Plot infectious activity
Plot infectious activity again
Plot infectious work
Plot infectious days worked
Plot infectious school
Plot infectious social activity
Plot exposures
Plot social exposure
Plot symptomatic highlight
Plot infectious social activity symptomatic
Plot infectious social activity type symptomatic
Plot exposure type symptomatic
Plot exposure social symptomatic
Warning messages:
1: Removed 1 rows containing missing values (position_stack). 
2: Removed 4 rows containing missing values (geom_text). 
3: Removed 9 rows containing missing values (geom_text). 
Load packages
-- Attaching packages ------------------------------------------------------------------------------- tidyverse 1.3.1 --
v ggplot2 3.3.4     v purrr   0.3.4
v tibble  3.1.2     v dplyr   1.0.6
v tidyr   1.1.3     v stringr 1.4.0
v readr   1.4.0     v forcats 0.5.1
-- Conflicts ---------------------------------------------------------------------------------- tidyverse_conflicts() --
x dplyr::filter() masks stats::filter()
x dplyr::lag()    masks stats::lag()
Error in library(covidCluster) : 
  there is no package called 'covidCluster'
Execution halted
Load packages
-- Attaching packages ------------------------------------------------------------------------------- tidyverse 1.3.1 --
v ggplot2 3.3.4     v purrr   0.3.4
v tibble  3.1.2     v dplyr   1.0.6
v tidyr   1.1.3     v stringr 1.4.0
v readr   1.4.0     v forcats 0.5.1
-- Conflicts ---------------------------------------------------------------------------------- tidyverse_conflicts() --
x dplyr::filter() masks stats::filter()
x dplyr::lag()    masks stats::lag()

Attaching package: 'magrittr'

The following object is masked from 'package:purrr':

    set_names

The following object is masked from 'package:tidyr':

    extract

Create functions
Load NCA/NBS data
Warning message:
Problem with `mutate()` column `pm.address`.
i `pm.address = ifelse(...)`.
i argument is not an atomic vector; coercing 
Load NIT data
Warning messages:
1: Problem with `mutate()` input `..1`.
i `..1 = dplyr::across(...)`.
i All formats failed to parse. No formats found. 
2: Problem with `mutate()` input `..1`.
i `..1 = dplyr::across(...)`.
i All formats failed to parse. No formats found. 
3: Problem with `mutate()` input `..1`.
i `..1 = dplyr::across(...)`.
i All formats failed to parse. No formats found. 
Plot epicurve
New names:
* stable_hisp -> stable_hisp...73
* supress_hisp -> supress_hisp...74
* stable_hisp -> stable_hisp...171
* supress_hisp -> supress_hisp...172
* stable_hisp -> stable_hisp...233
* ...
Plot age
Error: Problem with `mutate()` input `..2`.
i `..2 = dplyr::across(...)`.
x `new_levels` must be the same length as `levels(f)`: expected 10 new levels, got 1854.
Backtrace:
     x
  1. +-`%T>%`(...)
  2. +-covidCluster::plot_hist(., palette = "blue-grey", x_lab = "Age Group")
  3. | \-.table %>% colnames() %>% extract2(1) %>% rlang::sym() C:/Users/Jesse.Smith/Documents/covidCluster/R/plot.R:518:4
  4. +-rlang::sym(.)
  5. | \-rlang::is_symbol(x)
  6. +-base::colnames(.)
  7. | \-base::is.data.frame(x)
  8. +-covidCluster::create_table(., age)
  9. | \-`%>%`(...) C:/Users/Jesse.Smith/Documents/covidCluster/R/table.R:148:2
 10. +-dplyr::mutate(...)
 11. +-dplyr:::mutate.data.frame(...)
 12. | \-dplyr:::mutate_cols(.data, ..., caller_env = caller_env())
 13. |   +-base::withCallingHandlers(...)
 14. |   \-mask$eval_all_mutate(quo)
 15. +-`%>%`(...)
 16. +-forcats::fct_relabel(...)
 17. | \-forcats::lvls_revalue(f, new_levels)
 18. |   \-base::stop(...)
 19. \-base::.handleSimpleError(...)
 20.   \-dplyr:::h(simpleError(msg, call))
Execution halted
Load packages
-- Attaching packages ------------------------------------------------------------------------------- tidyverse 1.3.1 --
v ggplot2 3.3.4     v purrr   0.3.4
v tibble  3.1.2     v dplyr   1.0.6
v tidyr   1.1.3     v stringr 1.4.0
v readr   1.4.0     v forcats 0.5.1
-- Conflicts ---------------------------------------------------------------------------------- tidyverse_conflicts() --
x dplyr::filter() masks stats::filter()
x dplyr::lag()    masks stats::lag()

Attaching package: 'magrittr'

The following object is masked from 'package:purrr':

    set_names

The following object is masked from 'package:tidyr':

    extract

Create functions
Load NCA/NBS data
Warning message:
Problem with `mutate()` column `pm.address`.
i `pm.address = ifelse(...)`.
i argument is not an atomic vector; coercing 
Load NIT data
Warning messages:
1: Problem with `mutate()` input `..1`.
i `..1 = dplyr::across(...)`.
i All formats failed to parse. No formats found. 
2: Problem with `mutate()` input `..1`.
i `..1 = dplyr::across(...)`.
i All formats failed to parse. No formats found. 
3: Problem with `mutate()` input `..1`.
i `..1 = dplyr::across(...)`.
i All formats failed to parse. No formats found. 
Plot epicurve
New names:
* stable_hisp -> stable_hisp...73
* supress_hisp -> supress_hisp...74
* stable_hisp -> stable_hisp...171
* supress_hisp -> supress_hisp...172
* stable_hisp -> stable_hisp...233
* ...
Plot age
mutate: changed 265,371 values (32%) of 'patient_first_name' (0 new NA)
        changed 274,997 values (33%) of 'patient_last_name' (0 new NA)
        converted 'patient_dob' from character to Date (0 new NA)
        changed 786,472 values (95%) of 'patient_street_addr_1' (0 new NA)
        changed 113,589 values (14%) of 'patient_zip' (0 new NA)
        converted 'specimen_coll_dt' from character to Date (0 new NA)
rename: renamed one variable (patient_street_addr)
semi_join: added no columns
           > rows only in x  (728,377)
           > rows only in y  (      0)
           > matched rows      99,801
           >                 =========
           > rows total        99,801
semi_join: added no columns
           > rows only in x  (337,952)
           > rows only in y  (      0)
           > matched rows     490,226
           >                 =========
           > rows total       490,226
Plot gender
Plot race
Plot ethnicity
Plot student status
Plot school type
Plot employment status
Plot manufacturing highlight
New names:
* stable_hisp -> stable_hisp...73
* supress_hisp -> supress_hisp...74
* stable_hisp -> stable_hisp...171
* supress_hisp -> supress_hisp...172
* stable_hisp -> stable_hisp...233
* ...
Plot infectious activity
Plot infectious activity again
Plot infectious work
Plot infectious days worked
Plot infectious school
Plot infectious social activity
Plot exposures
Plot social exposure
Plot symptomatic highlight
Plot infectious social activity symptomatic
Plot infectious social activity type symptomatic
Plot exposure type symptomatic
Plot exposure social symptomatic
Warning messages:
1: Removed 1 rows containing missing values (position_stack). 
2: Removed 4 rows containing missing values (geom_text). 
3: Removed 9 rows containing missing values (geom_text). 
Load packages
-- Attaching packages ------------------------------------------------------------------------------- tidyverse 1.3.1 --
v ggplot2 3.3.4     v purrr   0.3.4
v tibble  3.1.2     v dplyr   1.0.6
v tidyr   1.1.3     v stringr 1.4.0
v readr   1.4.0     v forcats 0.5.1
-- Conflicts ---------------------------------------------------------------------------------- tidyverse_conflicts() --
x dplyr::filter() masks stats::filter()
x dplyr::lag()    masks stats::lag()

Attaching package: 'magrittr'

The following object is masked from 'package:purrr':

    set_names

The following object is masked from 'package:tidyr':

    extract

Create functions
Load NCA/NBS data
Warning message:
Problem with `mutate()` column `pm.address`.
i `pm.address = ifelse(...)`.
i argument is not an atomic vector; coercing 
Load NIT data
Warning messages:
1: Problem with `mutate()` input `..1`.
i `..1 = dplyr::across(...)`.
i All formats failed to parse. No formats found. 
2: Problem with `mutate()` input `..1`.
i `..1 = dplyr::across(...)`.
i All formats failed to parse. No formats found. 
3: Problem with `mutate()` input `..1`.
i `..1 = dplyr::across(...)`.
i All formats failed to parse. No formats found. 
Plot epicurve
New names:
* stable_hisp -> stable_hisp...101
* supress_hisp -> supress_hisp...102
* stable_hisp -> stable_hisp...163
* supress_hisp -> supress_hisp...164
Plot age
mutate: changed 267,195 values (32%) of 'patient_first_name' (0 new NA)
        changed 276,881 values (33%) of 'patient_last_name' (0 new NA)
        converted 'patient_dob' from character to Date (0 new NA)
        changed 790,043 values (95%) of 'patient_street_addr_1' (0 new NA)
        changed 114,275 values (14%) of 'patient_zip' (0 new NA)
        converted 'specimen_coll_dt' from character to Date (0 new NA)
rename: renamed one variable (patient_street_addr)
semi_join: added no columns
           > rows only in x  (732,052)
           > rows only in y  (      0)
           > matched rows      99,915
           >                 =========
           > rows total        99,915
semi_join: added no columns
           > rows only in x  (340,502)
           > rows only in y  (      0)
           > matched rows     491,465
           >                 =========
           > rows total       491,465
Plot gender
Plot race
Plot ethnicity
Plot student status
Plot school type
Plot employment status
Plot manufacturing highlight
New names:
* stable_hisp -> stable_hisp...101
* supress_hisp -> supress_hisp...102
* stable_hisp -> stable_hisp...163
* supress_hisp -> supress_hisp...164
Plot infectious activity
Plot infectious activity again
Plot infectious work
Plot infectious days worked
Plot infectious school
Plot infectious social activity
Plot exposures
Plot social exposure
Plot symptomatic highlight
Plot infectious social activity symptomatic
Plot infectious social activity type symptomatic
Plot exposure type symptomatic
Plot exposure social symptomatic
Warning messages:
1: Removed 1 rows containing missing values (position_stack). 
2: Removed 4 rows containing missing values (geom_text). 
3: Removed 9 rows containing missing values (geom_text). 
Load packages
-- Attaching packages ------------------------------------------------------------------------------- tidyverse 1.3.1 --
v ggplot2 3.3.4     v purrr   0.3.4
v tibble  3.1.2     v dplyr   1.0.6
v tidyr   1.1.3     v stringr 1.4.0
v readr   1.4.0     v forcats 0.5.1
-- Conflicts ---------------------------------------------------------------------------------- tidyverse_conflicts() --
x dplyr::filter() masks stats::filter()
x dplyr::lag()    masks stats::lag()

Attaching package: 'magrittr'

The following object is masked from 'package:purrr':

    set_names

The following object is masked from 'package:tidyr':

    extract

Create functions
Load NCA/NBS data
Warning message:
Problem with `mutate()` column `pm.address`.
i `pm.address = ifelse(...)`.
i argument is not an atomic vector; coercing 
Load NIT data
Warning messages:
1: Problem with `mutate()` input `..1`.
i `..1 = dplyr::across(...)`.
i All formats failed to parse. No formats found. 
2: Problem with `mutate()` input `..1`.
i `..1 = dplyr::across(...)`.
i All formats failed to parse. No formats found. 
3: Problem with `mutate()` input `..1`.
i `..1 = dplyr::across(...)`.
i All formats failed to parse. No formats found. 
Plot epicurve
New names:
* stable_hisp -> stable_hisp...101
* supress_hisp -> supress_hisp...102
* stable_hisp -> stable_hisp...163
* supress_hisp -> supress_hisp...164
Plot age
mutate: changed 269,280 values (32%) of 'patient_first_name' (0 new NA)
        changed 279,013 values (33%) of 'patient_last_name' (0 new NA)
        converted 'patient_dob' from character to Date (0 new NA)
        changed 793,849 values (95%) of 'patient_street_addr_1' (0 new NA)
        changed 114,943 values (14%) of 'patient_zip' (0 new NA)
        converted 'specimen_coll_dt' from character to Date (0 new NA)
rename: renamed one variable (patient_street_addr)
semi_join: added no columns
           > rows only in x  (735,671)
           > rows only in y  (      0)
           > matched rows     100,197
           >                 =========
           > rows total       100,197
semi_join: added no columns
           > rows only in x  (342,929)
           > rows only in y  (      0)
           > matched rows     492,939
           >                 =========
           > rows total       492,939
Plot gender
Plot race
Plot ethnicity
Plot student status
Plot school type
Plot employment status
Plot manufacturing highlight
New names:
* stable_hisp -> stable_hisp...101
* supress_hisp -> supress_hisp...102
* stable_hisp -> stable_hisp...163
* supress_hisp -> supress_hisp...164
Plot infectious activity
Plot infectious activity again
Plot infectious work
Plot infectious days worked
Plot infectious school
Plot infectious social activity
Plot exposures
Plot social exposure
Plot symptomatic highlight
Plot infectious social activity symptomatic
Plot infectious social activity type symptomatic
Plot exposure type symptomatic
Plot exposure social symptomatic
Warning messages:
1: Removed 1 rows containing missing values (position_stack). 
2: Removed 4 rows containing missing values (geom_text). 
3: Removed 9 rows containing missing values (geom_text). 
Load packages
-- Attaching packages ------------------------------------------------------------------------------- tidyverse 1.3.1 --
v ggplot2 3.3.4     v purrr   0.3.4
v tibble  3.1.2     v dplyr   1.0.6
v tidyr   1.1.3     v stringr 1.4.0
v readr   1.4.0     v forcats 0.5.1
-- Conflicts ---------------------------------------------------------------------------------- tidyverse_conflicts() --
x dplyr::filter() masks stats::filter()
x dplyr::lag()    masks stats::lag()

Attaching package: 'magrittr'

The following object is masked from 'package:purrr':

    set_names

The following object is masked from 'package:tidyr':

    extract

Create functions
Load NCA/NBS data
Warning message:
Problem with `mutate()` column `pm.address`.
i `pm.address = ifelse(...)`.
i argument is not an atomic vector; coercing 
Load NIT data
Warning messages:
1: Problem with `mutate()` input `..1`.
i `..1 = dplyr::across(...)`.
i All formats failed to parse. No formats found. 
2: Problem with `mutate()` input `..1`.
i `..1 = dplyr::across(...)`.
i All formats failed to parse. No formats found. 
3: Problem with `mutate()` input `..1`.
i `..1 = dplyr::across(...)`.
i All formats failed to parse. No formats found. 
Plot epicurve
New names:
* stable_hisp -> stable_hisp...101
* supress_hisp -> supress_hisp...102
* stable_hisp -> stable_hisp...163
* supress_hisp -> supress_hisp...164
Plot age
mutate: changed 269,665 values (32%) of 'patient_first_name' (0 new NA)
        changed 279,404 values (33%) of 'patient_last_name' (0 new NA)
        converted 'patient_dob' from character to Date (0 new NA)
        changed 794,437 values (95%) of 'patient_street_addr_1' (0 new NA)
        changed 115,033 values (14%) of 'patient_zip' (0 new NA)
        converted 'specimen_coll_dt' from character to Date (0 new NA)
rename: renamed one variable (patient_street_addr)
semi_join: added no columns
           > rows only in x  (736,223)
           > rows only in y  (      0)
           > matched rows     100,242
           >                 =========
           > rows total       100,242
semi_join: added no columns
           > rows only in x  (343,300)
           > rows only in y  (      0)
           > matched rows     493,165
           >                 =========
           > rows total       493,165
Plot gender
Plot race
Plot ethnicity
Plot student status
Plot school type
Plot employment status
Plot manufacturing highlight
New names:
* stable_hisp -> stable_hisp...101
* supress_hisp -> supress_hisp...102
* stable_hisp -> stable_hisp...163
* supress_hisp -> supress_hisp...164
Plot infectious activity
Plot infectious activity again
Plot infectious work
Plot infectious days worked
Plot infectious school
Plot infectious social activity
Plot exposures
Plot social exposure
Plot symptomatic highlight
Plot infectious social activity symptomatic
Plot infectious social activity type symptomatic
Plot exposure type symptomatic
Plot exposure social symptomatic
Warning messages:
1: Removed 1 rows containing missing values (position_stack). 
2: Removed 4 rows containing missing values (geom_text). 
3: Removed 9 rows containing missing values (geom_text). 
Load packages
-- Attaching packages ------------------------------------------------------------------------------- tidyverse 1.3.1 --
v ggplot2 3.3.4     v purrr   0.3.4
v tibble  3.1.2     v dplyr   1.0.6
v tidyr   1.1.3     v stringr 1.4.0
v readr   1.4.0     v forcats 0.5.1
-- Conflicts ---------------------------------------------------------------------------------- tidyverse_conflicts() --
x dplyr::filter() masks stats::filter()
x dplyr::lag()    masks stats::lag()

Attaching package: 'magrittr'

The following object is masked from 'package:purrr':

    set_names

The following object is masked from 'package:tidyr':

    extract

Create functions
Load NCA/NBS data
Warning message:
Problem with `mutate()` column `pm.address`.
i `pm.address = ifelse(...)`.
i argument is not an atomic vector; coercing 
Load NIT data
Warning messages:
1: Problem with `mutate()` input `..1`.
i `..1 = dplyr::across(...)`.
i All formats failed to parse. No formats found. 
2: Problem with `mutate()` input `..1`.
i `..1 = dplyr::across(...)`.
i All formats failed to parse. No formats found. 
3: Problem with `mutate()` input `..1`.
i `..1 = dplyr::across(...)`.
i All formats failed to parse. No formats found. 
Plot epicurve
New names:
* stable_hisp -> stable_hisp...101
* supress_hisp -> supress_hisp...102
* stable_hisp -> stable_hisp...163
* supress_hisp -> supress_hisp...164
Plot age
mutate: changed 273,512 values (32%) of 'patient_first_name' (0 new NA)
        changed 283,335 values (34%) of 'patient_last_name' (0 new NA)
        converted 'patient_dob' from character to Date (0 new NA)
        changed 801,838 values (95%) of 'patient_street_addr_1' (0 new NA)
        changed 116,372 values (14%) of 'patient_zip' (0 new NA)
        converted 'specimen_coll_dt' from character to Date (0 new NA)
rename: renamed one variable (patient_street_addr)
semi_join: added no columns
           > rows only in x  (743,191)
           > rows only in y  (      0)
           > matched rows     100,988
           >                 =========
           > rows total       100,988
semi_join: added no columns
           > rows only in x  (348,347)
           > rows only in y  (      0)
           > matched rows     495,832
           >                 =========
           > rows total       495,832
Plot gender
Plot race
Plot ethnicity
Plot student status
Plot school type
Plot employment status
Plot manufacturing highlight
New names:
* stable_hisp -> stable_hisp...101
* supress_hisp -> supress_hisp...102
* stable_hisp -> stable_hisp...163
* supress_hisp -> supress_hisp...164
Plot infectious activity
Plot infectious activity again
Plot infectious work
Plot infectious days worked
Plot infectious school
Plot infectious social activity
Plot exposures
Plot social exposure
Plot symptomatic highlight
Plot infectious social activity symptomatic
Plot infectious social activity type symptomatic
Plot exposure type symptomatic
Plot exposure social symptomatic
Warning messages:
1: Removed 1 rows containing missing values (position_stack). 
2: Removed 4 rows containing missing values (geom_text). 
3: Removed 9 rows containing missing values (geom_text). 
Load packages
-- Attaching packages ------------------------------------------------------------------------------- tidyverse 1.3.1 --
v ggplot2 3.3.4     v purrr   0.3.4
v tibble  3.1.2     v dplyr   1.0.6
v tidyr   1.1.3     v stringr 1.4.0
v readr   1.4.0     v forcats 0.5.1
-- Conflicts ---------------------------------------------------------------------------------- tidyverse_conflicts() --
x dplyr::filter() masks stats::filter()
x dplyr::lag()    masks stats::lag()

Attaching package: 'magrittr'

The following object is masked from 'package:purrr':

    set_names

The following object is masked from 'package:tidyr':

    extract

Create functions
Load NCA/NBS data
Warning message:
Problem with `mutate()` column `pm.address`.
i `pm.address = ifelse(...)`.
i argument is not an atomic vector; coercing 
Load NIT data
Warning messages:
1: Problem with `mutate()` input `..1`.
i `..1 = dplyr::across(...)`.
i All formats failed to parse. No formats found. 
2: Problem with `mutate()` input `..1`.
i `..1 = dplyr::across(...)`.
i All formats failed to parse. No formats found. 
3: Problem with `mutate()` input `..1`.
i `..1 = dplyr::across(...)`.
i All formats failed to parse. No formats found. 
Plot epicurve
New names:
* stable_hisp -> stable_hisp...101
* supress_hisp -> supress_hisp...102
* stable_hisp -> stable_hisp...163
* supress_hisp -> supress_hisp...164
Plot age
mutate: changed 278,201 values (33%) of 'patient_first_name' (0 new NA)
        changed 288,125 values (34%) of 'patient_last_name' (0 new NA)
        converted 'patient_dob' from character to Date (0 new NA)
        changed 811,141 values (95%) of 'patient_street_addr_1' (0 new NA)
        changed 118,004 values (14%) of 'patient_zip' (0 new NA)
        converted 'specimen_coll_dt' from character to Date (0 new NA)
rename: renamed one variable (patient_street_addr)
semi_join: added no columns
           > rows only in x  (751,743)
           > rows only in y  (      0)
           > matched rows     102,083
           >                 =========
           > rows total       102,083
semi_join: added no columns
           > rows only in x  (354,608)
           > rows only in y  (      0)
           > matched rows     499,218
           >                 =========
           > rows total       499,218
Plot gender
Plot race
Plot ethnicity
Plot student status
Plot school type
Plot employment status
Plot manufacturing highlight
New names:
* stable_hisp -> stable_hisp...101
* supress_hisp -> supress_hisp...102
* stable_hisp -> stable_hisp...163
* supress_hisp -> supress_hisp...164
Plot infectious activity
Plot infectious activity again
Plot infectious work
Plot infectious days worked
Plot infectious school
Plot infectious social activity
Plot exposures
Plot social exposure
Plot symptomatic highlight
Plot infectious social activity symptomatic
Plot infectious social activity type symptomatic
Plot exposure type symptomatic
Plot exposure social symptomatic
Warning messages:
1: Removed 1 rows containing missing values (position_stack). 
2: Removed 4 rows containing missing values (geom_text). 
3: Removed 9 rows containing missing values (geom_text). 
Load packages
-- Attaching packages ------------------------------------------------------------------------------- tidyverse 1.3.1 --
v ggplot2 3.3.4     v purrr   0.3.4
v tibble  3.1.2     v dplyr   1.0.6
v tidyr   1.1.3     v stringr 1.4.0
v readr   1.4.0     v forcats 0.5.1
-- Conflicts ---------------------------------------------------------------------------------- tidyverse_conflicts() --
x dplyr::filter() masks stats::filter()
x dplyr::lag()    masks stats::lag()

Attaching package: 'magrittr'

The following object is masked from 'package:purrr':

    set_names

The following object is masked from 'package:tidyr':

    extract

Create functions
Load NCA/NBS data
Warning message:
Problem with `mutate()` column `pm.address`.
i `pm.address = ifelse(...)`.
i argument is not an atomic vector; coercing 
Load NIT data
Warning messages:
1: Problem with `mutate()` input `..1`.
i `..1 = dplyr::across(...)`.
i All formats failed to parse. No formats found. 
2: Problem with `mutate()` input `..1`.
i `..1 = dplyr::across(...)`.
i All formats failed to parse. No formats found. 
3: Problem with `mutate()` input `..1`.
i `..1 = dplyr::across(...)`.
i All formats failed to parse. No formats found. 
Plot epicurve
New names:
* stable_hisp -> stable_hisp...101
* supress_hisp -> supress_hisp...102
* stable_hisp -> stable_hisp...163
* supress_hisp -> supress_hisp...164
Plot age
mutate: changed 283,752 values (33%) of 'patient_first_name' (0 new NA)
        changed 293,787 values (34%) of 'patient_last_name' (0 new NA)
        converted 'patient_dob' from character to Date (0 new NA)
        changed 822,806 values (95%) of 'patient_street_addr_1' (0 new NA)
        changed 119,876 values (14%) of 'patient_zip' (0 new NA)
        converted 'specimen_coll_dt' from character to Date (0 new NA)
rename: renamed one variable (patient_street_addr)
semi_join: added no columns
           > rows only in x  (762,033)
           > rows only in y  (      0)
           > matched rows     103,891
           >                 =========
           > rows total       103,891
semi_join: added no columns
           > rows only in x  (362,343)
           > rows only in y  (      0)
           > matched rows     503,581
           >                 =========
           > rows total       503,581
Plot gender
Plot race
Plot ethnicity
Plot student status
Plot school type
Plot employment status
Plot manufacturing highlight
New names:
* stable_hisp -> stable_hisp...101
* supress_hisp -> supress_hisp...102
* stable_hisp -> stable_hisp...163
* supress_hisp -> supress_hisp...164
Plot infectious activity
Plot infectious activity again
Plot infectious work
Plot infectious days worked
Plot infectious school
Plot infectious social activity
Plot exposures
Plot social exposure
Plot symptomatic highlight
Plot infectious social activity symptomatic
Plot infectious social activity type symptomatic
Plot exposure type symptomatic
Plot exposure social symptomatic
Warning messages:
1: Removed 1 rows containing missing values (position_stack). 
2: Removed 4 rows containing missing values (geom_text). 
3: Removed 8 rows containing missing values (geom_text). 
Load packages
-- Attaching packages ------------------------------------------------------------------------------- tidyverse 1.3.1 --
v ggplot2 3.3.4     v purrr   0.3.4
v tibble  3.1.2     v dplyr   1.0.6
v tidyr   1.1.3     v stringr 1.4.0
v readr   1.4.0     v forcats 0.5.1
-- Conflicts ---------------------------------------------------------------------------------- tidyverse_conflicts() --
x dplyr::filter() masks stats::filter()
x dplyr::lag()    masks stats::lag()

Attaching package: 'magrittr'

The following object is masked from 'package:purrr':

    set_names

The following object is masked from 'package:tidyr':

    extract

Create functions
Load NCA/NBS data
Warning message:
Problem with `mutate()` column `pm.address`.
i `pm.address = ifelse(...)`.
i argument is not an atomic vector; coercing 
Load NIT data
Warning messages:
1: Problem with `mutate()` input `..1`.
i `..1 = dplyr::across(...)`.
i All formats failed to parse. No formats found. 
2: Problem with `mutate()` input `..1`.
i `..1 = dplyr::across(...)`.
i All formats failed to parse. No formats found. 
3: Problem with `mutate()` input `..1`.
i `..1 = dplyr::across(...)`.
i All formats failed to parse. No formats found. 
Plot epicurve
New names:
* stable_hisp -> stable_hisp...101
* supress_hisp -> supress_hisp...102
* stable_hisp -> stable_hisp...163
* supress_hisp -> supress_hisp...164
Plot age
mutate: changed 290,682 values (33%) of 'patient_first_name' (0 new NA)
        changed 300,874 values (34%) of 'patient_last_name' (0 new NA)
        converted 'patient_dob' from character to Date (0 new NA)
        changed 837,815 values (95%) of 'patient_street_addr_1' (0 new NA)
        changed 122,098 values (14%) of 'patient_zip' (0 new NA)
        converted 'specimen_coll_dt' from character to Date (0 new NA)
rename: renamed one variable (patient_street_addr)
semi_join: added no columns
           > rows only in x  (774,560)
           > rows only in y  (      0)
           > matched rows     106,904
           >                 =========
           > rows total       106,904
semi_join: added no columns
           > rows only in x  (372,515)
           > rows only in y  (      0)
           > matched rows     508,949
           >                 =========
           > rows total       508,949
Plot gender
Plot race
Plot ethnicity
Plot student status
Plot school type
Plot employment status
Plot manufacturing highlight
New names:
* stable_hisp -> stable_hisp...101
* supress_hisp -> supress_hisp...102
* stable_hisp -> stable_hisp...163
* supress_hisp -> supress_hisp...164
Plot infectious activity
Plot infectious activity again
Plot infectious work
Plot infectious days worked
Plot infectious school
Plot infectious social activity
Plot exposures
Plot social exposure
Plot symptomatic highlight
Plot infectious social activity symptomatic
Plot infectious social activity type symptomatic
Plot exposure type symptomatic
Plot exposure social symptomatic
Warning messages:
1: Removed 4 rows containing missing values (geom_text). 
2: Removed 8 rows containing missing values (geom_text). 
Load packages
-- Attaching packages ------------------------------------------------------------------------------- tidyverse 1.3.1 --
v ggplot2 3.3.5     v purrr   0.3.4
v tibble  3.1.3     v dplyr   1.0.7
v tidyr   1.1.3     v stringr 1.4.0
v readr   2.0.0     v forcats 0.5.1
-- Conflicts ---------------------------------------------------------------------------------- tidyverse_conflicts() --
x dplyr::filter() masks stats::filter()
x dplyr::lag()    masks stats::lag()
Error in library(covidCluster) : 
  there is no package called 'covidCluster'
Execution halted
Load packages
-- Attaching packages ------------------------------------------------------------------------------- tidyverse 1.3.1 --
v ggplot2 3.3.5     v purrr   0.3.4
v tibble  3.1.3     v dplyr   1.0.7
v tidyr   1.1.3     v stringr 1.4.0
v readr   2.0.0     v forcats 0.5.1
-- Conflicts ---------------------------------------------------------------------------------- tidyverse_conflicts() --
x dplyr::filter() masks stats::filter()
x dplyr::lag()    masks stats::lag()

Attaching package: 'magrittr'

The following object is masked from 'package:purrr':

    set_names

The following object is masked from 'package:tidyr':

    extract

Create functions
Load NCA/NBS data
Warning messages:
1: Problem with `mutate()` column `pm.address`.
i `pm.address = ifelse(...)`.
i argument is not an atomic vector; coercing 
2: Problem with `mutate()` column `pm.address`.
i `pm.address = ifelse(...)`.
i argument is not an atomic vector; coercing 
Load NIT data
Warning messages:
1: Problem with `mutate()` input `..1`.
i `..1 = dplyr::across(...)`.
i All formats failed to parse. No formats found. 
2: Problem with `mutate()` input `..1`.
i `..1 = dplyr::across(...)`.
i All formats failed to parse. No formats found. 
3: Problem with `mutate()` input `..1`.
i `..1 = dplyr::across(...)`.
i All formats failed to parse. No formats found. 
Plot epicurve
New names:
* stable_hisp -> stable_hisp...33
* supress_hisp -> supress_hisp...34
* stable_hisp -> stable_hisp...95
* supress_hisp -> supress_hisp...96
Plot age
mutate: changed 311,594 values (34%) of 'patient_first_name' (0 new NA)
        changed 322,163 values (35%) of 'patient_last_name' (0 new NA)
        converted 'patient_dob' from character to Date (0 new NA)
        changed 876,399 values (95%) of 'patient_street_addr_1' (0 new NA)
        changed 128,669 values (14%) of 'patient_zip' (0 new NA)
        converted 'specimen_coll_dt' from character to Date (0 new NA)
rename: renamed one variable (patient_street_addr)
semi_join: added no columns
           > rows only in x  (805,841)
           > rows only in y  (      0)
           > matched rows     115,471
           >                 =========
           > rows total       115,471
semi_join: added no columns
           > rows only in x  (397,942)
           > rows only in y  (      0)
           > matched rows     523,370
           >                 =========
           > rows total       523,370
Plot gender
Plot race
Plot ethnicity
Plot student status
Plot school type
Plot employment status
Plot manufacturing highlight
New names:
* stable_hisp -> stable_hisp...33
* supress_hisp -> supress_hisp...34
* stable_hisp -> stable_hisp...95
* supress_hisp -> supress_hisp...96
Plot infectious activity
Plot infectious activity again
Plot infectious work
Plot infectious days worked
Plot infectious school
Plot infectious social activity
Plot exposures
Plot social exposure
Plot symptomatic highlight
Plot infectious social activity symptomatic
Plot infectious social activity type symptomatic
Plot exposure type symptomatic
Plot exposure social symptomatic
Warning messages:
1: Removed 4 rows containing missing values (geom_text). 
2: Removed 7 rows containing missing values (geom_text). 
Load packages
-- Attaching packages ------------------------------------------------------------------------------- tidyverse 1.3.1 --
v ggplot2 3.3.5     v purrr   0.3.4
v tibble  3.1.3     v dplyr   1.0.7
v tidyr   1.1.3     v stringr 1.4.0
v readr   2.0.0     v forcats 0.5.1
-- Conflicts ---------------------------------------------------------------------------------- tidyverse_conflicts() --
x dplyr::filter() masks stats::filter()
x dplyr::lag()    masks stats::lag()

Attaching package: 'magrittr'

The following object is masked from 'package:purrr':

    set_names

The following object is masked from 'package:tidyr':

    extract

Create functions
Load NCA/NBS data
Warning messages:
1: Problem with `mutate()` column `pm.address`.
i `pm.address = ifelse(...)`.
i argument is not an atomic vector; coercing 
2: Problem with `mutate()` column `pm.address`.
i `pm.address = ifelse(...)`.
i argument is not an atomic vector; coercing 
Load NIT data
Warning messages:
1: Problem with `mutate()` input `..1`.
i `..1 = dplyr::across(...)`.
i All formats failed to parse. No formats found. 
2: Problem with `mutate()` input `..1`.
i `..1 = dplyr::across(...)`.
i All formats failed to parse. No formats found. 
3: Problem with `mutate()` input `..1`.
i `..1 = dplyr::across(...)`.
i All formats failed to parse. No formats found. 
Plot epicurve
New names:
* stable_hisp -> stable_hisp...40
* supress_hisp -> supress_hisp...41
* stable_hisp -> stable_hisp...102
* supress_hisp -> supress_hisp...103
Plot age
mutate: changed 326,481 values (34%) of 'patient_first_name' (0 new NA)
        changed 337,284 values (36%) of 'patient_last_name' (0 new NA)
        converted 'patient_dob' from character to Date (0 new NA)
        changed 901,432 values (95%) of 'patient_street_addr_1' (0 new NA)
        changed 132,492 values (14%) of 'patient_zip' (0 new NA)
        converted 'specimen_coll_dt' from character to Date (0 new NA)
rename: renamed one variable (patient_street_addr)
semi_join: added no columns
           > rows only in x  (826,295)
           > rows only in y  (      0)
           > matched rows     120,984
           >                 =========
           > rows total       120,984
semi_join: added no columns
           > rows only in x  (413,483)
           > rows only in y  (      0)
           > matched rows     533,796
           >                 =========
           > rows total       533,796
Plot gender
Plot race
Plot ethnicity
Plot student status
Plot school type
Plot employment status
Plot manufacturing highlight
New names:
* stable_hisp -> stable_hisp...40
* supress_hisp -> supress_hisp...41
* stable_hisp -> stable_hisp...102
* supress_hisp -> supress_hisp...103
Plot infectious activity
Plot infectious activity again
Plot infectious work
Plot infectious days worked
Plot infectious school
Plot infectious social activity
Plot exposures
Plot social exposure
Plot symptomatic highlight
Plot infectious social activity symptomatic
Plot infectious social activity type symptomatic
Plot exposure type symptomatic
Plot exposure social symptomatic
Warning messages:
1: Removed 4 rows containing missing values (geom_text). 
2: Removed 7 rows containing missing values (geom_text). 
Load packages
-- Attaching packages ------------------------------------------------------------------------------- tidyverse 1.3.1 --
v ggplot2 3.3.5     v purrr   0.3.4
v tibble  3.1.3     v dplyr   1.0.7
v tidyr   1.1.3     v stringr 1.4.0
v readr   2.0.0     v forcats 0.5.1
-- Conflicts ---------------------------------------------------------------------------------- tidyverse_conflicts() --
x dplyr::filter() masks stats::filter()
x dplyr::lag()    masks stats::lag()

Attaching package: 'magrittr'

The following object is masked from 'package:purrr':

    set_names

The following object is masked from 'package:tidyr':

    extract

Create functions
Load NCA/NBS data
Warning messages:
1: Problem with `mutate()` column `pm.address`.
i `pm.address = ifelse(...)`.
i argument is not an atomic vector; coercing 
2: Problem with `mutate()` column `pm.address`.
i `pm.address = ifelse(...)`.
i argument is not an atomic vector; coercing 
Load NIT data
Warning messages:
1: Problem with `mutate()` input `..1`.
i `..1 = dplyr::across(...)`.
i All formats failed to parse. No formats found. 
2: Problem with `mutate()` input `..1`.
i `..1 = dplyr::across(...)`.
i All formats failed to parse. No formats found. 
3: Problem with `mutate()` input `..1`.
i `..1 = dplyr::across(...)`.
i All formats failed to parse. No formats found. 
Plot epicurve
New names:
* stable_hisp -> stable_hisp...40
* supress_hisp -> supress_hisp...41
* stable_hisp -> stable_hisp...102
* supress_hisp -> supress_hisp...103
Plot age
mutate: changed 339,369 values (35%) of 'patient_first_name' (0 new NA)
        changed 350,404 values (36%) of 'patient_last_name' (0 new NA)
        converted 'patient_dob' from character to Date (0 new NA)
        changed 924,216 values (95%) of 'patient_street_addr_1' (0 new NA)
        changed 136,228 values (14%) of 'patient_zip' (0 new NA)
        converted 'specimen_coll_dt' from character to Date (0 new NA)
rename: renamed one variable (patient_street_addr)
semi_join: added no columns
           > rows only in x  (845,559)
           > rows only in y  (      0)
           > matched rows     125,549
           >                 =========
           > rows total       125,549
semi_join: added no columns
           > rows only in x  (427,932)
           > rows only in y  (      0)
           > matched rows     543,176
           >                 =========
           > rows total       543,176
Plot gender
Plot race
Plot ethnicity
Plot student status
Plot school type
Plot employment status
Plot manufacturing highlight
New names:
* stable_hisp -> stable_hisp...40
* supress_hisp -> supress_hisp...41
* stable_hisp -> stable_hisp...102
* supress_hisp -> supress_hisp...103
Plot infectious activity
Plot infectious activity again
Plot infectious work
Plot infectious days worked
Plot infectious school
Plot infectious social activity
Plot exposures
Plot social exposure
Plot symptomatic highlight
Plot infectious social activity symptomatic
Plot infectious social activity type symptomatic
Plot exposure type symptomatic
Plot exposure social symptomatic
Warning messages:
1: Removed 4 rows containing missing values (geom_text). 
2: Removed 7 rows containing missing values (geom_text). 
Load packages
-- Attaching packages ------------------------------------------------------------------------------- tidyverse 1.3.1 --
v ggplot2 3.3.5     v purrr   0.3.4
v tibble  3.1.3     v dplyr   1.0.7
v tidyr   1.1.3     v stringr 1.4.0
v readr   2.0.0     v forcats 0.5.1
-- Conflicts ---------------------------------------------------------------------------------- tidyverse_conflicts() --
x dplyr::filter() masks stats::filter()
x dplyr::lag()    masks stats::lag()

Attaching package: 'magrittr'

The following object is masked from 'package:purrr':

    set_names

The following object is masked from 'package:tidyr':

    extract

Create functions
Load NCA/NBS data
Warning messages:
1: Problem with `mutate()` column `pm.address`.
i `pm.address = ifelse(...)`.
i argument is not an atomic vector; coercing 
2: Problem with `mutate()` column `pm.address`.
i `pm.address = ifelse(...)`.
i argument is not an atomic vector; coercing 
Load NIT data
Warning messages:
1: Problem with `mutate()` input `..1`.
i `..1 = dplyr::across(...)`.
i All formats failed to parse. No formats found. 
2: Problem with `mutate()` input `..1`.
i `..1 = dplyr::across(...)`.
i All formats failed to parse. No formats found. 
3: Problem with `mutate()` input `..1`.
i `..1 = dplyr::across(...)`.
i All formats failed to parse. No formats found. 
Plot epicurve
New names:
* stable_hisp -> stable_hisp...40
* supress_hisp -> supress_hisp...41
* stable_hisp -> stable_hisp...102
* supress_hisp -> supress_hisp...103
Plot age
mutate: changed 356,867 values (36%) of 'patient_first_name' (0 new NA)
        changed 368,157 values (37%) of 'patient_last_name' (0 new NA)
        converted 'patient_dob' from character to Date (0 new NA)
        changed 954,900 values (95%) of 'patient_street_addr_1' (0 new NA)
        changed 141,652 values (14%) of 'patient_zip' (0 new NA)
        converted 'specimen_coll_dt' from character to Date (0 new NA)
rename: renamed one variable (patient_street_addr)
semi_join: added no columns
           > rows only in x  (872,615)
           > rows only in y  (      0)
           > matched rows     130,639
           >                 =========
           > rows total       130,639
semi_join: added no columns
           > rows only in x  (448,319)
           > rows only in y  (      0)
           > matched rows     554,935
           >                 =========
           > rows total       554,935
Plot gender
Plot race
Plot ethnicity
Plot student status
Plot school type
Plot employment status
Plot manufacturing highlight
New names:
* stable_hisp -> stable_hisp...40
* supress_hisp -> supress_hisp...41
* stable_hisp -> stable_hisp...102
* supress_hisp -> supress_hisp...103
Plot infectious activity
Plot infectious activity again
Plot infectious work
Plot infectious days worked
Plot infectious school
Plot infectious social activity
Plot exposures
Plot social exposure
Plot symptomatic highlight
Plot infectious social activity symptomatic
Plot infectious social activity type symptomatic
Plot exposure type symptomatic
Plot exposure social symptomatic
Warning messages:
1: Removed 4 rows containing missing values (geom_text). 
2: Removed 7 rows containing missing values (geom_text). 
Load packages
-- Attaching packages ------------------------------------------------------------------------------- tidyverse 1.3.1 --
v ggplot2 3.3.5     v purrr   0.3.4
v tibble  3.1.3     v dplyr   1.0.7
v tidyr   1.1.3     v stringr 1.4.0
v readr   2.0.0     v forcats 0.5.1
-- Conflicts ---------------------------------------------------------------------------------- tidyverse_conflicts() --
x dplyr::filter() masks stats::filter()
x dplyr::lag()    masks stats::lag()

Attaching package: 'magrittr'

The following object is masked from 'package:purrr':

    set_names

The following object is masked from 'package:tidyr':

    extract

Create functions
Load NCA/NBS data
Warning messages:
1: Problem with `mutate()` column `pm.address`.
i `pm.address = ifelse(...)`.
i argument is not an atomic vector; coercing 
2: Problem with `mutate()` column `pm.address`.
i `pm.address = ifelse(...)`.
i argument is not an atomic vector; coercing 
Load NIT data
Error in curl::curl_fetch_memory(url, handle = handle): Failure when receiving data from the peer
Request failed [ERROR]. Retrying in 1 seconds...
Warning messages:
1: Problem with `mutate()` input `..1`.
i `..1 = dplyr::across(...)`.
i All formats failed to parse. No formats found. 
2: Problem with `mutate()` input `..1`.
i `..1 = dplyr::across(...)`.
i All formats failed to parse. No formats found. 
3: Problem with `mutate()` input `..1`.
i `..1 = dplyr::across(...)`.
i All formats failed to parse. No formats found. 
Plot epicurve
New names:
* stable_hisp -> stable_hisp...40
* supress_hisp -> supress_hisp...41
* stable_hisp -> stable_hisp...102
* supress_hisp -> supress_hisp...103
Plot age
mutate: changed 387,454 values (37%) of 'patient_first_name' (0 new NA)
        changed 399,077 values (38%) of 'patient_last_name' (0 new NA)
        converted 'patient_dob' from character to Date (0 new NA)
        changed 1,004,861 values (95%) of 'patient_street_addr_1' (0 new NA)
        changed 150,195 values (14%) of 'patient_zip' (0 new NA)
        converted 'specimen_coll_dt' from character to Date (0 new NA)
rename: renamed one variable (patient_street_addr)
semi_join: added no columns
           > rows only in x  (919,433)
           > rows only in y  (      0)
           > matched rows     135,825
           >                 =========
           > rows total       135,825
semi_join: added no columns
           > rows only in x  (486,948)
           > rows only in y  (      0)
           > matched rows     568,310
           >                 =========
           > rows total       568,310
Plot gender
Plot race
Plot ethnicity
Plot student status
Plot school type
Plot employment status
Plot manufacturing highlight
New names:
* stable_hisp -> stable_hisp...40
* supress_hisp -> supress_hisp...41
* stable_hisp -> stable_hisp...102
* supress_hisp -> supress_hisp...103
Plot infectious activity
Plot infectious activity again
Plot infectious work
Plot infectious days worked
Plot infectious school
Plot infectious social activity
Plot exposures
Plot social exposure
Plot symptomatic highlight
Plot infectious social activity symptomatic
Plot infectious social activity type symptomatic
Plot exposure type symptomatic
Plot exposure social symptomatic
Warning messages:
1: Removed 4 rows containing missing values (geom_text). 
2: Removed 7 rows containing missing values (geom_text). 
